4318496:do_pending_window_change:INT(0)
4324384:Fframep:ADDR(1)
4324720:decode_live_frame:ADDR(1)
4326752:decode_any_frame:ADDR(1)
4327728:decode_window_system_frame:ADDR(1)
4330800:store_in_alist:ADDR(0.961538),ADDR(0.961538),ADDR(0.586538)
4344560:validate_x_resource_name:
4344848:xrdb_get_resource:ADDR(1),ADDR(1),ADDR(1),ADDR(1),ADDR(1)
4349184:frame_make_pointer_visible:
4359344:get_per_char_metric:ADDR(1),ADDR(1)
4359424:set_glyph_string_background_width:ADDR(1),INT(0)
4360608:get_it_property:ADDR(0.793651),ADDR(0.793651)
4364880:safe__call:INT(0),INT(0),ADDR(1),ADDR(1)
4366672:init_glyph_string:ADDR(1),ADDR(0.84),ADDR(1),ADDR(1),INT(0)
4369424:handle_line_prefix:ADDR(1)
4371424:next_overlay_change:INT(0)
4377904:calc_line_height_property:ADDR(1),ADDR(1)
4379744:get_glyph_face_and_encoding:ADDR(1),ADDR(1),ADDR(1),ADDR(1)
4379952:fill_glyph_string:ADDR(1),INT(0),INT(0),INT(0),INT(0)
4392128:bset_redisplay:ADDR(1)
4392272:window_text_bottom_y:ADDR(1)
4392688:window_box_width:ADDR(1),INT(0)
4395616:window_box_left_offset.part.30:ADDR(1),INT(0)
4400256:window_box_left:ADDR(1),INT(0)
4400368:window_box:ADDR(1),INT(0),ADDR(0.56),ADDR(0.64),ADDR(0.92),ADDR(0.47)
4414288:lookup_glyphless_char_display:INT(0),ADDR(1)
4423344:load_overlay_strings:ADDR(1),INT(0)
4425760:get_overlay_strings_1:ADDR(1),INT(0),INT(0)
4426272:handle_stop:ADDR(0.909091)
4431904:set_iterator_to_next:ADDR(1)
4441504:face_before_or_after_it_pos:ADDR(1),INT(0)
4443136:get_next_display_element:ADDR(1)
4449968:display_mode_element:ADDR(0.980392),INT(0),INT(0),INT(0),ADDR(0.980392),ADDR(0.980392)
4522992:x_get_glyph_overhangs:ADDR(1),ADDR(1),ADDR(1),ADDR(1)
4582384:get_glyph_string_clip_rects:ADDR(1),ADDR(1),INT(0)
4592448:ensure_menu_items:INT(0)
4592512:push_menu_pane:ADDR(1),ADDR(1)
4592624:push_menu_item:ADDR(1),ADDR(1),ADDR(0.89),ADDR(1),ADDR(1),ADDR(1)
4592800:single_keymap_panes:ADDR(0.990099),ADDR(0.990099),ADDR(0.990099),INT(0)
4598336:xmalloc_widget_value:
4599776:update_submenu_strings:ADDR(1)
4608688:adjust_window_count:ADDR(1),INT(0)
4636416:decode_any_window:ADDR(1)
4665168:read_hex:ADDR(1),ADDR(1),ADDR(1)
4690864:coding_set_source:ADDR(1)
4691056:coding_set_destination:ADDR(1)
4694320:get_translation_table:ADDR(1),INT(0),ADDR(0.39)
4729520:consume_chars:ADDR(1),ADDR(1),INT(0)
4733872:alloc_destination:ADDR(1),INT(0),ADDR(1)
4734208:produce_chars:ADDR(1),ADDR(1),INT(0)
4767904:decode_coding:ADDR(1)
4770512:setup_coding_system:ADDR(1),ADDR(1)
4784144:code_conversion_save:INT(0),INT(0)
4788224:encode_coding_object:ADDR(1),ADDR(1),INT(0),INT(0),INT(0),INT(0)
4795584:encode_file_name:ADDR(0.746269)
4819776:char_width:INT(0),INT(0)
4821216:char_string:INT(0),ADDR(1)
4823296:multibyte_char_to_unibyte_safe:INT(0)
4824544:multibyte_chars_in_text:ADDR(1),INT(0)
4824896:parse_str_as_multibyte:ADDR(0.42),INT(0),ADDR(1),ADDR(1)
4826960:count_size_as_multibyte:ADDR(1),INT(0)
4829856:make_sub_char_table:INT(0),INT(0),ADDR(1)
4831888:sub_char_table_ref:ADDR(0.980392),INT(0),INT(0)
4832064:sub_char_table_ref_and_range:ADDR(0.990099),INT(0),ADDR(0.990099),ADDR(0.990099),ADDR(0.990099),INT(0)
4833104:sub_char_table_set:ADDR(0.980392),INT(0),INT(0),INT(0)
4833344:sub_char_table_set_range:ADDR(1),INT(0),INT(0),ADDR(1),INT(0)
4835056:char_table_ref:ADDR(1),INT(0)
4835680:map_sub_char_table:INT(0),ADDR(1),ADDR(1),ADDR(1),ADDR(1),ADDR(1)
4838144:char_table_ref_and_range:ADDR(1),INT(0),ADDR(1),ADDR(1)
4839488:char_table_set:ADDR(1),INT(0),ADDR(0.03)
4840064:char_table_set_range:ADDR(1),INT(0),INT(0),ADDR(1)
4840752:char_table_translate:ADDR(1),INT(0)
4840800:map_char_table:INT(0),ADDR(1),ADDR(1),ADDR(1)
4842528:bidi_set_sor_type:ADDR(1),INT(0),INT(0)
4842720:bidi_line_init:ADDR(1)
4842992:bidi_get_category:INT(0)
4843088:bidi_explicit_dir_char:INT(0)
4843328:bidi_cache_ensure_space:INT(0)
4844080:bidi_fetch_char:INT(0),INT(0),ADDR(1),ADDR(1),ADDR(1)
4846544:bidi_get_type.part.1:INT(0),INT(0)
4846848:bidi_resolve_explicit_1:ADDR(1)
4848064:bidi_resolve_explicit:ADDR(1)
4848640:bidi_resolve_weak:ADDR(1)
4850224:bidi_cache_search.constprop.4:INT(0)
4850496:bidi_cache_iterator_state:ADDR(1),INT(0)
4850992:bidi_resolve_neutral:ADDR(1)
4851872:bidi_level_of_next_char:ADDR(1)
4857040:bidi_move_to_visually_next:ADDR(1)
4892992:get_terminal:ADDR(1)
4895280:lface_hash:ADDR(1)
4895712:resolve_face_name:ADDR(1),INT(0)
4896000:lface_from_face_name_no_resolve:ADDR(0.85),ADDR(1),INT(0)
4896160:get_lface_attributes_no_remap:ADDR(1),ADDR(1),ADDR(1),INT(0)
4908400:load_color2:ADDR(1),ADDR(1),ADDR(1),INT(0),ADDR(1)
4909472:merge_face_ref:ADDR(0.990099),ADDR(0.990099),ADDR(0.990099),INT(0),ADDR(0.019802)
4911120:merge_face_vectors:ADDR(1),ADDR(1),ADDR(1)
4911744:get_lface_attributes:ADDR(1),ADDR(1),ADDR(1),INT(0),ADDR(1)
4911984:merge_named_face:ADDR(1),ADDR(1),ADDR(1),ADDR(0.02)
4912320:face_attr_equal_p:ADDR(0.94),ADDR(0.94)
4912512:lface_equal_p:ADDR(1),ADDR(1)
4912688:x_free_colors:ADDR(1)
4918480:lookup_face.isra.17:ADDR(1),ADDR(1)
4925760:lookup_basic_face:ADDR(1),INT(0)
4926880:face_at_buffer_position:ADDR(1),INT(0),ADDR(1),INT(0),INT(0),INT(0)
4928128:face_at_string_position:ADDR(1),ADDR(1),INT(0),INT(0),ADDR(1),INT(0)
4935376:x_draw_glyph_string_foreground:ADDR(1)
4936096:x_set_glyph_string_clipping:ADDR(1)
4937072:x_set_glyph_string_gc:ADDR(1)
4947808:x_draw_glyph_string_background.part.21:ADDR(1),INT(0)
4950832:x_alloc_nearest_color:ADDR(1),INT(0),ADDR(1)
4994160:check_x_display_info:ADDR(1)
4997504:gamma_correct:ADDR(1),ADDR(1)
4997712:x_defined_color:ADDR(1),ADDR(1),ADDR(1),INT(0)
5035504:x_get_resource:ADDR(1),ADDR(1),ADDR(1),INT(0),ADDR(1)
5035696:x_get_string_resource:ADDR(1),ADDR(1),ADDR(1)
5046560:make_widget_for_menu_item:ADDR(1),ADDR(1)
5052336:get_utf8_string:ADDR(0.74)
5053216:xg_create_one_menuitem.isra.17:ADDR(1),INT(0),ADDR(1),ADDR(1)
5056624:xg_update_menu_item.isra.18:ADDR(1),ADDR(1),INT(0),ADDR(1)
5059584:malloc_widget_value:
5059840:free_widget_value:ADDR(1)
5059952:xg_check_special_colors:ADDR(1),ADDR(1),ADDR(1)
5061376:xg_win_to_widget:ADDR(1),INT(0)
5094688:handle_input_available_signal:
5110464:decode_timer:ADDR(1),ADDR(1)
5117360:parse_modifiers:ADDR(1)
5118512:parse_solitary_modifier:ADDR(1)
5121360:gobble_input:
5126512:unblock_input_to:INT(0)
5128320:menu_separator_name_p:ADDR(0.99)
5131728:parse_menu_item:ADDR(1),INT(0)
5166464:preferred_sequence_p:ADDR(1)
5167840:get_keymap:ADDR(1),INT(0),INT(0)
5168192:Fkeymap_prompt:ADDR(1)
5168768:get_keyelt:ADDR(1),INT(0)
5169680:access_keymap_1:ADDR(0.884956),ADDR(0.60177),INT(0),INT(0),INT(0)
5171184:map_keymap_internal:ADDR(1),INT(0),ADDR(1),ADDR(0.95)
5173584:Flookup_key:ADDR(1),ADDR(1),ADDR(1)
5174224:map_keymap:ADDR(1),INT(0),ADDR(1),ADDR(0.97),INT(0)
5175296:where_is_internal:ADDR(1),ADDR(1),INT(0),INT(0)
5176112:current_minor_maps:INT(0),ADDR(1)
5176864:Fcurrent_active_maps:ADDR(1),ADDR(1)
5178320:Fcommand_remapping.part.6:ADDR(1),ADDR(1),ADDR(1)
5178464:shadow_lookup:ADDR(1),ADDR(1),ADDR(1),INT(0)
5178688:Fwhere_is_internal:ADDR(0.574713),ADDR(0.574713),ADDR(0.574713),ADDR(0.574713),ADDR(0.574713)
5180192:push_key_description:INT(0),ADDR(1)
5180816:Fsingle_key_description:INT(0),ADDR(1)
5181504:Fkey_description:ADDR(1),ADDR(1)
5198352:emacs_open:ADDR(1),INT(0),INT(0)
5206048:Fbuffer_live_p:ADDR(1)
5206208:Fcurrent_buffer:
5206992:CHECK_OVERLAY:ADDR(1)
5210656:record_buffer_markers:ADDR(1)
5210800:fetch_buffer_markers:ADDR(1)
5210944:Ferase_buffer:
5213504:Fget_buffer:ADDR(0.990099)
5221584:set_buffer_internal_1:ADDR(1)
5221824:Fset_buffer:ADDR(1)
5225728:set_buffer_temp:ADDR(1)
5226128:overlays_at:INT(0),INT(0),ADDR(1),ADDR(1),ADDR(0.08),INT(0)
5227248:Fnext_overlay_change:INT(0)
5228496:sort_overlays:ADDR(1),INT(0),ADDR(0.08)
5231360:recenter_overlay_lists:ADDR(1),INT(0)
5234240:adjust_overlays_for_insert:INT(0),INT(0)
5237088:evaporate_overlays:INT(0)
5249184:adjust_markers_for_insert:INT(0),INT(0),INT(0),INT(0)
5249440:adjust_markers_for_delete:INT(0),INT(0),INT(0),INT(0)
5250128:copy_text:ADDR(1),ADDR(1),INT(0),INT(0),INT(0)
5251904:del_range_2:INT(0),INT(0),INT(0),INT(0),INT(0)
5252448:prepare_to_modify_buffer_1:INT(0),INT(0),ADDR(0.98)
5254016:invalidate_buffer_caches:ADDR(1),INT(0),INT(0)
5254352:insert_from_gap:INT(0),INT(0),INT(0)
5256096:signal_after_change:INT(0),INT(0),INT(0)
5261904:CHECK_MARKER:ADDR(1)
5262144:live_buffer:ADDR(1)
5262288:buf_charpos_to_bytepos:ADDR(1),INT(0)
5265904:unchain_marker:ADDR(1)
5266032:set_marker_both:ADDR(1),ADDR(1),INT(0),INT(0)
5267664:marker_position:ADDR(1)
5267696:marker_byte_position:ADDR(1)
5281504:Ffile_name_absolute_p:ADDR(1)
5281584:Ffind_file_name_handler:ADDR(1),ADDR(1)
5285904:file_name_as_directory.isra.11.part.12:ADDR(1),ADDR(1),INT(0)
5286432:Fexpand_file_name:ADDR(1),ADDR(1)
5344032:invalidate_current_column:
5370352:compile_pattern:ADDR(1),INT(0),ADDR(1),INT(0),INT(0)
5379696:fast_string_match:ADDR(1),ADDR(1)
5379888:fast_string_match_ignore_case:ADDR(1),ADDR(1)
5379984:fast_looking_at:ADDR(1),INT(0),INT(0),INT(0),INT(0),INT(1)
5384896:skip_one_char:ADDR(1)
5385024:analyse_first:ADDR(1),ADDR(1),ADDR(1),INT(0)
5386240:re_match_2_internal:ADDR(1),INT(0),INT(0),ADDR(1),INT(0),INT(0)
5412464:re_set_syntax:INT(0)
5412480:re_set_whitespace_regexp:INT(0)
5412976:re_iswctype:INT(0),INT(0)
5414672:re_compile_fastmap:ADDR(1)
5414912:re_set_registers:ADDR(1),ADDR(1),INT(0),ADDR(1),ADDR(1)
5414976:re_search_2:ADDR(1),INT(0),INT(0),ADDR(1),INT(0),INT(0)
5418000:re_search:ADDR(1),ADDR(1),INT(0),INT(0),INT(0),INT(0)
5418720:re_compile_pattern:ADDR(1),INT(0),ADDR(1)
5439120:record_insert:INT(0),INT(0)
5439344:record_delete:
5441104:mem_rotate_left:ADDR(1)
5441216:mem_rotate_right:ADDR(1)
5441440:xfree:ADDR(0.464455)
5441472:mem_delete:ADDR(0.429185)
5442112:vector_nbytes:ADDR(1)
5442608:cleanup_vector:ADDR(1)
5442688:mem_find:ADDR(0.79)
5443040:live_cons_p.isra.14.part.15:ADDR(1),ADDR(1)
5443120:live_symbol_p.isra.16.part.17:ADDR(1),ADDR(1)
5443744:free_cons:ADDR(1)
5443792:make_byte_code:ADDR(1)
5444256:xmalloc:INT(0)
5444496:record_xmalloc:INT(0)
5444528:mem_insert:ADDR(1),ADDR(1),INT(0)
5445440:xrealloc:ADDR(1),INT(0)
5445824:lisp_malloc:INT(0),INT(0)
5446176:allocate_string_data:ADDR(1),INT(0),INT(0)
5446592:make_uninit_multibyte_string:INT(0),INT(0)
5446864:make_multibyte_string:ADDR(1),INT(0),INT(0)
5447056:make_specified_string:ADDR(1),INT(0),INT(0),INT(0)
5447264:make_uninit_string.part.25:INT(0)
5447328:make_uninit_string:INT(0)
5447360:make_unibyte_string:ADDR(0.24),INT(0)
5447424:make_string:ADDR(0.42),INT(0)
5448352:allocate_vectorlike.part.26:INT(0)
5448832:allocate_pseudovector:INT(0),INT(0),INT(0)
5449824:Fmake_symbol:ADDR(1)
5450096:allocate_misc:INT(0)
5450864:lisp_align_malloc:INT(0),INT(0)
5451136:make_float:FLOAT
5451360:Fcons:ADDR(1),ADDR(1)
5451872:Flist:INT(0),ADDR(1)
5451936:Fmake_list:INT(0),ADDR(1)
5452224:allocate_vector:INT(0)
5452304:Fvector:INT(0),ADDR(1)
5452816:Fmake_vector:INT(0),ADDR(1)
5455232:mark_object:ADDR(0.95)
5456992:mark_vectorlike:ADDR(1)
5457280:mark_maybe_object:ADDR(0.77)
5465120:mark_char_table:ADDR(1)
5465312:survives_gc_p:ADDR(1)
5470096:Fcar:ADDR(1)
5470160:Fcdr:ADDR(1)
5470224:Ffboundp:ADDR(1)
5470384:Fsymbol_name:ADDR(1)
5474208:store_symval_forwarding:ADDR(1),ADDR(1)
5476384:Fsetcar:ADDR(1),ADDR(0.6)
5476464:Fsetcdr:ADDR(1),ADDR(1)
5476576:Faref:ADDR(1),INT(0)
5477200:Faset:ADDR(1),INT(0),ADDR(0.04)
5479088:Flocal_variable_p:ADDR(1),ADDR(1)
5479696:do_symval_forwarding:ADDR(1)
5479904:swap_in_symval_forwarding:ADDR(1),ADDR(1)
5480144:Fboundp:ADDR(1)
5480320:default_value:ADDR(0.970874)
5480592:Fdefault_value:ADDR(1)
5481488:find_symbol_value:ADDR(0.970874)
5481648:Fsymbol_value:ADDR(1)
5482288:set_internal:ADDR(0.680272),ADDR(0.646259),ADDR(0.680272)
5483264:Fset:ADDR(1),ADDR(1)
5483376:Fset_default:ADDR(1),ADDR(1)
5483856:Fmake_local_variable:ADDR(1)
5484544:indirect_function:ADDR(1)
5485072:Findirect_function:ADDR(1)
5485200:arithcompare:INT(0),INT(0),INT(0)
5501856:overlays_around:INT(0),ADDR(1),INT(0)
5502240:Fget_pos_property:INT(0),ADDR(1),ADDR(1)
5509776:update_buffer_properties:
5517904:Fwiden:
5533632:decode_time_components:INT(0),INT(0),INT(0),INT(0),ADDR(0.84),ADDR(0.16)
5536928:make_buffer_string_both:
5548048:Ffunctionp:ADDR(1)
5550096:internal_condition_case_1:INT(0),ADDR(1),ADDR(1),INT(0)
5550720:internal_condition_case_n:INT(0),INT(0),ADDR(1),ADDR(1),INT(0)
5551040:run_hook_with_args:INT(0),ADDR(1),INT(0)
5551920:unbind_to:INT(0),ADDR(0.98)
5552576:apply_lambda:ADDR(1),ADDR(1),INT(0)
5553040:eval_sub:ADDR(0.87)
5555056:Fprogn:ADDR(0.980392)
5556096:Ffuncall:INT(0),ADDR(0.990099)
5557456:call1:ADDR(1),ADDR(1)
5557488:call2:ADDR(1),ADDR(0.98),ADDR(0.98)
5560752:grow_specpdl:
5560992:record_in_backtrace:ADDR(1),ADDR(1),INT(0)
5561056:specbind:ADDR(1),ADDR(0.79)
5561488:Fapply:INT(0),ADDR(1)
5566752:internal_lisp_condition_case:ADDR(1),ADDR(1),ADDR(1)
5572640:Fplist_get:ADDR(1),ADDR(1)
5573936:CHECK_HASH_TABLE:ADDR(1)
5574768:Fnthcdr:INT(0),ADDR(1)
5574960:Fmemq:ADDR(0.83),ADDR(1)
5575152:Fassq:ADDR(1),ADDR(1)
5575456:Frassq:ADDR(1),ADDR(1)
5576112:Flength:ADDR(1)
5576528:Fstring_equal:ADDR(1),ADDR(1)
5577504:concat:INT(0),ADDR(1),INT(0),INT(0)
5580592:Fcopy_sequence:ADDR(1)
5581680:Fcopy_alist:ADDR(1)
5581888:Freverse:ADDR(1)
5582272:Fnreverse:ADDR(1)
5582448:Fnconc:INT(0),ADDR(1)
5582752:Fdelq:ADDR(0.98),ADDR(1)
5582960:Fplist_put:ADDR(1),ADDR(1),ADDR(0.99)
5583264:Fput:ADDR(1),ADDR(1),ADDR(0.99)
5584320:mapcar1:INT(0),ADDR(0.99),ADDR(1),ADDR(1)
5585456:Fmapcar:ADDR(1),ADDR(1)
5592304:sxhash.part.20:ADDR(0.73),INT(0)
5592944:concat2:ADDR(1),ADDR(1)
5592992:concat3:ADDR(1),ADDR(1),ADDR(1)
5593056:string_char_to_byte:ADDR(1),INT(0)
5593360:Fcompare_strings:ADDR(1),ADDR(0.27),ADDR(1),ADDR(1),INT(0),ADDR(0.73)
5594608:Fsubstring:ADDR(0.384615),INT(0),ADDR(0.0115385)
5597680:string_byte_to_char:ADDR(1),INT(0)
5597984:string_to_multibyte:ADDR(1)
5599056:assq_no_quit:ADDR(1),ADDR(1)
5599504:nconc2:ADDR(1),ADDR(1)
5601792:hash_lookup:ADDR(1),ADDR(1),INT(0)
5602064:Fgethash:ADDR(1),ADDR(1),ADDR(1)
5602144:hash_put:ADDR(1),ADDR(1),ADDR(1),INT(0)
5602992:internal_equal:ADDR(1),ADDR(1),INT(0),INT(0),ADDR(1)
5604528:Fequal:ADDR(1),ADDR(1)
5604576:Fmember:ADDR(1),ADDR(1)
5604864:Fassoc:ADDR(1),ADDR(1)
5605344:Frassoc:ADDR(1),ADDR(1)
5608160:Fputhash:ADDR(1),ADDR(1),ADDR(1)
5608448:hash_string:ADDR(1),INT(0)
5611696:font_prop_validate:INT(0),ADDR(1),ADDR(1)
5618432:font_style_to_value:INT(0),ADDR(0.76)
5619824:font_style_symbolic:ADDR(1),INT(0)
5620352:find_font_encoding:ADDR(1)
5621232:font_put_extra:ADDR(1),ADDR(1),ADDR(1)
5627904:Ffont_spec:INT(0),ADDR(0.29)
5628448:font_unparse_xlfd:ADDR(1),INT(0),ADDR(1),INT(0)
5630464:Ffont_xlfd_name:ADDR(1),ADDR(1)
5631744:font_parse_family_registry:ADDR(1),ADDR(1),ADDR(1)
5636768:font_get_frame_data:ADDR(1),ADDR(1)
5638288:copy_font_spec:ADDR(1)
5638576:font_clear_prop:ADDR(1),INT(0)
5677856:unreadchar:ADDR(1),INT(0)
5678864:readchar:ADDR(1),INT(0)
5682704:read_escape:ADDR(1),INT(0)
5687456:string_to_number:ADDR(1),INT(0),INT(0)
5688640:check_obarray:ADDR(1)
5688736:oblookup:ADDR(1),ADDR(1),INT(0),INT(0)
5688960:Fintern:ADDR(1),ADDR(1)
5689856:read1:ADDR(1),ADDR(1),INT(0)
5695728:read_list:INT(0),ADDR(1)
5722432:SETUP_SYNTAX_TABLE_FOR_OBJECT:ADDR(1),INT(0),INT(0)
5769936:exec_byte_code:ADDR(1),ADDR(1),INT(0),ADDR(0.19),INT(0),ADDR(0.81)
5842256:find_cache_boundary:ADDR(1),INT(0)
5854304:balance_an_interval:ADDR(1)
5855008:balance_possible_root_interval:ADDR(1)
5857136:intervals_equal:ADDR(0.98),ADDR(1)
5857760:balance_intervals:INT(0)
5858112:find_interval:INT(0),INT(0)
5858320:next_interval:ADDR(1)
5860832:lookup_char_property:ADDR(1),ADDR(1),INT(0)
5861168:offset_intervals:ADDR(1),INT(0),INT(0)
5867248:get_property_and_range:INT(0),ADDR(1),ADDR(1),ADDR(1),ADDR(1),ADDR(1)
5867824:get_local_map:INT(0),ADDR(1),ADDR(1)
5869568:CHECK_STRING_OR_BUFFER:ADDR(1)
5872496:validate_interval_range:ADDR(1),ADDR(1),ADDR(1),INT(0)
5873344:Ftext_properties_at:INT(0),ADDR(1)
5873552:Fnext_property_change:INT(0),ADDR(1),INT(0)
5874336:Fnext_single_property_change:INT(0),ADDR(1),ADDR(1),INT(0)
5880928:get_char_property_and_overlay:INT(0),ADDR(1),ADDR(1),ADDR(0.08)
5884560:text_property_stickiness:ADDR(1),INT(0),ADDR(1)
5897952:find_composition:INT(0),INT(0),ADDR(1),ADDR(1),ADDR(1),ADDR(1)
5900384:update_compositions:INT(0),INT(0)
5904448:composition_compute_stop_pos:ADDR(1),INT(0),INT(0),INT(0),ADDR(1)
5946928:xftfont_get_colors.isra.1:ADDR(1),ADDR(1),ADDR(1),ADDR(0.89),ADDR(1),ADDR(0.77)
5957408:fontset_add:ADDR(1),ADDR(1),ADDR(1),ADDR(1)
5958320:free_realized_fontsets:ADDR(1)
5958672:face_for_char:ADDR(1),ADDR(1),INT(0)
5960384:fs_query_fontset:ADDR(1),INT(0)
5960864:check_fontset_name:ADDR(1),ADDR(1)
5961056:Fset_fontset_font:ADDR(1),ADDR(1),ADDR(1),ADDR(1),ADDR(1)
5987696:lookup_rgb_color:ADDR(1),INT(0),INT(0),INT(0)
5989616:image_spec_value:ADDR(1),ADDR(1),ADDR(0.1)
5996240:xpm_cache_color.isra.19:ADDR(1),ADDR(1),INT(0)
6024512:c_strcasecmp:ADDR(1),ADDR(1)
6065264:gettime:ADDR(1)
6072560:timespec_sub:INT(0),INT(0.01),INT(0),INT(0.04)
140737010573120:__hypot_finite:FLOAT,FLOAT
140736991490400:gtk_gradient_add_color_stop:ADDR(1),ADDR(1),FLOAT
140736991517184:gtk_icon_source_copy:ADDR(1)
140736991517728:gtk_icon_set_ref:ADDR(1)
140736991518272:gtk_icon_set_unref:ADDR(1)
140736991518528:gtk_icon_factory_get_type:
140736991518784:gtk_icon_factory_add:ADDR(1),ADDR(1),ADDR(1)
140736991521184:gtk_icon_set_new:
140736991521680:gtk_icon_set_add_source:ADDR(1),ADDR(1)
140736991574160:gtk_widget_get_default_style:
140736991574592:gtk_widget_ensure_style:ADDR(0.763359)
140736991577664:gtk_symbolic_color_ref:ADDR(1)
140736991577728:gtk_symbolic_color_unref:ADDR(1)
140736991577808:gtk_symbolic_color_get_type:
140736991654448:gtk_accelerator_get_default_mod_mask:
140736991655664:gtk_accel_label_get_type:
140736991656384:gtk_accel_label_set_accel_closure:ADDR(1),INT(0)
140736991656912:gtk_accel_label_set_accel_widget:ADDR(0.214133),ADDR(0.214133)
140736991666752:gtk_accessible_get_type:
140736991671952:gtk_adjustment_get_type:
140736991672400:gtk_adjustment_get_lower:ADDR(1)
140736991744000:gtk_bin_get_type:
140736991744176:gtk_bin_get_child:ADDR(1)
140736991749648:gtk_binding_entry_add_signal:ADDR(1),INT(0),INT(0),ADDR(1),INT(0),ADDR(0.77)
140736991767088:gtk_box_get_type:
140736991957520:gtk_check_menu_item_get_type:
140736992030464:gtk_container_get_type:
140736992040816:gtk_container_get_resize_mode:ADDR(1)
140736992043360:gtk_container_get_focus_child:ADDR(1)
140736992044144:gtk_container_get_children:ADDR(1)
140736992047872:gtk_container_propagate_draw:ADDR(0.961538),ADDR(0.961538),ADDR(0.961538)
140736992129680:gtk_css_section_ref:ADDR(1)
140736992129744:gtk_css_section_unref:ADDR(0.990099)
140736992130416:gtk_css_section_get_section_type:ADDR(1)
140736992130480:gtk_css_section_get_parent:ADDR(1)
140736992566224:gtk_label_get_type:
140736992643728:gtk_get_debug_flags:
140736992645216:gtk_grab_remove:ADDR(1)
140736992646240:gtk_get_event_widget:ADDR(1)
140736992715632:gtk_menu_get_type:
140736992748608:gtk_menu_item_get_type:
140736992758560:gtk_menu_shell_get_type:
140736992782848:gtk_misc_get_type:
140736992784192:gtk_misc_get_padding:ADDR(1),ADDR(1),ADDR(0.82)
140736992862208:gtk_orientable_get_type:
140736992862368:gtk_orientable_get_orientation:ADDR(1)
140736992979760:gtk_radio_menu_item_get_type:
140736993137280:gtk_separator_menu_item_get_type:
140736993147952:gtk_settings_get_for_screen:ADDR(1)
140736993165824:gtk_widget_get_request_mode:ADDR(1)
140736993166000:gtk_widget_get_preferred_height:ADDR(1),ADDR(1),ADDR(1)
140736993168912:gtk_widget_get_preferred_width_for_height:ADDR(1),INT(0),ADDR(0.86),ADDR(0.51)
140736993169296:gtk_widget_get_preferred_height_and_baseline_for_width:ADDR(1),INT(0),ADDR(1),ADDR(1),ADDR(0.39),ADDR(0.39)
140736993223744:gtk_style_context_get_type:
140736993225888:gtk_style_context_get_state:ADDR(1)
140736993226784:gtk_style_context_list_classes:ADDR(1)
140736993232176:gtk_style_context_set_screen:ADDR(1),ADDR(1)
140736993232688:gtk_style_context_set_state:ADDR(1),INT(0)
140736993233296:gtk_style_context_get_valist:ADDR(1),INT(0),ADDR(1)
140736993233984:gtk_style_context_get:ADDR(1),INT(0),ADDR(1),ADDR(1),ADDR(0.59),ADDR(0.68)
140736993235664:gtk_style_context_get_style_valist:ADDR(1),ADDR(1)
140736993236592:gtk_style_context_get_style:ADDR(1),ADDR(1),ADDR(1),ADDR(0.4),ADDR(0.9),ADDR(0.2)
140736993237008:gtk_style_context_set_scale:ADDR(0.10661),INT(0)
140736993237152:gtk_style_context_add_class:ADDR(1),ADDR(1)
140736993237392:gtk_style_context_remove_class:ADDR(1),ADDR(1)
140736993238320:gtk_style_context_set_parent:ADDR(0.104493),ADDR(0.103448)
140736993240448:gtk_style_context_get_border:ADDR(1),INT(0),ADDR(1)
140736993240736:gtk_style_context_get_padding:ADDR(1),INT(0),ADDR(1)
140736993257184:gtk_style_provider_get_type:
140736993257424:gtk_style_provider_get_style_property:ADDR(0.970874),ADDR(0.970874),INT(0),ADDR(0.970874),ADDR(0.970874)
140736993519232:gtk_theming_engine_get_type:
140736993571168:gtk_tool_item_get_type:
140736993573088:gtk_tool_item_get_homogeneous:ADDR(1)
140736993573184:gtk_tool_item_get_is_important:ADDR(1)
140736993574256:gtk_tool_item_get_visible_horizontal:ADDR(1)
140736993856688:gtk_widget_get_type:
140736993857440:gtk_widget_thaw_child_notify:
140736993859296:gtk_widget_list_accel_closures:ADDR(1)
140736993861040:gtk_widget_has_focus:ADDR(1)
140736993861584:gtk_widget_has_grab:ADDR(1)
140736993862000:gtk_widget_get_state_flags:ADDR(1)
140736993862144:gtk_widget_get_state:ADDR(1)
140736993862336:gtk_widget_get_visible:ADDR(1)
140736993862576:gtk_widget_set_has_window:ADDR(1),INT(0)
140736993862704:gtk_widget_get_has_window:ADDR(1)
140736993863344:gtk_widget_is_toplevel:ADDR(1)
140736993863472:gtk_widget_get_realized:ADDR(1)
140736993866176:gtk_widget_get_mapped:ADDR(1)
140736993866736:gtk_widget_queue_draw_area:ADDR(1),INT(0),INT(0),INT(0),INT(0)
140736993866912:gtk_widget_is_drawable:ADDR(1)
140736993867728:gtk_widget_set_redraw_on_allocate:ADDR(1),INT(0)
140736993867952:gtk_widget_is_sensitive:ADDR(1)
140736993868464:gtk_widget_get_parent:ADDR(1)
140736993870048:gtk_widget_get_child_visible:ADDR(1)
140736993871280:gtk_widget_get_toplevel:ADDR(1)
140736993871536:gtk_widget_get_screen:ADDR(0.980392)
140736993872192:gtk_widget_has_screen:ADDR(1)
140736993873024:gtk_widget_is_focus:ADDR(1)
140736993876384:gtk_widget_get_direction:ADDR(1)
140736993898528:gtk_widget_get_no_show_all:ADDR(1)
140736993899856:gtk_widget_get_allocation:ADDR(1),ADDR(1)
140736993900000:gtk_widget_queue_draw:ADDR(1)
140736993902432:gtk_widget_show:
140736993904864:gtk_widget_set_allocation:ADDR(1),ADDR(1)
140736993905040:gtk_widget_get_allocated_width:ADDR(1)
140736993907008:gtk_widget_get_window:ADDR(1)
140736993908592:gtk_widget_get_frame_clock:ADDR(1)
140736993917280:gtk_widget_path_append_for_widget:ADDR(1),ADDR(1)
140736993917568:gtk_widget_get_path:ADDR(1)
140736993917952:gtk_widget_get_style_context:ADDR(1)
140736993928112:gtk_widget_set_parent:ADDR(1),ADDR(1)
140736993932256:gtk_widget_path_ref:ADDR(1)
140736993932560:gtk_widget_path_unref:ADDR(1)
140736993932880:gtk_widget_path_new:
140736993932928:gtk_widget_path_copy:ADDR(1)
140736993933136:gtk_widget_path_length:ADDR(1)
140736993934240:gtk_widget_path_append_type:ADDR(1),ADDR(1)
140736993934384:gtk_widget_path_append_with_siblings:ADDR(1),ADDR(1),INT(0)
140736993934656:gtk_widget_path_iter_get_siblings:ADDR(1),INT(0)
140736993934800:gtk_widget_path_iter_get_sibling_index:ADDR(1),INT(0)
140736993934944:gtk_widget_path_iter_get_object_type:ADDR(1),INT(0)
140736993935344:gtk_widget_path_iter_set_name:ADDR(1),INT(0),ADDR(1)
140736993935856:gtk_widget_path_iter_add_class:ADDR(1),INT(0),ADDR(1)
140736993937808:gtk_widget_path_iter_list_regions:ADDR(1),INT(0)
140736993938496:gtk_widget_path_get_object_type:ADDR(1)
140736993954560:gtk_window_get_type:
140736993963856:gtk_window_get_focus:ADDR(1)
140736993964688:gtk_window_set_attached_to:ADDR(0.980392),ADDR(0.480392)
140736993964912:gtk_window_get_attached_to:ADDR(1)
140737003458144:gdk_threads_enter:
140737003458176:gdk_threads_leave:
140737003467760:gdk_device_get_type:
140737003469264:gdk_device_get_source:ADDR(1)
140737003478432:gdk_device_manager_get_type:
140737003480832:gdk_display_get_type:
140737003481120:gdk_display_is_closed:ADDR(1)
140737003484976:gdk_display_get_device_manager:ADDR(1)
140737003490096:gdk_display_manager_get:
140737003495392:gdk_event_new:INT(0)
140737003504320:gdk_keyval_convert_case:INT(0),ADDR(1),INT(0)
140737003509232:gdk_frame_clock_get_type:
140737003511008:gdk_frame_clock_get_timings:ADDR(1),INT(0)
140737003520944:gdk_screen_get_type:
140737003527792:gdk_visual_get_type:
140737003529216:gdk_visual_get_screen:ADDR(1)
140737003533408:gdk_window_get_type:
140737003536112:gdk_window_get_toplevel:ADDR(1)
140737003537152:gdk_window_is_viewable:ADDR(1)
140737003565568:gdk_window_get_frame_clock:ADDR(1)
140737003659472:gdk_x11_atom_to_xatom_for_display:ADDR(1),INT(0)
140737003678448:gdk_x11_visual_get_type:
140737003700672:gdk_x11_window_get_type:
140737003719104:gdk_x11_window_lookup_for_display:ADDR(1),INT(0)
140736987552320:g_cancellable_is_cancelled:ADDR(0.41)
140736987552352:g_cancellable_set_error_if_cancelled:ADDR(0.34),ADDR(1)
140736987598160:g_file_get_type:
140736987695504:g_input_stream_get_type:
140736987780832:g_simple_async_result_get_type:
140736988163840:g_dbus_message_get_type:
140736985113664:gdk_pixbuf_get_type:
140736982750672:pango_font_description_new:
140736982751888:pango_font_description_get_set_fields:ADDR(1)
140736982752896:pango_font_description_copy_static:ADDR(1)
140736982752976:pango_font_description_equal:ADDR(1),ADDR(1)
140736982759056:pango_glyph_string_get_width:ADDR(1)
140736982780224:pango_context_get_type:
140736982780624:pango_context_get_matrix:ADDR(1)
140736982781872:pango_context_get_base_dir:ADDR(1)
140736982783664:pango_context_get_serial:ADDR(1)
140736982788384:pango_font_map_get_type:
140736982800064:pango_layout_line_ref:ADDR(1)
140736982802688:pango_layout_line_unref:ADDR(1)
140736982803536:pango_layout_get_type:
140736982804080:pango_layout_get_context:ADDR(1)
140736982809728:pango_layout_line_get_extents:ADDR(1),INT(0),ADDR(1)
140736982821312:pango_layout_get_iter:ADDR(1)
140736982825712:pango_layout_iter_get_baseline:ADDR(1)
140736982838784:pango_renderer_activate:ADDR(1)
140736982838864:pango_renderer_deactivate:ADDR(1)
140736982839664:pango_renderer_set_color:ADDR(1),INT(0),INT(0)
140736982849312:pango_find_base_dir:ADDR(1),INT(0)
140736979621056:cairo_move_to:ADDR(1)
140736979621104:cairo_line_to:ADDR(1)
140736979621152:cairo_curve_to:ADDR(1)
140736979621856:cairo_close_path:ADDR(1)
140736979626624:cairo_status:ADDR(1)
140736979654240:cairo_device_reference:ADDR(0.6)
140736979654656:cairo_device_destroy:ADDR(1)
140736979654832:cairo_device_acquire:ADDR(1)
140736979655728:cairo_font_face_reference:ADDR(0.08)
140736979655776:cairo_font_face_destroy:ADDR(0.05)
140736979660848:cairo_font_options_equal:ADDR(1),ADDR(1)
140736979660976:cairo_font_options_hash:ADDR(1)
140736979716256:cairo_matrix_init_identity:ADDR(1)
140736979716416:cairo_matrix_init_translate:ADDR(1),FLOAT,FLOAT
140736979716464:cairo_matrix_init_scale:ADDR(1),FLOAT,FLOAT
140736979716608:cairo_matrix_multiply:ADDR(1),ADDR(1),ADDR(1)
140736979717184:cairo_matrix_transform_distance:ADDR(1),ADDR(1),ADDR(1)
140736979717248:cairo_matrix_transform_point:ADDR(1),ADDR(1),ADDR(1)
140736979718208:cairo_matrix_invert:ADDR(1)
140736979804480:cairo_pattern_create_rgba:FLOAT,FLOAT,FLOAT,FLOAT
140736979805840:cairo_pattern_reference:ADDR(1)
140736979805936:cairo_pattern_destroy:ADDR(1)
140736979878208:cairo_region_create:
140736979878864:cairo_region_reference:INT(0)
140736979878944:cairo_region_destroy:ADDR(0.280255)
140736979887456:cairo_scaled_font_reference:INT(0)
140736979887520:cairo_scaled_font_destroy:ADDR(0.02)
140736979918688:cairo_surface_reference:ADDR(1)
140736979920192:cairo_surface_destroy:ADDR(0.74)
140736977114320:g_boxed_copy:ADDR(1),ADDR(1)
140736977117920:g_closure_new_simple:INT(0),ADDR(0.96)
140736977118080:g_closure_set_meta_marshal:ADDR(1),INT(0),ADDR(1)
140736977118304:g_closure_add_marshal_guards:ADDR(1),ADDR(1),ADDR(1),ADDR(1),ADDR(1)
140736977119552:g_closure_add_invalidate_notifier:ADDR(1),ADDR(1),ADDR(1)
140736977119888:g_closure_ref:ADDR(1)
140736977120160:g_closure_unref:ADDR(1)
140736977120528:g_closure_invalidate:ADDR(0.740741)
140736977122928:g_closure_set_marshal:ADDR(1),ADDR(1)
140736977123184:g_cclosure_new:ADDR(0.79),ADDR(0.82),INT(0)
140736977123312:g_cclosure_new_swap:ADDR(1),ADDR(1),INT(0)
140736977123584:g_signal_type_cclosure_new:ADDR(0.99),INT(0)
140736977128992:g_enum_get_value:ADDR(1),INT(0)
140736977140320:g_object_ref:ADDR(1)
140736977140752:g_object_unref:ADDR(1)
140736977145616:g_object_class_install_property:ADDR(1),INT(0),ADDR(1)
140736977149664:g_object_newv:ADDR(1),INT(0),INT(0)
140736977150320:g_object_new_valist:ADDR(1),ADDR(1),ADDR(1)
140736977153760:g_object_get_valist:ADDR(1),ADDR(1),ADDR(1)
140736977159936:g_object_get_qdata:ADDR(0.0205128),INT(0)
140736977166896:g_param_spec_ref:ADDR(1)
140736977167728:g_param_spec_ref_sink:ADDR(1)
140736977167952:g_param_spec_internal:ADDR(1),ADDR(1),ADDR(0.96),ADDR(0.96),INT(0)
140736977169008:g_param_spec_get_redirect_target:ADDR(1)
140736977169952:g_param_value_validate:ADDR(1),ADDR(1)
140736977171680:g_param_spec_pool_lookup:ADDR(1),ADDR(1),ADDR(0.99),INT(0)
140736977174688:g_param_spec_get_default_value:ADDR(1)
140736977203568:g_signal_newv:ADDR(1),ADDR(0.99),INT(0),ADDR(0.98),ADDR(0.4),INT(0)
140736977207568:g_signal_new_valist:ADDR(1),ADDR(0.99),INT(0),ADDR(0.98),ADDR(0.4),INT(0)
140736977207824:g_signal_new:
140736977216960:g_signal_connect_data:ADDR(1),ADDR(1),ADDR(0.77),ADDR(0.87),INT(0),INT(0)
140736977222736:g_signal_emit_valist:ADDR(1),INT(0),INT(0),ADDR(1)
140736977226848:g_signal_emit:ADDR(1),INT(0),INT(0),ADDR(1),ADDR(0.04),ADDR(0.04)
140736977244128:g_type_class_unref:ADDR(1)
140736977244352:g_type_class_ref:ADDR(0.84)
140736977245968:g_type_class_peek:ADDR(1)
140736977246064:g_type_class_peek_static:ADDR(1)
140736977246160:g_type_class_peek_parent:ADDR(1)
140736977246400:g_type_interface_peek:ADDR(1),ADDR(1)
140736977251136:g_type_from_name:ADDR(1)
140736977252112:g_type_register_static:ADDR(0.2),ADDR(1),ADDR(1),INT(0)
140736977252624:g_type_register_static_simple:ADDR(0.42),ADDR(1)
140736977252816:g_type_parent:ADDR(0.67)
140736977252880:g_type_depth:ADDR(1)
140736977253088:g_type_is_a:ADDR(0.86),ADDR(0.02)
140736977253840:g_type_interfaces:ADDR(0.99),ADDR(1)
140736977255120:g_type_test_flags:ADDR(0.98),INT(0)
140736977255504:g_type_create_instance:ADDR(1)
140736977257392:g_type_fundamental:ADDR(0.99)
140736977259824:g_type_check_instance_is_a:ADDR(1),INT(0)
140736977261200:g_type_check_class_is_a:ADDR(1),ADDR(0.21)
140736977262560:g_type_check_instance:ADDR(1)
140736977262768:g_type_check_is_value_type:ADDR(0.5)
140736977263200:g_type_check_value:ADDR(1)
140736977263616:g_type_check_value_holds:ADDR(1),INT(0)
140736977264112:g_type_value_table_peek:ADDR(0.39)
140736977271904:g_value_init:ADDR(1),ADDR(0.12)
140736977272160:g_value_reset:ADDR(1)
140736977272288:g_value_unset:ADDR(1)
140736977272592:g_value_register_transform_func:INT(0),INT(0),ADDR(1)
140736977273120:g_value_type_compatible:ADDR(0.8),ADDR(0.65)
140736977273504:g_value_set_instance:ADDR(1),ADDR(1)
140736977274096:g_value_transform:ADDR(1),ADDR(1)
140736973999776:g_array_append_vals:ADDR(1),ADDR(1),INT(0)
140736974001184:g_array_set_size:ADDR(1),INT(0)
140736974001520:g_ptr_array_sized_new:INT(0)
140736974001632:g_ptr_array_set_free_func:ADDR(1),ADDR(1)
140736974002304:g_ptr_array_remove_range:ADDR(1),INT(0),INT(0)
140736974002624:g_ptr_array_set_size:ADDR(1),INT(0)
140736974003072:g_ptr_array_add:ADDR(1),ADDR(0.99)
140736974003536:g_ptr_array_foreach:ADDR(1),ADDR(1),INT(0.01)
140736974010080:g_bit_lock:ADDR(1),INT(0)
140736974010240:g_bit_unlock:ADDR(1),INT(0)
140736974010336:g_pointer_bit_lock:ADDR(1),INT(0)
140736974010592:g_pointer_bit_unlock:ADDR(1),INT(0)
140736974029664:g_bytes_unref:ADDR(0.970874)
140736974029728:g_bytes_new_with_free_func:ADDR(1),INT(0),ADDR(0.99),ADDR(0.99)
140736974029968:g_bytes_get_data:ADDR(1),ADDR(0.98)
140736974030032:g_bytes_get_size:ADDR(1)
140736974030096:g_bytes_ref:ADDR(1)
140736974064944:g_datalist_clear:ADDR(1)
140736974101632:g_build_filename:ADDR(1),ADDR(1),ADDR(0.11),ADDR(0.83),ADDR(0.88),ADDR(0.06)
140736974101952:g_path_is_absolute:
140736974102016:g_path_skip_root:
140736974107840:g_hash_table_unref:ADDR(0.0710227)
140736974107968:g_hash_table_lookup:ADDR(1),ADDR(1)
140736974108720:g_hash_table_contains:ADDR(1),INT(0)
140736974109056:g_hash_table_remove_all:ADDR(1)
140736974110080:g_hash_table_size:ADDR(1)
140736974110688:g_str_hash:
140736974112880:g_hook_unref:ADDR(1),ADDR(1)
140736974113328:g_hook_ref:ADDR(1),ADDR(1)
140736974121248:g_io_channel_get_buffer_condition:ADDR(1)
140736974144224:g_key_file_get_value:ADDR(0.44843),ADDR(0.44843),ADDR(0.44843),ADDR(0.44843)
140736974144832:g_key_file_get_string:ADDR(1),ADDR(1),ADDR(1),ADDR(0.09)
140736974159296:g_list_prepend:ADDR(0.76),ADDR(1)
140736974159648:g_list_remove:ADDR(1),ADDR(1)
140736974159984:g_list_remove_link:ADDR(1),ADDR(1)
140736974161088:g_list_last:ADDR(0.95)
140736974161120:g_list_append:ADDR(0.59),ADDR(1)
140736974161440:g_list_foreach:ADDR(0.85),ADDR(1),ADDR(0.45)
140736974166832:g_main_context_default:
140736974167024:g_source_new:ADDR(1),INT(0)
140736974167200:g_source_attach:ADDR(1),ADDR(0.44)
140736974172128:g_get_monotonic_time:
140736974172304:g_main_context_acquire:ADDR(1)
140736974173488:g_main_context_prepare:ADDR(1),ADDR(1)
140736974174304:g_main_context_query:ADDR(1),INT(0),ADDR(1),ADDR(1),INT(0)
140736974174480:g_main_context_check:ADDR(1),INT(0),ADDR(1),INT(0)
140736974175152:g_main_context_dispatch:ADDR(1)
140736974176448:g_main_context_iteration:ADDR(0.326733),INT(0)
140736974198272:g_malloc:INT(0)
140736974198352:g_malloc0:INT(0)
140736974198432:g_realloc:ADDR(0.42),INT(0)
140736974198528:g_free:ADDR(0.83)
140736974199184:g_mem_is_system_malloc:
140736974239008:g_quark_to_string:INT(0)
140736974239056:g_intern_string:ADDR(1)
140736974287344:g_slice_alloc:INT(0)
140736974288736:g_slice_alloc0:INT(0)
140736974288848:g_slice_free1:INT(0),ADDR(1)
140736974289424:g_slice_free_chain_with_offset:INT(0),ADDR(0.75)
140736974290928:g_slist_prepend:ADDR(0.2),ADDR(1)
140736974291216:g_slist_remove:ADDR(1),ADDR(1)
140736974291824:g_slist_reverse:ADDR(0.9)
140736974291984:g_slist_find:ADDR(0.4),ADDR(1)
140736974292272:g_slist_last:ADDR(1)
140736974292304:g_slist_append:ADDR(0.73),ADDR(1)
140736974292592:g_slist_length:ADDR(0.9)
140736974292624:g_slist_foreach:ADDR(0.36),ADDR(1),INT(0)
140736974293744:g_strdup:ADDR(0.92)
140736974293824:g_memdup:ADDR(0.84),INT(0)
140736974293888:g_strndup:ADDR(0.99),INT(0)
140736974294112:g_strdup_vprintf:ADDR(1),ADDR(1)
140736974294160:g_strdup_printf:ADDR(1),ADDR(0.99),ADDR(0.66),ADDR(0.72),ADDR(0.4),ADDR(0.32)
140736974296784:g_ascii_strcasecmp:ADDR(1),ADDR(1)
140736974298800:g_strchug:ADDR(1)
140736974298944:g_strchomp:ADDR(1)
140736974299072:g_strsplit:ADDR(0.97),ADDR(1),INT(0)
140736974300128:g_strfreev:ADDR(0.116667)
140736974301360:g_strrstr:ADDR(1),ADDR(1)
140736974303152:g_string_sized_new:INT(0)
140736974303248:g_string_free:ADDR(1),INT(0)
140736974303584:g_string_truncate:ADDR(1),INT(0)
140736974304736:g_string_new:INT(0.00106289)
140736974305232:g_string_insert_c:ADDR(1),INT(0),INT(0)
140736974307312:g_string_erase:ADDR(1),INT(0),INT(0)
140736974327808:g_once_init_enter:ADDR(1)
140736974328720:g_thread_self:
140736974353328:g_unichar_isalnum:INT(0)
140736974360560:g_utf8_find_next_char:ADDR(1),INT(0)
140736974361008:g_utf8_get_char:ADDR(1)
140736974361680:g_unichar_to_utf8:INT(0),ADDR(1)
140736974361920:g_utf8_strchr:ADDR(1),INT(0),INT(0)
140736974362112:g_utf8_get_char_validated:ADDR(1),INT(0)
140736974366384:g_utf8_validate:ADDR(1),INT(0),ADDR(0.71)
140736974386208:g_variant_get_string:ADDR(1),ADDR(0.38)
140736974393024:g_variant_iter_next_value:ADDR(0.990099)
140736974393680:g_variant_builder_clear:ADDR(1)
140736974394064:g_variant_builder_init:ADDR(1),ADDR(1)
140736974394864:g_variant_builder_add_value:ADDR(1),ADDR(1)
140736974395456:g_variant_builder_end:ADDR(1)
140736974398496:g_variant_format_string_scan:ADDR(1),INT(0),ADDR(1)
140736974401536:g_variant_format_string_scan_type:ADDR(1),INT(0),ADDR(1)
140736974407808:g_variant_new_from_bytes:ADDR(1),ADDR(1),INT(0)
140736974408128:g_variant_unref:ADDR(1)
140736974408720:g_variant_ref:ADDR(1)
140736974408832:g_variant_ref_sink:ADDR(1)
140736974409184:g_variant_get_size:ADDR(1)
140736974409248:g_variant_get_data:ADDR(1)
140736974409440:g_variant_n_children:ADDR(1)
140736974409536:g_variant_get_child_value:ADDR(1),INT(0)
140736974425968:g_variant_serialised_n_children:
140736974426464:g_variant_serialised_get_child:ADDR(1),INT(0)
140736974431680:g_variant_serialiser_is_string:ADDR(1),INT(0)
140736974435040:g_variant_type_info_get_type_string:ADDR(1)
140736974435104:g_variant_type_info_query:ADDR(1),ADDR(0.99),ADDR(0.99)
140736974435248:g_variant_type_info_n_members:ADDR(1)
140736974435280:g_variant_type_info_member_info:ADDR(1),INT(0)
140736974435344:g_variant_type_info_ref:ADDR(1)
140736974435472:g_variant_type_info_get:ADDR(0.990099)
140736974436544:g_variant_type_info_unref:ADDR(1)
140736974436960:g_variant_type_string_scan:ADDR(0.980392),INT(0),ADDR(0.980392)
140736974437344:g_variant_type_string_is_valid:ADDR(1)
140736974437456:g_variant_type_get_string_length:ADDR(1)
140736974437568:g_variant_type_copy:ADDR(1)
140736974437680:g_variant_type_peek_string:ADDR(1)
140736974437840:g_variant_type_is_definite:ADDR(1)
140736974438000:g_variant_type_is_container:ADDR(1)
140736974438384:g_variant_type_is_tuple:ADDR(1)
140736974438480:g_variant_type_is_dict_entry:ADDR(1)
140736974439360:g_variant_type_first:ADDR(1)
140736974439504:g_variant_type_next:ADDR(1)
140736974441008:g_variant_type_checked_:ADDR(1)
140736974442720:g_vasprintf:ADDR(1),ADDR(1),ADDR(1)
140736974444912:g_mutex_lock:ADDR(1)
140736974444960:g_mutex_unlock:ADDR(1)
140736974445008:g_mutex_trylock:ADDR(1)
140736974445648:g_cond_broadcast:ADDR(1)
140736966286112:_XFlushGCCache:ADDR(1),ADDR(1)
140736966288000:XCreatePixmap:ADDR(1),INT(0),INT(0),INT(0),INT(0)
140736966305216:_XFreeExtData:INT(0)
140736966376896:_XrmInternalStringToQuark:ADDR(1),INT(0),INT(0.21),INT(0)
140736966393488:_XSetClipRectangles:ADDR(1),ADDR(1),INT(0),INT(0),ADDR(1),INT(0)
140736966396752:_XlcMapOSLocaleName:ADDR(1),ADDR(1)
140736966400880:XStringToKeysym:ADDR(1)
140736966402192:XSync:ADDR(1),INT(0)
140736966417824:_XSend:ADDR(1),ADDR(0.13),INT(0)
140736966418288:_XEventsQueued:ADDR(1),INT(0)
140736966419344:_XReply:ADDR(1),ADDR(1),INT(0),INT(0)
140736966425264:_XIsEventCookie:ADDR(1),ADDR(1)
140736966428960:_XVIDtoVisual:ADDR(1),INT(0)
140736966429280:_XData32:ADDR(1),ADDR(1),INT(0)
140736966429728:_XGetRequest:ADDR(1),INT(0),INT(0)
140736966451360:XrmQGetResource:ADDR(1),ADDR(1),ADDR(1),ADDR(1),ADDR(1)
140736966477600:_XlcGetCharSet:ADDR(1)
140736966479568:_XlcOpenConverter:ADDR(1),ADDR(1),ADDR(1),ADDR(1)
140736966531904:_XOpenLC:INT(0)
140736966532352:_XCloseLC:ADDR(1)
140736966532496:_XlcCurrentLC:
140736966591376:_XimGetResourceListRecByQuark:ADDR(1),INT(0),INT(0)
140736966705952:XcmsCCCOfColormap:ADDR(1),INT(0)
140736966706944:_XcmsCopyISOLatin1Lowered:ADDR(1),ADDR(1)
140736966709056:_XcmsResolveColorString:ADDR(1),ADDR(1),ADDR(1),INT(0)
140736966750672:_XkbReadCopyKeySyms:ADDR(1),ADDR(1),INT(0)
140736966750720:_XkbReadBufferCopyKeySyms:ADDR(1),ADDR(1),INT(0)
140736966751088:_XkbGetReadBufferPtr:ADDR(1),INT(0)
140736964060592:XRenderFindDisplay:ADDR(1)
140736964061856:XRenderQueryFormats:ADDR(1)
140736956492464:rsvg_css_parse_color:ADDR(1),ADDR(0.24)
140736950984560:xmlNextChar:ADDR(1)
140736951011360:xmlSkipBlankChars:ADDR(1)
140736951017920:xmlParseName:ADDR(1)
140736951030592:xmlParseAttribute:ADDR(1),ADDR(1)
140736951031056:xmlParseStartTag:ADDR(1)
140736951470544:xmlStrndup:ADDR(1),INT(0)
140736951470976:xmlStrEqual:ADDR(1),ADDR(1)
140736951477008:xmlBufUse:ADDR(1)
140736951800160:xmlDictLookup:ADDR(1),ADDR(1),INT(0)
140736945797712:FT_MSB:INT(0)
140736945797904:FT_MulDiv:INT(0),INT(0),INT(0)
140736945798656:FT_DivFix:INT(0),INT(0)
140736945799760:ft_corner_is_flat:INT(0),INT(0),INT(0),INT(0)
140736945799888:FT_GlyphLoader_Rewind:ADDR(1)
140736945800160:ft_service_list_lookup:ADDR(1),ADDR(1)
140736945803360:FT_Get_Next_Char:ADDR(1),INT(0),ADDR(1)
140736945805344:FT_Lookup_Renderer:ADDR(1),INT(0),ADDR(0.96)
140736945806640:FT_Outline_Decompose:ADDR(1),ADDR(1),ADDR(1)
140736945808032:FT_Outline_Check:ADDR(1)
140736945808304:FT_Outline_Get_CBox:ADDR(1),ADDR(1)
140736945808448:FT_Outline_Translate:ADDR(1),INT(0),INT(0)
140736945809184:FT_Outline_Get_Orientation:ADDR(1)
140736945809680:FT_Stream_Seek:ADDR(1),INT(0)
140736945809952:FT_Stream_Pos:ADDR(1)
140736945810272:FT_Stream_GetUShort:ADDR(1)
140736945810416:FT_Stream_GetULong:ADDR(1)
140736945810672:FT_Stream_ReadUShort:ADDR(1),ADDR(1)
140736945814624:ft_mem_qalloc:ADDR(1),INT(0),ADDR(1)
140736945814688:ft_mem_alloc:ADDR(1),INT(0),ADDR(1)
140736945815616:ft_mem_free:ADDR(0.990099),ADDR(0.306931)
140736945816496:ft_glyphslot_free_bitmap:ADDR(1)
140736945816624:FT_Load_Glyph:ADDR(0.990099),INT(0),INT(0)
140736945821296:FT_Stream_EnterFrame:ADDR(1),INT(0)
140736945821616:FT_Stream_ExitFrame:ADDR(1)
140736945821664:FT_Stream_ReadFields:ADDR(1),ADDR(1),ADDR(1)
140736945822320:ft_mem_qrealloc:ADDR(1),INT(0),INT(0),INT(0),ADDR(0.44),ADDR(1)
140736945822592:ft_mem_realloc:ADDR(1),INT(0),INT(0),INT(0),ADDR(0.44),ADDR(1)
140736943432208:FcConfigAddRule:ADDR(1),ADDR(1),INT(0)
140736943444896:FcCharSetSubtractCount:ADDR(1),ADDR(1)
140736943476304:FcFontSetAdd:ADDR(1),ADDR(1)
140736943483024:FcLangSetHasLang:ADDR(1),ADDR(1)
140736943483552:FcLangSetCompare:ADDR(1),ADDR(1)
140736943484816:FcLangSetContains:ADDR(1),ADDR(1)
140736943497840:FcNameGetObjectType:ADDR(1)
140736943501488:FcPatternCreate:
140736943501552:FcValueDestroy:INT(0),ADDR(0.259843)
140736943501776:FcValueSave:INT(0),ADDR(1)
140736943513056:FcStrCmp:ADDR(1),ADDR(1)
140736943513792:FcUcs4ToUtf8:INT(0),ADDR(1)
140736943514640:FcStrCmpIgnoreCase:ADDR(1),ADDR(1)
140736943515872:FcStrStrIgnoreCase:ADDR(1),ADDR(1)
140736943517456:FcStrSetMember:ADDR(1),ADDR(1)
140736943517904:FcStrSetAdd:ADDR(1),ADDR(1)
140736943518560:FcStrSetDestroy:ADDR(1)
140736943518672:FcStrListCreate:ADDR(1)
140736943519728:FcStrListNext:ADDR(1)
140736938356256:__pthread_enable_asynccancel:
140736938356352:__pthread_disable_asynccancel:INT(0)
140736934586416:getenv:ADDR(0.99)
140736934591872:random_r:ADDR(1),ADDR(1)
140736934644976:_IO_vfprintf:ADDR(1),ADDR(1),ADDR(1)
140736934816240:fgets_unlocked:ADDR(1),INT(0),ADDR(1)
140736934841280:_IO_file_init:ADDR(1)
140736934842016:_IO_file_fopen:ADDR(1),ADDR(0.96),ADDR(1)
140736934845072:_IO_un_link:ADDR(1)
140736934845680:_IO_link_in:ADDR(1)
140736934846832:_IO_switch_to_get_mode:ADDR(1)
140736934847744:_IO_setb:ADDR(1),ADDR(0.87),ADDR(0.87),INT(0)
140736934850128:_IO_sputbackc:ADDR(1),INT(0)
140736934902464:strlen:ADDR(0.92)
140736934902912:strnlen:ADDR(1),INT(0)
140736934909888:rindex:
140736934915088:memchr:ADDR(0.76),INT(0),INT(0)
140736934917568:memset:ADDR(1),INT(0),INT(0)
140736934946992:rawmemchr:ADDR(1),INT(0)
140736934947520:strchrnul:ADDR(0.98),INT(0)
140736934948208:__argz_count:ADDR(1),INT(0)
140736934949248:argz_stringify:ADDR(1),INT(0),INT(0)
140736935305616:__xstat64:INT(0),ADDR(0.99),ADDR(1)
140736935305696:__fxstat64:INT(0),INT(0),ADDR(1)
140736935306768:open:
140736935330432:sbrk:INT(0)
140736935344576:mmap:INT(0),ADDR(0.02),INT(0),INT(0)
140736935344624:munmap:
140736935348192:tfind:ADDR(1),ADDR(1),ADDR(1)
140736935428512:__vsnprintf_chk:ADDR(1),INT(0),INT(0),INT(0),ADDR(1),ADDR(1)
140736925707008:pango_cairo_context_get_resolution:ADDR(1)
140736912607520:pango_fc_font_get_type:
140736906206080:_XcursorGetDisplayInfo:ADDR(1)
140736893238128:XextFindDisplay:ADDR(1),ADDR(1)
140736864135536:XmlInitEncoding:ADDR(1),ADDR(1),ADDR(0.5)
140736852361104:dbus_free:ADDR(0.642202)
140736849789888:hb_segment_properties_equal:ADDR(1),ADDR(1)
140736849796800:hb_buffer_get_glyph_positions:ADDR(1),ADDR(0.5)
140736849804608:hb_face_reference:ADDR(1)
140736849804640:hb_face_destroy:ADDR(1)
140736849809568:hb_font_funcs_destroy:ADDR(1)
140736849816224:hb_font_destroy:ADDR(0.5)
140736849846048:hb_ot_layout_has_positioning:ADDR(1)
