4287968:assign_row:VOID,ADDR(1),ADDR(1)
4291984:make_current.isra.6:VOID,ADDR(1),ADDR(1),INT(0)
4292112:update_window_line:VOID,ADDR(1),INT(0),ADDR(1)
4310064:prepare_desired_row:VOID,ADDR(1),ADDR(1),INT(0)
4324720:decode_live_frame:ADDR(47.86),ADDR(1)
4326752:decode_any_frame:ADDR(2.5),ADDR(1)
4327728:decode_window_system_frame:ADDR(2.42),ADDR(1)
4330800:store_in_alist:VOID,ADDR(1),ADDR(1),ADDR(0.545455)
4344448:x_mouse_grabbed:VOID,ADDR(1)
4344560:validate_x_resource_name:VOID,
4349184:frame_make_pointer_visible:VOID,
4359344:get_per_char_metric:VOID,ADDR(1),ADDR(1)
4359424:set_glyph_string_background_width:VOID,ADDR(1),INT(0)
4360608:get_it_property:VOID,ADDR(1),ADDR(1)
4364880:safe__call:VOID,INT(0),INT(0),ADDR(1),ADDR(1)
4366672:init_glyph_string:VOID,ADDR(1),ADDR(0.84),ADDR(1),ADDR(1),INT(0)
4369424:handle_line_prefix:VOID,ADDR(1)
4370048:get_visually_first_element:VOID,ADDR(1)
4371424:next_overlay_change:VOID,INT(0)
4377904:calc_line_height_property:VOID,ADDR(1),ADDR(1)
4379744:get_glyph_face_and_encoding:VOID,ADDR(1),ADDR(1),ADDR(1),ADDR(1)
4379952:fill_glyph_string:VOID,ADDR(1),INT(0),INT(0),INT(0),INT(0)
4389296:append_space_for_newline:VOID,ADDR(1),INT(0)
4392128:bset_redisplay:VOID,ADDR(1)
4392272:window_text_bottom_y:VOID,ADDR(1)
4392688:window_box_width:VOID,ADDR(1),INT(0)
4393008:extend_face_to_end_of_line:VOID,ADDR(1)
4395616:window_box_left_offset.part.30:VOID,ADDR(1),INT(0)
4395984:window_box_height:VOID,ADDR(1)
4400256:window_box_left:VOID,ADDR(1),INT(0)
4400368:window_box:VOID,ADDR(1),INT(0),ADDR(0.16),ADDR(0.28),ADDR(0.88),ADDR(0.9)
4401936:remember_mouse_glyph:VOID,ADDR(1),INT(0),INT(0),ADDR(1)
4413200:compute_display_string_pos:VOID,ADDR(1),ADDR(1),ADDR(1),INT(0),ADDR(1)
4414288:lookup_glyphless_char_display:VOID,INT(0),ADDR(1)
4421648:row_hash:VOID,ADDR(1)
4421776:compute_line_metrics:VOID,ADDR(1)
4423344:load_overlay_strings:VOID,ADDR(1),INT(0)
4425760:get_overlay_strings_1:VOID,ADDR(1),INT(0),INT(0)
4426272:handle_stop:VOID,ADDR(1)
4431904:set_iterator_to_next:VOID,ADDR(1)
4441504:face_before_or_after_it_pos:VOID,ADDR(1),INT(0)
4443136:get_next_display_element:VOID,ADDR(1)
4446992:display_string:VOID,ADDR(0.48),ADDR(1),ADDR(1),INT(0),INT(0),ADDR(1)
4449968:display_mode_element:VOID,ADDR(1),INT(0),INT(0),INT(0),ADDR(1),ADDR(1)
4461840:forward_to_next_line_start:VOID,ADDR(1),ADDR(1),ADDR(1)
4466672:display_line:VOID,ADDR(1)
4522992:x_get_glyph_overhangs:VOID,ADDR(1),ADDR(1),ADDR(1),ADDR(1)
4523280:draw_glyphs:VOID,ADDR(1),INT(0),ADDR(1),INT(0),INT(0),INT(0)
4550400:clear_mouse_face:VOID,ADDR(1)
4551472:note_mouse_highlight:VOID,ADDR(1),INT(0),INT(0)
4582384:get_glyph_string_clip_rects:VOID,ADDR(1),ADDR(1),INT(0)
4592448:ensure_menu_items:VOID,INT(0)
4592512:push_menu_pane:VOID,ADDR(1),ADDR(1)
4592624:push_menu_item:VOID,ADDR(1),ADDR(1),ADDR(1),ADDR(1),ADDR(1),ADDR(1)
4592800:single_keymap_panes:VOID,ADDR(1),ADDR(1),ADDR(1),INT(0)
4598336:xmalloc_widget_value:VOID,
4599776:update_submenu_strings:VOID,ADDR(1)
4608560:popup_activated:VOID,
4609056:candidate_window_p:ADDR(0.48),ADDR(1),ADDR(1),ADDR(1),ADDR(1)
4615648:coordinates_in_window:VOID,ADDR(1),INT(0),INT(0)
4623056:decode_live_window:ADDR(1.08),ADDR(1)
4637680:window_relative_x_coord:VOID,ADDR(1),INT(0),INT(0)
4638256:window_from_coordinates:VOID,ADDR(1),INT(0),INT(0),ADDR(1)
4665168:read_hex:INT(0),ADDR(1),ADDR(1),ADDR(1)
4690864:coding_set_source:VOID,ADDR(1)
4691056:coding_set_destination:VOID,ADDR(1)
4694320:get_translation_table:ADDR(8.56),ADDR(1),INT(0),INT(0)
4729520:consume_chars:VOID,ADDR(1),ADDR(1),INT(0)
4733872:alloc_destination:ADDR(6.32),ADDR(1),INT(0),ADDR(1)
4734208:produce_chars:INT(0),ADDR(1),ADDR(1),INT(0)
4767904:decode_coding:VOID,ADDR(1)
4770512:setup_coding_system:VOID,ADDR(1),ADDR(1)
4784144:code_conversion_save:ADDR(8.52),INT(0),INT(0)
4788224:encode_coding_object:VOID,ADDR(1),ADDR(1),INT(0),INT(0),INT(0),INT(0)
4795584:encode_file_name:ADDR(13.76),ADDR(1)
4819776:char_width:VOID,INT(0),INT(0)
4821216:char_string:VOID,INT(0),ADDR(1)
4823296:multibyte_char_to_unibyte_safe:INT(0),INT(0)
4824544:multibyte_chars_in_text:INT(0),ADDR(1),INT(0)
4824896:parse_str_as_multibyte:VOID,INT(0),INT(0),ADDR(1),ADDR(1)
4826960:count_size_as_multibyte:INT(0),ADDR(1),INT(0)
4829856:make_sub_char_table:ADDR(3.02),INT(0),INT(0),ADDR(1)
4830464:Fmake_char_table:ADDR(1.46),ADDR(1),ADDR(1)
4831888:sub_char_table_ref:ADDR(4.72549),ADDR(1),INT(0),INT(0)
4832064:sub_char_table_ref_and_range:ADDR(67.1),ADDR(1),INT(0),ADDR(1),ADDR(1),ADDR(1),INT(0)
4833104:sub_char_table_set:ADDR(12.0588),ADDR(1),INT(0),INT(0),INT(0)
4833344:sub_char_table_set_range:VOID,ADDR(1),INT(0),INT(0),ADDR(1),INT(0)
4835056:char_table_ref:ADDR(4.86),ADDR(1),INT(0)
4835680:map_sub_char_table:ADDR(312.62),INT(0),ADDR(1),ADDR(1),ADDR(1),ADDR(1),ADDR(1)
4838144:char_table_ref_and_range:ADDR(23.58),ADDR(1),INT(0),ADDR(1),ADDR(1)
4839488:char_table_set:ADDR(12.3),ADDR(1),INT(0),INT(0)
4840064:char_table_set_range:VOID,ADDR(1),INT(0),INT(0),ADDR(1)
4840752:char_table_translate:INT(0),ADDR(1),INT(0)
4840800:map_char_table:VOID,INT(0),ADDR(1),ADDR(1),ADDR(1)
4842528:bidi_set_sor_type:VOID,ADDR(1),INT(0),INT(0)
4842720:bidi_line_init:VOID,ADDR(1)
4842992:bidi_get_category:VOID,INT(0)
4843088:bidi_explicit_dir_char:VOID,INT(0)
4843328:bidi_cache_ensure_space:VOID,INT(0)
4843936:bidi_at_paragraph_end:VOID,INT(0),INT(0)
4844080:bidi_fetch_char:VOID,INT(0),INT(0),ADDR(1),ADDR(1),ADDR(1)
4846544:bidi_get_type.part.1:VOID,INT(0),INT(0)
4846848:bidi_resolve_explicit_1:VOID,ADDR(1)
4848064:bidi_resolve_explicit:VOID,ADDR(1)
4848640:bidi_resolve_weak:VOID,ADDR(1)
4850224:bidi_cache_search.constprop.4:VOID,INT(0)
4850496:bidi_cache_iterator_state:VOID,ADDR(1),INT(0)
4850992:bidi_resolve_neutral:VOID,ADDR(1)
4851872:bidi_level_of_next_char:VOID,ADDR(1)
4855120:bidi_init_it:VOID,INT(0),INT(0),INT(0),ADDR(1)
4855568:bidi_paragraph_init:VOID,INT(0),ADDR(1),INT(0)
4857040:bidi_move_to_visually_next:VOID,ADDR(1)
4892992:get_terminal:ADDR(2.42),ADDR(1)
4895280:lface_hash:INT(0),ADDR(1)
4895712:resolve_face_name:ADDR(117.44),ADDR(1),INT(0)
4896000:lface_from_face_name_no_resolve:ADDR(68.76),ADDR(0.8),ADDR(1),INT(0)
4896160:get_lface_attributes_no_remap:VOID,ADDR(1),ADDR(1),ADDR(1),INT(0)
4897200:make_realized_face:ADDR(1.98),ADDR(1)
4897584:cache_face:VOID,ADDR(1),ADDR(1),INT(0)
4900112:Finternal_make_lisp_face:ADDR(1.44),ADDR(1),ADDR(1)
4908400:load_color2:ADDR(1.52),ADDR(1),ADDR(1),ADDR(1),INT(0),ADDR(1)
4908928:face_color_supported_p:INT(0),ADDR(1),ADDR(1),INT(0)
4909472:merge_face_ref:VOID,ADDR(1),ADDR(1),ADDR(1),INT(0),ADDR(0.0384615)
4911120:merge_face_vectors:VOID,ADDR(1),ADDR(1),ADDR(1)
4911744:get_lface_attributes:VOID,ADDR(1),ADDR(1),ADDR(1),INT(0),ADDR(1)
4911984:merge_named_face:VOID,ADDR(1),ADDR(1),ADDR(1),ADDR(0.04)
4912320:face_attr_equal_p:VOID,ADDR(0.94),ADDR(0.94)
4912512:lface_equal_p:VOID,ADDR(1),ADDR(1)
4912688:x_free_colors:VOID,ADDR(1)
4913312:realize_face:ADDR(1.98),ADDR(1),ADDR(1),INT(0)
4916144:realize_named_face:ADDR(1.68),ADDR(1),ADDR(1),INT(0)
4918480:lookup_face.isra.17:VOID,ADDR(1),ADDR(1)
4924432:lookup_named_face:VOID,ADDR(1),ADDR(1),INT(0)
4925760:lookup_basic_face:VOID,ADDR(1),INT(0)
4926880:face_at_buffer_position:VOID,ADDR(1),INT(0),ADDR(1),INT(0),INT(0),INT(0)
4928128:face_at_string_position:VOID,ADDR(1),ADDR(1),INT(0),INT(0),ADDR(1),INT(0)
4931776:x_window_to_frame:VOID,ADDR(1),INT(0)
4932768:x_any_window_to_frame:ADDR(3.92),ADDR(1),INT(0)
4933328:note_mouse_movement:VOID,ADDR(1),ADDR(1)
4935376:x_draw_glyph_string_foreground:VOID,ADDR(1)
4936096:x_set_glyph_string_clipping:VOID,ADDR(1)
4937072:x_set_glyph_string_gc:VOID,ADDR(1)
4942976:x_clip_to_row.isra.17:VOID,ADDR(1),ADDR(1),ADDR(1),INT(0),ADDR(1)
4947808:x_draw_glyph_string_background.part.21:VOID,ADDR(1),INT(0)
4950832:x_alloc_nearest_color:INT(0),ADDR(1),INT(0),ADDR(1)
4959744:x_top_window_to_frame:ADDR(1.08),ADDR(0.98),INT(0)
4965376:handle_one_xevent:INT(0),ADDR(1),ADDR(1),ADDR(1),ADDR(1)
4994160:check_x_display_info:ADDR(2.68),ADDR(1)
4994528:Fxw_display_color_p:ADDR(1.66),ADDR(1)
4997504:gamma_correct:VOID,ADDR(1),ADDR(1)
5035504:x_get_resource:INT(0),ADDR(1),ADDR(1),ADDR(1),INT(0),ADDR(1)
5035696:x_get_string_resource:ADDR(0.04),ADDR(1),ADDR(1),ADDR(1)
5046560:make_widget_for_menu_item:VOID,ADDR(1),ADDR(1)
5049776:xg_set_screen.isra.6:VOID,ADDR(1),ADDR(1)
5052336:get_utf8_string:VOID,ADDR(0.74)
5053216:xg_create_one_menuitem.isra.17:VOID,ADDR(1),INT(0),ADDR(1),ADDR(1)
5053904:create_menus:VOID,ADDR(1),ADDR(1),INT(0),INT(0),INT(0),INT(0)
5056624:xg_update_menu_item.isra.18:VOID,ADDR(1),ADDR(1),INT(0),ADDR(1)
5059584:malloc_widget_value:VOID,
5059840:free_widget_value:VOID,ADDR(1)
5059952:xg_check_special_colors:INT(0),ADDR(1),ADDR(1),ADDR(1)
5061376:xg_win_to_widget:VOID,ADDR(1),INT(0)
5070112:xg_event_is_for_scrollbar:VOID,ADDR(1),ADDR(1)
5117360:parse_modifiers:ADDR(96.18),ADDR(1)
5118512:parse_solitary_modifier:VOID,ADDR(1)
5121360:gobble_input:INT(0)
5128320:menu_separator_name_p:VOID,ADDR(1)
5131728:parse_menu_item:VOID,ADDR(1),INT(0)
5166464:preferred_sequence_p:VOID,ADDR(1)
5167840:get_keymap:ADDR(5647.3),ADDR(1),INT(0),INT(0)
5168768:get_keyelt:VOID,ADDR(1),INT(0)
5169680:access_keymap_1:VOID,ADDR(1),ADDR(0.75),INT(0),INT(0),INT(0)
5171184:map_keymap_internal:VOID,ADDR(1),INT(0),ADDR(1),ADDR(0.9)
5173584:Flookup_key:VOID,ADDR(1),ADDR(1),ADDR(1)
5174224:map_keymap:VOID,ADDR(1),INT(0),ADDR(1),ADDR(0.94),INT(0)
5175296:where_is_internal:VOID,ADDR(1),ADDR(1),INT(0),INT(0)
5176112:current_minor_maps:VOID,INT(0),ADDR(1)
5176864:Fcurrent_active_maps:VOID,ADDR(1),ADDR(1)
5178320:Fcommand_remapping.part.6:VOID,ADDR(1),ADDR(1),ADDR(1)
5178464:shadow_lookup:VOID,ADDR(1),ADDR(1),ADDR(1),INT(0)
5178688:Fwhere_is_internal:VOID,ADDR(1),ADDR(1),ADDR(1),ADDR(1),ADDR(1)
5180192:push_key_description:VOID,INT(0),ADDR(1)
5180816:Fsingle_key_description:VOID,INT(0),ADDR(1)
5181504:Fkey_description:VOID,ADDR(1),ADDR(1)
5198352:emacs_open:INT(0),ADDR(1),INT(0),INT(0)
5206048:Fbuffer_live_p:ADDR(2.5),ADDR(1)
5206208:Fcurrent_buffer:ADDR(64.98)
5206992:CHECK_OVERLAY:VOID,ADDR(1)
5209744:modify_overlay:VOID,ADDR(1),INT(0),INT(0)
5210656:record_buffer_markers:VOID,ADDR(1)
5210800:fetch_buffer_markers:VOID,ADDR(1)
5210944:Ferase_buffer:VOID,
5213504:Fget_buffer:ADDR(2.92),ADDR(1)
5221584:set_buffer_internal_1:VOID,ADDR(1)
5221824:Fset_buffer:ADDR(2.36),ADDR(1)
5225728:set_buffer_temp:VOID,ADDR(1)
5226128:overlays_at:INT(0),INT(0),INT(0),ADDR(1),ADDR(1),ADDR(0.16),INT(0)
5227248:Fnext_overlay_change:VOID,INT(0)
5228496:sort_overlays:INT(0),ADDR(1),INT(0),ADDR(0.16)
5231360:recenter_overlay_lists:VOID,ADDR(1),INT(0)
5234240:adjust_overlays_for_insert:VOID,INT(0),INT(0)
5235696:report_overlay_modification:VOID,INT(0),INT(0),INT(0),INT(0),INT(0),ADDR(0.5)
5237088:evaporate_overlays:VOID,INT(0)
5249184:adjust_markers_for_insert:VOID,INT(0),INT(0),INT(0),INT(0)
5249440:adjust_markers_for_delete:VOID,INT(0),INT(0),INT(0),INT(0)
5250128:copy_text:INT(0),ADDR(1),ADDR(1),INT(0),INT(0),INT(0)
5251904:del_range_2:ADDR(2.2),INT(0),INT(0),INT(0),INT(0),INT(0)
5252448:prepare_to_modify_buffer_1:VOID,INT(0),INT(0),ADDR(0.96)
5254016:invalidate_buffer_caches:VOID,ADDR(1),INT(0),INT(0)
5254352:insert_from_gap:VOID,INT(0),INT(0),INT(0)
5256096:signal_after_change:VOID,INT(0),INT(0),INT(0)
5261904:CHECK_MARKER:VOID,ADDR(1)
5261952:Fmarker_buffer:ADDR(1.84),ADDR(1)
5262144:live_buffer:ADDR(4.84),ADDR(1)
5262288:buf_charpos_to_bytepos:INT(0),ADDR(1),INT(0)
5264096:buf_bytepos_to_charpos:INT(0),ADDR(1),INT(0)
5265904:unchain_marker:VOID,ADDR(1)
5266032:set_marker_both:VOID,ADDR(1),ADDR(1),INT(0),INT(0)
5267664:marker_position:INT(0),ADDR(1)
5267696:marker_byte_position:INT(0),ADDR(1)
5281584:Ffind_file_name_handler:ADDR(45.72),ADDR(1),ADDR(1)
5285904:file_name_as_directory.isra.11.part.12:INT(0),ADDR(1),ADDR(1),INT(0)
5286432:Fexpand_file_name:ADDR(8.32),ADDR(1),ADDR(1)
5339152:buffer_display_table:VOID,
5344032:invalidate_current_column:VOID,
5370352:compile_pattern:ADDR(700.08),ADDR(1),INT(0),ADDR(1),INT(0),INT(0)
5379696:fast_string_match:INT(0),ADDR(1),ADDR(1)
5379888:fast_string_match_ignore_case:INT(0),ADDR(1),ADDR(1)
5379984:fast_looking_at:VOID,ADDR(1),INT(0),INT(0),INT(0),INT(0),INT(1)
5384896:skip_one_char:ADDR(41.74),ADDR(1)
5385024:analyse_first:INT(0),ADDR(1),ADDR(1),ADDR(1),INT(0)
5386240:re_match_2_internal:INT(0),ADDR(1),INT(0),INT(0),ADDR(1),INT(0),INT(0)
5412464:re_set_syntax:INT(0),INT(0)
5412480:re_set_whitespace_regexp:VOID,INT(0)
5412976:re_iswctype:ADDR(8.82),INT(0),INT(0)
5414672:re_compile_fastmap:VOID,ADDR(1)
5414912:re_set_registers:VOID,ADDR(1),ADDR(1),INT(0),ADDR(1),ADDR(1)
5414976:re_search_2:INT(0),ADDR(1),INT(0),INT(0),ADDR(1),INT(0),INT(0)
5418000:re_search:INT(0),ADDR(1),ADDR(1),INT(0),INT(0),INT(0),INT(0)
5418720:re_compile_pattern:INT(0),ADDR(1),INT(0),ADDR(1)
5439120:record_insert:VOID,INT(0),INT(0)
5439344:record_delete:VOID,
5441104:mem_rotate_left:VOID,ADDR(1)
5441216:mem_rotate_right:VOID,ADDR(1)
5441440:xfree:VOID,ADDR(0.464455)
5441472:mem_delete:VOID,ADDR(0.429185)
5442112:vector_nbytes:INT(0),ADDR(1)
5442608:cleanup_vector:VOID,ADDR(1)
5442688:mem_find:ADDR(60.84),ADDR(0.84)
5442784:lisp_align_free:VOID,ADDR(1)
5443040:live_cons_p.isra.14.part.15:ADDR(2.36),ADDR(1),ADDR(1)
5443120:live_symbol_p.isra.16.part.17:INT(0),ADDR(1),ADDR(1)
5443424:live_vector_p.isra.23:INT(0),ADDR(1),INT(0),ADDR(1)
5443744:free_cons:VOID,ADDR(1)
5443792:make_byte_code:VOID,ADDR(1)
5444256:xmalloc:ADDR(539.52),INT(0)
5444496:record_xmalloc:ADDR(8.56),INT(0)
5444528:mem_insert:VOID,ADDR(1),ADDR(1),INT(0)
5445440:xrealloc:ADDR(20.94),ADDR(1),INT(0)
5445824:lisp_malloc:ADDR(18.66),INT(0),INT(0)
5445920:make_interval:VOID,
5446176:allocate_string_data:VOID,ADDR(1),INT(0),INT(0)
5446592:make_uninit_multibyte_string:ADDR(657.82),INT(0),INT(0)
5446864:make_multibyte_string:ADDR(5.16),ADDR(1),INT(0),INT(0)
5447056:make_specified_string:ADDR(29.56),ADDR(1),INT(0),INT(0),INT(0)
5447264:make_uninit_string.part.25:ADDR(542.52),INT(0)
5447328:make_uninit_string:ADDR(0.0361446),INT(0)
5447360:make_unibyte_string:ADDR(73.14),INT(0),INT(0)
5447424:make_string:ADDR(64.64),INT(0),INT(0)
5448352:allocate_vectorlike.part.26:ADDR(195.88),INT(0)
5448832:allocate_pseudovector:ADDR(19.36),INT(0),INT(0),INT(0)
5449824:Fmake_symbol:ADDR(2.26),ADDR(1)
5450096:allocate_misc:ADDR(4.2),INT(0)
5450544:make_save_funcptr_ptr_obj:VOID,INT(0),ADDR(1),ADDR(1)
5450864:lisp_align_malloc:VOID,INT(0),INT(0)
5451360:Fcons:ADDR(871.94),ADDR(1),ADDR(1)
5451872:Flist:ADDR(16.86),INT(0),ADDR(1)
5451936:Fmake_list:ADDR(10.58),INT(0),ADDR(1)
5452224:allocate_vector:ADDR(176.52),INT(0)
5452816:Fmake_vector:ADDR(146.42),INT(0),ADDR(1)
5454224:purecopy:ADDR(1.28),ADDR(1)
5455232:mark_object:ADDR(141.314),ADDR(0.941176)
5456992:mark_vectorlike:VOID,ADDR(1)
5457088:mark_overlay:VOID,ADDR(0.12)
5457280:mark_maybe_object:ADDR(34.34),ADDR(0.82)
5465120:mark_char_table:ADDR(66.8462),ADDR(1)
5465312:survives_gc_p:INT(0),ADDR(1)
5470096:Fcar:ADDR(368.16),ADDR(1)
5470160:Fcdr:ADDR(820.44),ADDR(1)
5470224:Ffboundp:ADDR(3.34),ADDR(1)
5470384:Fsymbol_name:ADDR(30.7),ADDR(1)
5474208:store_symval_forwarding:VOID,ADDR(1),ADDR(1)
5476384:Fsetcar:ADDR(61.12),ADDR(1),ADDR(0.6)
5476464:Fsetcdr:ADDR(78.56),ADDR(1),ADDR(1)
5476576:Faref:ADDR(133.82),ADDR(1),INT(0)
5477200:Faset:VOID,ADDR(1),INT(0),ADDR(0.08)
5479088:Flocal_variable_p:ADDR(2.86),ADDR(1),ADDR(1)
5479696:do_symval_forwarding:ADDR(101.68),ADDR(1)
5479904:swap_in_symval_forwarding:VOID,ADDR(1),ADDR(1)
5480144:Fboundp:VOID,ADDR(1)
5480320:default_value:ADDR(1.78),ADDR(1)
5481488:find_symbol_value:ADDR(40.2075),ADDR(1)
5481648:Fsymbol_value:ADDR(57.54),ADDR(1)
5482288:set_internal:VOID,ADDR(1),ADDR(0.941176),ADDR(1)
5483264:Fset:ADDR(3.2),ADDR(1),ADDR(1)
5483376:Fset_default:VOID,ADDR(1),ADDR(1)
5483856:Fmake_local_variable:ADDR(3.2),ADDR(1)
5484544:indirect_function:ADDR(5157.92),ADDR(1)
5485072:Findirect_function:ADDR(5.74),ADDR(1)
5485200:arithcompare:ADDR(60.88),INT(0),INT(0),INT(0)
5501856:overlays_around:VOID,INT(0),ADDR(1),INT(0)
5502240:Fget_pos_property:VOID,INT(0),ADDR(1),ADDR(1)
5509776:update_buffer_properties:VOID,
5517904:Fwiden:VOID,
5547584:get_backtrace_frame:ADDR(1.24),INT(0),ADDR(1)
5548048:Ffunctionp:ADDR(2.46),ADDR(1)
5550096:internal_condition_case_1:ADDR(5.82),INT(0),ADDR(1),ADDR(1),INT(0)
5550720:internal_condition_case_n:VOID,INT(0),INT(0),ADDR(1),ADDR(1),INT(0)
5551040:run_hook_with_args:ADDR(2.66),INT(0),ADDR(1),INT(0)
5551664:let_shadows_buffer_binding_p:INT(0),ADDR(1)
5551920:unbind_to:ADDR(356.64),INT(0),ADDR(0.98)
5552576:apply_lambda:ADDR(3.68),ADDR(1),ADDR(1),INT(0)
5553040:eval_sub:ADDR(51.8654),ADDR(0.846154)
5555056:Fprogn:ADDR(6.07692),ADDR(1)
5556096:Ffuncall:ADDR(494.12),INT(0),ADDR(1)
5557456:call1:ADDR(33.6),ADDR(1),ADDR(1)
5560752:grow_specpdl:VOID,
5560992:record_in_backtrace:INT(0),ADDR(1),ADDR(1),INT(0)
5561056:specbind:VOID,ADDR(1),ADDR(0.82)
5566752:internal_lisp_condition_case:ADDR(2.56),ADDR(1),ADDR(1),ADDR(1)
5572640:Fplist_get:VOID,ADDR(1),ADDR(1)
5573936:CHECK_HASH_TABLE:VOID,ADDR(1)
5574768:Fnthcdr:ADDR(125.16),INT(0),ADDR(1)
5574960:Fmemq:ADDR(77.06),ADDR(1),ADDR(1)
5575152:Fassq:ADDR(349.76),ADDR(1),ADDR(1)
5575456:Frassq:ADDR(46.08),ADDR(1),ADDR(1)
5576112:Flength:INT(0),ADDR(1)
5576528:Fstring_equal:ADDR(1943.86),ADDR(1),ADDR(1)
5577504:concat:ADDR(668.06),INT(0),ADDR(1),INT(0),INT(0)
5580592:Fcopy_sequence:ADDR(498.18),ADDR(1)
5581680:Fcopy_alist:ADDR(2.92),ADDR(1)
5581888:Freverse:VOID,ADDR(1)
5582272:Fnreverse:ADDR(25.14),ADDR(1)
5582448:Fnconc:ADDR(42.58),INT(0),ADDR(1)
5582752:Fdelq:ADDR(3.3),ADDR(0.96),ADDR(1)
5582960:Fplist_put:ADDR(14.02),ADDR(1),ADDR(1),ADDR(0.98)
5583264:Fput:VOID,ADDR(1),ADDR(1),ADDR(0.98)
5584320:mapcar1:VOID,INT(0),ADDR(1),ADDR(1),ADDR(1)
5592304:sxhash.part.20:ADDR(0.58),ADDR(0.68),INT(0)
5592944:concat2:ADDR(5.04),ADDR(1),ADDR(1)
5592992:concat3:ADDR(15.92),ADDR(1),ADDR(1),ADDR(1)
5593056:string_char_to_byte:INT(0),ADDR(1),INT(0)
5593360:Fcompare_strings:ADDR(1.28),ADDR(1),ADDR(0.54),ADDR(1),ADDR(1),INT(0),ADDR(0.46)
5594608:Fsubstring:ADDR(1.12698),ADDR(1),INT(0),INT(0)
5597680:string_byte_to_char:INT(0),ADDR(1),INT(0)
5597984:string_to_multibyte:ADDR(4.58),ADDR(1)
5599056:assq_no_quit:ADDR(194.58),ADDR(1),ADDR(1)
5599504:nconc2:ADDR(39.08),ADDR(1),ADDR(1)
5599696:larger_vector:VOID,ADDR(1),INT(0),INT(0)
5601792:hash_lookup:INT(0),ADDR(1),ADDR(1),INT(0)
5602064:Fgethash:ADDR(89.96),ADDR(1),ADDR(1),ADDR(1)
5602144:hash_put:VOID,ADDR(1),ADDR(1),ADDR(1),INT(0)
5602992:internal_equal:INT(0),ADDR(1),ADDR(1),INT(0),INT(0),ADDR(1)
5604528:Fequal:ADDR(357.16),ADDR(1),ADDR(1)
5604576:Fmember:ADDR(8),ADDR(1),ADDR(1)
5604864:Fassoc:ADDR(3),ADDR(1),ADDR(1)
5605344:Frassoc:ADDR(16.28),ADDR(1),ADDR(1)
5608160:Fputhash:VOID,ADDR(1),ADDR(1),ADDR(1)
5608448:hash_string:ADDR(0.98),ADDR(1),INT(0)
5611696:font_prop_validate:ADDR(4.22),INT(0),ADDR(1),ADDR(1)
5617952:font_intern_prop:ADDR(1.9),ADDR(1),INT(0),INT(0)
5618432:font_style_to_value:INT(0),INT(0),ADDR(0.52)
5619824:font_style_symbolic:ADDR(50.28),ADDR(1),INT(0)
5620352:find_font_encoding:ADDR(15.98),ADDR(1)
5621232:font_put_extra:VOID,ADDR(1),ADDR(1),ADDR(1)
5627904:Ffont_spec:ADDR(15.96),INT(0),ADDR(0.58)
5628448:font_unparse_xlfd:INT(0),ADDR(1),INT(0),ADDR(1),INT(0)
5630464:Ffont_xlfd_name:ADDR(16.16),ADDR(1),ADDR(1)
5631744:font_parse_family_registry:VOID,ADDR(1),ADDR(1),ADDR(1)
5636768:font_get_frame_data:VOID,ADDR(1),ADDR(1)
5638288:copy_font_spec:ADDR(2.34),ADDR(1)
5638576:font_clear_prop:VOID,ADDR(1),INT(0)
5677856:unreadchar:VOID,ADDR(1),INT(0)
5678864:readchar:INT(0),ADDR(1),INT(0)
5682704:read_escape:VOID,ADDR(1),INT(0)
5685520:openp:INT(0),ADDR(1),ADDR(1),ADDR(1),ADDR(0.96),ADDR(0.98),INT(0)
5687456:string_to_number:ADDR(5.24),ADDR(1),INT(0),INT(0)
5688640:check_obarray:ADDR(69.96),ADDR(1)
5688736:oblookup:ADDR(32.66),ADDR(1),ADDR(1),INT(0),INT(0)
5688960:Fintern:ADDR(31.82),ADDR(1),ADDR(1)
5689232:intern_1:ADDR(1.16),ADDR(0.98),INT(0)
5689856:read1:ADDR(13.7),ADDR(1),ADDR(1),INT(0)
5695184:read0:ADDR(1.04),ADDR(1)
5695728:read_list:ADDR(2.76),INT(0),ADDR(1)
5722432:SETUP_SYNTAX_TABLE_FOR_OBJECT:VOID,ADDR(1),INT(0),INT(0)
5769936:exec_byte_code:ADDR(222.608),ADDR(1),ADDR(1),INT(0),ADDR(0.27451),INT(0),ADDR(0.72549)
5832800:getenv_internal_1:INT(0),ADDR(1),INT(0),ADDR(1),ADDR(1),ADDR(1)
5833248:getenv_internal:INT(0),ADDR(1),INT(0),ADDR(1),ADDR(1),ADDR(1)
5834208:egetenv:ADDR(0.96),ADDR(1)
5842256:find_cache_boundary:INT(0),ADDR(1),INT(0)
5843520:revalidate_region_cache.isra.1:VOID,ADDR(1),ADDR(1)
5854304:balance_an_interval:VOID,ADDR(1)
5855008:balance_possible_root_interval:VOID,ADDR(1)
5856896:copy_properties:VOID,ADDR(1),ADDR(1)
5857136:intervals_equal:VOID,ADDR(0.96),ADDR(1)
5857760:balance_intervals:INT(0),INT(0)
5858112:find_interval:ADDR(95.88),INT(0),INT(0)
5858320:next_interval:VOID,ADDR(1)
5860832:lookup_char_property:VOID,ADDR(1),ADDR(1),INT(0)
5861168:offset_intervals:VOID,ADDR(1),INT(0),INT(0)
5867248:get_property_and_range:INT(0),INT(0),ADDR(1),ADDR(1),ADDR(1),ADDR(1),ADDR(1)
5867824:get_local_map:VOID,INT(0),ADDR(1),ADDR(1)
5869568:CHECK_STRING_OR_BUFFER:VOID,ADDR(1)
5872224:interval_has_all_properties.isra.5:VOID,ADDR(1),ADDR(1)
5872496:validate_interval_range:INT(0),ADDR(1),ADDR(1),ADDR(1),INT(0)
5873344:Ftext_properties_at:ADDR(119.84),INT(0),ADDR(1)
5873552:Fnext_property_change:INT(0),INT(0),ADDR(1),INT(0)
5874336:Fnext_single_property_change:VOID,INT(0),ADDR(1),ADDR(1),INT(0)
5880928:get_char_property_and_overlay:VOID,INT(0),ADDR(1),ADDR(1),ADDR(0.16)
5881792:Fnext_single_char_property_change:VOID,INT(0),ADDR(1),ADDR(1),ADDR(0.3)
5884560:text_property_stickiness:VOID,ADDR(1),INT(0),ADDR(1)
5885024:copy_text_properties:VOID,INT(0),INT(0),ADDR(1),INT(0),ADDR(1),ADDR(1)
5897952:find_composition:INT(0),INT(0),INT(0),ADDR(1),ADDR(1),ADDR(1),ADDR(1)
5900384:update_compositions:VOID,INT(0),INT(0)
5904448:composition_compute_stop_pos:VOID,ADDR(1),INT(0),INT(0),INT(0),ADDR(1)
5946928:xftfont_get_colors.isra.1:VOID,ADDR(1),ADDR(1),ADDR(1),ADDR(0.82),ADDR(1),ADDR(0.74)
5952480:make_fontset:ADDR(1.42),ADDR(1),ADDR(1),ADDR(1)
5957408:fontset_add:VOID,ADDR(1),ADDR(1),ADDR(1),ADDR(1)
5958320:free_realized_fontsets:VOID,ADDR(1)
5958672:face_for_char:VOID,ADDR(1),ADDR(1),INT(0)
5960272:make_fontset_for_ascii_face:INT(0),ADDR(1),INT(0)
5960384:fs_query_fontset:INT(0),ADDR(1),INT(0)
5960864:check_fontset_name:ADDR(15.94),ADDR(1),ADDR(1)
5961056:Fset_fontset_font:VOID,ADDR(1),ADDR(1),ADDR(1),ADDR(1),ADDR(1)
5968880:draw_fringe_bitmap_1:VOID,ADDR(1),ADDR(1),INT(0),INT(0),INT(0)
5987696:lookup_rgb_color:VOID,ADDR(1),INT(0),INT(0),INT(0)
5989616:image_spec_value:VOID,ADDR(1),ADDR(1),ADDR(0.1)
5996240:xpm_cache_color.isra.19:VOID,ADDR(1),ADDR(1),INT(0)
6000240:valid_image_p:VOID,ADDR(1)
6024512:c_strcasecmp:INT(0),ADDR(1),ADDR(1)
6065264:gettime:VOID,ADDR(1)
140737014280000:__hypot_finite:VOID,
140736995770560:gtk_gradient_new_radial:ADDR(1.76)
140736995770720:gtk_gradient_add_color_stop:VOID,ADDR(1),ADDR(1)
140736995797504:gtk_icon_source_copy:VOID,ADDR(1)
140736995798048:gtk_icon_set_ref:VOID,ADDR(1)
140736995798592:gtk_icon_set_unref:VOID,ADDR(1)
140736995798848:gtk_icon_factory_get_type:VOID,
140736995799104:gtk_icon_factory_add:VOID,ADDR(1),ADDR(1),ADDR(1)
140736995801504:gtk_icon_set_new:VOID,
140736995802000:gtk_icon_set_add_source:VOID,ADDR(1),ADDR(1)
140736995854480:gtk_widget_get_default_style:ADDR(44.36)
140736995854912:gtk_widget_ensure_style:VOID,ADDR(1)
140736995857984:gtk_symbolic_color_ref:ADDR(3.52),ADDR(1)
140736995858048:gtk_symbolic_color_unref:VOID,ADDR(1)
140736995858128:gtk_symbolic_color_get_type:ADDR(2.18)
140736995872624:gtk_tearoff_menu_item_get_type:VOID,
140736995934768:gtk_accelerator_get_default_mod_mask:INT(0)
140736995935984:gtk_accel_label_get_type:VOID,
140736995936704:gtk_accel_label_set_accel_closure:VOID,ADDR(1),INT(0)
140736995937232:gtk_accel_label_set_accel_widget:VOID,ADDR(0.214133),ADDR(0.214133)
140736995947072:gtk_accessible_get_type:ADDR(3.62)
140736995952272:gtk_adjustment_get_type:ADDR(8.32)
140736995952624:gtk_adjustment_get_value:VOID,ADDR(1)
140736995952720:gtk_adjustment_get_lower:VOID,ADDR(1)
140736995952976:gtk_adjustment_get_upper:VOID,ADDR(1)
140736995953744:gtk_adjustment_get_page_size:VOID,ADDR(1)
140736996024320:gtk_bin_get_type:ADDR(153.12)
140736996024496:gtk_bin_get_child:VOID,ADDR(1)
140736996026080:gtk_identifier_get_type:ADDR(1.32)
140736996029968:gtk_binding_entry_add_signal:VOID,ADDR(1),INT(0),INT(0),ADDR(1),INT(0),ADDR(0.76)
140736996036592:gtk_border_get_type:ADDR(1.52)
140736996047408:gtk_box_get_type:VOID,
140736996098192:gtk_button_get_type:ADDR(1.78)
140736996237840:gtk_check_menu_item_get_type:VOID,
140736996310784:gtk_container_get_type:ADDR(855.82)
140736996319760:gtk_container_get_border_width:VOID,ADDR(1)
140736996320688:gtk_container_set_resize_mode:VOID,ADDR(1),INT(0)
140736996321136:gtk_container_get_resize_mode:INT(0),ADDR(1)
140736996323680:gtk_container_get_focus_child:VOID,ADDR(1)
140736996324464:gtk_container_get_children:VOID,ADDR(1)
140736996328192:gtk_container_propagate_draw:VOID,ADDR(1),ADDR(1),ADDR(1)
140736996410000:gtk_css_section_ref:ADDR(116.82),ADDR(1)
140736996410064:gtk_css_section_unref:VOID,ADDR(1)
140736996410736:gtk_css_section_get_section_type:INT(0),ADDR(1)
140736996410800:gtk_css_section_get_parent:ADDR(58.32),ADDR(1)
140736996797120:gtk_image_get_type:VOID,
140736996846544:gtk_label_get_type:VOID,
140736996924048:gtk_get_debug_flags:INT(0)
140736996925536:gtk_grab_remove:VOID,ADDR(1)
140736996926560:gtk_get_event_widget:VOID,ADDR(1)
140736996995952:gtk_menu_get_type:ADDR(20.18)
140736997004304:gtk_menu_get_tearoff_state:VOID,ADDR(1)
140736997028928:gtk_menu_item_get_type:ADDR(179.9)
140736997038880:gtk_menu_shell_get_type:ADDR(17.22)
140736997063168:gtk_misc_get_type:ADDR(22.64)
140736997064512:gtk_misc_get_padding:VOID,ADDR(1),ADDR(1),ADDR(0.88)
140736997142528:gtk_orientable_get_type:ADDR(5.22)
140736997142688:gtk_orientable_get_orientation:INT(0),ADDR(1)
140736997260080:gtk_radio_menu_item_get_type:VOID,
140736997417600:gtk_separator_menu_item_get_type:VOID,
140736997428272:gtk_settings_get_for_screen:ADDR(27.94),ADDR(1)
140736997446144:gtk_widget_get_request_mode:INT(0),ADDR(1)
140736997446320:gtk_widget_get_preferred_height:VOID,ADDR(1),ADDR(1),ADDR(1)
140736997449072:gtk_widget_get_preferred_width:VOID,ADDR(1),ADDR(1),ADDR(1)
140736997449232:gtk_widget_get_preferred_width_for_height:VOID,ADDR(1),INT(0),ADDR(0.84),ADDR(0.9)
140736997449616:gtk_widget_get_preferred_height_and_baseline_for_width:VOID,ADDR(1),INT(0),ADDR(1),ADDR(1),ADDR(0.34),ADDR(0.34)
140736997504064:gtk_style_context_get_type:ADDR(813.08)
140736997506208:gtk_style_context_get_state:VOID,ADDR(1)
140736997506608:gtk_style_context_save:VOID,ADDR(1)
140736997506752:gtk_style_context_restore:VOID,ADDR(1)
140736997507104:gtk_style_context_list_classes:ADDR(259.92),ADDR(1)
140736997512496:gtk_style_context_set_screen:VOID,ADDR(1),ADDR(1)
140736997513008:gtk_style_context_set_state:VOID,ADDR(1),INT(0)
140736997513616:gtk_style_context_get_valist:VOID,ADDR(1),INT(0),ADDR(1)
140736997514304:gtk_style_context_get:VOID,ADDR(1),INT(0),ADDR(1),ADDR(1),ADDR(0.38),ADDR(0.56)
140736997515984:gtk_style_context_get_style_valist:VOID,ADDR(1),ADDR(1)
140736997516912:gtk_style_context_get_style:VOID,ADDR(1),ADDR(1),ADDR(1),ADDR(0.5),ADDR(1),ADDR(0.3)
140736997517328:gtk_style_context_set_scale:VOID,ADDR(0.106383),INT(0)
140736997517472:gtk_style_context_add_class:VOID,ADDR(1),ADDR(1)
140736997518640:gtk_style_context_set_parent:VOID,ADDR(0.104167),ADDR(0.103125)
140736997520064:gtk_style_context_get_background_color:VOID,ADDR(1),INT(0),ADDR(1)
140736997520768:gtk_style_context_get_border:VOID,ADDR(1),INT(0),ADDR(1)
140736997521056:gtk_style_context_get_padding:VOID,ADDR(1),INT(0),ADDR(1)
140736997537504:gtk_style_provider_get_type:ADDR(13.4)
140736997537744:gtk_style_provider_get_style_property:INT(0),ADDR(1),ADDR(1),INT(0),ADDR(1),ADDR(1)
140736997799552:gtk_theming_engine_get_type:ADDR(34.5)
140736997833904:gtk_toolbar_get_type:VOID,
140736997851488:gtk_tool_item_get_type:VOID,
140736997853408:gtk_tool_item_get_homogeneous:VOID,ADDR(1)
140736997853504:gtk_tool_item_get_is_important:VOID,ADDR(1)
140736997854576:gtk_tool_item_get_visible_horizontal:VOID,ADDR(1)
140736997887072:gtk_tooltip_get_type:ADDR(6.12)
140736997888128:gtk_tooltip_set_custom:VOID,ADDR(1),ADDR(0.02)
140736997888544:gtk_tooltip_set_tip_area:VOID,ADDR(1),INT(0)
140736998137008:gtk_widget_get_type:ADDR(4282.58)
140736998139616:gtk_widget_list_accel_closures:VOID,ADDR(1)
140736998141360:gtk_widget_has_focus:INT(0),ADDR(1)
140736998141904:gtk_widget_has_grab:INT(0),ADDR(1)
140736998142320:gtk_widget_get_state_flags:INT(0),ADDR(1)
140736998142464:gtk_widget_get_state:INT(0),ADDR(1)
140736998142656:gtk_widget_get_visible:INT(0),ADDR(1)
140736998142896:gtk_widget_set_has_window:VOID,ADDR(1),INT(0)
140736998143024:gtk_widget_get_has_window:INT(0),ADDR(1)
140736998143664:gtk_widget_is_toplevel:INT(0),ADDR(1)
140736998143792:gtk_widget_get_realized:INT(0),ADDR(1)
140736998144128:gtk_widget_translate_coordinates:VOID,ADDR(1),ADDR(1),INT(0),INT(0),ADDR(1),ADDR(1)
140736998146368:gtk_widget_set_realized:VOID,ADDR(1),INT(0)
140736998146496:gtk_widget_get_mapped:INT(0),ADDR(1)
140736998146880:gtk_widget_queue_draw_region:VOID,ADDR(1),ADDR(1)
140736998147056:gtk_widget_queue_draw_area:VOID,ADDR(1),INT(0),INT(0),INT(0),INT(0)
140736998147232:gtk_widget_is_drawable:INT(0),ADDR(1)
140736998147344:gtk_widget_set_mapped:VOID,ADDR(1),INT(0)
140736998148048:gtk_widget_set_redraw_on_allocate:VOID,ADDR(1),INT(0)
140736998148272:gtk_widget_is_sensitive:VOID,ADDR(1)
140736998148784:gtk_widget_get_parent:ADDR(501.52),ADDR(1)
140736998149008:gtk_widget_set_parent_window:VOID,ADDR(1),INT(0)
140736998149328:gtk_widget_get_parent_window:VOID,ADDR(1)
140736998150368:gtk_widget_get_child_visible:VOID,ADDR(1)
140736998151600:gtk_widget_get_toplevel:ADDR(219.06),ADDR(1)
140736998151856:gtk_widget_get_screen:ADDR(86.66),ADDR(1)
140736998152512:gtk_widget_has_screen:VOID,ADDR(1)
140736998153344:gtk_widget_is_focus:INT(0),ADDR(1)
140736998156704:gtk_widget_get_direction:INT(0),ADDR(1)
140736998160640:gtk_requisition_get_type:ADDR(1.44)
140736998178848:gtk_widget_get_no_show_all:VOID,ADDR(1)
140736998180176:gtk_widget_get_allocation:VOID,ADDR(1),ADDR(1)
140736998180320:gtk_widget_queue_draw:VOID,ADDR(1)
140736998185184:gtk_widget_set_allocation:VOID,ADDR(1),ADDR(1)
140736998185360:gtk_widget_get_allocated_width:VOID,ADDR(1)
140736998185456:gtk_widget_get_allocated_height:VOID,ADDR(1)
140736998185552:gtk_widget_get_allocated_baseline:VOID,ADDR(1)
140736998187328:gtk_widget_get_window:ADDR(25.76),ADDR(1)
140736998188912:gtk_widget_get_frame_clock:INT(0),ADDR(1)
140736998193248:gtk_widget_realize:VOID,ADDR(1)
140736998197600:gtk_widget_path_append_for_widget:VOID,ADDR(1),ADDR(1)
140736998197888:gtk_widget_get_path:VOID,ADDR(1)
140736998198272:gtk_widget_get_style_context:ADDR(155.06),ADDR(1)
140736998203088:gtk_widget_unset_state_flags:VOID,ADDR(1),INT(0)
140736998205056:gtk_widget_style_get_valist:VOID,ADDR(1),ADDR(1),ADDR(1)
140736998205776:gtk_widget_style_get:VOID,ADDR(1),ADDR(1),ADDR(1),ADDR(0.76),ADDR(0.96),ADDR(0.56)
140736998207104:gtk_widget_unparent:VOID,ADDR(1)
140736998208432:gtk_widget_set_parent:VOID,ADDR(1),ADDR(1)
140736998212576:gtk_widget_path_ref:VOID,ADDR(1)
140736998212880:gtk_widget_path_unref:VOID,ADDR(1)
140736998213200:gtk_widget_path_new:ADDR(59.68)
140736998213248:gtk_widget_path_copy:ADDR(39.56),ADDR(1)
140736998213456:gtk_widget_path_length:INT(0),ADDR(1)
140736998214560:gtk_widget_path_append_type:INT(0),ADDR(1),ADDR(1)
140736998214704:gtk_widget_path_append_with_siblings:VOID,ADDR(1),ADDR(1),INT(0)
140736998214976:gtk_widget_path_iter_get_siblings:ADDR(530.76),ADDR(1),INT(0)
140736998215120:gtk_widget_path_iter_get_sibling_index:INT(0),ADDR(1),INT(0)
140736998215264:gtk_widget_path_iter_get_object_type:ADDR(2187),ADDR(1),INT(0)
140736998215664:gtk_widget_path_iter_set_name:VOID,ADDR(1),INT(0),ADDR(1)
140736998216176:gtk_widget_path_iter_add_class:VOID,ADDR(1),INT(0),ADDR(1)
140736998218128:gtk_widget_path_iter_list_regions:INT(0),ADDR(1),INT(0)
140736998218816:gtk_widget_path_get_object_type:ADDR(124.02),ADDR(1)
140736998234880:gtk_window_get_type:ADDR(401.5)
140736998244176:gtk_window_get_focus:VOID,ADDR(1)
140736998245008:gtk_window_set_attached_to:VOID,ADDR(1),ADDR(0.45098)
140736998245232:gtk_window_get_attached_to:ADDR(39.26),ADDR(1)
140736998252880:gtk_window_resize_grip_is_visible:VOID,ADDR(1)
140736998271072:gtk_window_group_get_type:VOID,
140736998273024:gtk_window_group_get_current_grab:VOID,ADDR(1)
140736998273440:gtk_window_group_get_current_device_grab:VOID,ADDR(1),ADDR(1)
140737007152736:gdk_threads_enter:VOID,
140737007152768:gdk_threads_leave:VOID,
140737007162352:gdk_device_get_type:ADDR(39.12)
140737007163856:gdk_device_get_source:INT(0),ADDR(1)
140737007165952:gdk_device_get_device_type:VOID,ADDR(1)
140737007168368:gdk_device_get_n_axes:VOID,ADDR(1)
140737007173024:gdk_device_manager_get_type:ADDR(5.56)
140737007173168:gdk_device_manager_get_display:ADDR(4.08),ADDR(1)
140737007175424:gdk_display_get_type:ADDR(171.54)
140737007175712:gdk_display_is_closed:INT(0),ADDR(1)
140737007179568:gdk_display_get_device_manager:ADDR(2.22),ADDR(1)
140737007184688:gdk_display_manager_get:ADDR(144.12)
140737007189984:gdk_event_new:ADDR(15.38),INT(0)
140737007191088:gdk_event_get_time:VOID,ADDR(0.96)
140737007191152:gdk_event_get_state:VOID,ADDR(0.96),ADDR(1)
140737007191312:gdk_event_get_coords:VOID,ADDR(1),ADDR(1),ADDR(1)
140737007191696:gdk_event_get_root_coords:VOID,ADDR(1),ADDR(1),ADDR(1)
140737007192608:gdk_event_set_device:VOID,ADDR(1),ADDR(1)
140737007192784:gdk_event_get_device:VOID,ADDR(1)
140737007193056:gdk_event_set_source_device:VOID,ADDR(1),ADDR(1)
140737007193200:gdk_event_get_source_device:VOID,ADDR(1)
140737007194000:gdk_event_set_screen:VOID,ADDR(1),ADDR(1)
140737007194160:gdk_event_get_event_sequence:VOID,ADDR(1)
140737007198912:gdk_keyval_convert_case:VOID,INT(0),ADDR(1),INT(0)
140737007203824:gdk_frame_clock_get_type:ADDR(16.54)
140737007205200:gdk_frame_clock_get_frame_counter:VOID,ADDR(1)
140737007205600:gdk_frame_clock_get_timings:VOID,ADDR(1),INT(0)
140737007206352:gdk_frame_clock_get_refresh_info:VOID,ADDR(1),INT(0),ADDR(1),ADDR(1)
140737007215536:gdk_screen_get_type:ADDR(206.24)
140737007222384:gdk_visual_get_type:ADDR(24.26)
140737007223808:gdk_visual_get_screen:ADDR(23.34),ADDR(1)
140737007228000:gdk_window_get_type:ADDR(163.2)
140737007230704:gdk_window_get_toplevel:ADDR(12.62),ADDR(1)
140737007231744:gdk_window_is_viewable:INT(0),ADDR(1)
140737007237792:gdk_window_coords_from_parent:VOID,ADDR(1),ADDR(1),ADDR(1)
140737007260160:gdk_window_get_frame_clock:ADDR(5.54),ADDR(1)
140737007315728:gdk_x11_lookup_xdisplay:VOID,ADDR(1)
140737007373040:gdk_x11_visual_get_type:ADDR(2.4)
