4216716:wincursor:2:0:2,
4217908:fillrect:4:0:1,2,3,4,
4219277:winrepaint:0:0:
4221641:onmouse:5:0:1,2,3,4,5,
4225337:fz_mini:2:0:1,2,
4225381:createximage:6:0:4,5,6,
4227452:next_pool_image:0:0:
4238837:pdfapp_viewctm:2:0:
4238948:pdfapp_panview:0:0:
4242491:pdfapp_runpage:0:0:
4246539:pdfapp_inverthit:0:0:
4252918:pdfapp_onmouse:6:0:2,3,4,5,6,
4260328:fz_drop_buffer:2:0:
4263820:fz_keep_colorspace:2:0:
4263857:fz_drop_colorspace:2:0:
4266681:fz_device_gray:1:0:
4266703:fz_device_rgb:1:0:
4267419:fz_colorspace_is_indexed:2:0:
4275532:fz_lookup_color_converter:4:0:
4276022:fz_convert_color:5:0:
4278604:fz_lock:0:0:
4278671:fz_unlock:0:0:
4278830:fz_drop_imp:0:0:
4281485:fz_new_device:2:0:2,
4281522:fz_drop_device:2:0:
4281701:fz_begin_page:0:0:
4281766:fz_end_page:0:0:
4282950:fz_fill_path:7:1:4,
4283198:fz_clip_path:6:0:5,
4284246:fz_fill_text:7:1:
4285555:fz_pop_clip:2:0:
4289414:fz_register_document_handler:2:0:
4289616:fz_tolower:1:0:1,
4289648:fz_strcasecmp:2:0:
4290356:fz_drop_document:0:0:
4290443:fz_ensure_layout:0:0:
4291504:fz_first_annot:2:0:
4293011:fz_drop_page:0:0:
4293577:fz_is_empty_irect:1:0:
4293847:push_stack:2:0:
4299897:draw_glyph:6:0:4,5,
4325622:fz_absi:1:0:1,
4325642:fz_clamp:3:3:
4325744:fz_is_empty_irect:0:0:
4325801:fz_is_infinite_irect:1:0:
4325858:fz_idiv:2:0:1,2,
4326144:fz_aa_level:1:0:
4327012:fz_reset_gel:3:0:
4327397:fz_bound_gel:3:0:
4327770:clip_lerp_x:6:0:1,2,3,4,5,6,
4328059:fz_insert_gel_raw:6:0:3,4,5,6,
4328644:fz_insert_gel:6:4:
4329841:fz_insert_gel_rect:6:4:
4330765:fz_sort_gel:2:0:
4331323:fz_is_rect_gel:2:0:
4331476:sort_active:0:0:
4331826:insert_active:0:0:
4332406:advance_active:0:0:
4332682:add_span_aa:0:0:
4333219:non_zero_winding_aa:0:0:
4333695:undelta_aa:4:0:4,
4333783:blit_aa:6:0:2,3,5,
4333954:fz_scan_convert_aa:0:0:
4336773:fz_scan_convert:0:0:
4336951:fz_lock:2:0:2,
4337018:fz_unlock:2:0:2,
4337085:fz_glyph_size:2:0:
4337233:drop_glyph_cache_entry:2:0:
4337583:do_purge:0:0:
4337970:fz_subpixel_adjust:5:0:
4338852:do_hash:2:0:2,
4338963:move_to_front:2:0:
4339144:fz_render_glyph:6:0:3,
4347877:isbigendian:0:0:
4349242:fz_paint_span_with_color_4:4:0:3,
4350479:fz_paint_span_with_color:5:0:3,4,
4357469:fz_paint_glyph_solid_N:6:0:2,3,6,
4358647:fz_paint_glyph_solid:6:0:2,3,6,
4358863:fz_paint_glyph:6:0:5,6,
4359250:line:7:4:
4361700:flatten_moveto:4:2:
4363413:fz_flatten_fill_path:5:1:
4393781:fz_drop_scale_cache:0:0:
4393850:fz_new_scale_cache:0:0:
4393886:fz_var_imp:1:0:
4393896:fz_flush_warnings:1:0:
4394534:fz_push_try:1:0:
4395830:fz_lock:2:0:2,
4395897:fz_unlock:2:0:2,
4395964:fz_keep_imp:3:0:
4396056:fz_drop_imp:3:0:
4396280:fz_is_empty_rect:1:0:
4396357:fz_is_infinite_rect:1:0:
4397073:fz_keep_font:2:0:
4397473:fz_drop_font:2:0:
4400743:fz_adjust_ft_glyph_width:4:0:3,
4401129:glyph_from_ft_bitmap:4:0:2,3,
4401601:do_ft_render_glyph:5:0:3,5,
4403448:fz_render_ft_glyph:5:0:3,5,
4406329:fz_bound_ft_glyph:4:0:3,
4413891:fz_bound_glyph:5:0:3,
4414323:fz_glyph_cacheable:3:0:3,
4414437:fz_advance_ft_glyph:3:0:3,
4414724:fz_advance_glyph:3:0:3,
4415042:fz_clamp:3:3:
4415106:fz_rect_min:1:0:
4415120:fz_rect_max:1:0:
4415138:fz_is_empty_rect:1:0:
4415215:fz_is_empty_irect:1:0:
4415272:fz_is_infinite_rect:1:0:
4415339:fz_is_infinite_irect:1:0:
4415396:fz_concat:3:0:
4415784:fz_scale:3:2:
4416761:fz_pre_rotate:2:1:
4417708:fz_pre_translate:3:2:
4417845:fz_invert_matrix:2:0:
4418892:fz_matrix_expansion:1:0:
4419156:fz_transform_point:2:0:
4419451:fz_transform_vector:2:0:
4419580:fz_normalize_vector:1:0:
4419734:fz_irect_from_rect:2:0:
4420542:fz_intersect_rect:2:0:
4420977:fz_intersect_irect:2:0:
4421366:fz_union_rect:2:0:
4421676:fz_translate_irect:3:0:2,3,
4422070:fz_transform_rect:2:0:
4422936:fz_expand_rect:2:1:
4423856:fz_keep_glyph:2:0:
4423893:fz_drop_glyph:2:0:
4424102:fz_glyph_bbox_no_ctx:2:0:
4425448:fz_new_glyph_from_8bpp_data:6:0:2,3,4,5,
4428868:hash:2:0:2,
4429720:do_hash_insert:0:0:
4430805:fz_hash_find:3:0:
4431193:fz_hash_insert_with_pos:0:0:
4431329:do_removal:0:0:
4431800:fz_hash_remove:0:0:
4441437:fz_drop_link:0:0:
4441551:fz_is_empty_rect:1:0:
4441628:fz_append_display_node:6:0:3,4,
4456019:fz_new_list_device:0:0:
4457217:fz_new_display_list:0:0:
4457362:fz_drop_display_list:2:0:
4457399:fz_run_display_list:6:0:
4486711:fz_lock:2:0:2,
4486778:fz_unlock:2:0:2,
4486845:do_scavenging_malloc:2:0:2,
4486998:do_scavenging_realloc:3:0:3,
4487157:fz_malloc:2:0:2,
4487251:fz_malloc_no_throw:2:0:2,
4487285:fz_malloc_array:3:0:2,3,
4487459:fz_malloc_array_no_throw:3:0:2,3,
4487577:fz_calloc:3:0:2,3,
4487936:fz_resize_array:4:0:3,4,
4488284:fz_free:2:0:
4488369:fz_strdup:0:0:
4488671:find_context:1:0:
4488887:fz_assert_lock_held:2:0:2,
4489081:fz_lock_debug_lock:2:0:2,
4489291:fz_lock_debug_unlock:2:0:2,
4491617:fz_lock:2:0:2,
4491684:fz_unlock:2:0:2,
4491751:fz_keep_imp:3:0:
4491843:fz_keep_imp8:3:0:
4491937:fz_drop_imp:3:0:
4492061:fz_drop_imp8:3:0:
4492188:fz_maxi:2:0:1,2,
4492210:fz_new_path:1:0:
4492321:fz_keep_path:2:0:
4492418:fz_drop_path:2:0:
4492552:fz_packed_path_size:1:0:
4492734:fz_pack_path:4:0:3,
4493660:push_cmd:3:0:3,
4493846:push_coord:4:2:
4494065:push_ord:4:1:3,
4494591:fz_lineto:4:2:
4497705:fz_rectto:6:4:
4497985:bound_expand:2:0:
4498145:fz_process_path:4:0:
4502264:fz_bound_path:5:0:
4508591:fz_keep_stroke_state:2:0:
4508678:fz_drop_stroke_state:2:0:
4509731:fz_drop_pixmap:2:0:
4509883:fz_new_pixmap_with_data:5:0:3,4,
4510632:fz_new_pixmap:4:0:3,4,
4510907:fz_pixmap_bbox:3:0:
4511002:fz_pixmap_bbox_no_ctx:2:0:
4511093:fz_pixmap_width:2:0:
4511114:fz_pixmap_height:2:0:
4522381:fz_pixmap_size:2:0:
4522439:fz_new_pixmap_from_8bpp_data:6:0:2,3,4,5,
4553144:fz_lock:2:0:2,
4553211:fz_unlock:2:0:2,
4553355:add_point_to_rect:2:0:
4554102:add_bbox_to_span:1:0:
4554627:free_span_soup:0:0:
4554759:add_span_to_soup:3:0:
4554938:push_span:5:1:4,
4557101:fz_drop_text_sheet:0:0:
4557229:fz_lookup_text_style_imp:6:1:4,5,
4557494:fz_lookup_text_style:7:1:
4557863:fz_drop_text_line_contents:2:0:
4557963:fz_drop_text_block:2:0:
4558202:fz_drop_text_page:0:0:
4558389:fz_new_text_span:4:0:3,
4558636:add_char_to_span:6:0:3,
4559018:fz_add_text_char_imp:7:1:4,6,
4560328:fz_add_text_char:7:1:4,6,
4561297:fz_text_extract:5:0:
4563586:fz_bidi_direction:2:0:1,2,
4563653:fz_bidi_reorder_run:4:0:2,3,4,
4563937:fz_bidi_reorder_span:1:0:
4568021:fz_lock:2:0:2,
4568088:fz_unlock:2:0:2,
4568155:fz_keep_imp:3:0:
4568247:fz_drop_imp:3:0:
4568791:fz_keep_storable:2:0:
4568832:fz_drop_storable:2:0:
4568901:evict:2:0:
4569644:touch:2:0:
4569857:fz_store_item:5:0:4,
4571317:fz_find_item:4:0:
4572316:fz_empty_store:0:0:
4573923:fz_new_stream:4:0:
4574392:fz_keep_stream:2:0:
4574432:fz_drop_stream:2:0:
4577614:fz_available:3:0:3,
4578084:fz_read_byte:2:0:
4578624:fz_read:4:0:4,
4579483:fz_read_line:4:0:4,
4579660:fz_tell:2:0:
4579710:fz_seek:4:0:3,4,
4579985:fz_stream_meta:0:0:
4580949:fz_clampd:0:0:
4581019:fz_strsep:2:0:
4581128:fz_strlcpy:3:0:3,
4583308:fz_atof:0:0:
4583499:fz_atoi:1:0:
4583539:fz_atoo:1:0:
4583579:umuldiv:3:0:
4583820:fz_strtod:0:0:
4586404:frnorm:1:0:
4586608:fpcmp:2:0:
4586903:divby:0:0:
4587292:divascii:0:0:
4587465:mulby:4:0:4,
4587695:mulascii:4:0:
4588018:fz_lock:2:0:2,
4588085:fz_unlock:2:0:2,
4588152:fz_keep_imp:3:0:
4588244:fz_drop_imp:3:0:
4588368:fz_min:2:2:
4588411:fz_max:2:2:
4588454:fz_new_text:4:0:4,
4588621:fz_keep_text:2:0:
4588662:fz_drop_text:2:0:
4588772:fz_bound_text:5:0:
4589638:fz_grow_text:3:0:3,
4589757:fz_add_text:6:2:3,4,
4592856:get_ucd_record:1:0:1,
4594101:ucdn_get_bidi_class:1:0:1,
4639482:pdf_new_int_offset:3:0:3,
4639646:pdf_new_string:4:0:4,
4639820:pdf_new_name:3:0:
4639992:pdf_new_indirect:4:0:3,4,
4640098:pdf_keep_obj:2:0:
4640143:pdf_is_indirect:2:0:
4640666:pdf_is_string:2:0:
4640763:pdf_is_name:2:0:
4640883:pdf_is_array:2:0:
4640980:pdf_is_dict:2:0:
4641154:pdf_to_int:2:0:
4641299:pdf_to_offset:0:0:
4641444:pdf_to_real:2:0:
4641593:pdf_to_name:2:0:
4641731:pdf_to_str_buf:2:0:
4641831:pdf_to_str_len:2:0:
4642253:pdf_to_num:2:0:
4642303:pdf_to_gen:2:0:
4642353:pdf_get_indirect_document:2:0:
4643842:pdf_new_array:3:0:3,
4644334:pdf_array_grow:2:0:
4644738:pdf_array_len:2:0:
4644837:pdf_array_get:3:0:3,
4644981:object_altered:3:0:
4645554:pdf_array_push:3:0:
4645820:pdf_array_push_drop:3:0:
4649565:pdf_new_dict:3:0:3,
4650553:pdf_dict_len:2:0:
4650796:pdf_dict_get_val:3:0:3,
4651159:pdf_dict_finds:3:0:
4651527:pdf_dict_find:3:0:
4651991:pdf_dict_gets:3:0:
4652151:pdf_dict_getp:0:0:
4652854:pdf_dict_get:3:0:
4653159:pdf_dict_geta:4:0:
4653248:pdf_dict_put:4:0:
4659981:pdf_obj_marked:0:0:
4660083:pdf_mark_obj:2:0:
4660211:pdf_unmark_obj:2:0:
4660739:pdf_drop_array:2:0:
4660863:pdf_drop_dict:2:0:
4661027:pdf_drop_obj:2:0:
4661171:pdf_set_obj_parent:3:0:3,
4667461:fz_min:0:0:
4667504:fz_max:0:0:
4667547:fz_is_empty_rect:0:0:
4667624:pdf_name_eq:3:0:
4671034:pdf_lookup_inherited_page_item:4:0:
4680525:fz_min:2:2:
4680568:fz_max:2:2:
4680611:fz_read_byte:2:0:
4681151:pdf_to_rect:0:0:
4684786:pdf_parse_array:4:0:
4686427:pdf_parse_dict:4:0:
4688090:pdf_parse_ind_obj:6:0:
4702138:pdf_name_eq:3:0:
4702235:pdf_is_stream:0:0:
4702358:pdf_stream_has_crypt:0:0:
4703207:build_compression_params:0:0:
4704430:build_filter:0:0:
4705635:pdf_open_raw_filter:0:0:
4705936:pdf_open_filter:0:0:
4707685:pdf_open_image_stream:0:0:
4715231:fz_peek_byte:2:0:
4715850:iswhite:1:0:1,
4717067:pdf_trailer:2:0:
4717243:pdf_xref_len:2:0:
4718388:pdf_get_xref_entry:3:0:3,
4742005:pdf_cache_object:4:0:3,4,
4744180:pdf_resolve_indirect:2:0:
4768729:pdf_jsimp_new_type:3:0:
4768798:pdf_jsimp_drop_type:2:0:
4769963:pdf_jsimp_addmethod:4:0:
4770200:pdf_jsimp_addproperty:5:0:
4770719:pdf_jsimp_new_obj:0:0:
4827345:fz_open_image_decomp_stream:0:0:
4860693:fz_available:3:0:3,
4862262:fz_open_null:0:0:
4881040:fz_available:3:0:3,
4882324:fz_open_flated:0:0:
4966370:pdf_name_eq:3:0:
4968938:pdf_is_tint_colorspace:2:0:
4970372:pdf_load_colorspace_imp:0:0:
4972359:pdf_load_colorspace:3:0:
4985690:pdf_lookup_agl:1:0:
4988414:pdf_name_eq:3:0:
4989046:ft_kind:0:0:
4989235:ft_char_index:2:0:2,
4989349:ft_cid_to_gid:2:0:2,
4989492:pdf_font_cid_to_gid:3:0:3,
4989703:lookup_mre_code:1:0:
4992265:pdf_keep_font:2:0:
4992302:pdf_drop_font:2:0:
5006878:pdf_load_font:5:0:5,
11144758:pdf_clear_stack:2:0:
11144900:load_font_or_hail_mary:6:0:5,
11154616:pdf_process_CS:4:0:4,
11155637:pdf_process_SC:4:0:4,
11157860:pdf_process_gsave:3:0:
11157936:pdf_process_grestore:3:0:
11158124:pdf_process_keyword:5:0:
11171537:fz_read_byte:2:0:
11171964:fz_unread_byte:2:0:
11172055:unhex:1:0:1,
11172129:lex_white:2:0:
11172272:lex_number:4:0:4,
11172832:lex_name:3:0:
11173315:lex_string:3:0:
11174100:lex_hex_string:3:0:
11174430:pdf_token_from_keyword:1:0:
11174841:pdf_lexbuf_init:0:0:
11174908:pdf_lexbuf_fin:0:0:
11175160:pdf_lex:3:0:
11176688:pdf_add_hmtx:5:0:3,4,5,
11177652:pdf_lookup_hmtx:3:0:3,
11180334:begin_softmask:3:0:
11181505:end_softmask:3:0:
11181697:pdf_begin_group:4:0:
11181871:pdf_end_group:3:0:
11182257:pdf_keep_material:2:0:
11182387:pdf_drop_material:2:0:
11182921:pdf_keep_gstate:2:0:
11183137:pdf_drop_gstate:2:0:
11183353:pdf_gsave:2:0:
11183676:pdf_grestore:2:0:
11188800:pdf_show_path:6:0:3,4,5,6,
11191243:pdf_flush_text:2:0:
11193325:pdf_show_char:3:0:3,
11195350:pdf_show_space:3:1:
11195555:pdf_show_string:4:0:4,
11195884:pdf_show_text:3:0:
11196918:pdf_set_colorspace:4:0:3,
11197231:pdf_set_color:4:0:3,
11233065:pdf_store_item:4:0:4,
11233155:pdf_find_item:3:0:
11380080:pdf_lookup_cmap:2:0:2,
11381534:pdf_decode_cmap:4:0:
11381835:pdf_cmap_size:0:0:
11424215:_ft_face_scale_advances:4:0:3,4,
11424436:FT_Get_Advance:4:0:2,3,
11425156:FT_MulFix_x86_64:2:0:1,2,
11425406:FT_MulDiv:3:0:
11425654:FT_MulFix:2:0:
11425693:FT_DivFix:2:0:
11427691:FT_GlyphLoader_New:2:0:
11427774:FT_GlyphLoader_Rewind:1:0:
11427916:FT_GlyphLoader_Reset:1:0:
11428173:FT_GlyphLoader_Done:1:0:
11428244:FT_GlyphLoader_Adjust_Points:1:0:
11428609:FT_GlyphLoader_Adjust_Subglyphs:1:0:
11428685:FT_GlyphLoader_CheckPoints:3:0:2,3,
11429522:FT_GlyphLoader_Prepare:1:0:
11429602:FT_GlyphLoader_Add:1:0:
11430173:ft_service_list_lookup:2:0:
11431118:ft_glyphslot_free_bitmap:1:0:
11431491:ft_glyphslot_clear:1:0:
11432564:FT_Set_Transform:3:0:
11433405:FT_Load_Glyph:3:0:2,3,
11435713:Destroy_Driver:1:0:
11440337:ft_recompute_scaled_metrics:2:0:
11440883:FT_Request_Metrics:2:0:
11442135:FT_Request_Size:2:0:
11442421:FT_Set_Char_Size:5:0:4,5,
11444831:FT_Get_Char_Index:2:0:
11447719:FT_Lookup_Renderer:3:0:2,
11447895:ft_lookup_glyph_renderer:1:0:
11448020:ft_set_current_renderer:1:0:
11448075:ft_add_renderer:0:0:
11448400:ft_remove_renderer:0:0:
11448933:FT_Render_Glyph_Internal:3:0:3,
11449231:FT_Render_Glyph:2:0:2,
11449320:Destroy_Module:1:0:
11449525:FT_Add_Module:2:0:
11450310:FT_Get_Module:2:0:
11450463:FT_Get_Module_Interface:0:0:
11450775:FT_Remove_Module:2:0:
11452757:FT_Outline_Decompose:3:0:
11454974:FT_Outline_Check:1:0:
11455762:FT_Outline_Get_CBox:2:0:
11456093:FT_Outline_Translate:3:0:
11456950:FT_Vector_Transform:2:0:
11457141:FT_Outline_Transform:2:0:
11464191:FT_Stream_Seek:2:0:
11464375:FT_Stream_Pos:1:0:
11464866:FT_Stream_ExtractFrame:3:0:
11464958:FT_Stream_ReleaseFrame:2:0:
11465052:FT_Stream_EnterFrame:2:0:
11465460:FT_Stream_ExitFrame:1:0:
11465621:FT_Stream_GetUShort:1:0:
11465971:FT_Stream_GetULong:1:0:
11466447:FT_Stream_ReadUShort:2:0:
11467226:FT_Stream_ReadULong:2:0:
11467900:FT_Stream_ReadFields:3:0:
11471305:ft_mem_alloc:3:0:
11471402:ft_mem_qalloc:3:0:
11471517:ft_mem_realloc:6:0:
11471684:ft_mem_qrealloc:6:0:
11471967:ft_mem_free:2:0:
11472293:FT_List_Find:2:0:
11472378:FT_List_Add:2:0:
11472594:FT_List_Remove:2:0:
11472992:FT_List_Finalize:4:0:
11496291:FT_Get_X11_Font_Format:0:0:
11585964:ps_hint_table_done:0:0:
11586918:ps_mask_table_done:2:0:
11588669:ps_dimension_done:0:0:
11632060:tt_face_lookup_table:2:0:
11664779:tt_face_get_name:3:0:2,
11678181:gray_init_cells:3:0:
11678332:gray_compute_cbox:1:0:
11678875:gray_find_cell:1:0:
11679188:gray_record_cell:1:0:
11679306:gray_set_cell:3:0:
11679584:gray_start_cell:3:0:
11679820:gray_render_scanline:6:0:
11680715:gray_render_line:3:0:
11682220:gray_split_conic:1:0:
11682572:gray_render_conic:3:0:
11685939:gray_hline:5:0:
11686509:gray_sweep:2:0:
11687012:gray_convert_glyph_inner:1:0:
11687121:gray_convert_glyph:1:0:
11690643:ft_smooth_render_generic:5:0:3,5,
11694540:tt_face_get_location:3:0:2,
11696803:FT_MulFix_x86_64:2:0:1,2,
11696868:TT_Get_HMetrics:4:0:2,
11696936:TT_Get_VMetrics:5:0:2,
11697173:tt_get_metrics:2:0:2,
11702940:TT_Process_Simple_Glyph:1:0:
11705669:load_truetype_glyph:4:0:2,3,4,
11708574:compute_glyph_metrics:2:0:2,
11709423:tt_loader_init:5:0:4,5,
11710619:TT_Load_Glyph:4:0:3,4,
11718164:tt_size_reset:1:0:
12308274:inflateResetKeep:0:0:
12308628:inflateReset:0:0:
12308726:inflateReset2:0:0:
12308953:inflateInit2_:0:0:
12309600:updatewindow:2:0:2,
12310135:inflate:2:0:2,
12320034:inflateEnd:0:0:
12322302:inflate_table:6:0:1,3,
12334598:adler32:3:0:3,
12336635:inflate_fast:2:0:2,
12348670:jsB_globalf:4:0:4,
12348742:jsB_propf:4:0:4,
12348816:jsB_propn:3:1:
12348890:jsB_props:3:0:
12352490:newfun:5:0:5,
12352799:emitraw:3:0:3,
12352986:emit:3:0:3,
12353029:emitline:3:0:
12353133:addfunction:3:0:
12353300:addnumber:3:1:
12353537:addstring:3:0:
12353777:addlocal:4:0:4,
12354201:findlocal:3:0:
12354300:emitfunction:3:0:
12354390:emitnumber:3:1:
12354869:emitstring:4:0:3,
12354960:emitlocal:5:0:3,4,
12355233:here:2:0:
12355254:emitjump:3:0:3,
12355337:emitjumpto:4:0:3,4,
12355438:labelto:4:0:3,4,
12355521:label:3:0:3,
12355685:cunary:4:0:4,
12355759:cbinary:4:0:4,
12355860:carray:3:0:
12356405:cobject:3:0:
12356914:cargs:3:0:
12356998:cassign:3:0:
12357879:cassignop1:3:0:
12358190:cassignop2:4:0:4,
12358465:cassignop:4:0:4,
12359058:ccall:4:0:
12359553:jsC_cexp:3:0:
12362713:addjump:5:0:3,5,
12362810:labeljumps:5:0:4,5,
12362934:isloop:1:0:1,
12362991:isfun:1:0:1,
12363129:breaktarget:4:0:
12363408:returntarget:3:0:
12363479:cexit:5:0:3,
12365121:cswitch:4:0:
12365601:cvarinit:3:0:
12365761:cstm:3:0:
12368875:cstmlist:3:0:
12368945:analyze:3:0:
12369400:listlength:1:0:
12369445:cparams:3:0:
12369538:cvardecs:3:0:
12369831:cfundecs:3:0:
12370004:cfunbody:5:0:
12386662:fmtpow10:1:0:1,
12387125:js_fmtexp:2:0:2,
12387409:js_dtoa:5:1:
12388660:umuldiv:3:0:
12388901:js_strtod:2:0:
12391513:frnorm:1:0:
12391717:fpcmp:2:0:
12392012:divby:3:0:3,
12392401:divascii:4:0:
12392574:mulby:4:0:4,
12392804:mulascii:4:0:
12409278:jsG_freefunction:2:0:
12409430:jsG_freeproperty:2:0:
12409562:jsG_freeobject:2:0:
12412544:jsS_newstringnode:3:0:
12412694:jsS_skew:1:0:
12412775:jsS_split:1:0:
12412878:jsS_insert:4:0:
12413368:jsS_freestringnode:2:0:
12413547:js_intern:2:0:
12414000:jsY_findword:3:0:3,
12414145:jsY_findkeyword:2:0:
12414257:jsY_iswhite:1:0:1,
12414320:jsY_isnewline:1:0:1,
12414371:jsY_isidentifierstart:1:0:1,
12414449:jsY_isidentifierpart:1:0:1,
12414539:jsY_isdec:1:0:1,
12414703:jsY_next:1:0:
12414868:jsY_unescape:1:0:
12415210:textinit:1:0:
12415288:textpush:2:0:2,
12415461:textend:1:0:
12415500:lexlinecomment:1:0:
12415870:lexnumber:1:0:
12416559:lexescape:0:0:
12417462:lexstring:1:0:
12417803:isregexpcontext:1:0:1,
12417895:lexregexp:1:0:
12418785:isnlthcontext:1:0:1,
12418846:jsY_lexx:1:0:
12421397:jsY_lex:1:0:
12438026:jsP_newnode:6:0:2,
12438325:jsP_list:1:0:
12438400:jsP_newstrnode:3:0:2,
12438478:jsP_newnumnode:3:1:2,
12438557:jsP_freejumps:2:0:
12438738:jsP_next:1:0:
12438785:semicolon:1:0:
12438900:checkfutureword:2:0:
12439033:identifier:1:0:
12439170:identifieropt:1:0:
12439217:identifiername:1:0:
12439345:arrayelement:1:0:
12439429:arrayliteral:1:0:
12439661:propname:1:0:
12439818:propassign:1:0:
12440680:objectliteral:1:0:
12440914:parameters:1:0:
12441134:fundec:1:0:
12441836:funexp:1:0:
12442132:primary:1:0:
12443403:arguments:1:0:
12443633:newexp:1:0:
12444017:memberexp:1:0:
12444352:callexp:1:0:
12444883:postfix:1:0:
12445103:unary:1:0:
12445979:multiplicative:1:0:
12446301:additive:1:0:
12446526:shift:1:0:
12446854:relational:2:0:2,
12447484:equality:2:0:2,
12447939:bitand:2:0:2,
12448080:bitxor:2:0:2,
12448221:bitor:2:0:2,
12448362:logand:2:0:2,
12448503:logor:2:0:2,
12448644:conditional:2:0:2,
12448913:assignment:2:0:2,
12450147:expression:2:0:2,
12450288:vardec:2:0:2,
12450454:vardeclist:2:0:2,
12450665:statementlist:1:0:
12450913:caseclause:1:0:
12451389:caselist:1:0:
12451581:block:1:0:
12451845:forexpression:2:0:2,
12452008:forstatement:1:0:
12453034:statement:1:0:
12456725:scriptelement:1:0:
12456807:script:2:0:2,
12457002:funbody:1:0:
12457528:jsP_setnumnode:2:1:
12457630:jsP_foldconst:1:0:
12458862:newproperty:3:0:
12459071:lookup:2:0:
12459175:skew:1:0:
12459259:split:1:0:
12459364:insert:5:0:
12459630:freeproperty:3:0:
12459758:delete:4:0:
12460411:jsV_newobject:3:0:2,
12460619:jsV_getownproperty:3:0:
12460664:jsV_getpropertyx:4:0:
12460774:jsV_getproperty:3:0:
12460860:jsV_setproperty:3:0:
12461075:jsV_delproperty:3:0:
12461133:itshadow:4:0:
12461897:jsV_nextiterator:2:0:
12465406:js_malloc:2:0:2,
12465478:js_realloc:3:0:3,
12465553:js_free:2:0:
12465756:js_pushvalue:3:0:
12465884:js_pushundefined:0:0:
12465987:js_pushnull:1:0:
12466238:js_pushnumber:2:1:
12466383:js_pushstring:2:0:
12466993:js_pushliteral:2:0:
12467137:js_pushobject:2:0:
12467386:js_currentfunction:0:0:
12467534:stackidx:2:0:2,
12468024:js_isobject:2:0:2,
12468070:js_iscallable:2:0:2,
12468333:js_isuserdata:0:0:
12469112:js_tostring:2:0:2,
12469164:js_toobject:2:0:2,
12469373:js_touserdata:0:0:
12469510:jsR_tofunction:2:0:2,
12469650:js_gettop:0:0:
12469684:js_pop:2:0:2,
12470015:js_copy:2:0:2,
12470534:js_rot2:1:0:
12471473:js_rot2pop1:1:0:
12471960:js_isarrayindex:3:0:
12472243:jsR_hasproperty:3:0:
12473000:jsR_getproperty:3:0:
12473061:jsR_setproperty:4:0:
12473895:jsR_defproperty:6:0:4,
12474534:jsR_delproperty:3:0:
12475303:js_getregistry:2:0:
12475351:js_setregistry:2:0:
12475433:js_delregistry:2:0:
12475529:js_setglobal:2:0:
12475611:js_defglobal:3:0:3,
12475716:js_getproperty:3:0:2,
12475879:js_defproperty:4:0:2,4,
12476062:js_defaccessor:4:0:2,4,
12476341:js_nextiterator:2:0:2,
12476531:js_initvar:3:0:3,
12476625:js_defvar:2:0:
12476699:js_hasvar:2:0:
12476909:js_setvar:2:0:
12478907:jsR_callcfunction:0:0:
12479109:jsR_pushtrace:4:0:4,
12479333:js_call:2:0:2,
12480816:js_savetry:0:0:
12490981:js_getcontext:0:0:
12501614:jsV_numbertoint32:1:1:
12501872:jsV_numbertouint32:1:1:
12503070:js_stringtofloat:2:0:
12503453:jsV_stringtonumber:2:0:
12504256:jsV_numbertostring:3:1:
12504944:jsV_tostring:2:0:
12505591:jsV_toobject:2:0:
12505816:js_newobject:1:0:
12505876:js_newarray:1:0:
12506105:js_newfunction:3:0:
12506457:js_newcfunction:4:0:4,
12506737:js_newcconstructor:5:0:5,
12507012:js_newuserdata:4:0:
12510188:nextrune:1:0:
12513578:lex:1:0:
12514421:newnode:2:0:2,
12514956:regnext:1:0:
12514992:regaccept:2:0:2,
12515048:parseatom:1:0:
12516073:parserep:1:0:
12516618:parsecat:1:0:
12516940:count:1:0:
12517294:regemit:2:0:2,
12517404:compile:2:0:
12522548:jsU_chartorune:2:0:
12522817:jsU_runetochar:2:0:
12522983:jsU_runelen:1:0:1,
12523146:jsU_bsearch:4:0:1,3,4,
12523739:jsU_islowerrune:1:0:1,
12523891:jsU_isupperrune:1:0:1,
12524043:jsU_isalpharune:1:0:1,
140737351952752:_dl_debug_state:0:0:
140737351932256::1:0:
140737351990432::1:0:
140737351932576::6:0:3,5,
140737351887536::2:0:
140737351994352::3:0:
140737351932432::2:0:
140737351990384::2:0:
140737351887504::1:0:
140737351992064::3:0:
140737351988528::0:0:
140737351993792::3:0:
140737351988816::4:0:
140737351993776::3:0:2,
140737351989840::2:0:2,
140737351952768::2:0:
140737351940800::0:0:
140737351950208::5:0:
140737351989104::1:0:
140737351920752::6:0:3,4,5,
140737351954880::2:0:
140737351918880::2:0:
140737351978304::1:0:
140737351954464::0:0:
140737351988432::0:0:
140737351988304::3:0:1,2,
140737351988784::0:0:
140737351978064::2:0:
140737351908128::5:0:
140737351988464::0:0:
140737351910912::6:0:2,6,
140737351988896::0:0:
140737351993376::3:0:
140737351995024::3:0:
140737351994704::3:0:
140737351956032::3:0:2,3,
140737351955104::6:0:3,6,
140737351934160::4:0:3,4,
140737351927904::6:0:6,
140737351925488::6:0:
140737351925104::1:0:
140737003329824::2:0:
140737020335248::0:0:
140737351947360::2:0:2,
140737020490288:scalbn:2:1:1,
140737008287168:XChangeProperty:6:0:5,6,
140737008294144:XCreateGC:4:0:
140737008294688:_XFlushGCCache:1:0:
140737008295024:_XNoticeCreateBitmap:0:0:
140737008295248:_XNoticePutBitmap:0:0:
140737008295760:XCreateGlyphCursor:6:0:4,5,
140737008296576:XCreatePixmap:0:0:
140737008313792:_XFreeExtData:1:0:
140737008313920:XFreeGC:2:0:
140737008337024:_XInitImageFuncPtrs:1:0:
140737008343328:_XUpdateAtomCache:5:0:5,
140737008344032:XInternAtom:3:0:3,
140737008384064:XPutImage:6:0:6,
140737008385472:_XrmInternalStringToQuark:4:0:2,3,4,
140737008386624:XrmStringToQuark:1:0:
140737008386688:XrmPermStringToQuark:0:0:
140737008388256:XQueryExtension:5:0:
140737008405328:_XlcMapOSLocaleName:2:0:
140737008426400:_XSend:3:0:
140737008426864:_XEventsQueued:2:0:2,
140737008427104:_XReadEvents:1:0:
140737008427600:_XFlush:1:0:
140737008427920:_XReply:4:0:3,4,
140737008432112:_XSetLastRequestRead:2:0:
140737008433840:_XIsEventCookie:2:0:
140737008434256:_XDeq:3:0:
140737008436736:_XStoreEventCookie:2:0:
140737008436960:_XEnq:2:0:
140737008437536:_XVIDtoVisual:0:0:
140737008437744:_XFreeEventCookies:1:0:
140737008437856:_XData32:3:0:3,
140737008437984:_XGetHostname:0:0:
140737008438304:_XGetRequest:3:0:2,
140737008459936:XrmQGetResource:5:0:
140737008484816:_XlcParseCharSet:1:0:
140737008485200:_XlcAddCT:2:0:
140737008485920:_XlcInitCTInfo:0:0:
140737008486176:_XlcGetCharSet:1:0:
140737008486336:_XlcAddCharSet:1:0:
140737008486752:_XlcCreateDefaultCharSet:2:0:
140737008487904:_XlcSetConverter:5:0:
140737008488144:_XlcOpenConverter:0:0:
140737008488672:_XlcCloseConverter:0:0:
140737008488688:_XlcConvert:0:0:
140737008493808:_XlcGetResource:5:0:
140737008494160:_XlcCreateLocaleDataBase:0:0:
140737008496064:xlocaledir:2:0:2,
140737008496336:_XlcFileName:0:0:
140737008496848:_XlcResolveLocaleName:0:0:
140737008501456:_XlcDbg_printValue:0:0:
140737008510592:_XlcCreateLC:0:0:
140737008539632:_XlcCompareISOLatin1:2:0:
140737008539712:_XlcNCompareISOLatin1:3:0:3,
140737008540256:_XlcRemoveLoader:1:0:
140737008540336:_XlcAddLoader:0:0:
140737008540480:_XOpenLC:1:0:
140737008540928:_XCloseLC:0:0:
140737008541072:_XlcCurrentLC:0:0:
140737008541824:Xutf8TextListToTextProperty:0:0:
140737008581456:_XInitIM:0:0:
140737008657600:_XInitOM:0:0:
140737006062448:XextFindDisplay:2:0:
140737002308752:strtol:3:0:3,
140737002360048:_IO_vfprintf:3:0:
140737002513456:_IO_getline:5:0:4,5,
140737002518896:_IO_vsprintf:3:0:
140737002556352:_IO_file_init:1:0:
140737002556400:_IO_file_close_it:1:0:
140737002557088:_IO_file_fopen:3:0:
140737002560144:_IO_un_link:1:0:
140737002560752:_IO_link_in:1:0:
140737002561904:_IO_switch_to_get_mode:1:0:
140737002562128:__underflow:1:0:
140737002562464:__uflow:1:0:
140737002562816:_IO_setb:4:0:4,
140737002562928:_IO_doallocbuf:1:0:
140737002563456:_IO_sgetn:3:0:
140737002565200:_IO_sputbackc:0:0:
140737002567536:_IO_unsave_markers:1:0:
140737002617536:strlen:1:0:
140737002630160:memchr:3:0:
140737002662592:strchrnul:2:0:2,
140737002855488:sysconf:0:0:
140737003021840:open:0:0:
140737003045392:brk:1:0:
140737003045504:sbrk:1:0:
140737003047840:getpagesize:0:0:
140737003059648:mmap:4:0:
140737003059696:munmap:0:0:
140737003143584:__vsnprintf_chk:6:0:3,
140736997761776:xcb_send_request:0:0:
140736997769952:xcb_get_extension_data:0:0:
140736995612480:XauReadAuth:1:0:
140737351979904::0:0:
140737351988864::0:0:
140737351950768::0:0:
140737351950496::4:0:2,
140737002719776::4:0:1,2,4,
140737002718928::3:0:2,
140737002618672::3:0:
4212576::2:0:
4210672::1:0:
140737002185808::1:0:
140737002581120::2:0:
140737002575808::1:0:
4210128::3:0:2,
4213200::2:0:2,
4211856::1:0:
140737008279536::1:0:
140737008280464::2:0:
140737008280368::1:0:
140737002185744::1:0:
140736997758016::2:0:2,
140736997757728::1:0:
140736997758224::1:0:
140736997758336::0:0:
140736997758144::3:0:
140737008279568::1:0:
140736997757744::0:0:
140737002564832::5:0:2,3,
140737002564656::2:0:2,
140737002569888::4:0:
140737002632976::3:0:
140737002359184::4:0:3,4,
140737002185840::1:0:
140736997757808::0:0:
140736997757760::1:0:
140736997774032::0:0:
140737002653568::3:0:
140737002628112::2:0:
140737002610256::2:0:2,
140736995612224::2:0:
140736995609856::4:0:
140736995612304::3:0:
140736995610032::1:0:
140736995609936::0:0:
140736995609792::1:0:
140736995609968::0:0:
140736997757888::3:0:2,
140736997758416::0:0:
140736997758192::0:0:
140736997758448::0:0:
140736997761344::3:0:3,
140736997759696::4:0:
140736997758208::0:0:
140736997758288::0:0:
140736997757856::0:0:
140736997757824::0:0:
140736997765856::1:0:
140736997758096::0:0:
140736997767024::3:0:3,
140736997758304::3:0:
140736997757776::0:0:
140736997758240::0:0:
140737002587744::4:0:
140737002577696::3:0:3,
140737008280080::1:0:
140737008280752::1:0:
140737008280704::0:0:
140737008281152::1:0:
140737008280528::3:0:
140737008279664::3:0:
140736997769680::0:0:
140736997760640::1:0:
140736997766800::0:0:
140736997765952::3:0:
140736997763040::2:0:
140736997763760::4:0:
140736997767440::1:0:
140736997758272::0:0:
140736997758320::0:0:
140737008425456::1:0:
140737008423840::1:0:
140737008426096::1:0:
140737008425728::1:0:
140737008280864::1:0:
140736997764080::1:0:
140737008280976::4:0:2,
140737008431840::1:0:
140737008292960::3:0:
140737008427888::1:0:
140737008438512::1:0:
140737008425088::2:0:
140737008280288::4:0:3,
140737008431920::1:0:
140737008280576::3:0:2,
140737008280560::3:0:
140737008424272::2:0:2,
140737008280000::1:0:
140736997771024::1:0:2,
140737008424656::2:0:
140737008424464::2:0:
4212816::3:0:3,
140737008342768::6:0:3,
140737008279712::2:0:
140737008280928::0:0:
4213328::3:0:
4210016::1:0:
4212032::1:0:1,
4212144::1:0:
140737006042624::1:0:
140737006023696::1:0:
140737006023920::2:0:
140737006023360::0:0:
140737006023328::0:0:
140737006060224::0:0:
140737006023856::0:0:
140737006023664::3:0:2,
4211472::6:0:3,4,
140737006023568::2:0:
140737006023680::2:0:2,
140737006023472::1:0:
140737006023632::2:0:2,
4212800::0:0:
4213536::0:0:
4212592::2:0:
4212400::2:0:2,
4213184::0:0:
4210000::2:0:2,
140736999949760::2:0:
140736969103376:XcursorImageLoadCursor:2:0:
140736969107168:XcursorImagesLoadCursor:2:0:
140736969108352:_XcursorGetDisplayInfo:1:0:
140736969109776:XcursorSupportsARGB:1:0:
140736969109920:XcursorGetDefaultSize:1:0:
140736969110112:XcursorGetTheme:1:0:
140736969111728:XcursorImageCreate:2:0:1,2,
140736969111808:XcursorImageDestroy:1:0:
140736969112192:XcursorImagesCreate:0:0:
140736969112256:XcursorImagesDestroy:1:0:
140736969112368:XcursorImagesSetName:2:0:
140736969112864:XcursorXcFileLoadImages:2:0:2,
140736969115424:XcursorFileLoadImages:2:0:2,
140736969117312:XcursorLibraryPath:0:0:
140736969118704:XcursorShapeLoadImages:3:0:1,3,
140736969120400:XcursorImageHash:0:0:
140736966981040:XRenderFindDisplay:1:0:
140736966982304:XRenderQueryFormats:1:0:
140736964846224:XFixesFindDisplay:1:0:
140737008294960::2:0:
140737008281408::2:0:
140736999947904::3:0:
140736969102016::1:0:
140736966961520::1:0:
140736969101536::1:0:
140736966961504::3:0:2,
140736966961584::2:0:
140736966961248::0:0:
140736969101568::3:0:
140737008280192::2:0:2,
140737008281024::2:0:1,
140737008281456::2:0:
140737008280096::2:0:2,
140737008385232::1:0:1,
140737008480736::3:0:
140737008481856::4:0:1,2,4,
140737008280416::0:0:
140737008495952::2:0:
140737008495264::3:0:3,
140737008281504::0:0:
140737008279552::6:0:3,
140737008495440::3:0:3,
140737008281232::2:0:
140737008280432::3:0:2,
140737008280480::2:0:
140737008279920::1:0:
140737008495728::1:0:
140737008281200::0:0:
140737008489568::2:0:
140737008490272::1:0:
140737008492832::1:0:
140737008490448::2:0:
140737008489072::0:0:
140737008280944::3:0:
140737008279680::3:0:
140737008491808::0:0:
140737008501472::1:0:
140737008499680::2:0:
140737008500912::2:0:
140737008499792::2:0:
140737008451520::5:0:4,
140737008280208::0:0:
140737008440144::4:0:
140737008439888::3:0:
140736969101712::1:0:
140736969117632::2:0:
140736969101776::2:0:2,
140736969116560::3:0:3,
140736969101600::3:0:
140736969116720::3:0:
140736969102192::2:0:
140736969101552::1:0:
140736969116896::1:0:
140736969101888::3:0:2,
140736969101696::1:0:
140736969110784::1:0:
140736969110656::2:0:
140736969101664::4:0:
140736969110480::1:0:1,
140736969111392::3:0:2,
140736969110368::3:0:2,3,
140736969111824::2:0:
140736969111216::4:0:
140737002516496::4:0:3,4,
140736969101968::3:0:
140736969101680::1:0:
140736969102288::5:0:3,4,5,
140736969102128::4:0:
140736969102208::6:0:5,6,
140737008380256::6:0:5,6,
140736969102240::2:0:
140736969102064::2:0:2,
140736969101632::5:0:
140736969101808::2:0:
140736969101824::4:0:3,4,
140736969101920::2:0:
140736969101760::3:0:
140736964838368::0:0:
140736964838352::0:0:
140736964838496::3:0:2,
140736964838416::1:0:
140736964838480::3:0:
140736969102224::2:0:
4212784::0:0:
4212752::3:0:
4211968::0:0:
140736969119312::1:0:
140736969119216::0:0:
4211600::2:0:2,
4211744::2:0:
140737002631072::3:0:
4210448::3:0:3,
4212304::0:0:
4210144::1:0:
4212208::4:0:
4212736::3:0:
4210352::2:1:1,
4211504::1:1:
4213120::2:0:
4210656::3:0:
4210640::2:0:
4211280::1:0:
4211520::5:0:
4212128::3:0:
4211232::1:0:
4212640::2:0:
4211840::3:0:3,
4210464::1:1:
4211568::6:0:
4210416::1:0:
4210032::1:1:
4211760::1:1:
4210096::2:1:
4211056::2:2:
4213136::1:1:
4212320::1:0:
4212336::0:0:
140737002299872::3:0:
4212160::2:0:2,
4213568::1:1:
140737008514560::0:0:
140737008487152::0:0:
140737008516048::3:0:
4211536::1:1:
4212848::1:1:
4212688::2:0:2,
140737002281920::0:0:
140737002281840::2:0:2,
4211680::2:0:
140737008281104::1:0:
4211424::3:0:
4211440::6:0:4,5,6,
4213488::1:0:
4212992::6:0:5,6,
4210496::4:0:
4210080::2:0:
140737006023312::1:0:
140737006023488::1:0:
140736997758000::0:0:
140737008442992::0:0:
