4225337:fz_mini:2:0:1:1,2,
4227452:next_pool_image:0:0:1:
4289616:fz_tolower:1:0:1:1,
4293577:fz_is_empty_irect:1:0:1:
4299897:draw_glyph:6:0:0:4,5,
4325642:fz_clamp:3:3:1:
4326144:fz_aa_level:1:0:1:
4333783:blit_aa:6:0:0:2,3,5,
4336951:fz_lock:2:0:0:2,
4337018:fz_unlock:2:0:0:2,
4337085:fz_glyph_size:2:0:1:
4337233:drop_glyph_cache_entry:2:0:0:
4337970:fz_subpixel_adjust:5:0:1:
4338852:do_hash:2:0:1:2,
4338963:move_to_front:2:0:0:
4339144:fz_render_glyph:6:0:1:3,
4347877:isbigendian:0:0:1:
4349242:fz_paint_span_with_color_4:4:0:0:3,
4350479:fz_paint_span_with_color:5:0:0:3,4,
4357469:fz_paint_glyph_solid_N:6:0:0:2,3,6,
4358647:fz_paint_glyph_solid:6:0:0:2,3,6,
4358863:fz_paint_glyph:6:0:0:5,6,
4393886:fz_var_imp:1:0:0:
4394534:fz_push_try:1:0:1:
4395830:fz_lock:2:0:0:2,
4395897:fz_unlock:2:0:0:2,
4395964:fz_keep_imp:3:0:1:
4396056:fz_drop_imp:3:0:1:
4396357:fz_is_infinite_rect:3:2:1:
4397073:fz_keep_font:2:0:1:
4397473:fz_drop_font:2:0:0:
4400743:fz_adjust_ft_glyph_width:4:0:1:3,
4401129:glyph_from_ft_bitmap:4:0:1:2,3,
4401601:do_ft_render_glyph:5:0:1:3,5,
4403448:fz_render_ft_glyph:5:0:1:3,5,
4413891:fz_bound_glyph:5:0:1:3,
4414323:fz_glyph_cacheable:3:0:1:3,
4414437:fz_advance_ft_glyph:3:0:1:3,
4414724:fz_advance_glyph:3:0:1:3,
4415106:fz_rect_min:1:0:1:
4415120:fz_rect_max:1:0:1:
4415138:fz_is_empty_rect:3:2:1:
4415215:fz_is_empty_irect:1:0:1:
4415272:fz_is_infinite_rect:3:2:1:
4415339:fz_is_infinite_irect:1:0:1:
4415396:fz_concat:6:3:1:
4417708:fz_pre_translate:4:3:1:
4418892:fz_matrix_expansion:4:3:1:
4419156:fz_transform_point:5:3:1:
4419451:fz_transform_vector:5:3:1:
4419580:fz_normalize_vector:4:3:0:
4420977:fz_intersect_irect:2:0:1:
4421366:fz_union_rect:2:0:1:
4421676:fz_translate_irect:3:0:1:2,3,
4422070:fz_transform_rect:2:0:1:
4422936:fz_expand_rect:2:1:1:
4423856:fz_keep_glyph:2:0:1:
4423893:fz_drop_glyph:2:0:0:
4424102:fz_glyph_bbox_no_ctx:2:0:1:
4425448:fz_new_glyph_from_8bpp_data:6:0:1:2,3,4,5,
4486711:fz_lock:2:0:0:2,
4486778:fz_unlock:2:0:0:2,
4486845:do_scavenging_malloc:2:0:1:2,
4486998:do_scavenging_realloc:3:0:1:3,
4487157:fz_malloc:2:0:1:2,
4487285:fz_malloc_array:3:0:1:2,3,
4487577:fz_calloc:3:0:1:2,3,
4487936:fz_resize_array:4:0:1:3,4,
4488284:fz_free:2:0:0:
4488671:find_context:1:0:1:
4489081:fz_lock_debug_lock:2:0:0:2,
4489291:fz_lock_debug_unlock:2:0:0:2,
4491617:fz_lock:2:0:0:2,
4491684:fz_unlock:2:0:0:2,
4509731:fz_drop_pixmap:2:0:0:
4511002:fz_pixmap_bbox_no_ctx:2:0:1:
4522381:fz_pixmap_size:2:0:1:
4558636:add_char_to_span:8:2:0:3,
4559018:fz_add_text_char_imp:7:1:0:4,6,
4560328:fz_add_text_char:7:1:0:4,6,
4563586:fz_bidi_direction:2:0:1:1,2,
4568021:fz_lock:2:0:0:2,
4568088:fz_unlock:2:0:0:2,
4568155:fz_keep_imp:3:0:1:
4568247:fz_drop_imp:3:0:1:
4568791:fz_keep_storable:2:0:1:
4568832:fz_drop_storable:2:0:0:
4577614:fz_available:3:0:1:3,
4578624:fz_read:4:0:1:4,
4581128:fz_strlcpy:3:0:1:3,
4583499:fz_atoi:1:0:1:
4583539:fz_atoo:1:0:1:
4586404:frnorm:1:0:0:
4586608:fpcmp:2:0:1:
4588368:fz_min:2:2:1:
4588411:fz_max:2:2:1:
4589638:fz_grow_text:3:0:0:3,
4589757:fz_add_text:6:2:0:3,4,
4592856:get_ucd_record:1:0:1:1,
4594101:ucdn_get_bidi_class:1:0:1:1,
4639482:pdf_new_int_offset:3:0:1:3,
4639820:pdf_new_name:3:0:1:
4640098:pdf_keep_obj:2:0:1:
4640143:pdf_is_indirect:2:0:1:
4641154:pdf_to_int:2:0:1:
4642253:pdf_to_num:2:0:1:
4642303:pdf_to_gen:2:0:1:
4642353:pdf_get_indirect_document:2:0:1:
4644837:pdf_array_get:3:0:1:3,
4644981:object_altered:3:0:0:
4645554:pdf_array_push:3:0:0:
4650796:pdf_dict_get_val:3:0:1:3,
4651527:pdf_dict_find:3:0:1:
4652854:pdf_dict_get:3:0:1:
4653248:pdf_dict_put:4:0:0:
4661027:pdf_drop_obj:2:0:0:
4661171:pdf_set_obj_parent:3:0:0:3,
4715850:iswhite:1:0:1:1,
4717243:pdf_xref_len:2:0:1:
4718388:pdf_get_xref_entry:3:0:1:3,
4742005:pdf_cache_object:4:0:1:3,4,
4744180:pdf_resolve_indirect:2:0:1:
4985690:pdf_lookup_agl:1:0:1:
4989235:ft_char_index:2:0:1:2,
4989349:ft_cid_to_gid:2:0:1:2,
4989492:pdf_font_cid_to_gid:3:0:1:3,
4989703:lookup_mre_code:1:0:1:
11144758:pdf_clear_stack:2:0:0:
11158124:pdf_process_keyword:5:0:1:
11171537:fz_read_byte:2:0:1:
11171964:fz_unread_byte:2:0:0:
11172055:unhex:1:0:1:1,
11172129:lex_white:2:0:0:
11172272:lex_number:4:0:1:4,
11172832:lex_name:3:0:0:
11174430:pdf_token_from_keyword:1:0:1:
11175160:pdf_lex:3:0:1:
11176688:pdf_add_hmtx:5:0:0:3,4,5,
11177652:pdf_lookup_hmtx:3:0:1:3,
11193325:pdf_show_char:5:2:0:3,
11380080:pdf_lookup_cmap:2:0:1:2,
11381534:pdf_decode_cmap:4:0:1:
11424215:_ft_face_scale_advances:4:0:1:3,4,
11424436:FT_Get_Advance:4:0:0:2,3,
11425156:FT_MulFix_x86_64:2:0:1:1,2,
11425406:FT_MulDiv:3:0:1:
11425654:FT_MulFix:2:0:1:
11425693:FT_DivFix:2:0:1:
11427774:FT_GlyphLoader_Rewind:1:0:0:
11428244:FT_GlyphLoader_Adjust_Points:1:0:0:
11428609:FT_GlyphLoader_Adjust_Subglyphs:1:0:0:
11429522:FT_GlyphLoader_Prepare:1:0:0:
11429602:FT_GlyphLoader_Add:1:0:0:
11431118:ft_glyphslot_free_bitmap:1:0:0:
11431491:ft_glyphslot_clear:1:0:0:
11432564:FT_Set_Transform:3:0:0:
11433405:FT_Load_Glyph:3:0:1:2,3,
11440337:ft_recompute_scaled_metrics:2:0:0:
11440883:FT_Request_Metrics:2:0:0:
11442135:FT_Request_Size:2:0:1:
11442421:FT_Set_Char_Size:5:0:1:4,5,
11444831:FT_Get_Char_Index:2:0:1:
11447895:ft_lookup_glyph_renderer:1:0:1:
11448933:FT_Render_Glyph_Internal:3:0:1:3,
11449231:FT_Render_Glyph:2:0:1:2,
11452757:FT_Outline_Decompose:3:0:1:
11454974:FT_Outline_Check:1:0:1:
11455762:FT_Outline_Get_CBox:2:0:0:
11456093:FT_Outline_Translate:3:0:0:
11456950:FT_Vector_Transform:2:0:0:
11457141:FT_Outline_Transform:2:0:0:
11464191:FT_Stream_Seek:2:0:1:
11464375:FT_Stream_Pos:1:0:1:
11465052:FT_Stream_EnterFrame:2:0:1:
11465460:FT_Stream_ExitFrame:1:0:0:
11466447:FT_Stream_ReadUShort:2:0:1:
11471305:ft_mem_alloc:3:0:1:
11471402:ft_mem_qalloc:3:0:1:
11471967:ft_mem_free:2:0:0:
11632060:tt_face_lookup_table:2:0:1:
11678181:gray_init_cells:3:0:0:
11678332:gray_compute_cbox:1:0:0:
11678875:gray_find_cell:1:0:1:
11679188:gray_record_cell:1:0:0:
11679306:gray_set_cell:3:0:0:
11679584:gray_start_cell:3:0:0:
11679820:gray_render_scanline:6:0:0:
11680715:gray_render_line:3:0:0:
11682220:gray_split_conic:1:0:0:
11682572:gray_render_conic:3:0:0:
11685939:gray_hline:5:0:0:
11686509:gray_sweep:2:0:0:
11687012:gray_convert_glyph_inner:1:0:1:
11687121:gray_convert_glyph:1:0:1:
11690643:ft_smooth_render_generic:5:0:1:3,5,
11694540:tt_face_get_location:3:0:1:2,
11696803:FT_MulFix_x86_64:2:0:1:1,2,
11696868:TT_Get_HMetrics:4:0:0:2,
11696936:TT_Get_VMetrics:5:0:0:2,
11697173:tt_get_metrics:2:0:1:2,
11702940:TT_Process_Simple_Glyph:1:0:1:
11705669:load_truetype_glyph:4:0:1:2,3,4,
11708574:compute_glyph_metrics:2:0:1:2,
11709423:tt_loader_init:5:0:1:4,5,
11710619:TT_Load_Glyph:4:0:1:3,4,
11718164:tt_size_reset:1:0:1:
12348742:jsB_propf:4:0:0:4,
12352799:emitraw:3:0:0:3,
12352986:emit:3:0:0:3,
12353029:emitline:3:0:0:
12353537:addstring:3:0:1:
12353777:addlocal:4:0:0:4,
12354201:findlocal:3:0:1:
12354390:emitnumber:3:1:0:
12354869:emitstring:4:0:0:3,
12354960:emitlocal:5:0:0:3,4,
12355254:emitjump:3:0:1:3,
12355438:labelto:4:0:0:3,4,
12355521:label:3:0:0:3,
12355759:cbinary:4:0:0:4,
12356914:cargs:3:0:1:
12356998:cassign:3:0:0:
12357879:cassignop1:3:0:0:
12358190:cassignop2:4:0:0:4,
12359058:ccall:4:0:0:
12359553:jsC_cexp:3:0:0:
12362713:addjump:5:0:0:3,5,
12362934:isloop:1:0:1:1,
12362991:isfun:1:0:1:1,
12363129:breaktarget:4:0:1:
12363479:cexit:5:0:0:3,
12365601:cvarinit:3:0:0:
12365761:cstm:3:0:0:
12368875:cstmlist:3:0:0:
12368945:analyze:3:0:0:
12369538:cvardecs:3:0:0:
12386662:fmtpow10:2:1:1:1,
12387125:js_fmtexp:2:0:1:2,
12387409:js_dtoa:5:1:1:
12388660:umuldiv:5:2:1:
12388901:js_strtod:2:0:1:
12391513:frnorm:1:0:0:
12391717:fpcmp:2:0:1:
12392012:divby:3:0:0:3,
12392401:divascii:4:0:0:
12392574:mulby:4:0:0:4,
12392804:mulascii:4:0:0:
12409430:jsG_freeproperty:2:0:0:
12409562:jsG_freeobject:2:0:0:
12412544:jsS_newstringnode:3:0:1:
12412694:jsS_skew:1:0:1:
12412775:jsS_split:1:0:1:
12412878:jsS_insert:4:0:1:
12413368:jsS_freestringnode:2:0:0:
12413547:js_intern:2:0:1:
12414000:jsY_findword:3:0:1:3,
12414145:jsY_findkeyword:2:0:1:
12414257:jsY_iswhite:1:0:1:1,
12414320:jsY_isnewline:1:0:1:1,
12414371:jsY_isidentifierstart:1:0:1:1,
12414449:jsY_isidentifierpart:1:0:1:1,
12414539:jsY_isdec:1:0:1:1,
12414703:jsY_next:1:0:0:
12414868:jsY_unescape:1:0:0:
12415210:textinit:1:0:0:
12415288:textpush:2:0:0:2,
12415461:textend:1:0:1:
12415870:lexnumber:1:0:1:
12417462:lexstring:1:0:1:
12417803:isregexpcontext:1:0:1:1,
12417895:lexregexp:1:0:1:
12418785:isnlthcontext:1:0:1:1,
12418846:jsY_lexx:1:0:1:
12421397:jsY_lex:1:0:1:
12438026:jsP_newnode:6:0:1:2,
12438325:jsP_list:1:0:1:
12438400:jsP_newstrnode:3:0:1:2,
12438478:jsP_newnumnode:3:1:1:2,
12438557:jsP_freejumps:2:0:0:
12438738:jsP_next:1:0:0:
12438785:semicolon:1:0:0:
12438900:checkfutureword:2:0:0:
12439033:identifier:1:0:1:
12439170:identifieropt:1:0:1:
12439217:identifiername:1:0:1:
12439345:arrayelement:1:0:1:
12442132:primary:1:0:1:
12443403:arguments:1:0:1:
12443633:newexp:1:0:1:
12444352:callexp:1:0:1:
12444883:postfix:1:0:1:
12445103:unary:1:0:1:
12445979:multiplicative:1:0:1:
12446301:additive:1:0:1:
12446526:shift:1:0:1:
12446854:relational:2:0:1:2,
12447484:equality:2:0:1:2,
12447939:bitand:2:0:1:2,
12448080:bitxor:2:0:1:2,
12448221:bitor:2:0:1:2,
12448362:logand:2:0:1:2,
12448503:logor:2:0:1:2,
12448644:conditional:2:0:1:2,
12448913:assignment:2:0:1:2,
12450147:expression:2:0:1:2,
12450288:vardec:2:0:1:2,
12450454:vardeclist:2:0:1:2,
12450665:statementlist:1:0:1:
12450913:caseclause:1:0:1:
12453034:statement:1:0:1:
12456725:scriptelement:1:0:1:
12457630:jsP_foldconst:1:0:1:
12458862:newproperty:3:0:1:
12459071:lookup:2:0:1:
12459175:skew:1:0:1:
12459259:split:1:0:1:
12459364:insert:5:0:1:
12460411:jsV_newobject:3:0:1:2,
12460664:jsV_getpropertyx:4:0:1:
12460860:jsV_setproperty:3:0:1:
12465406:js_malloc:2:0:1:2,
12465478:js_realloc:3:0:1:3,
12465553:js_free:2:0:0:
12466238:js_pushnumber:2:1:0:
12466993:js_pushliteral:2:0:0:
12467137:js_pushobject:2:0:0:
12467534:stackidx:2:0:1:2,
12469112:js_tostring:2:0:1:2,
12469164:js_toobject:2:0:1:2,
12469684:js_pop:2:0:0:2,
12470015:js_copy:2:0:0:2,
12471960:js_isarrayindex:3:0:1:
12473061:jsR_setproperty:4:0:0:
12473895:jsR_defproperty:6:0:0:4,
12475879:js_defproperty:4:0:0:2,4,
12501614:jsV_numbertoint32:1:1:1:
12501872:jsV_numbertouint32:1:1:1:
12503070:js_stringtofloat:2:0:1:
12503453:jsV_stringtonumber:2:0:1:
12504256:jsV_numbertostring:3:1:1:
12504944:jsV_tostring:2:0:1:
12505591:jsV_toobject:2:0:1:
12505816:js_newobject:1:0:0:
12506457:js_newcfunction:4:0:0:4,
12514421:newnode:2:0:1:2,
12514992:regaccept:2:0:1:2,
12516940:count:1:0:1:
12517294:regemit:2:0:1:2,
12517404:compile:2:0:0:
12522548:jsU_chartorune:2:0:1:
12522817:jsU_runetochar:2:0:1:
12522983:jsU_runelen:1:0:1:1,
12523146:jsU_bsearch:4:0:1:1,3,4,
12523739:jsU_islowerrune:1:0:1:1,
12523891:jsU_isupperrune:1:0:1:1,
12524043:jsU_isalpharune:1:0:1:1,
140737351990432::1:0:1:
140737351994352::3:0:1:
140737351990384::2:0:1:
140737351993776::3:0:1:2,
140737351989840::9:7:1:2,
140737351954880::2:0:1:
140737351978064::2:0:1:
140737351955104::6:0:1:3,6,
140737351927904::6:0:1:6,
140737351925488::6:0:1:
140737351925104::1:0:1:
140737351947360::2:0:1:2,
140737024352816:scalbn:3:2:1:1,
140737019233728:_XFreeExtData:1:0:1:
140737019306560:XrmStringToQuark:1:0:1:
