4217056:mv_begin_read:1:0:
4217088:mv_end:0:0:
4217120:mv_size_left:0:0:
4218480:set_next_block_after:1:0:
4218672:available_space_after:1:0:
4219056:short_read:1:0:
4219776:flush_archive:0:0:
4220368:find_next_block:0:0:
4232576:checkpoint_run:0:0:
4256256:info_free_exclist:1:0:
4256336:excluded_name:2:0:
4256736:check_time:3:0:
4257264:delay_set_stat:6:0:3,4,5,6,
4258368:set_stat:6:0:3,4,5,6,
4259728:apply_nonancestor_delayed_set_stat:2:0:2,
4261344:maybe_recoverable:3:0:2,
4268400:run_override_list:2:0:
4275392:xheader_xattr_init:1:0:
4275456:xheader_xattr_free:2:0:
4275952:xheader_xattr_copy:3:0:
4276064:xheader_decode:1:0:
4276896:xheader_destroy:1:0:
4292128:from_header:6:0:6,
4294240:transform_stat_info:2:0:1,
4294560:tar_checksum:1:0:
4294736:read_header:3:0:3,
4296688:decode_header:4:0:4,
4301072:print_header:2:0:
4301424:skip_file:1:0:
4303232:assign_string:2:0:
4305568:must_be_dot_or_slash:1:0:
4306640:deref_stat:2:0:
4306800:blocking_write:3:0:1,
4307088:chdir_do:1:0:1,
4309072:remove_any_file:2:0:2,
4312560:uname_to_uid:2:0:
4312720:gname_to_gid:2:0:
4314368:name_match:1:0:
4314720:all_names_found:1:0:
4317616:tar_sparse_init:1:0:
4324560:sparse_member_p:1:0:
4340672:tar_stat_close:1:0:
4340800:tar_stat_destroy:1:0:
4343744:transform_name_fp:4:0:2,
4348528:xattrs_acls_set:0:0:
4349760:xattrs_selinux_set:0:0:
4349872:xattrs_xattrs_set:2:0:
4350496:xattrs_print:0:0:
4353472:safer_name_suffix:3:0:2,3,
4393600:last_component:1:0:
4393712:base_len:1:0:
4393760:strip_trailing_slashes:1:0:
4395456:excluded_file_name:2:0:
4397344:fdutimensat:5:0:1,2,5,
4404000:full_write:3:0:1,
4426368:quotearg_buffer_restyled:6:0:5,6,
4430640:quotearg:1:0:
4431408:safe_read:3:0:1,
4431504:safe_write:3:0:1,
4434448:xmalloc:1:0:
4434944:xstrdup:1:0:
4437440:rpl_futimens:2:0:1,
4439104:rpl_utimensat:4:0:1,4,
4442896:validate_timespec:1:0:
140737351990384::2:0:
140737351954880::2:0:
140737351927904::6:0:6,
140737351925488::6:0:
140737351925104::1:0:
140737019372720:__strtoul_internal:4:0:3,4,
140737019622496:_IO_do_write:3:0:
140737019681472:strlen:1:0:
140737019694096:memchr:3:0:
140737020086368:__write:0:0:
140737019674800::2:0:
140737019682608::3:0:
140737019674192::2:0:2,
140737019249680::1:0:
140737019645056::2:0:
140737019696912::3:0:
140737019717504::3:0:
4209472::1:0:
4208384::1:0:
4210528::0:0:
4209088::2:0:
4207664::1:0:
4208816::0:0:
4209552::3:0:1,2,
4208960::0:0:
4207792::0:0:
4208368::0:0:
4209024::2:0:
4210352::1:0:
4209232::3:0:3,
4208560::5:0:1,2,5,
4207856::2:0:
4209008::3:0:
4208416::4:0:3,
4207920::0:0:
4208128::0:0:
4210144::2:0:1,
4207680::4:0:4,
