4289616:fz_tolower:INT(0)
4293577:fz_is_empty_irect:ADDR(0.3)
4299897:draw_glyph:ADDR(0.3),ADDR(0.3),ADDR(0.3),INT(0),INT(0),ADDR(0.3)
4326144:fz_aa_level:ADDR(0.3)
4333783:blit_aa:ADDR(0.3),INT(0),INT(0),ADDR(0.3),INT(0),ADDR(0.3)
4336951:fz_lock:ADDR(0.3),INT(0)
4337018:fz_unlock:ADDR(0.3),INT(0)
4337085:fz_glyph_size:ADDR(0.3),ADDR(0.3)
4337970:fz_subpixel_adjust:ADDR(0.3),ADDR(0.3),ADDR(0.3),ADDR(0.3),ADDR(0.3)
4338852:do_hash:ADDR(0.3),INT(0)
4339144:fz_render_glyph:ADDR(0.3),ADDR(0.3),INT(0),ADDR(0.3),ADDR(0.3),ADDR(0.3)
4347877:isbigendian:
4349242:fz_paint_span_with_color_4:ADDR(0.3),ADDR(0.3),INT(0),ADDR(0.3)
4350479:fz_paint_span_with_color:ADDR(0.3),ADDR(0.3),INT(0),INT(0),ADDR(0.3)
4393886:fz_var_imp:ADDR(0.3)
4394534:fz_push_try:ADDR(0.3)
4395964:fz_keep_imp:ADDR(0.3),ADDR(0.3),ADDR(0.3)
4396056:fz_drop_imp:ADDR(0.3),ADDR(0.28),ADDR(0.28)
4396280:fz_is_empty_rect:ADDR(0.3)
4396357:fz_is_infinite_rect:ADDR(0.3)
4413891:fz_bound_glyph:ADDR(0.3),ADDR(0.3),INT(0),ADDR(0.3),ADDR(0.3)
4414323:fz_glyph_cacheable:ADDR(0.3),ADDR(0.3),INT(0)
4414437:fz_advance_ft_glyph:ADDR(0.3),ADDR(0.3),INT(0)
4414724:fz_advance_glyph:ADDR(0.3),ADDR(0.3),INT(0)
4415106:fz_rect_min:ADDR(0.3)
4415120:fz_rect_max:ADDR(0.3)
4415339:fz_is_infinite_irect:ADDR(0.3)
4415396:fz_concat:ADDR(0.3),ADDR(0.3),ADDR(0.29)
4417708:fz_pre_translate:ADDR(0.3),FLOAT,FLOAT
4418892:fz_matrix_expansion:ADDR(0.3)
4419156:fz_transform_point:ADDR(0.3),ADDR(0.3)
4419451:fz_transform_vector:ADDR(0.3),ADDR(0.3)
4419580:fz_normalize_vector:ADDR(0.3)
4420977:fz_intersect_irect:ADDR(0.3),ADDR(0.3)
4421366:fz_union_rect:ADDR(0.3),ADDR(0.3)
4421676:fz_translate_irect:ADDR(0.3),INT(0),INT(0)
4422070:fz_transform_rect:ADDR(0.3),ADDR(0.3)
4422936:fz_expand_rect:ADDR(0.3),FLOAT
4423856:fz_keep_glyph:ADDR(0.3),ADDR(0.3)
4423893:fz_drop_glyph:ADDR(0.3),ADDR(0.3)
4424102:fz_glyph_bbox_no_ctx:ADDR(0.3),ADDR(0.3)
4486845:do_scavenging_malloc:ADDR(0.3),INT(0)
4486998:do_scavenging_realloc:ADDR(0.3),ADDR(0.28),INT(0)
4487157:fz_malloc:ADDR(0.3),INT(0)
4487285:fz_malloc_array:ADDR(0.3),INT(0),INT(0)
4487577:fz_calloc:ADDR(0.3),INT(0),INT(0)
4487936:fz_resize_array:ADDR(0.3),ADDR(0.28),INT(0),INT(0)
4488284:fz_free:ADDR(0.3),ADDR(0.3)
4488671:find_context:ADDR(0.3)
4489081:fz_lock_debug_lock:ADDR(0.3),INT(0)
4489291:fz_lock_debug_unlock:ADDR(0.3),INT(0)
4511002:fz_pixmap_bbox_no_ctx:ADDR(0.3),ADDR(0.3)
4522381:fz_pixmap_size:ADDR(0.3),ADDR(0.04)
4558636:add_char_to_span:ADDR(0.3),ADDR(0.3),INT(0),ADDR(0.3),ADDR(0.3),ADDR(0.3)
4559018:fz_add_text_char_imp:ADDR(0.3),ADDR(0.3),ADDR(0.3),INT(0),ADDR(0.3),INT(0),FLOAT
4560328:fz_add_text_char:ADDR(0.3),ADDR(0.3),ADDR(0.3),INT(0),ADDR(0.3),INT(0),FLOAT
4563586:fz_bidi_direction:INT(0),INT(0)
4568791:fz_keep_storable:ADDR(0.3),ADDR(0.3)
4568832:fz_drop_storable:ADDR(0.3),ADDR(0.28)
4577614:fz_available:ADDR(0.3),ADDR(0.3),INT(0)
4578084:fz_read_byte:ADDR(0.3),ADDR(0.3)
4578624:fz_read:ADDR(0.3),ADDR(0.3),ADDR(0.3),INT(0)
4581128:fz_strlcpy:ADDR(0.3),ADDR(0.03),INT(0)
4583499:fz_atoi:ADDR(0.3)
4583539:fz_atoo:ADDR(0.3)
4586404:frnorm:ADDR(0.3)
4586608:fpcmp:ADDR(0.3),ADDR(0.3)
4588368:fz_min:FLOAT,FLOAT
4588411:fz_max:FLOAT,FLOAT
4589638:fz_grow_text:ADDR(0.3),ADDR(0.3),INT(0)
4589757:fz_add_text:ADDR(0.3),ADDR(0.3),INT(0),INT(0),FLOAT,FLOAT
4592856:get_ucd_record:INT(0)
4594101:ucdn_get_bidi_class:INT(0)
4639482:pdf_new_int_offset:ADDR(0.3),ADDR(0.3),INT(0)
4640098:pdf_keep_obj:ADDR(0.3),ADDR(0.16)
4640143:pdf_is_indirect:ADDR(0.3),ADDR(0.3)
4641154:pdf_to_int:ADDR(0.3),ADDR(0.21)
4642253:pdf_to_num:ADDR(0.3),ADDR(0.3)
4642303:pdf_to_gen:ADDR(0.3),ADDR(0.3)
4642353:pdf_get_indirect_document:ADDR(0.3),ADDR(0.3)
4644837:pdf_array_get:ADDR(0.3),ADDR(0.3),INT(0)
4644981:object_altered:ADDR(0.3),ADDR(0.3),ADDR(0.27)
4645554:pdf_array_push:ADDR(0.3),ADDR(0.3),ADDR(0.3)
4651527:pdf_dict_find:ADDR(0.3),ADDR(0.3),INT(0)
4652854:pdf_dict_get:ADDR(0.3),ADDR(0.27),INT(0)
4661027:pdf_drop_obj:ADDR(0.3),ADDR(0.19)
4661171:pdf_set_obj_parent:ADDR(0.3),ADDR(0.26),INT(0)
4715850:iswhite:INT(0)
4717243:pdf_xref_len:ADDR(0.3),ADDR(0.3)
4718388:pdf_get_xref_entry:ADDR(0.3),ADDR(0.3),INT(0)
4742005:pdf_cache_object:ADDR(0.3),ADDR(0.3),INT(0),INT(0)
4744180:pdf_resolve_indirect:ADDR(0.3),ADDR(0.3)
4985690:pdf_lookup_agl:INT(0)
4989235:ft_char_index:ADDR(0.3),INT(0)
4989349:ft_cid_to_gid:ADDR(0.3),INT(0)
4989492:pdf_font_cid_to_gid:ADDR(0.3),ADDR(0.3),INT(0)
4989703:lookup_mre_code:INT(0)
11171964:fz_unread_byte:ADDR(0.3),ADDR(0.3)
11172055:unhex:INT(0)
11172129:lex_white:ADDR(0.3),ADDR(0.3)
11172272:lex_number:ADDR(0.3),ADDR(0.3),ADDR(0.3),INT(0)
11172832:lex_name:ADDR(0.3),ADDR(0.3),ADDR(0.3)
11174430:pdf_token_from_keyword:ADDR(0.3)
11175160:pdf_lex:ADDR(0.3),ADDR(0.3),ADDR(0.3)
11176688:pdf_add_hmtx:ADDR(0.3),ADDR(0.3),INT(0),INT(0),INT(0)
11177652:pdf_lookup_hmtx:ADDR(0.3),ADDR(0.3),INT(0)
11193325:pdf_show_char:ADDR(0.3),ADDR(0.3),INT(0)
11380080:pdf_lookup_cmap:ADDR(0.3),INT(0)
11381534:pdf_decode_cmap:ADDR(0.3),ADDR(0.3),ADDR(0.3),ADDR(0.3)
11424215:_ft_face_scale_advances:ADDR(0.3),ADDR(0.3),INT(0),INT(0)
11424436:FT_Get_Advance:ADDR(0.3),INT(0),INT(0),ADDR(0.3)
11425156:FT_MulFix_x86_64:INT(0.02),INT(0)
11425406:FT_MulDiv:INT(0),INT(0),INT(0)
11425654:FT_MulFix:INT(0),INT(0)
11425693:FT_DivFix:INT(0),INT(0)
11427774:FT_GlyphLoader_Rewind:ADDR(0.3)
11440337:ft_recompute_scaled_metrics:ADDR(0.3),ADDR(0.3)
11440883:FT_Request_Metrics:ADDR(0.3),ADDR(0.3)
11442135:FT_Request_Size:ADDR(0.3),ADDR(0.3)
11442421:FT_Set_Char_Size:ADDR(0.3),INT(0),INT(0),INT(0),INT(0)
11444831:FT_Get_Char_Index:ADDR(0.3),INT(0)
11455762:FT_Outline_Get_CBox:ADDR(0.3),ADDR(0.3)
11456093:FT_Outline_Translate:ADDR(0.3),INT(0),INT(0)
11456950:FT_Vector_Transform:ADDR(0.3),ADDR(0.3)
11464191:FT_Stream_Seek:ADDR(0.3),INT(0)
11464375:FT_Stream_Pos:ADDR(0.3)
11465052:FT_Stream_EnterFrame:ADDR(0.3),INT(0)
11465460:FT_Stream_ExitFrame:ADDR(0.3)
11466447:FT_Stream_ReadUShort:ADDR(0.3),ADDR(0.3)
11471305:ft_mem_alloc:ADDR(0.3),INT(0),ADDR(0.3)
11471402:ft_mem_qalloc:ADDR(0.3),INT(0),ADDR(0.3)
11471967:ft_mem_free:ADDR(0.3),ADDR(0.28)
11632060:tt_face_lookup_table:ADDR(0.3),ADDR(0.3)
11678875:gray_find_cell:ADDR(0.3)
11679188:gray_record_cell:ADDR(0.3)
11679306:gray_set_cell:ADDR(0.3),INT(0),INT(0)
11679584:gray_start_cell:ADDR(0.3),INT(0),INT(0)
11679820:gray_render_scanline:ADDR(0.3),INT(0),INT(0),INT(0),INT(0),INT(0)
11680715:gray_render_line:ADDR(0.3),INT(0),INT(0)
11682220:gray_split_conic:ADDR(0.3)
11682572:gray_render_conic:ADDR(0.3),ADDR(0.3),ADDR(0.3)
11685939:gray_hline:ADDR(0.3),INT(0),INT(0),INT(0),INT(0)
11696868:TT_Get_HMetrics:ADDR(0.3),INT(0),ADDR(0.3),ADDR(0.3)
11718164:tt_size_reset:ADDR(0.3)
12348742:jsB_propf:ADDR(0.3),INT(0),INT(0),INT(0)
12352799:emitraw:ADDR(0.3),ADDR(0.3),INT(0)
12352986:emit:ADDR(0.3),ADDR(0.3),INT(0)
12353029:emitline:ADDR(0.3),ADDR(0.3),ADDR(0.3)
12353537:addstring:ADDR(0.3),ADDR(0.3),ADDR(0.3)
12353777:addlocal:ADDR(0.3),ADDR(0.3),ADDR(0.3),INT(0)
12354201:findlocal:ADDR(0.3),ADDR(0.3),ADDR(0.3)
12354390:emitnumber:ADDR(0.3),ADDR(0.3),FLOAT
12354869:emitstring:ADDR(0.3),ADDR(0.3),INT(0),ADDR(0.3)
12354960:emitlocal:ADDR(0.3),ADDR(0.3),INT(0),INT(0),ADDR(0.3)
12355254:emitjump:ADDR(0.3),ADDR(0.3),INT(0)
12355438:labelto:ADDR(0.3),ADDR(0.3),INT(0),INT(0)
12355521:label:ADDR(0.3),ADDR(0.3),INT(0)
12355759:cbinary:ADDR(0.3),ADDR(0.3),ADDR(0.3),INT(0)
12356914:cargs:ADDR(0.3),ADDR(0.3),ADDR(0.25)
12356998:cassign:ADDR(0.3),ADDR(0.3),ADDR(0.3)
12359058:ccall:ADDR(0.3),ADDR(0.3),ADDR(0.3),ADDR(0.25)
12359553:jsC_cexp:ADDR(0.29703),ADDR(0.29703),ADDR(0.29703)
12362934:isloop:INT(0)
12362991:isfun:INT(0)
12363479:cexit:ADDR(0.3),ADDR(0.3),INT(0),ADDR(0.3),ADDR(0.3)
12365761:cstm:ADDR(0.3),ADDR(0.3),ADDR(0.3)
12368875:cstmlist:ADDR(0.3),ADDR(0.3),ADDR(0.3)
12368945:analyze:ADDR(0.29703),ADDR(0.29703),ADDR(0.29703)
12369538:cvardecs:ADDR(0.29703),ADDR(0.29703),ADDR(0.29703)
12388660:umuldiv:INT(0),ADDR(0.3),INT(0)
12388901:js_strtod:INT(0),INT(0)
12392012:divby:ADDR(0.3),ADDR(0.3),INT(0)
12392401:divascii:ADDR(0.3),ADDR(0.3),ADDR(0.3),ADDR(0.3)
12392574:mulby:ADDR(0.3),ADDR(0.3),ADDR(0.3),INT(0)
12392804:mulascii:ADDR(0.3),ADDR(0.3),ADDR(0.3),ADDR(0.3)
12409430:jsG_freeproperty:ADDR(0.3),ADDR(0.3)
12409562:jsG_freeobject:ADDR(0.3),ADDR(0.3)
12412544:jsS_newstringnode:ADDR(0.3),INT(0),ADDR(0.3)
12412694:jsS_skew:ADDR(0.3)
12412775:jsS_split:ADDR(0.3)
12412878:jsS_insert:ADDR(0.288462),ADDR(0.288462),INT(0),ADDR(0.288462)
12413368:jsS_freestringnode:ADDR(0.29703),ADDR(0.29703)
12413547:js_intern:ADDR(0.3),INT(0)
12414000:jsY_findword:ADDR(0.3),ADDR(0.3),INT(0)
12414145:jsY_findkeyword:ADDR(0.3),ADDR(0.3)
12414257:jsY_iswhite:INT(0)
12414320:jsY_isnewline:INT(0)
12414371:jsY_isidentifierstart:INT(0)
12414449:jsY_isidentifierpart:INT(0)
12414539:jsY_isdec:INT(0)
12414703:jsY_next:ADDR(0.3)
12414868:jsY_unescape:ADDR(0.3)
12415210:textinit:ADDR(0.3)
12415288:textpush:ADDR(0.3),INT(0)
12415461:textend:ADDR(0.3)
12415870:lexnumber:ADDR(0.3)
12417462:lexstring:ADDR(0.3)
12418785:isnlthcontext:INT(0)
12418846:jsY_lexx:ADDR(0.3)
12421397:jsY_lex:ADDR(0.3)
12438026:jsP_newnode:ADDR(0.3),INT(0),ADDR(0.15),INT(0.01),INT(0),INT(0)
12438325:jsP_list:ADDR(0.3)
12438400:jsP_newstrnode:ADDR(0.3),INT(0),ADDR(0.3)
12438478:jsP_newnumnode:ADDR(0.3),INT(0),FLOAT
12438557:jsP_freejumps:ADDR(0.3),INT(0)
12438738:jsP_next:ADDR(0.3)
12438785:semicolon:ADDR(0.3)
12438900:checkfutureword:ADDR(0.3),ADDR(0.3)
12439033:identifier:ADDR(0.3)
12439217:identifiername:ADDR(0.3)
12439345:arrayelement:ADDR(0.3)
12442132:primary:ADDR(0.3)
12443403:arguments:ADDR(0.3)
12443633:newexp:ADDR(0.29703)
12444352:callexp:ADDR(0.29703)
12444883:postfix:ADDR(0.29703)
12445103:unary:ADDR(0.29703)
12445979:multiplicative:ADDR(0.29703)
12446301:additive:ADDR(0.3)
12446526:shift:ADDR(0.3)
12446854:relational:ADDR(0.3),INT(0)
12447484:equality:ADDR(0.3),INT(0)
12447939:bitand:ADDR(0.3),INT(0)
12448080:bitxor:ADDR(0.3),INT(0)
12448221:bitor:ADDR(0.3),INT(0)
12448362:logand:ADDR(0.3),INT(0)
12448503:logor:ADDR(0.3),INT(0)
12448644:conditional:ADDR(0.3),INT(0)
12448913:assignment:ADDR(0.3),INT(0)
12450147:expression:ADDR(0.3),INT(0)
12450665:statementlist:ADDR(0.3)
12453034:statement:ADDR(0.3)
12456725:scriptelement:ADDR(0.3)
12457630:jsP_foldconst:ADDR(0.29703)
12458862:newproperty:ADDR(0.3),ADDR(0.3),INT(0)
12459071:lookup:ADDR(0.3),ADDR(0.04)
12459175:skew:ADDR(0.3)
12459259:split:ADDR(0.3)
12459364:insert:ADDR(0.3),ADDR(0.3),ADDR(0.3),INT(0),ADDR(0.3)
12460411:jsV_newobject:ADDR(0.3),INT(0),ADDR(0.27)
12460664:jsV_getpropertyx:ADDR(0.3),ADDR(0.3),ADDR(0.24),ADDR(0.3)
12460860:jsV_setproperty:ADDR(0.3),ADDR(0.3),INT(0)
12465406:js_malloc:ADDR(0.3),INT(0)
12465478:js_realloc:ADDR(0.3),ADDR(0.07),INT(0)
12465553:js_free:ADDR(0.3),ADDR(0.3)
12466238:js_pushnumber:ADDR(0.3),FLOAT
12467137:js_pushobject:ADDR(0.3),ADDR(0.3)
12467534:stackidx:ADDR(0.3),INT(0.3)
12469164:js_toobject:ADDR(0.3),INT(0.3)
12469684:js_pop:ADDR(0.3),INT(0)
12470015:js_copy:ADDR(0.3),INT(0.3)
12473061:jsR_setproperty:ADDR(0.3),ADDR(0.3),ADDR(0.24),ADDR(0.3)
12473895:jsR_defproperty:ADDR(0.3),ADDR(0.3),INT(0),INT(0),ADDR(0.3),INT(0)
12475879:js_defproperty:ADDR(0.3),INT(0.3),INT(0),INT(0)
12505591:jsV_toobject:ADDR(0.3),ADDR(0.3)
12505816:js_newobject:ADDR(0.3)
12506457:js_newcfunction:ADDR(0.3),INT(0),INT(0),INT(0)
12514992:regaccept:ADDR(0.3),INT(0)
12522548:jsU_chartorune:ADDR(0.3),INT(0)
12522817:jsU_runetochar:ADDR(0.3),ADDR(0.3)
12522983:jsU_runelen:INT(0)
12523146:jsU_bsearch:INT(0),ADDR(0.3),INT(0),INT(0)
12523739:jsU_islowerrune:INT(0)
12523891:jsU_isupperrune:INT(0)
12524043:jsU_isalpharune:INT(0)
140737020490288:scalbn:INT(0.3),FLOAT
140737008313792:_XFreeExtData:INT(0)
140737008426400:_XSend:ADDR(0.3),ADDR(0.05),INT(0)
140737008426864:_XEventsQueued:ADDR(0.3),INT(0)
140737008438304:_XGetRequest:ADDR(0.3),INT(0),INT(0)
140737008486176:_XlcGetCharSet:ADDR(0.3)
140737002360048:_IO_vfprintf:ADDR(0.3),ADDR(0.3),ADDR(0.3)
140737002562816:_IO_setb:ADDR(0.3),ADDR(0.26),ADDR(0.26),INT(0)
140737002617536:strlen:ADDR(0.28)
140737002630160:memchr:ADDR(0.3),INT(0),INT(0)
140737002662592:strchrnul:ADDR(0.3),INT(0)
140736966981040:XRenderFindDisplay:ADDR(0.3)
