4225337:fz_mini:INT(0),INT(0),INT(0)
4227452:next_pool_image:ADDR(1.2)
4289616:fz_tolower:INT(0),INT(0)
4293577:fz_is_empty_irect:INT(0),ADDR(1)
4299897:draw_glyph:INT(0),ADDR(1),ADDR(1),ADDR(1),INT(0),INT(0),ADDR(1)
4325642:fz_clamp:INT(0),FLOAT,FLOAT,FLOAT
4326144:fz_aa_level:INT(0),ADDR(1)
4333783:blit_aa:INT(0),ADDR(1),INT(0),INT(0),ADDR(1),INT(0),ADDR(1)
4336951:fz_lock:INT(0),ADDR(1),INT(0)
4337018:fz_unlock:INT(0),ADDR(1),INT(0)
4337085:fz_glyph_size:INT(0),ADDR(1),ADDR(1)
4337233:drop_glyph_cache_entry:INT(0),ADDR(1),ADDR(1)
4337970:fz_subpixel_adjust:INT(0),ADDR(1),ADDR(1),ADDR(1),ADDR(1),ADDR(1)
4338852:do_hash:INT(0),ADDR(1),INT(0)
4338963:move_to_front:ADDR(1),ADDR(1),ADDR(1)
4339144:fz_render_glyph:ADDR(2.24),ADDR(1),ADDR(1),INT(0),ADDR(1),ADDR(1),ADDR(1)
4347877:isbigendian:INT(0)
4349242:fz_paint_span_with_color_4:INT(0),ADDR(1),ADDR(1),INT(0),ADDR(1)
4350479:fz_paint_span_with_color:INT(0),ADDR(1),ADDR(1),INT(0),INT(0),ADDR(1)
4357469:fz_paint_glyph_solid_N:INT(0),ADDR(1),INT(0),INT(0),ADDR(1),ADDR(1),INT(0)
4358647:fz_paint_glyph_solid:INT(0),ADDR(1),INT(0),INT(0),ADDR(1),ADDR(1),INT(0)
4358863:fz_paint_glyph:INT(0),ADDR(1),ADDR(1),ADDR(1),ADDR(1),INT(0),INT(0)
4393886:fz_var_imp:ADDR(13.08),ADDR(1)
4394534:fz_push_try:INT(0),ADDR(1)
4395964:fz_keep_imp:ADDR(4.46),ADDR(1),ADDR(1),ADDR(1)
4396056:fz_drop_imp:INT(0),ADDR(1),ADDR(0.96),ADDR(0.96)
4396357:fz_is_infinite_rect:INT(0),ADDR(1)
4397073:fz_keep_font:ADDR(1.36),ADDR(1),ADDR(1)
4397473:fz_drop_font:INT(0),ADDR(1),ADDR(1)
4400743:fz_adjust_ft_glyph_width:ADDR(1.94),ADDR(1),ADDR(1),INT(0),ADDR(1)
4401129:glyph_from_ft_bitmap:ADDR(1.22),ADDR(1),INT(0),INT(0),ADDR(1)
4401601:do_ft_render_glyph:ADDR(1.22),ADDR(1),ADDR(1),INT(0),ADDR(1),INT(0)
4403448:fz_render_ft_glyph:ADDR(1.22),ADDR(1),ADDR(1),INT(0),ADDR(1),INT(0)
4413891:fz_bound_glyph:ADDR(4.48),ADDR(1),ADDR(1),INT(0),ADDR(1),ADDR(1)
4414323:fz_glyph_cacheable:INT(0),ADDR(1),ADDR(1),INT(0)
4414437:fz_advance_ft_glyph:INT(0),ADDR(1),ADDR(1),INT(0)
4414724:fz_advance_glyph:INT(0),ADDR(1),ADDR(1),INT(0)
4415106:fz_rect_min:ADDR(5.18),ADDR(1)
4415120:fz_rect_max:ADDR(5.18),ADDR(1)
4415138:fz_is_empty_rect:INT(0),ADDR(1)
4415339:fz_is_infinite_irect:INT(0),ADDR(1)
4415396:fz_concat:ADDR(9.8),ADDR(1),ADDR(1),ADDR(0.98)
4417708:fz_pre_translate:ADDR(2.62),ADDR(1),FLOAT,FLOAT
4418892:fz_matrix_expansion:INT(0),ADDR(1)
4419156:fz_transform_point:ADDR(11.34),ADDR(1),ADDR(1)
4419451:fz_transform_vector:ADDR(2.4),ADDR(1),ADDR(1)
4419580:fz_normalize_vector:ADDR(2.36),ADDR(1)
4420977:fz_intersect_irect:ADDR(4.72),ADDR(1),ADDR(1)
4421366:fz_union_rect:ADDR(2.52),ADDR(1),ADDR(1)
4421676:fz_translate_irect:ADDR(2.24),ADDR(1),INT(0),INT(0)
4422070:fz_transform_rect:ADDR(5.2),ADDR(1),ADDR(1)
4422936:fz_expand_rect:ADDR(2.24),ADDR(1),FLOAT
4423856:fz_keep_glyph:ADDR(2.24),ADDR(1),ADDR(1)
4423893:fz_drop_glyph:INT(0),ADDR(1),ADDR(1)
4424102:fz_glyph_bbox_no_ctx:ADDR(2.24),ADDR(1),ADDR(1)
4425448:fz_new_glyph_from_8bpp_data:ADDR(1.22),ADDR(1),INT(0),INT(0),INT(0),INT(0),ADDR(0.96)
4486845:do_scavenging_malloc:ADDR(143.34),ADDR(1),INT(0)
4486998:do_scavenging_realloc:ADDR(3.7),ADDR(1),ADDR(0.96),INT(0)
4487157:fz_malloc:ADDR(7.5),ADDR(1),INT(0)
4487285:fz_malloc_array:ADDR(133.04),ADDR(1),INT(0),INT(0)
4487577:fz_calloc:ADDR(2.62),ADDR(1),INT(0),INT(0)
4487936:fz_resize_array:ADDR(3.7),ADDR(1),ADDR(0.96),INT(0),INT(0)
4488284:fz_free:INT(0),ADDR(1),ADDR(1)
4488671:find_context:INT(0),ADDR(1)
4489081:fz_lock_debug_lock:INT(0),ADDR(1),INT(0)
4489291:fz_lock_debug_unlock:INT(0),ADDR(1),INT(0)
4509731:fz_drop_pixmap:INT(0),ADDR(1),ADDR(0.18)
4511002:fz_pixmap_bbox_no_ctx:ADDR(2.28),ADDR(1),ADDR(1)
4522381:fz_pixmap_size:INT(0),ADDR(1),ADDR(0.2)
4558636:add_char_to_span:ADDR(2.24),ADDR(1),ADDR(1),INT(0),ADDR(1),ADDR(1),ADDR(1)
4559018:fz_add_text_char_imp:ADDR(2.24),ADDR(1),ADDR(1),ADDR(1),INT(0),ADDR(1),INT(0),FLOAT
4560328:fz_add_text_char:ADDR(2.24),ADDR(1),ADDR(1),ADDR(1),INT(0),ADDR(1),INT(0),FLOAT
4563586:fz_bidi_direction:INT(0),INT(0),INT(0)
4568791:fz_keep_storable:ADDR(2.82),ADDR(1),ADDR(1)
4568832:fz_drop_storable:INT(0),ADDR(1),ADDR(0.96)
4577614:fz_available:INT(0),ADDR(1),ADDR(1),INT(0)
4578624:fz_read:INT(0),ADDR(1),ADDR(1),ADDR(1),INT(0)
4581128:fz_strlcpy:INT(0),ADDR(1),ADDR(0.06),INT(0)
4583499:fz_atoi:INT(0),ADDR(1)
4583539:fz_atoo:INT(0),ADDR(1)
4586404:frnorm:ADDR(1958.48),ADDR(1)
4586608:fpcmp:INT(0),ADDR(1),ADDR(1)
4588368:fz_min:INT(0),FLOAT,FLOAT
4588411:fz_max:INT(0),FLOAT,FLOAT
4589638:fz_grow_text:ADDR(0.08),ADDR(1),ADDR(1),INT(0)
4589757:fz_add_text:ADDR(2.24),ADDR(1),ADDR(1),INT(0),INT(0),FLOAT,FLOAT
4592856:get_ucd_record:INT(0),INT(0)
4594101:ucdn_get_bidi_class:INT(0),INT(0)
4639482:pdf_new_int_offset:ADDR(4.54),ADDR(1),ADDR(1),INT(0)
4639820:pdf_new_name:ADDR(0.16),ADDR(1),ADDR(1),ADDR(1)
4640098:pdf_keep_obj:ADDR(5.98),ADDR(1),ADDR(0.58)
4640143:pdf_is_indirect:INT(0),ADDR(1),ADDR(1)
4641154:pdf_to_int:INT(0),ADDR(1),ADDR(0.82)
4642253:pdf_to_num:INT(0),ADDR(1),ADDR(1)
4642303:pdf_to_gen:INT(0),ADDR(1),ADDR(1)
4642353:pdf_get_indirect_document:ADDR(2.26),ADDR(1),ADDR(1)
4644837:pdf_array_get:ADDR(8.68),ADDR(1),ADDR(0.92),INT(0)
4644981:object_altered:INT(0),ADDR(1),ADDR(1),ADDR(0.9)
4645554:pdf_array_push:INT(0),ADDR(1),ADDR(1),ADDR(0.94)
4650796:pdf_dict_get_val:ADDR(0.84),ADDR(1),ADDR(1),INT(0)
4651527:pdf_dict_find:INT(0),ADDR(1),ADDR(1),INT(0)
4652854:pdf_dict_get:ADDR(1.12),ADDR(1),ADDR(0.94),INT(0)
4653248:pdf_dict_put:INT(0),ADDR(1),ADDR(1),ADDR(0.04),ADDR(0.78)
4661027:pdf_drop_obj:ADDR(4.44),ADDR(1),ADDR(0.58)
4661171:pdf_set_obj_parent:ADDR(0.3),ADDR(1),ADDR(0.9),INT(0)
4715850:iswhite:INT(0),INT(0)
4717243:pdf_xref_len:INT(0),ADDR(1),ADDR(1)
4718388:pdf_get_xref_entry:ADDR(12.84),ADDR(1),ADDR(1),INT(0)
4742005:pdf_cache_object:ADDR(2.1),ADDR(1),ADDR(1),INT(0),INT(0)
4744180:pdf_resolve_indirect:ADDR(2.02),ADDR(1),ADDR(1)
4985690:pdf_lookup_agl:INT(0),INT(0)
4989235:ft_char_index:INT(0),ADDR(1),INT(0)
4989349:ft_cid_to_gid:INT(0),ADDR(1),INT(0)
4989492:pdf_font_cid_to_gid:INT(0),ADDR(1),ADDR(1),INT(0)
4989703:lookup_mre_code:INT(0),INT(0)
11144758:pdf_clear_stack:ADDR(1.5),ADDR(1),ADDR(1)
11158124:pdf_process_keyword:INT(0),ADDR(1),ADDR(1),ADDR(1),ADDR(1),ADDR(1)
11171537:fz_read_byte:INT(0),ADDR(1),ADDR(1)
11171964:fz_unread_byte:ADDR(29.84),ADDR(1),ADDR(1)
11172055:unhex:INT(0),INT(0)
11172129:lex_white:ADDR(13.98),ADDR(1),ADDR(1)
11172272:lex_number:INT(0),ADDR(1),ADDR(1),ADDR(1),INT(0)
11172832:lex_name:ADDR(4.54),ADDR(1),ADDR(1),ADDR(1)
11174430:pdf_token_from_keyword:INT(0),ADDR(1)
11175160:pdf_lex:INT(0),ADDR(1),ADDR(1),ADDR(1)
11176688:pdf_add_hmtx:ADDR(3.84),ADDR(1),ADDR(1),INT(0),INT(0),INT(0)
11177652:pdf_lookup_hmtx:INT(0),ADDR(1),ADDR(1),INT(0)
11193325:pdf_show_char:INT(0),ADDR(1),ADDR(1),INT(0)
11380080:pdf_lookup_cmap:INT(0),ADDR(1),INT(0)
11381534:pdf_decode_cmap:INT(0),ADDR(1),ADDR(1),ADDR(1),ADDR(1)
11424215:_ft_face_scale_advances:INT(0),ADDR(1),ADDR(1),INT(0),INT(0)
11424436:FT_Get_Advance:INT(0),ADDR(1),INT(0),INT(0),ADDR(1)
11425156:FT_MulFix_x86_64:INT(0),INT(0),INT(0)
11425406:FT_MulDiv:INT(0),INT(0),INT(0),INT(0)
11425654:FT_MulFix:INT(0),INT(0),INT(0)
11425693:FT_DivFix:INT(0),INT(0),INT(0)
11427774:FT_GlyphLoader_Rewind:ADDR(2.04),ADDR(1)
11428244:FT_GlyphLoader_Adjust_Points:ADDR(1.96),ADDR(1)
11428609:FT_GlyphLoader_Adjust_Subglyphs:ADDR(1.86),ADDR(1)
11429522:FT_GlyphLoader_Prepare:ADDR(1.86),ADDR(1)
11429602:FT_GlyphLoader_Add:ADDR(1.86),ADDR(1)
11431118:ft_glyphslot_free_bitmap:ADDR(1.96),ADDR(1)
11431491:ft_glyphslot_clear:ADDR(1.94),ADDR(1)
11432564:FT_Set_Transform:INT(0),ADDR(1),ADDR(1),ADDR(1)
11433405:FT_Load_Glyph:INT(0),ADDR(1),INT(0),INT(0)
11440337:ft_recompute_scaled_metrics:ADDR(2.02),ADDR(1),ADDR(1)
11440883:FT_Request_Metrics:ADDR(2.02),ADDR(1),ADDR(1)
11442135:FT_Request_Size:INT(0),ADDR(1),ADDR(1)
11442421:FT_Set_Char_Size:INT(0),ADDR(1),INT(0),INT(0),INT(0),INT(0)
11444831:FT_Get_Char_Index:INT(0),ADDR(1),INT(0)
11447895:ft_lookup_glyph_renderer:ADDR(1.22),ADDR(1)
11448933:FT_Render_Glyph_Internal:INT(0),ADDR(1),ADDR(1),INT(0)
11449231:FT_Render_Glyph:INT(0),ADDR(1),INT(0)
11452757:FT_Outline_Decompose:INT(0),ADDR(1),INT(0),ADDR(1)
11454974:FT_Outline_Check:INT(0),ADDR(1)
11455762:FT_Outline_Get_CBox:ADDR(3.88),ADDR(1),ADDR(1)
11456093:FT_Outline_Translate:INT(0),ADDR(1),INT(0),INT(0)
11456950:FT_Vector_Transform:ADDR(37.34),ADDR(1),ADDR(1)
11457141:FT_Outline_Transform:ADDR(1.22),ADDR(1),ADDR(1)
11464191:FT_Stream_Seek:INT(0),ADDR(1),INT(0)
11464375:FT_Stream_Pos:INT(0),ADDR(1)
11465052:FT_Stream_EnterFrame:INT(0),ADDR(1),INT(0)
11465460:FT_Stream_ExitFrame:ADDR(2.3),ADDR(1)
11466447:FT_Stream_ReadUShort:INT(0),ADDR(1),ADDR(1)
11471305:ft_mem_alloc:ADDR(1.98),ADDR(1),INT(0),ADDR(1)
11471402:ft_mem_qalloc:ADDR(1.98),ADDR(1),INT(0),ADDR(1)
11471967:ft_mem_free:ADDR(1.34),ADDR(1),ADDR(0.94)
11632060:tt_face_lookup_table:ADDR(2.2),ADDR(1),INT(0)
11678181:gray_init_cells:ADDR(1.16),ADDR(1),ADDR(1),INT(0)
11678332:gray_compute_cbox:ADDR(1.16),ADDR(1)
11678875:gray_find_cell:ADDR(484.9),ADDR(1)
11679188:gray_record_cell:ADDR(484.9),ADDR(1)
11679306:gray_set_cell:INT(0),ADDR(1),INT(0),INT(0)
11679584:gray_start_cell:INT(0),ADDR(1),INT(0),INT(0)
11679820:gray_render_scanline:ADDR(306.02),ADDR(1),INT(0),INT(0),INT(0),INT(0),INT(0)
11680715:gray_render_line:ADDR(115.14),ADDR(1),INT(0),INT(0)
11682220:gray_split_conic:INT(0),ADDR(1)
11682572:gray_render_conic:ADDR(35.28),ADDR(1),ADDR(1),ADDR(1)
11685939:gray_hline:ADDR(477.18),ADDR(1),INT(0),INT(0),INT(0),INT(0)
11686509:gray_sweep:ADDR(1.46),ADDR(1),ADDR(1)
11687012:gray_convert_glyph_inner:INT(0),ADDR(1)
11687121:gray_convert_glyph:INT(0),ADDR(1)
11690643:ft_smooth_render_generic:INT(0),ADDR(1),ADDR(1),INT(0),INT(0),INT(0)
11694540:tt_face_get_location:INT(0),ADDR(1),INT(0),ADDR(1)
11696868:TT_Get_HMetrics:INT(0),ADDR(1),INT(0),ADDR(1),ADDR(1)
11696936:TT_Get_VMetrics:ADDR(1.94),ADDR(1),INT(0),INT(0),ADDR(1),ADDR(1)
11697173:tt_get_metrics:INT(0),ADDR(1),INT(0)
11702940:TT_Process_Simple_Glyph:INT(0),ADDR(1)
11705669:load_truetype_glyph:INT(0),ADDR(1),INT(0),INT(0),INT(0)
11708574:compute_glyph_metrics:INT(0),ADDR(1),INT(0)
11709423:tt_loader_init:INT(0),ADDR(1),ADDR(1),ADDR(1),INT(0),INT(0)
11710619:TT_Load_Glyph:INT(0),ADDR(1),ADDR(1),INT(0),INT(0)
11718164:tt_size_reset:INT(0),ADDR(1)
12348742:jsB_propf:INT(0),ADDR(1),INT(0),INT(0),INT(0)
12352799:emitraw:INT(0),ADDR(1),ADDR(1),INT(0)
12352986:emit:INT(0),ADDR(1),ADDR(1),INT(0)
12353029:emitline:INT(0),ADDR(1),ADDR(1),ADDR(1)
12353537:addstring:INT(0),ADDR(1),ADDR(1),ADDR(1)
12353777:addlocal:ADDR(2.56),ADDR(1),ADDR(1),ADDR(1),INT(0)
12354201:findlocal:INT(0),ADDR(1),ADDR(1),ADDR(1)
12354390:emitnumber:INT(0),ADDR(1),ADDR(1),FLOAT
12354869:emitstring:INT(0),ADDR(1),ADDR(1),INT(0),ADDR(1)
12354960:emitlocal:INT(0),ADDR(1),ADDR(1),INT(0),INT(0),ADDR(1)
12355254:emitjump:INT(0),ADDR(1),ADDR(1),INT(0)
12355438:labelto:INT(0),ADDR(1),ADDR(1),INT(0),INT(0)
12355521:label:INT(0),ADDR(1),ADDR(1),INT(0)
12355759:cbinary:INT(0),ADDR(1),ADDR(1),ADDR(1),INT(0)
12356914:cargs:INT(0),ADDR(1),ADDR(1),ADDR(0.78)
12356998:cassign:INT(0),ADDR(1),ADDR(1),ADDR(1)
12357879:cassignop1:INT(0),ADDR(1),ADDR(1),ADDR(1)
12358190:cassignop2:INT(0),ADDR(1),ADDR(1),ADDR(1),INT(0)
12359058:ccall:INT(0),ADDR(1),ADDR(1),ADDR(1),ADDR(0.82)
12359553:jsC_cexp:INT(0),ADDR(1),ADDR(1),ADDR(1)
12362713:addjump:ADDR(1.48),ADDR(1),ADDR(1),INT(0),ADDR(1),INT(0)
12362934:isloop:INT(0),INT(0)
12362991:isfun:INT(0),INT(0)
12363129:breaktarget:ADDR(1.48),ADDR(1),ADDR(1),ADDR(1),INT(0)
12363479:cexit:ADDR(2.12),ADDR(1),ADDR(1),INT(0),ADDR(1),ADDR(1)
12365601:cvarinit:INT(0),ADDR(1),ADDR(1),ADDR(1)
12365761:cstm:ADDR(1.68),ADDR(1),ADDR(1),ADDR(1)
12368875:cstmlist:ADDR(0.0980392),ADDR(1),ADDR(1),ADDR(0.960784)
12368945:analyze:ADDR(0.56),ADDR(1),ADDR(1),ADDR(1)
12369538:cvardecs:INT(0),ADDR(1),ADDR(1),ADDR(1)
12386662:fmtpow10:INT(0),INT(0)
12387125:js_fmtexp:INT(0),ADDR(1),INT(0)
12387409:js_dtoa:INT(0),ADDR(1),ADDR(1),ADDR(1),ADDR(1),FLOAT
12388660:umuldiv:INT(0),INT(0),INT(0),INT(0)
12388901:js_strtod:INT(0),INT(0),INT(0)
12392012:divby:ADDR(4.3),ADDR(1),ADDR(1),INT(0)
12392401:divascii:ADDR(4.3),ADDR(1),ADDR(1),ADDR(1),ADDR(1)
12392574:mulby:ADDR(5.78),ADDR(1),ADDR(1),ADDR(1),INT(0)
12392804:mulascii:ADDR(5.78),ADDR(1),ADDR(1),ADDR(1),ADDR(1)
12409430:jsG_freeproperty:INT(0),ADDR(1),ADDR(1)
12409562:jsG_freeobject:INT(0),ADDR(1),ADDR(1)
12412544:jsS_newstringnode:ADDR(9.9),ADDR(1),INT(0),ADDR(1)
12412694:jsS_skew:ADDR(330.94),ADDR(1)
12412775:jsS_split:ADDR(330.94),ADDR(1)
12412878:jsS_insert:ADDR(376.353),ADDR(1),ADDR(1),INT(0),ADDR(1)
12413368:jsS_freestringnode:INT(0),ADDR(1),ADDR(1)
12413547:js_intern:ADDR(52.94),ADDR(1),INT(0)
12414000:jsY_findword:INT(0),ADDR(1),ADDR(1),INT(0)
12414145:jsY_findkeyword:INT(0),ADDR(1),ADDR(1)
12414257:jsY_iswhite:INT(0),INT(0)
12414320:jsY_isnewline:INT(0),INT(0)
12414371:jsY_isidentifierstart:INT(0),INT(0)
12414449:jsY_isidentifierpart:INT(0),INT(0)
12414539:jsY_isdec:INT(0),INT(0)
12414703:jsY_next:ADDR(350.1),ADDR(1)
12414868:jsY_unescape:INT(0),ADDR(1)
12415210:textinit:ADDR(39.58),ADDR(1)
12415288:textpush:ADDR(232.36),ADDR(1),INT(0)
12415461:textend:ADDR(39.58),ADDR(1)
12415870:lexnumber:INT(0),ADDR(1)
12417462:lexstring:INT(0),ADDR(1)
12417803:isregexpcontext:INT(0),INT(0)
12417895:lexregexp:INT(0),ADDR(1)
12418785:isnlthcontext:INT(0),INT(0)
12418846:jsY_lexx:INT(0),ADDR(1)
12421397:jsY_lex:INT(0),ADDR(1)
12438026:jsP_newnode:ADDR(86.06),ADDR(1),INT(0),ADDR(0.5),ADDR(0.02),INT(0),INT(0)
12438325:jsP_list:ADDR(9.24),ADDR(1)
12438400:jsP_newstrnode:ADDR(30.5),ADDR(1),INT(0),ADDR(1)
12438478:jsP_newnumnode:ADDR(3.62),ADDR(1),INT(0),FLOAT
12438557:jsP_freejumps:ADDR(85.8),ADDR(1),INT(0)
12438738:jsP_next:INT(0),ADDR(1)
12438785:semicolon:INT(0),ADDR(1)
12438900:checkfutureword:INT(0),ADDR(1),ADDR(1)
12439033:identifier:ADDR(3.18),ADDR(1)
12439170:identifieropt:INT(0),ADDR(1)
12439217:identifiername:ADDR(6.24),ADDR(1)
12439345:arrayelement:ADDR(2.06),ADDR(1)
12442132:primary:ADDR(26),ADDR(1)
12443403:arguments:ADDR(3.48),ADDR(1)
12443633:newexp:ADDR(26.24),ADDR(1)
12444352:callexp:ADDR(26.1),ADDR(1)
12444883:postfix:ADDR(26.1),ADDR(1)
12445103:unary:ADDR(26.84),ADDR(1)
12445979:multiplicative:ADDR(25.92),ADDR(1)
12446301:additive:ADDR(24.46),ADDR(1)
12446526:shift:ADDR(24.46),ADDR(1)
12446854:relational:ADDR(23.82),ADDR(1),INT(0)
12447484:equality:ADDR(23.4),ADDR(1),INT(0)
12447939:bitand:ADDR(23.3),ADDR(1),INT(0)
12448080:bitxor:ADDR(23.3),ADDR(1),INT(0)
12448221:bitor:ADDR(23.3),ADDR(1),INT(0)
12448362:logand:ADDR(23.3),ADDR(1),INT(0)
12448503:logor:ADDR(22.98),ADDR(1),INT(0)
12448644:conditional:ADDR(22.8),ADDR(1),INT(0)
12448913:assignment:ADDR(22.8),ADDR(1),INT(0)
12450147:expression:ADDR(9.27451),ADDR(1),INT(0)
12450288:vardec:ADDR(1.74),ADDR(1),INT(0)
12450454:vardeclist:ADDR(1.68),ADDR(1),INT(0)
12450665:statementlist:ADDR(2.17647),ADDR(1)
12450913:caseclause:ADDR(1.62),ADDR(1)
12453034:statement:ADDR(10.62),ADDR(1)
12456725:scriptelement:ADDR(3.42),ADDR(1)
12457630:jsP_foldconst:INT(0),ADDR(1)
12458862:newproperty:ADDR(21.86),ADDR(1),ADDR(1),INT(0)
12459071:lookup:ADDR(1.04),ADDR(1),ADDR(0.36)
12459175:skew:ADDR(27.66),ADDR(1)
12459259:split:ADDR(27.64),ADDR(1)
12459364:insert:ADDR(48.4902),ADDR(1),ADDR(1),ADDR(1),INT(0),ADDR(1)
12460411:jsV_newobject:ADDR(10.36),ADDR(1),INT(0),ADDR(0.94)
12460664:jsV_getpropertyx:INT(0),ADDR(1),ADDR(1),ADDR(0.86),ADDR(1)
12460860:jsV_setproperty:ADDR(21.86),ADDR(1),ADDR(1),INT(0)
12465406:js_malloc:ADDR(130.4),ADDR(1),INT(0)
12465478:js_realloc:ADDR(2.98),ADDR(1),ADDR(0.28),INT(0)
12465553:js_free:INT(0),ADDR(1),ADDR(1)
12466238:js_pushnumber:ADDR(6.8),ADDR(1),FLOAT
12466993:js_pushliteral:ADDR(1.66),ADDR(1),ADDR(0.84)
12467137:js_pushobject:ADDR(10.42),ADDR(1),ADDR(1)
12467534:stackidx:ADDR(50.52),ADDR(1),INT(0)
12469112:js_tostring:ADDR(1.66),ADDR(1),INT(0)
12469164:js_toobject:ADDR(21),ADDR(1),INT(0)
12469684:js_pop:INT(0),ADDR(1),INT(0)
12470015:js_copy:ADDR(4.56),ADDR(1),INT(0)
12471960:js_isarrayindex:INT(0),ADDR(1),ADDR(0.54),ADDR(1)
12473061:jsR_setproperty:ADDR(2.18),ADDR(1),ADDR(1),ADDR(0.86),ADDR(1)
12473895:jsR_defproperty:ADDR(19.68),ADDR(1),ADDR(1),INT(0),INT(0),ADDR(1),INT(0)
12475879:js_defproperty:INT(0),ADDR(1),INT(0),INT(0),INT(0)
12501614:jsV_numbertoint32:INT(0),FLOAT
12501872:jsV_numbertouint32:INT(0),FLOAT
12503070:js_stringtofloat:INT(0),ADDR(0.54),ADDR(1)
12503453:jsV_stringtonumber:INT(0),ADDR(1),ADDR(0.54)
12504256:jsV_numbertostring:ADDR(1.08),ADDR(1),ADDR(1),FLOAT
12504944:jsV_tostring:ADDR(1.66),ADDR(1),ADDR(1)
12505591:jsV_toobject:ADDR(21),ADDR(1),ADDR(1)
12505816:js_newobject:ADDR(4.4),ADDR(1)
12506457:js_newcfunction:INT(0),ADDR(1),INT(0),INT(0),INT(0)
12514421:newnode:ADDR(1.42),ADDR(1),INT(0)
12514992:regaccept:INT(0),ADDR(1),INT(0)
12516940:count:INT(0),ADDR(1)
12517294:regemit:ADDR(1.28),ADDR(1),INT(0)
12517404:compile:ADDR(0.22),ADDR(1),ADDR(1)
12522548:jsU_chartorune:INT(0),ADDR(1),INT(0)
12522817:jsU_runetochar:INT(0),ADDR(1),ADDR(1)
12522983:jsU_runelen:INT(0),INT(0)
12523146:jsU_bsearch:ADDR(1.5),INT(0),ADDR(1),INT(0),INT(0)
12523739:jsU_islowerrune:INT(0),INT(0)
12523891:jsU_isupperrune:INT(0),INT(0)
12524043:jsU_isalpharune:INT(0),INT(0)
140737020490288:scalbn:INT(0),INT(0),FLOAT
140737008313792:_XFreeExtData:INT(0),INT(0)
140737008426400:_XSend:ADDR(0.32),ADDR(1),ADDR(0.18),INT(0)
140737008438304:_XGetRequest:ADDR(9.32),ADDR(1),INT(0),INT(0)
140737008484816:_XlcParseCharSet:INT(0),ADDR(1)
140737008485200:_XlcAddCT:ADDR(1.04),ADDR(1),ADDR(1)
140737008486176:_XlcGetCharSet:ADDR(0.12),ADDR(1)
140737008486336:_XlcAddCharSet:INT(0),ADDR(1)
140737008486752:_XlcCreateDefaultCharSet:ADDR(1),ADDR(1),ADDR(1)
140737006062448:XextFindDisplay:ADDR(1.38),ADDR(1),ADDR(1)
140737002360048:_IO_vfprintf:INT(0),ADDR(1),ADDR(1),ADDR(1)
140737002518896:_IO_vsprintf:INT(0),ADDR(1),INT(0),ADDR(1)
140737002560144:_IO_un_link:INT(0),ADDR(1)
140737002560752:_IO_link_in:INT(0),ADDR(1)
140737002561904:_IO_switch_to_get_mode:INT(0),ADDR(1)
140737002562816:_IO_setb:INT(0),ADDR(1),ADDR(0.92),ADDR(0.92),INT(0)
140737002617536:strlen:INT(0),ADDR(0.96)
140737002630160:memchr:ADDR(134.78),ADDR(1),INT(0),INT(0)
140737002662592:strchrnul:ADDR(4.58),ADDR(1),INT(0)
140737003143584:__vsnprintf_chk:INT(0),ADDR(1),INT(0),INT(0),INT(0),ADDR(1),ADDR(1)
140736969108352:_XcursorGetDisplayInfo:ADDR(1.1),ADDR(1)
140736966981040:XRenderFindDisplay:ADDR(3.5),ADDR(1)
