4197309:_abs:ADDR
4197329:_atoi:ADDR
4197355:_calloc:INT,INT
4197392:_ceil:
4197444:_cos:
4197491:_fclose:ADDR
4197517:_fopen:ADDR,INT
4197554:_fputc:INT,ADDR
4197588:_free:ADDR
4197614:_gettimeofday:ADDR,INT
4197651:_getpid:
4197662:_isascii:INT
4197685:_malloc:INT
4197711:_mult:
4197763:_rand:
4197774:_realloc:ADDR,INT
4197811:_round:
4197831:_sin:
4197883:_strncmp:INT,ADDR,INT
4197928:_strlen:ADDR
140737351990384::INT,ADDR
140737351954880::ADDR,ADDR
140737351927904::ADDR,ADDR,ADDR,INT,INT,INT
140737351925488::ADDR,ADDR,ADDR,INT,INT,INT
140737351925104::ADDR
4197056::
4196832::ADDR,INT
4196752::
4197024::ADDR,INT,ADDR,INT,INT,INT
4196976::ADDR,INT
4196816::INT,INT,INT,INT,INT,INT
4196848::INT,ADDR
4196768::ADDR
4196720::INT,ADDR,INT
4196944::INT
4196960::ADDR,INT
4196704::ADDR
4196896::INT,INT
4196784::ADDR
4197008::ADDR
4197040::
4196736::
4196992::
