139809048533360:_dl_debug_state:0:0
139809048512864::1:1
139809048571040::1:1
139809048513184::6:6
139809048468144::2:2
139809048574960::3:3
139809048513040::2:2
139809048570992::2:2
139809048468112::1:1
139809048572672::3:3
139809048569136::0:0
139809048574400::3:3
139809048569424::4:4
139809048574384::3:3
139809048570448::2:2
139809048468176::1:1
139809048533376::2:2
139809048530816::5:5
139809048569712::1:1
139809048501360::6:6
139809048535488::2:2
139809048499488::2:2
139809048490016::6:6
139809048488736::5:5
139809048569040::0:0
139809048569072::0:0
139809048491520::6:6
139809048568912::3:3
139809048569504::0:0
139809048569392::0:0
139809048558912::1:1
139809048558672::2:2
139809048573984::3:3
139809048575632::3:3
139809048575312::3:3
139809048536640::3:3
139809048535712::6:6
139809048514768::4:4
139809048508512::6:6
139809048506096::6:6
139809048505712::1:1
139809048530256::4:4
139809048527968::1:1
139808714257120:g_closure_new_simple:2:2
139808714257280:g_closure_set_meta_marshal:3:3
139808714257504:g_closure_add_marshal_guards:5:5
139808714258752:g_closure_add_invalidate_notifier:3:3
139808714259088:g_closure_ref:1:1
139808714259360:g_closure_unref:1:1
139808714259728:g_closure_invalidate:1:1
139808714260112:g_closure_sink:1:1
139808714260272:g_closure_remove_invalidate_notifier:3:3
139808714261120:g_closure_invoke:5:5
139808714262128:g_closure_set_marshal:2:2
139808714262384:g_cclosure_new:3:3
139808714262512:g_cclosure_new_swap:3:3
139808714262784:g_signal_type_cclosure_new:2:2
139808714268192:g_enum_get_value:2:2
139808714279520:g_object_ref:1:1
139808714279952:g_object_unref:1:1
139808714288864:g_object_newv:3:3
139808714289520:g_object_new_valist:3:3
139808714291408:g_object_set_valist:3:3
139808714292960:g_object_get_valist:3:3
139808714299136:g_object_get_qdata:2:2
139808714303248:g_object_watch_closure:2:2
139808714306096:g_param_spec_ref:1:1
139808714306928:g_param_spec_ref_sink:1:1
139808714307152:g_param_spec_internal:5:5
139808714308208:g_param_spec_get_redirect_target:1:1
139808714308640:g_param_value_set_default:2:2
139808714309152:g_param_value_validate:2:2
139808714310416:g_param_spec_pool_insert:3:3
139808714310880:g_param_spec_pool_lookup:4:4
139808714312048:g_param_spec_pool_list:3:3
139808714313888:g_param_spec_get_default_value:1:1
139808714342768:g_signal_newv:6:6
139808714346768:g_signal_new_valist:6:6
139808714356160:g_signal_connect_data:6:6
139808714358560:g_signal_handlers_destroy:1:1
139808714361936:g_signal_emit_valist:4:4
139808714366048:g_signal_emit:6:6
139808714383328:g_type_class_unref:1:1
139808714383552:g_type_class_ref:1:1
139808714385168:g_type_class_peek:1:1
139808714385264:g_type_class_peek_static:1:1
139808714385360:g_type_class_peek_parent:1:1
139808714385600:g_type_interface_peek:2:2
139808714390336:g_type_from_name:1:1
139808714391312:g_type_register_static:4:4
139808714392016:g_type_parent:1:1
139808714392080:g_type_depth:1:1
139808714392288:g_type_is_a:2:2
139808714393040:g_type_interfaces:2:2
139808714394320:g_type_test_flags:2:2
139808714394704:g_type_create_instance:1:1
139808714396592:g_type_fundamental:1:1
139808714399024:g_type_check_instance_is_a:2:2
139808714400400:g_type_check_class_is_a:2:2
139808714401760:g_type_check_instance:1:1
139808714401968:g_type_check_is_value_type:1:1
139808714402400:g_type_check_value:1:1
139808714402816:g_type_check_value_holds:2:2
139808714403312:g_type_value_table_peek:1:1
139808714407488:g_type_module_get_type:0:0
139808714411104:g_value_init:2:2
139808714411360:g_value_reset:1:1
139808714411488:g_value_unset:1:1
139808714411664:g_value_peek_pointer:1:1
139808714411792:g_value_register_transform_func:3:3
139808714412320:g_value_type_compatible:2:2
139808714412496:g_value_copy:2:2
139808714412704:g_value_set_instance:2:2
139808714413296:g_value_transform:2:2
139808711085728:g_array_append_vals:3:3
139808711087568:g_ptr_array_new:0:0
139808711087584:g_ptr_array_set_free_func:2:2
139808711088256:g_ptr_array_remove_range:3:3
139808711088576:g_ptr_array_set_size:2:2
139808711089024:g_ptr_array_add:2:2
139808711090048:g_byte_array_free:2:2
139808711096032:g_bit_lock:2:2
139808711096192:g_bit_unlock:2:2
139808711096288:g_pointer_bit_lock:2:2
139808711096544:g_pointer_bit_unlock:2:2
139808711115616:g_bytes_unref:1:1
139808711115824:g_bytes_new:2:2
139808711115920:g_bytes_get_data:2:2
139808711115984:g_bytes_get_size:1:1
139808711116048:g_bytes_ref:1:1
139808711117968:g_get_charset:1:1
139808711148240:g_get_filename_charsets:1:1
139808711150288:g_filename_display_name:1:1
139808711154416:g_datalist_init:1:1
139808711179888:g_getenv:1:1
139808711180528:g_error_new_valist:4:4
139808711181408:g_set_error:6:6
139808711181632:g_set_error_literal:1:1
139808711181712:g_propagate_error:2:2
139808711183872:g_file_error_quark:0:0
139808711183920:g_file_error_from_errno:0:0
139808711189744:g_dgettext:2:2
139808711189808:glib_gettext:1:1
139808711193104:g_hash_table_new:2:2
139808711193920:g_hash_table_lookup:2:2
139808711194624:g_hash_table_insert:3:3
139808711194640:g_hash_table_replace:3:3
139808711194672:g_hash_table_contains:2:2
139808711194976:g_hash_table_remove:2:2
139808711195008:g_hash_table_remove_all:1:1
139808711195136:g_hash_table_destroy:1:1
139808711196032:g_hash_table_size:1:1
139808711224672:g_key_file_error_quark:0:0
139808711230176:g_key_file_get_value:4:4
139808711230496:g_key_file_set_value:4:4
139808711230784:g_key_file_get_string:4:4
139808711245232:g_list_free_1:1:1
139808711245248:g_list_prepend:2:2
139808711245936:g_list_remove_link:2:2
139808711246592:g_list_nth:2:2
139808711247040:g_list_last:1:1
139808711247072:g_list_append:2:2
139808711251856:g_main_context_ref:1:1
139808711252784:g_main_context_default:0:0
139808711252864:g_main_context_get_thread_default:0:0
139808711252976:g_source_new:2:2
139808711253152:g_source_attach:2:2
139808711254416:g_source_set_callback:4:4
139808711254720:g_source_set_priority:2:2
139808711256272:g_source_unref:1:1
139808711257952:g_get_current_time:1:1
139808711258080:g_get_monotonic_time:0:0
139808711258256:g_main_context_acquire:1:1
139808711258592:g_main_context_release:1:1
139808711259440:g_main_context_prepare:2:2
139808711260256:g_main_context_query:5:5
139808711260432:g_main_context_check:4:4
139808711261104:g_main_context_dispatch:1:1
139808711284224:g_malloc:1:1
139808711284304:g_malloc0:1:1
139808711284384:g_realloc:2:2
139808711284480:g_free:1:1
139808711284704:g_malloc_n:2:2
139808711284800:g_malloc0_n:2:2
139808711284896:g_realloc_n:3:3
139808711285136:g_mem_is_system_malloc:0:0
139808711324960:g_quark_to_string:1:1
139808711325008:g_intern_string:1:1
139808711327568:g_queue_pop_head:1:1
139808711329104:g_queue_peek_head:1:1
139808711373296:g_slice_alloc:1:1
139808711374688:g_slice_alloc0:1:1
139808711374800:g_slice_free1:2:2
139808711376816:g_slist_alloc:0:0
139808711376832:g_slist_free:1:1
139808711376864:g_slist_free_1:1:1
139808711376880:g_slist_prepend:2:2
139808711377168:g_slist_remove:2:2
139808711377360:g_slist_remove_link:2:2
139808711377936:g_slist_find:2:2
139808711378224:g_slist_last:1:1
139808711378480:g_slist_concat:2:2
139808711378576:g_slist_foreach:3:3
139808711378640:g_slist_free_full:2:2
139808711379696:g_strdup:1:1
139808711379776:g_memdup:2:2
139808711379840:g_strndup:2:2
139808711379952:g_stpcpy:2:2
139808711380064:g_strdup_vprintf:2:2
139808711380112:g_strdup_printf:6:6
139808711380576:g_ascii_strtod:2:2
139808711380672:g_strtod:2:2
139808711381024:g_ascii_strtoull:3:3
139808711381120:g_strerror:1:1
139808711382288:g_ascii_tolower:1:1
139808711382736:g_ascii_strcasecmp:2:2
139808711384752:g_strchug:1:1
139808711384896:g_strchomp:1:1
139808711387072:g_strstr_len:3:3
139808711387312:g_strrstr:2:2
139808711389104:g_string_sized_new:1:1
139808711389200:g_string_free:2:2
139808711390304:g_string_append:2:2
139808711390576:g_string_append_len:3:3
139808711390688:g_string_new:1:1
139808711391184:g_string_insert_c:3:3
139808711393264:g_string_erase:3:3
139808711394064:g_string_append_vprintf:3:3
139808711394480:g_string_append_printf:6:6
139808711414672:g_thread_self:0:0
139808711439280:g_unichar_isalnum:1:1
139808711446512:g_utf8_find_next_char:2:2
139808711446960:g_utf8_get_char:1:1
139808711447632:g_unichar_to_utf8:2:2
139808711447872:g_utf8_strchr:3:3
139808711448064:g_utf8_get_char_validated:2:2
139808711452336:g_utf8_validate:3:3
139808711466320:g_variant_new_byte:1:1
139808711468416:g_variant_get_type:1:1
139808711468896:g_variant_is_of_type:2:2
139808711469008:g_variant_get_byte:1:1
139808711470160:g_variant_get_variant:1:1
139808711471760:g_variant_is_container:1:1
139808711472160:g_variant_get_string:2:2
139808711479632:g_variant_builder_clear:1:1
139808711480016:g_variant_builder_init:2:2
139808711480816:g_variant_builder_add_value:2:2
139808711481408:g_variant_builder_end:1:1
139808711484448:g_variant_format_string_scan:3:3
139808711487488:g_variant_format_string_scan_type:3:3
139808711489168:g_variant_new_va:3:3
139808711489872:g_variant_get_va:4:4
139808711493760:g_variant_new_from_bytes:3:3
139808711494080:g_variant_unref:1:1
139808711494672:g_variant_ref:1:1
139808711494784:g_variant_ref_sink:1:1
139808711495136:g_variant_get_size:1:1
139808711495200:g_variant_get_data:1:1
139808711495392:g_variant_n_children:1:1
139808711495488:g_variant_get_child_value:2:2
139808711511920:g_variant_serialised_n_children:0:0
139808711512416:g_variant_serialised_get_child:2:2
139808711514688:g_variant_serialiser_serialise:3:3
139808711516128:g_variant_serialiser_needed_size:4:4
139808711517632:g_variant_serialiser_is_string:2:2
139808711520992:g_variant_type_info_get_type_string:1:1
139808711521056:g_variant_type_info_query:3:3
139808711521152:g_variant_type_info_query_element:3:3
139808711521200:g_variant_type_info_n_members:1:1
139808711521232:g_variant_type_info_member_info:2:2
139808711521296:g_variant_type_info_ref:1:1
139808711521424:g_variant_type_info_get:1:1
139808711522496:g_variant_type_info_unref:1:1
139808711522912:g_variant_type_string_scan:3:3
139808711523296:g_variant_type_string_is_valid:1:1
139808711523392:g_variant_type_free:1:1
139808711523408:g_variant_type_get_string_length:1:1
139808711523520:g_variant_type_copy:1:1
139808711523632:g_variant_type_peek_string:1:1
139808711523696:g_variant_type_dup_string:1:1
139808711523792:g_variant_type_is_definite:1:1
139808711523952:g_variant_type_is_container:1:1
139808711524064:g_variant_type_is_basic:1:1
139808711524176:g_variant_type_is_maybe:1:1
139808711524256:g_variant_type_is_array:1:1
139808711524336:g_variant_type_is_tuple:1:1
139808711524432:g_variant_type_is_dict_entry:1:1
139808711525184:g_variant_type_element:1:1
139808711525312:g_variant_type_first:1:1
139808711525456:g_variant_type_next:1:1
139808711525568:g_variant_type_n_items:1:1
139808711525648:g_variant_type_key:1:1
139808711526736:g_variant_type_new_dict_entry:2:2
139808711526960:g_variant_type_checked_:1:1
139808711528672:g_vasprintf:3:3
139808711530864:g_mutex_lock:1:1
139808711530912:g_mutex_unlock:1:1
139808711530960:g_mutex_trylock:1:1
139808711531072:g_rec_mutex_lock:1:1
139808711531120:g_rec_mutex_unlock:0:0
139808711531600:g_cond_broadcast:1:1
139808711531808:g_private_get:1:1
139808681810336:webkit_web_settings_get_type:0:0
139808681818432:webkit_web_view_get_type:0:0
139808671026432:gtk_accel_group_get_type:0:0
139808671027472:gtk_accel_group_find:3:3
139808671028144:gtk_accel_group_from_accel_closure:1:1
139808671028704:gtk_accelerator_parse:3:3
139808671030192:gtk_accelerator_name:2:2
139808671031760:gtk_accel_group_connect_by_path:3:3
139808671033552:gtk_accelerator_get_default_mod_mask:0:0
139808671034512:gtk_accel_label_get_type:0:0
139808671034992:gtk_accel_label_set_accel_closure:2:2
139808671035520:gtk_accel_label_set_accel_widget:2:2
139808671039312:gtk_accel_map_lookup_entry:2:2
139808671039600:gtk_accel_map_add_entry:3:3
139808671042640:gtk_accel_map_save_fd:1:1
139808671047472:gtk_action_get_type:0:0
139808671048176:gtk_action_block_activate:1:1
139808671048272:gtk_action_unblock_activate:1:1
139808671048560:gtk_action_create_menu_item:1:1
139808671049808:gtk_action_get_name:1:1
139808671049904:gtk_action_is_sensitive:1:1
139808671050480:gtk_action_is_visible:1:1
139808671051520:gtk_action_get_always_show_image:1:1
139808671051616:gtk_action_get_label:1:1
139808671051712:gtk_action_set_short_label:2:2
139808671053456:gtk_action_get_stock_id:1:1
139808671055136:gtk_action_set_accel_path:2:2
139808671055248:gtk_action_get_accel_path:1:1
139808671055360:gtk_action_get_accel_closure:1:1
139808671055456:gtk_action_set_accel_group:2:2
139808671055632:gtk_action_connect_accelerator:1:1
139808671055792:gtk_action_disconnect_accelerator:1:1
139808671057552:gtk_action_group_get_type:0:0
139808671058704:gtk_action_group_get_sensitive:1:1
139808671058992:gtk_action_group_get_visible:1:1
139808671059552:gtk_action_group_get_action:2:2
139808671059808:gtk_action_group_add_action:2:2
139808671063168:gtk_activatable_get_type:0:0
139808671063472:gtk_activatable_sync_action_properties:2:2
139808671063680:gtk_activatable_set_related_action:2:2
139808671063856:gtk_activatable_get_related_action:1:1
139808671064000:gtk_activatable_do_set_related_action:2:2
139808671064352:gtk_activatable_set_use_action_appearance:6:6
139808671064384:gtk_activatable_get_use_action_appearance:6:6
139808671065648:gtk_adjustment_get_type:0:0
139808671069632:gtk_alignment_get_type:0:0
139808671098032:gtk_bin_get_type:0:0
139808671103904:gtk_binding_entry_add_signal:6:6
139808671108560:gtk_box_get_type:0:0
139808671111872:gtk_box_pack_start:5:5
139808671140480:gtk_button_get_type:0:0
139808671143600:gtk_button_set_relief:2:2
139808671230256:gtk_check_menu_item_get_type:0:0
139808671302256:gtk_container_get_type:0:0
139808671311328:gtk_container_add:2:2
139808671311792:gtk_container_remove:2:2
139808671313712:gtk_container_forall:3:3
139808671314304:gtk_container_foreach:3:3
139808671315216:gtk_container_get_children:1:1
139808671342000:gtk_entry_get_type:0:0
139808671387936:gtk_entry_buffer_get_type:0:0
139808671567952:gtk_gc_get:4:4
139808671568160:gtk_gc_release:1:1
139808671576976:gtk_hbox_get_type:0:0
139808671577120:gtk_hbox_new:2:2
139808671596992:gtk_icon_source_copy:1:1
139808671597744:gtk_icon_set_ref:1:1
139808671598240:gtk_icon_set_unref:1:1
139808671598480:gtk_icon_factory_get_type:0:0
139808671598704:gtk_icon_factory_add:3:3
139808671599024:gtk_icon_factory_lookup:2:2
139808671602128:gtk_icon_set_new:0:0
139808671602576:gtk_icon_set_add_source:2:2
139808671605280:gtk_icon_factory_lookup_default:1:1
139808671617232:gtk_icon_theme_get_type:0:0
139808671685728:gtk_image_get_type:0:0
139808671691888:gtk_image_new:0:0
139808671692032:gtk_image_clear:1:1
139808671693392:gtk_image_set_from_stock:3:3
139808671693568:gtk_image_new_from_stock:2:2
139808671698560:gtk_image_menu_item_get_type:0:0
139808671700384:gtk_image_menu_item_set_image:2:2
139808671701296:gtk_image_menu_item_get_image:1:1
139808671747104:gtk_label_get_type:0:0
139808671752304:gtk_label_set_mnemonic_widget:2:2
139808671753664:gtk_label_set_label:2:2
139808671766976:gtk_label_set_use_underline:2:2
139808671799328:gtk_grab_remove:1:1
139808671801008:gtk_get_event_widget:1:1
139808671825344:gtk_menu_get_type:0:0
139808671862832:gtk_menu_item_get_type:0:0
139808671867072:gtk_menu_item_get_submenu:1:1
139808671869824:gtk_menu_item_set_accel_path:2:2
139808671870800:gtk_menu_item_set_use_underline:2:2
139808671874560:gtk_menu_shell_get_type:0:0
139808671875696:gtk_menu_shell_insert:3:3
139808671892928:gtk_misc_get_type:0:0
139808671893072:gtk_misc_set_alignment:1:1
139808671914080:gtk_notebook_get_type:0:0
139808671958240:gtk_object_get_type:0:0
139808671964288:gtk_orientable_get_type:0:0
139808671964448:gtk_orientable_set_orientation:2:2
139808672037264:gtk_radio_action_get_type:0:0
139808672064448:gtk_range_get_type:0:0
139808672065440:gtk_range_get_adjustment:1:1
139808672087520:gtk_rc_style_get_type:0:0
139808672092512:gtk_rc_style_new:0:0
139808672094208:gtk_rc_parse_state:2:2
139808672094848:gtk_rc_parse_color_full:3:3
139808672107568:gtk_rc_get_style:1:1
139808672188032:gtk_scrolled_window_get_type:0:0
139808672197568:gtk_target_list_add:4:4
139808672201104:gtk_selection_remove_all:1:1
139808672213776:gtk_separator_menu_item_get_type:0:0
139808672214480:gtk_separator_tool_item_get_type:0:0
139808672220880:gtk_settings_get_type:0:0
139808672297344:gtk_border_free:1:1
139808672303248:gtk_style_get_type:0:0
139808672306672:gtk_style_attach:2:2
139808672307248:gtk_style_detach:1:1
139808672336864:gtk_border_get_type:0:0
139808672351104:gtk_tearoff_menu_item_get_type:0:0
139808672577888:gtk_toggle_action_get_type:0:0
139808672587184:gtk_toolbar_get_type:0:0
139808672614912:gtk_tool_button_get_type:0:0
139808672620976:gtk_tool_item_get_type:0:0
139808672621424:gtk_tool_item_get_icon_size:1:1
139808672621712:gtk_tool_item_get_toolbar_style:1:1
139808672621856:gtk_tool_item_get_relief_style:1:1
139808672622000:gtk_tool_item_get_text_alignment:1:1
139808672622160:gtk_tool_item_get_text_orientation:1:1
139808672622304:gtk_tool_item_get_text_size_group:1:1
139808672622896:gtk_tool_item_get_homogeneous:1:1
139808672622992:gtk_tool_item_get_is_important:1:1
139808672624192:gtk_tool_item_get_visible_horizontal:1:1
139808672625344:gtk_tool_item_rebuild_menu:1:1
139808672653712:gtk_tool_shell_get_type:0:0
139808672768432:gtk_tree_view_get_type:0:0
139808672853424:gtk_tree_view_column_get_type:0:0
139808672901584:gtk_viewport_get_type:0:0
139808672911680:gtk_widget_get_type:0:0
139808672911968:gtk_widget_freeze_child_notify:1:1
139808672912288:gtk_widget_child_notify:2:2
139808672914448:gtk_widget_destroy:1:1
139808672914656:gtk_widget_size_request:2:2
139808672914768:gtk_widget_get_child_requisition:2:2
139808672915456:gtk_widget_list_accel_closures:1:1
139808672916048:gtk_widget_set_accel_path:3:3
139808672917280:gtk_widget_get_can_focus:1:1
139808672917376:gtk_widget_has_focus:1:1
139808672917952:gtk_widget_has_grab:1:1
139808672918080:gtk_widget_get_name:1:1
139808672918192:gtk_widget_get_state:1:1
139808672918288:gtk_widget_get_visible:1:1
139808672918384:gtk_widget_set_has_window:2:2
139808672918512:gtk_widget_get_has_window:1:1
139808672919264:gtk_widget_is_toplevel:1:1
139808672919632:gtk_widget_get_realized:1:1
139808672920000:gtk_widget_translate_coordinates:6:6
139808672921808:gtk_widget_event:2:2
139808672922048:gtk_widget_send_expose:2:2
139808672922320:gtk_widget_set_realized:2:2
139808672922448:gtk_widget_get_mapped:1:1
139808672922768:gtk_widget_queue_draw_area:5:5
139808672923296:gtk_widget_is_drawable:1:1
139808672923408:gtk_widget_set_mapped:2:2
139808672924016:gtk_widget_get_double_buffered:1:1
139808672924112:gtk_widget_set_double_buffered:2:2
139808672924704:gtk_widget_set_redraw_on_allocate:2:2
139808672924832:gtk_widget_get_sensitive:1:1
139808672924928:gtk_widget_is_sensitive:1:1
139808672925424:gtk_widget_get_parent:1:1
139808672925664:gtk_widget_has_rc_style:1:1
139808672926016:gtk_widget_get_default_style:0:0
139808672926352:gtk_widget_set_parent_window:2:2
139808672926512:gtk_widget_get_parent_window:1:1
139808672928608:gtk_widget_get_toplevel:1:1
139808672929136:gtk_widget_is_focus:1:1
139808672929728:gtk_widget_get_screen:1:1
139808672930240:gtk_widget_get_display:1:1
139808672930576:gtk_widget_has_screen:1:1
139808672930688:gtk_widget_get_ancestor:2:2
139808672931136:gtk_widget_get_settings:1:1
139808672931936:gtk_widget_get_extension_events:1:1
139808672933088:gtk_widget_get_direction:1:1
139808672936912:gtk_widget_size_allocate:2:2
139808672938880:gtk_widget_unparent:1:1
139808672940736:gtk_widget_class_install_style_property:2:2
139808672941456:gtk_widget_style_get_valist:3:3
139808672942176:gtk_widget_style_get:6:6
139808672942816:gtk_widget_queue_resize:1:1
139808672943424:gtk_widget_show:1:1
139808672943824:gtk_widget_hide:1:1
139808672944416:gtk_widget_set_can_focus:2:2
139808672945248:gtk_widget_set_name:2:2
139808672945424:gtk_widget_ensure_style:1:1
139808672945536:gtk_widget_realize:1:1
139808672949680:gtk_widget_reset_rc_styles:1:1
139808672949968:gtk_widget_set_parent:2:2
139808672951296:gtk_widget_set_sensitive:2:2
139808672951856:gtk_widget_region_intersect:2:2
139808672952048:gtk_widget_path:4:4
139808672952448:gtk_widget_class_path:4:4
139808672952848:gtk_requisition_get_type:0:0
139808672965984:gtk_widget_get_no_show_all:1:1
139808672982096:gtk_window_get_type:0:0
139808673012000:gtk_window_get_mnemonics_visible:1:1
139808667851520:gdk_cairo_region:2:2
139808667855968:gdk_display_get_type:0:0
139808667862608:gdk_drawable_get_type:0:0
139808667863136:gdk_drawable_get_size:3:3
139808667863440:gdk_drawable_get_depth:1:1
139808667863552:gdk_drawable_get_screen:1:1
139808667863664:gdk_drawable_get_display:1:1
139808667863920:gdk_drawable_get_colormap:1:1
139808667864384:gdk_draw_line:6:6
139808667870592:gdk_drawable_get_visible_region:1:1
139808667874064:gdk_event_free:1:1
139808667875088:gdk_event_new:1:1
139808667876032:gdk_event_get_time:1:1
139808667876096:gdk_event_get_state:2:2
139808667880256:gdk_gc_get_type:0:0
139808667901408:gdk_pango_renderer_get_type:0:0
139808667917776:gdk_pixmap_get_type:0:0
139808667930400:gdk_region_new:0:0
139808667930624:gdk_region_rectangle:1:1
139808667930752:gdk_region_copy:1:1
139808667930848:gdk_region_get_clipbox:2:2
139808667931168:gdk_region_destroy:1:1
139808667931248:gdk_region_offset:3:3
139808667931360:gdk_region_intersect:2:2
139808667932592:gdk_region_subtract:2:2
139808667932896:gdk_region_empty:1:1
139808667932960:gdk_region_equal:2:2
139808667933600:gdk_region_rect_in:2:2
139808667956112:gdk_screen_get_type:0:0
139808667969872:gdk_window_object_get_type:0:0
139808667977680:gdk_window_is_viewable:1:1
139808667986464:gdk_window_coords_from_parent:3:3
139808668016288:gdk_window_impl_get_type:0:0
139808668027136:gdk_colormap_get_type:0:0
139808668031088:gdk_colormap_alloc_colors:6:6
139808668112976:gdk_keyval_convert_case:3:3
139808668126032:gdk_x11_atom_to_xatom_for_display:2:2
139808668127008:gdk_x11_get_xatom_by_name_for_display:2:2
139808668153312:gdk_window_impl_x11_get_type:0:0
139808668158000:gdk_window_lookup_for_display:1:1
139808665498688:gdk_pixbuf_get_type:0:0
139808661599696:dcgettext:3:3
139808661622896:__isinf:0:0
139808661622960:isnan:0:0
139808661645360:getenv:1:1
139808661650208:random:0:0
139808661650816:random_r:2:2
139808661650976:srandom_r:2:2
139808661652656:__strtoul_internal:4:4
139808661703920:_IO_vfprintf:3:3
139808661725920:__printf_fp:3:3
139808661747440:_IO_vfscanf:4:4
139808661857328:_IO_getline:5:5
139808661862928:vsscanf:3:3
139808661869056:vasprintf:3:3
139808661875184:fgets_unlocked:3:3
139808661900224:_IO_file_init:1:1
139808661900960:_IO_file_fopen:3:3
139808661904016:_IO_un_link:1:1
139808661904624:_IO_link_in:1:1
139808661905776:_IO_switch_to_get_mode:1:1
139808661906000:__underflow:1:1
139808661906336:__uflow:1:1
139808661906688:_IO_setb:4:4
139808661907328:_IO_sgetn:3:3
139808661909072:_IO_sputbackc:2:2
139808661961024:__strerror_r:3:3
139808661961408:strlen:1:1
139808661961856:strnlen:2:2
139808661974032:memchr:3:3
139808661976512:memset:3:3
139808662005936:rawmemchr:2:2
139808662006464:strchrnul:2:2
139808662007152:__argz_count:2:2
139808662008192:argz_stringify:3:3
139808662365712:open:0:0
139808662389376:sbrk:1:1
139808662403520:mmap:4:4
139808662403568:munmap:0:0
139808662407136:tfind:3:3
139808662487456:__vsnprintf_chk:6:6
139808662671472:_dl_mcount_wrapper_check:0:0
139808657854320:xmlNextChar:1:1
139808657874944:namePush:2:2
139808657875104:namePop:1:1
139808657881120:xmlSkipBlankChars:1:1
139808657887680:xmlParseName:1:1
139808657900304:xmlParseAttValue:1:1
139808657900352:xmlParseAttribute:2:2
139808657900816:xmlParseStartTag:1:1
139808657904512:xmlParseCharData:2:2
139808658329392:xmlIsMainThread:0:0
139808658340304:xmlStrndup:2:2
139808658340736:xmlStrEqual:2:2
139808658346768:xmlBufUse:1:1
139808658669920:xmlDictLookup:3:3
139808654824144:sqlite3_mutex_enter:1:1
139808654824208:sqlite3_mutex_leave:1:1
139808654825616:sqlite3_stricmp:2:2
139808654825728:sqlite3_strnicmp:3:3
139808654833440:sqlite3_column_count:1:1
139808654862720:sqlite3_free:1:1
139808654918720:sqlite3_initialize:0:0
139808654923136:sqlite3_malloc:1:1
139808654930960:sqlite3_realloc:2:2
139808654953168:sqlite3_vsnprintf:4:4
139808654953264:sqlite3_snprintf:6:6
139808654954512:sqlite3_value_text:1:1
139808655018176:sqlite3_create_module_v2:5:5
139808655018928:sqlite3_create_function_v2:6:6
139808655019248:sqlite3_create_function:6:6
139808655019296:sqlite3_overload_function:3:3
139808655020240:sqlite3_column_text:2:2
139808655143872:sqlite3_finalize:1:1
139808655203664:sqlite3_prepare:5:5
139808655204176:sqlite3_prepare_v2:5:5
139808655244336:sqlite3_step:1:1
139808652616432:g_module_error:0:0
139808652616784:g_module_symbol:3:3
139808647978368:soup_session_get_type:0:0
139808648003536:soup_session_feature_get_type:0:0
139808644176448:g_cancellable_is_cancelled:1:1
139808644176480:g_cancellable_set_error_if_cancelled:2:2
139808644222288:g_file_get_type:0:0
139808644227952:g_file_query_info:5:5
139808644266272:g_file_icon_get_type:0:0
139808644272928:g_file_attribute_matcher_ref:1:1
139808644273008:g_file_attribute_matcher_unref:1:1
139808644273712:g_file_info_get_type:0:0
139808644273856:g_file_info_new:0:0
139808644274384:g_file_info_set_attribute_mask:2:2
139808644283328:g_file_info_set_name:2:2
139808644285504:g_file_attribute_matcher_new:1:1
139808644286592:g_file_attribute_matcher_enumerate_namespace:2:2
139808644286736:g_file_attribute_matcher_enumerate_next:1:1
139808644308512:g_inet_address_get_type:0:0
139808644314320:g_inet_address_mask_equal:2:2
139808644317232:g_initable_get_type:0:0
139808644317392:g_initable_init:3:3
139808644317696:g_initable_new_valist:5:5
139808644317856:g_initable_new:6:6
139808644319632:g_input_stream_get_type:0:0
139808644325424:g_io_error_quark:0:0
139808644325472:g_io_error_from_errno:0:0
139808644368912:g_output_stream_get_type:0:0
139808644404960:g_simple_async_result_get_type:0:0
139808644405152:g_simple_async_result_new:4:4
139808644405472:g_simple_async_result_get_source_tag:1:1
139808644405568:g_simple_async_result_propagate_error:2:2
139808644408112:g_simple_async_result_complete:1:1
139808644411968:g_socket_get_type:0:0
139808644486384:g_tls_backend_get_type:0:0
139808644486544:g_tls_backend_get_default:0:0
139808644486832:g_tls_backend_get_certificate_type:1:1
139808644513648:g_vfs_get_type:0:0
139808644514640:g_vfs_get_default:0:0
139808644592848:g_content_type_guess:4:4
139808644751872:g_dbus_connection_get_type:0:0
139808644787968:g_dbus_message_get_type:0:0
139808644789200:g_dbus_message_get_header:2:2
139808644789360:g_dbus_message_set_header:3:3
139808635917504:cairo_move_to:1:1
139808635917552:cairo_line_to:1:1
139808635917600:cairo_curve_to:1:1
139808635918304:cairo_close_path:1:1
139808635950688:cairo_device_reference:1:1
139808635950800:cairo_device_release:1:1
139808635951104:cairo_device_destroy:1:1
139808635951280:cairo_device_acquire:1:1
139808635952176:cairo_font_face_reference:1:1
139808635952224:cairo_font_face_destroy:1:1
139808635957120:cairo_font_options_status:1:1
139808636009056:cairo_format_stride_for_width:2:2
139808636012704:cairo_matrix_init_identity:1:1
139808636012864:cairo_matrix_init_translate:1:1
139808636012912:cairo_matrix_init_scale:1:1
139808636013056:cairo_matrix_multiply:3:3
139808636013248:cairo_matrix_translate:1:1
139808636013632:cairo_matrix_transform_distance:3:3
139808636013696:cairo_matrix_transform_point:3:3
139808636014656:cairo_matrix_invert:1:1
139808636100928:cairo_pattern_create_rgba:0:0
139808636102288:cairo_pattern_reference:1:1
139808636102384:cairo_pattern_destroy:1:1
139808636175312:cairo_region_reference:1:1
139808636175392:cairo_region_destroy:1:1
139808636183904:cairo_scaled_font_reference:1:1
139808636183968:cairo_scaled_font_destroy:1:1
139808636215136:cairo_surface_reference:1:1
139808636216640:cairo_surface_destroy:1:1
139808633437296:pango_font_description_free:1:1
139808633439696:pango_font_description_new:0:0
139808633440912:pango_font_description_get_set_fields:1:1
139808633440976:pango_font_description_merge_static:3:3
139808633444336:pango_font_get_type:0:0
139808633444656:pango_font_get_coverage:1:1
139808633444784:pango_font_get_glyph_extents:4:4
139808633452912:pango_find_map:3:3
139808633454608:pango_attr_list_unref:1:1
139808633455264:pango_attribute_init:2:2
139808633458000:pango_attr_list_new:0:0
139808633459552:pango_attr_iterator_range:3:3
139808633462352:pango_unichar_direction:1:1
139808633469248:pango_context_get_type:0:0
139808633470896:pango_context_get_base_dir:1:1
139808633472688:pango_context_get_serial:1:1
139808633473216:pango_coverage_unref:1:1
139808633473376:pango_coverage_get:2:2
139808633476720:pango_engine_shape_get_type:0:0
139808633477408:pango_font_map_get_type:0:0
139808633478640:pango_font_map_load_fontset:4:4
139808633478816:pango_font_map_get_serial:1:1
139808633479920:pango_fontset_get_type:0:0
139808633480288:pango_fontset_foreach:3:3
139808633491712:pango_layout_line_unref:1:1
139808633492560:pango_layout_get_type:0:0
139808633531600:pango_script_for_unichar:1:1
139808633538336:pango_find_base_dir:2:2
139808625462208:_ZN3WTF10StringImpl5derefEv:1:1
139808625581600:_ZN3JSC10Identifier3addIhEEN3WTF10PassRefPtrINS2_10StringImplEEEPNS_2VMEPKT_i:4:4
139808625639520:_ZN3JSC9CodeBlock24predictedMachineCodeSizeEv:1:1
139808625701680:_ZN3JSC12opcodeLengthENS_8OpcodeIDE:1:1
139808625702432:_ZN3JSC4Heap12writeBarrierEPKNS_6JSCellEPS1_:1:1
139808625703248:_ZN3WTF6VectorIN3JSC12WriteBarrierINS1_18FunctionExecutableEEELm0ENS_15CrashOnOverflowEE11resizeToFitEm:2:2
139808625717568:_ZN3JSC16ExecutionCounter26applyMemoryUsageHeuristicsEiPNS_9CodeBlockE:2:2
139808625718096:_ZN3JSC16ExecutionCounter5resetEv:1:1
139808625718128:_ZN3JSC16ExecutionCounterC1Ev:1:1
139808625749968:_ZNK3JSC17UnlinkedCodeBlock12instructionsEv:1:1
139808625753984:_ZN3JSC17UnlinkedCodeBlock17addExpressionInfoEjiiijj:6:6
139808625759216:_ZN3JSC25UnlinkedInstructionStream6Reader4nextEv:1:1
139808625763968:_ZN3JSC5Label11setLocationEj:2:2
139808625765520:_ZN3JSC17BytecodeGenerator10isCapturedEi:2:2
139808625765552:_ZN3JSC17BytecodeGenerator11resolveTypeEv:1:1
139808625768656:_ZN3JSC17BytecodeGenerator9emitLabelEPNS_5LabelE:3:3
139808625771040:_ZN3JSC17BytecodeGenerator10emitOpcodeENS_8OpcodeIDE:2:2
139808625779296:_ZN3JSC17BytecodeGenerator18emitProfiledOpcodeENS_8OpcodeIDE:2:2
139808625787040:_ZN3JSC17BytecodeGenerator13emitDebugHookENS_11DebugHookIDEjjj:1:1
139808625794016:_ZN3JSC17BytecodeGenerator11newRegisterEv:1:1
139808625794448:_ZN3JSC17BytecodeGenerator12newTemporaryEv:1:1
139808625797920:_ZN3JSC17BytecodeGenerator8newLabelEv:2:2
139808625800704:_ZN3JSC17BytecodeGenerator11addConstantERKNS_10IdentifierE:2:2
139808625816896:_ZN3JSC17BytecodeGenerator16addConstantValueENS_7JSValueE:2:2
139808625818144:_ZN3JSC17BytecodeGenerator8emitLoadEPNS_10RegisterIDENS_7JSValueE:3:3
139808625822912:_ZN3JSC17BytecodeGenerator17addStringConstantERKNS_10IdentifierE:2:2
139808625826160:_ZN3JSC17BytecodeGenerator29createLazyRegisterIfNecessaryEPNS_10RegisterIDE:2:2
139808625826432:_ZN3JSC17BytecodeGenerator5localERKNS_10IdentifierE:2:2
139808625854112:_ZN3WTF9HashTableINS_6RefPtrINS_10StringImplEEES3_NS_17IdentityExtractorEN3JSC17IdentifierRepHashENS_10HashTraitsIS3_EES8_E15deallocateTableEPS3_i:2:2
139808625856976:_ZN3WTF9HashTableIiNS_12KeyValuePairIiNS_6RefPtrIN3JSC22StaticPropertyAnalysisEEEEENS_24KeyValuePairKeyExtractorIS6_EENS_7IntHashIiEENS_7HashMapIiS5_SA_NS_29UnsignedWithZeroKeyHashTraitsIiEENS_10HashTraitsIS5_EEE18KeyValuePairTraitsESD_E4findINS_22IdentityHashTranslatorISA_EEiEENS_17HashTableIteratorIiS6_S8_SA_SH_SD_EERKT0_:1:1
139808625857232:_ZN3WTF6VectorIN3JSC5LabelELm32ENS_15CrashOnOverflowEE6shrinkEm:2:2
139808625860960:_ZN3WTF6VectorIN3JSC19UnlinkedInstructionELm0ENS_20UnsafeVectorOverflowEE14expandCapacityEm:2:2
139808625939632:_ZN3JSC17BytecodeGenerator18emitExpressionInfoERKNS_14JSTextPositionES3_S3_:4:4
139808626077600:_ZNK3JSC9Structure17outOfLineCapacityEv:1:1
139808626420496:_ZN3JSC12X86Assembler23X86InstructionFormatter9oneByteOpENS0_15OneByteOpcodeIDEiNS_12X86Registers10RegisterIDE:4:4
139808626421072:_ZN3JSC12X86Assembler23X86InstructionFormatter11oneByteOp64ENS0_15OneByteOpcodeIDEiNS_12X86Registers10RegisterIDE:4:4
139808626421632:_ZN3JSC12X86Assembler23X86InstructionFormatter11oneByteOp64ENS0_15OneByteOpcodeIDEiNS_12X86Registers10RegisterIDEi:5:5
139808626518192:_ZN3JSC10IdentifierD2Ev:0:0
139808626522896:_ZNK3JSC7JSValue3getEPNS_9ExecStateENS_12PropertyNameERNS_12PropertySlotE:4:4
139808626812624:_ZN3JSC12X86Assembler23X86InstructionFormatter9twoByteOpENS0_15TwoByteOpcodeIDEiNS_12X86Registers10RegisterIDE:4:4
139808626844608:_ZN3JSC22AbstractMacroAssemblerINS_12X86AssemblerEE8JumpList6appendENS2_4JumpE:2:2
139808627197792:_ZN3JSC9HandleSet12writeBarrierEPNS_7JSValueERKS1_:3:3
139808627217472:_ZN3JSC4Heap11didAllocateEm:2:2
139808627218448:_ZN3JSC4Heap22incrementDeferralDepthEv:1:1
139808627218512:_ZN3JSC4Heap22decrementDeferralDepthEv:1:1
139808627218576:_ZN3JSC4Heap12writeBarrierEPKNS_6JSCellE:0:0
139808627222896:_ZN3JSC4Heap35decrementDeferralDepthAndGCIfNeededEv:1:1
139808627274672:_ZN3JSC17weakClearSlowCaseERPNS_8WeakImplE:1:1
139808627458320:_ZN3JSC9ExecState13setCurrentVPCEPNS_11InstructionE:1:1
139808627503552:_ZN3JSC19ExecutableAllocator24memoryPressureMultiplierEm:1:1
139808627592224:_ZN3JSC13DirectJITCodeD2Ev:1:1
139808627592352:_ZN3JSC7JITCodeC1ENS0_7JITTypeE:2:2
139808627592544:_ZN3JSC13DirectJITCodeC1ENS_21MacroAssemblerCodeRefENS_7JITCode7JITTypeE:3:3
139808627592624:_ZN3JSC7JITCode12hostFunctionENS_21MacroAssemblerCodeRefE:2:2
139808627593984:_ZN3JSC3JITC1EPNS_2VMEPNS_9CodeBlockE:3:3
139808627639680:_ZN3JSC3JIT27privateCompileCTINativeCallEPNS_2VMEPFlPNS_9ExecStateEE:3:3
139808627778432:_ZN3JSC9JITThunks7ctiStubEPNS_2VMEPFNS_21MacroAssemblerCodeRefES2_E:4:4
139808627779344:_ZN3JSC9JITThunks18ctiNativeConstructEPNS_2VME:2:2
139808627784224:_ZNK3WTF7HashMapISt4pairIPFlPN3JSC9ExecStateEES6_ENS2_4WeakINS2_16NativeExecutableEEENS_8PairHashIS6_S6_EENS_10HashTraitsIS7_EENSD_ISA_EEE3getERKS7_:2:2
139808627786352:_ZN3WTF7HashMapISt4pairIPFlPN3JSC9ExecStateEES6_ENS2_4WeakINS2_16NativeExecutableEEENS_8PairHashIS6_S6_EENS_10HashTraitsIS7_EENSD_ISA_EEE9inlineSetIRKS7_SA_EENS_18HashTableAddResultINS_17HashTableIteratorIS7_NS_12KeyValuePairIS7_SA_EENS_24KeyValuePairKeyExtractorISN_EESC_NSG_18KeyValuePairTraitsESE_EEEEOT_OT0_:4:4
139808627933984:_ZN3JSC5LLInt8getByValEPNS_9ExecStateENS_7JSValueES3_:3:3
139808627956704:_ZN3WTF15SegmentedVectorIN3JSC10IdentifierELm64ELm32EE4lastEv:1:1
139808627987360:_ZN3WTF15SegmentedVectorIN3JSC10IdentifierELm64ELm32EE6appendIS2_EEvRKT_:2:2
139808627999376:_ZN3JSC10IdentifierC2EPNS_2VMEPKhi:4:4
139808628024144:_ZN3JSC5LexerIhE3lexEPNS_7JSTokenEjb:4:4
139808628041456:_ZN3JSC5LexerIhE19lexExpectIdentifierEPNS_7JSTokenEjb:2:2
139808628042480:_ZN3JSC13StatementNode6setLocEjjii:5:5
139808628060496:_ZN3JSC10ASTBuilder14makeBinaryNodeERKNS_15JSTokenLocationEiSt4pairIPNS_14ExpressionNodeENS0_12BinaryOpInfoEES8_:5:5
139808628102032:_ZN3JSC15JSTokenLocationC1ERKS0_:2:2
139808628108784:_ZN3JSC6ParserINS_5LexerIhEEE10strictModeEv:1:1
139808628130480:_ZN3JSC5Scope11useVariableEPKNS_10IdentifierEb:3:3
139808628217008:_ZN3JSC6ParserINS_5LexerIhEEE14parseStatementINS_13SyntaxCheckerEEENT_9StatementERS6_RPKNS_10IdentifierEPj:3:3
139808628229376:_ZN3JSC6ParserINS_5LexerIhEEE21parseMemberExpressionINS_13SyntaxCheckerEEENT_10ExpressionERS6_:2:2
139808628237632:_ZN3JSC6ParserINS_5LexerIhEEE25parseAssignmentExpressionINS_13SyntaxCheckerEEENT_10ExpressionERS6_:2:2
139808628237744:_ZN3JSC6ParserINS_5LexerIhEEE15parseExpressionINS_13SyntaxCheckerEEENT_10ExpressionERS6_:2:2
139808628273904:_ZN3JSC6ParserINS_5LexerIhEEE21parseMemberExpressionINS_10ASTBuilderEEENT_10ExpressionERS6_:2:2
139808628286624:_ZN3JSC6ParserINS_5LexerIhEEE25parseAssignmentExpressionINS_10ASTBuilderEEENT_10ExpressionERS6_:2:2
139808628286736:_ZN3JSC6ParserINS_5LexerIhEEE15parseExpressionINS_10ASTBuilderEEENT_10ExpressionERS6_:2:2
139808628307584:_ZN3JSC6ParserINS_5LexerIhEEE14parseStatementINS_10ASTBuilderEEENT_9StatementERS6_RPKNS_10IdentifierEPj:3:3
139808628529824:_ZN3JSC8JSObject17putDirectInternalILNS0_7PutModeE1EEEbRNS_2VMENS_12PropertyNameENS_7JSValueEjRNS_15PutPropertySlotEPNS_6JSCellE:6:6
139808628849664:_ZN3JSC10Identifier11addSlowCaseEPNS_2VMEPN3WTF10StringImplE:3:3
139808628852768:_ZN3JSC10Identifier3addEPNS_2VMEPKc:3:3
139808628853776:_ZN3JSC15IdentifierTable3addIPKhNS_31IdentifierASCIIStringTranslatorEEEN3WTF18HashTableAddResultINS5_17HashTableIteratorIPNS5_10StringImplES9_NS5_17IdentityExtractorENS5_10StringHashENS5_10HashTraitsIS9_EESD_EEEET_:3:3
139808628857888:_ZN3JSC16InternalFunction14finishCreationERNS_2VMERKN3WTF6StringE:3:3
139808628947488:_ZN3JSC10JSFunctionC2ERNS_2VMEPNS_14JSGlobalObjectEPNS_9StructureE:4:4
139808628947872:_ZN3JSC10JSFunction14finishCreationERNS_2VMEPNS_16NativeExecutableEiRKN3WTF6StringE:5:5
139808628954192:_ZN3JSC10JSFunction6createERNS_2VMEPNS_14JSGlobalObjectEiRKN3WTF6StringEPFlPNS_9ExecStateEENS_9IntrinsicESC_:6:6
139808628961984:_ZN3JSC2VM15getHostFunctionEPFlPNS_9ExecStateEES4_:3:3
139808629010096:_ZN3JSC14JSGlobalObject10globalExecEv:1:1
139808629038112:_ZN3JSC8JSObject26putDirectWithoutTransitionERNS_2VMENS_12PropertyNameENS_7JSValueEj:5:5
139808629038928:_ZN3JSC9Structure6createERNS_2VMEPNS_14JSGlobalObjectENS_7JSValueERKNS_8TypeInfoEPKNS_9ClassInfoEhj:5:5
139808629101216:_ZN3JSC12JSLockHolderC2EPNS_9ExecStateE:2:2
139808629101456:_ZN3JSC12JSLockHolderD1Ev:1:1
139808629106640:_ZN3JSC21getCallableObjectSlowEPNS_6JSCellE:1:1
139808629120032:_ZN3JSC8JSObject20growOutOfLineStorageERNS_2VMEmm:4:4
139808629120480:_ZN3JSC8JSObject40putDirectNativeFunctionWithoutTransitionERNS_2VMEPNS_14JSGlobalObjectERKNS_12PropertyNameEjPFlPNS_9ExecStateEENS_9IntrinsicEj:6:6
139808629125536:_ZN3JSC8JSObject22getOwnPropertySlotSlowEPNS_9ExecStateENS_12PropertyNameERNS_12PropertySlotE:3:3
139808629127488:_ZNK3JSC8JSObject11hasPropertyEPNS_9ExecStateENS_12PropertyNameE:3:3
139808629127936:_ZN3JSC8JSObject23putDirectNativeFunctionERNS_2VMEPNS_14JSGlobalObjectERKNS_12PropertyNameEjPFlPNS_9ExecStateEENS_9IntrinsicEj:6:6
139808629332304:_ZN3JSC7JSScope15abstractResolveEPNS_9ExecStateEPS0_RKNS_10IdentifierENS_8GetOrPutENS_11ResolveTypeE:6:6
139808629544624:_ZN3JSC17PropertyNameArray3addEPN3WTF10StringImplE:2:2
139808629546576:_ZN3JSC13PropertyTableC1ERNS_2VMEj:3:3
139808629546896:_ZN3JSC13PropertyTable6createERNS_2VMEj:2:2
139808629617328:_ZN3JSC12SmallStrings27createSingleCharacterStringEPNS_2VMEh:3:3
139808629674208:_ZN3JSC10IdentifierC2EPNS_2VMERKN3WTF6StringE:2:2
139808629681728:_ZN3JSC9StructureC1ERNS_2VMEPKS0_:3:3
139808629684448:_ZN3JSC9Structure3pinEv:1:1
139808629685072:_ZN3JSC9Structure17createPropertyMapERKNS_25GCSafeConcurrentJITLockerERNS_2VMEj:4:4
139808629685424:_ZN3JSC9Structure16putSpecificValueERNS_2VMENS_12PropertyNameEjPNS_6JSCellE:5:5
139808629687424:_ZNK3JSC9ClassInfo35hasStaticSetterOrReadonlyPropertiesERNS_2VME:2:2
139808629687504:_ZN3JSC9StructureC1ERNS_2VMEPNS_14JSGlobalObjectENS_7JSValueERKNS_8TypeInfoEPKNS_9ClassInfoEhj:6:6
139808629688720:_ZN3JSC9Structure40addPropertyTransitionToExistingStructureEPS0_NS_12PropertyNameEjPNS_6JSCellERi:5:5
139808629690320:_ZN3JSC9Structure38findStructuresAndMapForMaterializationERN3WTF6VectorIPS0_Lm8ENS1_15CrashOnOverflowEEERS3_RPNS_13PropertyTableE:4:4
139808629690560:_ZN3JSC9Structure22materializePropertyMapERNS_2VME:2:2
139808629692720:_ZN3JSC9Structure29getPropertyNamesFromStructureERNS_2VMERNS_17PropertyNameArrayENS_15EnumerationModeE:4:4
139808629693280:_ZN3JSC9Structure28addPropertyWithoutTransitionERNS_2VMENS_12PropertyNameEjPNS_6JSCellE:5:5
139808629694224:_ZN3JSC9Structure3getERNS_2VMENS_12PropertyNameERjRPNS_6JSCellE:5:5
139808629697792:_ZN3JSC9Structure32takePropertyTableOrCloneIfPinnedERNS_2VMEPS0_:3:3
139808629701808:_ZN3JSC9Structure21addPropertyTransitionERNS_2VMEPS0_NS_12PropertyNameEjPNS_6JSCellERiNS_15PutPropertySlot7ContextE:6:6
139808629706896:_ZN3JSC24StructureTransitionTable3addERNS_2VMEPNS_9StructureE:3:3
139808629717728:_ZN3JSC16SymbolTableEntry16freeFatEntrySlowEv:1:1
139808629717824:_ZN3JSC16SymbolTableEntry8copySlowERKS0_:2:2
139808630034192:_ZN3WTF19isCompilationThreadEv:0:0
139808630035952:_ZN3WTF29cryptographicallyRandomNumberEv:0:0
139808630050160:_ZN3WTF17TCMalloc_PageHeap17RegisterSizeClassEPNS_4SpanEm:2:2
139808630053184:_ZN3WTF25TCMalloc_Central_FreeList4InitEmm:3:3
139808630055952:_ZN3WTF25TCMalloc_Central_FreeList11InsertRangeENS_11HardenedSLLES1_i:4:4
139808630056128:_ZN3WTF25TCMalloc_Central_FreeList14FetchFromSpansEv:1:1
139808630056832:_ZN3WTF20TCMalloc_ThreadCache14PickNextSampleEm:2:2
139808630058912:_ZN3WTF18fastMallocGoodSizeEm:1:1
139808630060096:_ZN3WTF10fastMallocEm:1:1
139808630063968:_ZN3WTF16fastZeroedMallocEm:1:1
139808630068080:_ZN3WTF8fastFreeEPv:1:1
139808630118128:_ZN3WTF13MetaAllocator17currentStatisticsEv:2:2
139808630142576:_ZN3WTF9HashTableIPvNS_12KeyValuePairIS1_PNS_13MetaAllocator13FreeSpaceNodeEEENS_24KeyValuePairKeyExtractorIS6_EENS_7PtrHashIS1_EENS_7HashMapIS1_S5_SA_NS_10HashTraitsIS1_EENSC_IS5_EEE18KeyValuePairTraitsESD_E4findINS_22IdentityHashTranslatorISA_EES1_EENS_17HashTableIteratorIS1_S6_S8_SA_SG_SD_EERKT0_:2:2
139808630145136:_ZN3WTF8pageSizeEv:0:0
139808630154400:_ZN3WTF5Mutex4lockEv:1:1
139808630154448:_ZN3WTF5Mutex6unlockEv:1:1
139808630158384:_ZN3JSC15IdentifierTable3addEPN3WTF10StringImplE:3:3
139808630227216:_ZN3WTF13CStringBuffer19createUninitializedEm:2:2
139808630227488:_ZN3WTF7CStringC2EPKcm:3:3
139808630232736:_ZN3WTF10StringImpl17createFromLiteralEPKcj:3:3
139808630232800:_ZN3WTF10StringImpl17createFromLiteralEPKc:2:2
139808630233472:_ZN3WTF10StringImpl6createEPKhj:3:3
139808630233632:_ZN3WTF10StringImpl6createEPKh:2:2
139808630247296:_ZN3WTF5equalEPKNS_10StringImplEPKhj:3:3
139808630247776:_ZN3WTF5equalEPKNS_10StringImplEPKh:2:2
139808630247968:_ZN3WTF12equalNonNullEPKNS_10StringImplES2_:2:2
139808630252528:_ZNK3WTF10StringImpl12utf8ForRangeEjjNS_14ConversionModeE:4:4
139808630252928:_ZNK3WTF10StringImpl4utf8ENS_14ConversionModeE:3:3
139808630252960:_ZN3WTF10StringImplD1Ev:1:1
139808630253632:_ZN3WTF10StringImpl7destroyEPS0_:1:1
139808630258224:_ZNK3WTF10StringImpl12hashSlowCaseEv:1:1
139808630260288:_ZN3WTF6StringC1EPKc:2:2
139808630279744:_ZN3WTF6String8fromUTF8EPKhm:3:3
139808630283984:_ZN3WTF7Unicode19convertLatin1ToUTF8EPPKhS2_PPcS4_:4:4
139808617541744:__lll_unlock_wake:3:3
139808610792384:hb_segment_properties_equal:2:2
139808610807664:hb_face_make_immutable:1:1
139808610812064:hb_font_funcs_destroy:1:1
139808610845760:hb_ot_layout_language_find_feature:6:6
139808610848544:hb_ot_layout_has_positioning:1:1
139808589428992:atk_object_get_type:0:0
139808589441104:atk_relation_set_get_type:0:0
139808575205568:FcBlanksAdd:2:2
139808575211296:FcDirCacheUnload:1:1
139808575211312:FcDirCacheLoad:3:3
139808575218192:FcConfigAddRule:3:3
139808575224992:FcConfigFilename:1:1
139808575227376:FcConfigGetSysRoot:1:1
139808575241808:FcFileIsDir:1:1
139808575243376:FcDirCacheRead:3:3
139808575262288:FcFontSetAdd:2:2
139808575269008:FcLangSetHasLang:2:2
139808575270800:FcLangSetContains:2:2
139808575283824:FcNameGetObjectType:1:1
139808575287472:FcPatternCreate:0:0
139808575287536:FcValueDestroy:2:2
139808575287760:FcValueSave:2:2
139808575289072:FcPatternDestroy:1:1
139808575291632:FcPatternAdd:5:5
139808575299024:FcStrFree:1:1
139808575299776:FcUcs4ToUtf8:2:2
139808575300624:FcStrCmpIgnoreCase:2:2
139808575301856:FcStrStrIgnoreCase:2:2
139808575303376:FcStrSetCreate:0:0
139808575303440:FcStrSetMember:2:2
139808575303888:FcStrSetAdd:2:2
139808575304544:FcStrSetDestroy:1:1
139808575304656:FcStrListCreate:1:1
139808575305424:FcStrCopyFilename:1:1
139808575305600:FcStrSetAddFilename:2:2
139808575305712:FcStrListNext:1:1
139808575305760:FcStrListDone:1:1
139808575310800:FcConfigParseAndLoad:3:3
139808572475984:FT_MSB:1:1
139808572476176:FT_MulDiv:3:3
139808572476752:FT_MulFix:0:0
139808572476928:FT_DivFix:2:2
139808572478032:ft_corner_is_flat:4:4
139808572478160:FT_GlyphLoader_Rewind:1:1
139808572478336:FT_GlyphLoader_Add:1:1
139808572481584:FT_Get_Char_Index:2:2
139808572481632:FT_Get_Next_Char:3:3
139808572483616:FT_Lookup_Renderer:3:3
139808572486304:FT_Outline_Check:1:1
139808572486576:FT_Outline_Get_CBox:2:2
139808572486720:FT_Outline_Translate:3:3
139808572487248:FT_Vector_Transform:2:2
139808572487456:FT_Outline_Get_Orientation:1:1
139808572487952:FT_Stream_Seek:2:2
139808572488224:FT_Stream_Pos:1:1
139808572488544:FT_Stream_GetUShort:1:1
139808572488688:FT_Stream_GetULong:1:1
139808572488944:FT_Stream_ReadUShort:2:2
139808572492896:ft_mem_qalloc:3:3
139808572492960:ft_mem_alloc:3:3
139808572493888:ft_mem_free:2:2
139808572494768:ft_glyphslot_free_bitmap:1:1
139808572494896:FT_Load_Glyph:3:3
139808572499568:FT_Stream_EnterFrame:2:2
139808572499888:FT_Stream_ExitFrame:1:1
139808572499936:FT_Stream_ReadFields:3:3
139808553145776:XRenderFindDisplay:1:1
139808553147040:XRenderQueryFormats:1:1
139808547354208:_XUpdateGCCache:3:3
139808547374528:_XFreeExtData:1:1
139808547447360:XrmStringToQuark:1:1
139808547487136:_XSend:3:3
139808547488656:_XReply:4:4
139808547492848:_XSetLastRequestRead:2:2
139808547494576:_XIsEventCookie:2:2
139808547494992:_XDeq:3:3
139808547497472:_XStoreEventCookie:2:2
139808547497696:_XEnq:2:2
139808547498272:_XVIDtoVisual:2:2
139808547498480:_XFreeEventCookies:1:1
139808547498592:_XData32:3:3
139808547499040:_XGetRequest:3:3
139808547545552:_XlcParseCharSet:1:1
139808547545936:_XlcAddCT:2:2
139808547546912:_XlcGetCharSet:1:1
139808547547072:_XlcAddCharSet:1:1
139808547547488:_XlcCreateDefaultCharSet:2:2
139808547554544:_XlcGetResource:5:5
139808538779456:__hypot_finite:0:0
139808534391552:pango_cairo_context_get_resolution:1:1
139808534393360:pango_cairo_font_get_type:0:0
139808530098464:pango_fc_font_get_type:0:0
139808530100592:pango_fc_font_get_glyph:2:2
139808458873168:XmlGetUtf8InternalEncoding:0:0
139808458873200:XmlInitEncoding:3:3
139808458880800:XmlPrologStateInit:1:1
139809048531104::4:4
139808661529616::1:1
139808661529680::1:1
139808661924992::2:2
139808661919680::1:1
139808661997440::3:3
139808661954736::2:2
139808661962544::3:3
139808714240496::1:1
139808711530304::1:1
139808711070608::1:1
139808711530000::1:1
139808711529840::0:0
139808711069616::1:1
139808711070576::2:2
139808711071744::2:2
139808711071840::1:1
139808711069760::3:3
139808711530656::1:1
139808662365721::0:0
139808711069712::2:2
139808711070560::1:1
139808711069552::2:2
139808711071856::1:1
139808711073859::1:1
139808711071696::3:3
139808661937104::2:2
139808661930624::3:3
139808661921568::3:3
139808711068784::0:0
139808711192192::5:5
139808711070368::3:3
139808711190848::1:1
139808714238864::1:1
139808714240288::1:1
139808714239808::3:3
139808714240480::1:1
139808711070160::2:2
139808714240528::1:1
139808714239952::3:3
139808714375104::3:3
139808714239328::1:1
139808714240320::2:2
139808714239984::1:1
139808714239008::1:1
139808714390432::1:1
139808714239408::2:2
139808714239536::1:1
139808714239296::2:2
139808714239968::1:1
139808714373456::2:2
139808714376896::1:1
139808714369808::4:4
139808714373872::3:3
139808714241904::3:3
139808714239824::3:3
139808714376272::2:2
139808714240112::3:3
139808714370672::2:2
139808714370528::1:1
139808714240897::4:4
139808714240192::2:2
139808661931616::4:4
139808714240080::1:1
139808714241776::2:2
139808714239104::1:1
139808714239056::1:1
139808714239232::2:2
139808711530576::1:1
139808711068944::1:1
139808661908704::5:5
139808661908528::1:1
139808661954128::2:2
139808661529712::1:1
139808661974944::3:3
139808502616752::1:1
139808661648128::1:1
139808635848208::5:5
139808502931968::0:0
139808502931824::1:1
139808502616112::1:1
139808502718144::6:6
139808502932304::1:1
139808636006592::2:2
139808635849072::1:1
139808636214752::4:4
139808635863568::1:1
139808636006272::3:3
139808635849408::1:1
139808635852080::1:1
139808635850016::1:1
139808635848608::1:1
139808635850304::1:1
139808635998144::0:0
139808711189328::0:0
139808661596736::0:0
139808661978096::2:2
139808661976848::3:3
139808711070992::2:2
139808711068848::3:3
139808717720032::1:1
139808711069360::1:1
139808717728800::1:1
139808711069536::2:2
139808711071296::0:0
139808711070480::3:3
139808644152800::0:0
139808644148208::1:1
139808644154016::4:4
139808644151632::1:1
139808644144880::2:2
139808644143216::1:1
139808644152976::1:1
139808644153232::1:1
139808644150368::3:3
139808644142864::1:1
139808644141936::1:1
139808644150352::6:6
139808714379936::2:2
139808644144208::2:2
139808644143360::3:3
139808652615904::1:1
139808652615984::2:2
139808711070544::1:1
139808652615488::0:0
139808711178432::1:1
139808711069264::1:1
139808662365872::4:4
139808644142096::6:6
139808711182848::4:4
139808711389024::2:2
139808644149552::3:3
139808644143616::4:4
139808711071280::0:0
139808711070000::0:0
139808711069872::0:0
139808711071808::2:2
139808711068816::3:3
139808644143040::1:1
139808644150592::1:1
139808711070512::1:1
139808661975968::3:3
139808661999600::3:3
139808714239760::1:1
139808714381024::2:2
139808714374128::2:2
139808714373744::3:3
139808714378960::4:4
139808714240208::2:2
139808714371280::3:3
139808714240592::1:1
139808714371072::3:3
139808714242048::2:2
139808714377840::2:2
139808644147408::6:6
139808714239600::2:2
139808714239248::1:1
139808714239216::1:1
139808714255184::2:2
139808714239920::2:2
139808714240304::1:1
139808714240656::3:3
139808714238928::1:1
139808714239072::1:1
139808714324928::4:4
139808714239120::1:1
139808714324832::2:2
139808714329680::3:3
139808714262256::2:2
139808714240224::0:0
139808714374416::2:2
139808714373152::1:1
139808714374624::2:2
139808714240176::2:2
139808714240512::3:3
139808714239680::2:2
139808644148144::1:1
139808714281456::3:3
139808714238976::1:1
139808714240272::1:1
139808711191520::2:2
139808711543392::0:0
139808711071712::1:1
139808711189584::0:0
139808644150384::2:2
139808652615776::1:1
139808652615664::6:6
139808577525184::2:2
139808577523296::1:1
139808577523200::1:1
139808652615520::1:1
139808652616000::0:0
139808652615952::2:2
139808577523328::3:3
139809048574736::2:2
139809048530688::4:4
139809048569792::2:2
139808577523248::3:3
139808577523152::6:6
139808661913760::4:4
139808661529600::2:2
139808577523168::1:1
139808652615872::0:0
139808351904688::2:2
139808351909840::0:0
139808644829248::0:0
139808644150064::1:1
139808644148096::1:1
139808714305024::1:1
139808714238992::2:2
139808644150736::3:3
139808714406928::1:1
139808714240032::2:2
139808714239664::2:2
139808714277056::2:2
139808714240160::2:2
139808714238944::4:4
139808644153104::0:0
139808711084608::1:1
139808711069152::0:0
139808644148256::0:0
139808714410688::2:2
139808714239616::3:3
139808644154864::1:1
139808714279232::2:2
139808714239040::2:2
139808714276576::2:2
139808714324016::1:1
139808714262672::2:2
139808644152288::2:2
139808644149808::2:2
139808644154384::2:2
139808644144896::1:1
139808711084768::1:1
139808714403904::2:2
139808644148720::3:3
139808644148496::1:1
139808644142896::1:1
139808714239264::1:1
139808644143664::3:3
139808644411504::2:2
139808644142656::0:0
139808714239152::2:2
139808714240400::2:2
139808711069120::0:0
139808644147968::2:2
139808711070688::4:4
139808661703056::4:4
139808617502048::1:1
139808711250160::2:2
139808644143440::2:2
139808644150032::4:4
139808644146944::2:2
139808711249856::3:3
139808711249504::2:2
139808644142064::1:1
139808644706384::1:1
139808644706320::1:1
139808644145568::1:1
139808711261824::3:3
139808711250896::2:2
139808711251120::1:1
139808662483312::0:0
139808662483408::1:1
139808711249424::0:0
139808711247840::1:1
139808644152144::2:2
139808714325136::1:1
139808644151136::1:1
139808714328544::3:3
139808711248240::1:1
139808711251280::3:3
139808711520576::2:2
139808711250384::3:3
139808711190528::3:3
139808711071184::3:3
139808644147888::1:1
139808711527392::1:1
139808644785392::3:3
139808644785760::2:2
139808644143392::2:2
139808644147536::2:2
139808644147424::3:3
139808644143856::1:1
139808644146192::6:6
139808711487616::3:3
139808711487936::2:2
139808711466192::1:1
139808711482256::2:2
139808711466128::3:3
139808711494048::1:1
139808711494064::1:1
139808711493952::4:4
139808644145264::1:1
139808644785904::5:5
139808644149760::1:1
139808644785664::2:2
139808644154512::2:2
139808644151680::1:1
139808644146064::1:1
139808644153376::1:1
139808644145408::1:1
139808711494496::1:1
139808644143776::1:1
139808644143296::1:1
139808644142608::2:2
139808644144096::1:1
139808644785808::2:2
139808644154256::2:2
139808711493504::1:1
139808644154912::3:3
139808711494320::1:1
139808644146640::2:2
139808644146864::2:2
139808644144240::1:1
139808644148656::1:1
139808644148224::1:1
139808714324176::4:4
139808714325312::2:2
139808644782832::1:1
139808644783024::5:5
139808644154560::1:1
139808644148560::1:1
139808644147808::1:1
139808644143504::1:1
139808644782368::3:3
139808644143184::1:1
139808711069920::2:2
139808644153472::1:1
139808644143680::1:1
139808644142464::1:1
139808644142368::2:2
139808644142592::2:2
139808644152848::6:6
139808711485728::4:4
139808644153136::1:1
139808711074326::2:2
139808644148928::3:3
139808644146400::3:3
139808711371056::3:3
139808711493600::2:2
139808711511504::0:0
139808711070240::4:4
139808351905120::1:1
139808351902256::2:2
139808351902208::2:2
139808644147744::2:2
139808351904000::2:2
139808644904416::0:0
139808644147840::2:2
139808644895296::1:1
139808644149744::1:1
139808644143632::1:1
139808644152272::0:0
139808351903072::2:2
139808644894496::2:2
139808644142848::3:3
139808717737024::1:1
139808644145632::1:1
139808711069648::2:2
139808644905568::1:1
139808717734432::1:1
139808717712880::1:1
139808670999456::1:1
139808671003744::2:2
139808661606128::4:4
139808661614816::6:6
139808661960000::2:2
139808662366217::0:0
139808661643744::3:3
139808661606928::2:2
139808661600320::5:5
139808667843968::2:2
139808667837216::1:1
139808547340736::1:1
139808547341488::1:1
139808547340832::2:2
139808547341200::2:2
139808547340448::2:2
139808547340304::1:1
139808547445968::1:1
139808547341296::3:3
139808547541472::3:3
139808547542592::4:4
139808547340400::3:3
139808547556000::3:3
139808547342240::0:0
139808547340288::6:6
139808547341168::3:3
139808547341216::2:2
139808547341104::1:1
139808547550304::2:2
139808547551008::1:1
139808547553568::1:1
139808547551184::2:2
139808547549808::0:0
139808547341680::3:3
139808667844336::2:2
139808667840464::2:2
139808667839264::3:3
139808670994032::1:1
139808670986448::1:1
139808670986000::1:1
139808671000016::6:6
139808670983504::1:1
139808670979648::1:1
139808670984752::3:3
139808670988512::2:2
139808667840672::6:6
139808670996672::6:6
139808714239744::4:4
139808496145680::1:1
139808496145600::3:3
139808496145264::0:0
139808496145216::1:1
139808496145904::1:1
139808496148800::3:3
139808496147152::4:4
139808496145664::1:1
139808496145744::0:0
139808496145312::3:3
139808496145280::1:1
139808496153312::1:1
139808496145552::1:1
139808496154480::3:3
139808496145760::3:3
139808547340816::1:1
139808496153408::3:3
139808496151216::4:4
139808496154896::1:1
139808496145728::0:0
139808496145776::1:1
139808547486192::1:1
139808547484576::1:1
139808547486832::1:1
139808547486464::1:1
139808547341600::1:1
139808496151536::1:1
139808547492576::1:1
139808547353696::3:3
139808547488624::1:1
139808547499248::1:1
139808547485824::2:2
139808547341024::4:4
139808547492656::1:1
139808547341312::3:3
139808547485008::2:2
139808496158480::2:2
139808547485392::2:2
139808547485200::2:2
139808667845664::2:2
139808668125840::2:2
139808547403504::6:6
139808667839808::1:1
139808667842944::2:2
139808711322512::3:3
139808668143888::3:3
139808667843696::2:2
139808667840768::1:1
139808668072336::0:0
139808667842784::1:1
139808667924192::2:2
139808667994384::1:1
139808667959840::1:1
139808667839440::1:1
139808667843024::2:2
139808667844592::2:2
139808667961136::4:4
139808668180512::2:2
139808667846432::3:3
139808667840912::1:1
139808667842272::1:1
139808667845984::2:2
139808668154160::1:1
139808667994608::4:4
139808667838656::1:1
139808714261568::1:1
139808714261664::6:6
139808670999680::2:2
139808671004272::3:3
139808668183136::3:3
139808668184352::2:2
139808668183328::1:1
139808668183728::1:1
139808668081632::3:3
139808667840288::2:2
139808667844560::2:2
139808667841120::2:2
139808667844352::2:2
139808667837472::1:1
139808667840800::1:1
139808668178832::3:3
139808670983904::0:0
139808670995104::2:2
139808670982304::2:2
139808671000560::1:1
139808670981184::1:1
139808670998208::6:6
139808671002960::2:2
139808670988224::6:6
139808671004528::1:1
139808670994352::1:1
139808670987312::6:6
139808672223264::3:3
139808670990384::1:1
139808670998976::2:2
139808670981744::1:1
139808670985616::3:3
139808670980032::3:3
139808670991296::5:5
139808670980432::5:5
139808670996320::1:1
139808670982928::6:6
139808670991408::2:2
139808711376160::3:3
139808671004048::1:1
139808670994944::2:2
139808670986848::2:2
139808714239504::3:3
139808714330352::5:5
139808670984736::4:4
139808672083504::1:1
139808670992032::6:6
139808670987072::2:2
139808670989568::2:2
139808670991792::2:2
139808671005264::1:1
139808670990448::4:4
139808670981984::1:1
139808670980144::1:1
139808670991136::3:3
139808670981536::1:1
139808670984784::4:4
139808670988736::1:1
139808670995344::2:2
139808670987120::2:2
139808670993408::2:2
139808670980336::1:1
139808670984624::6:6
139808671005152::2:2
139808670997776::2:2
139808671003392::4:4
139808670991616::1:1
139808711350864::5:5
139808711350608::3:3
139808711347392::1:1
139808670994608::1:1
139808670998880::2:2
139808670997168::2:2
139808672087840::3:3
139808672087760::1:1
139808670993472::1:1
139808670982912::1:1
139808671002816::2:2
139808633419216::1:1
139808633462480::3:3
139808633420672::1:1
139808670996896::3:3
139808670988496::1:1
139808672082992::1:1
139808670994416::1:1
139808671006112::3:3
139808672089696::3:3
139808711379168::0:0
139808670989056::2:2
139808672085536::3:3
139808670984640::3:3
139808670989856::4:4
139808670989392::2:2
139808670994400::0:0
139808672096656::2:2
139808670993216::1:1
139808672096336::1:1
139808671005136::0:0
139808671002144::2:2
139808670989680::2:2
139808671003648::1:1
139808670983024::2:2
139808672221312::4:4
139808670984448::3:3
139808672088080::3:3
139808711070528::1:1
139808711068656::6:6
139808661530219::1:1
139808661638448::4:4
139808661633728::4:4
139808661634352::5:5
139808661635264::4:4
139808661634000::4:4
139808661725472::0:0
139808671004496::2:2
139808672322128::2:2
139808711069056::2:2
139808661667104::6:6
139808661667840::6:6
139808661638848::1:1
139808661701888::4:4
139808633418848::3:3
139808633418784::1:1
139808652615728::2:2
139808156857280::2:2
139808156857024::1:1
139808156857520::4:4
139808156857152::1:1
139808156856832::1:1
139808156874896::3:3
139808156857328::3:3
139808156872096::0:0
139808156857344::1:1
139808672082928::6:6
139808156872176::2:2
139808156856544::1:1
139808156856720::1:1
139808156875056::2:2
139808156872368::5:5
139808156875344::2:2
139808156872416::2:2
139808156857216::2:2
139808670979984::1:1
139808670995408::3:3
139808152971056:murrine_rc_style_get_type:0:0
139808152976848:murrine_style_get_type:0:0
139808152947616::0:0
139808152949776::0:0
139808152948560::2:2
139808152949136::2:2
139808152949360::2:2
139808152948752::1:1
139808152950192::4:4
139808152949072::1:1
139808670992096::3:3
139808670983280::4:4
139808670999776::2:2
139808670984432::3:3
139808667839360::2:2
139808553126240::3:3
139808553126320::2:2
139808521527696::1:1
139808672280912::0:0
139808670986544::2:2
139808717736416::6:6
139808717741584::2:2
139808717722384::2:2
139808717736976::0:0
139808625426256::4:4
139808625424192::3:3
139808625424720::3:3
139808630047168::2:2
139808625425696::1:1
139808625425552::1:1
139808625424992::1:1
139808542246368::1:1
139808617502496::4:4
139808617502768::6:6
139808625425312::1:1
139808542245376::1:1
139808681594032::1:1
139808681591088::1:1
139808681597456::1:1
139808681572992::1:1
139808681584224::1:1
139808681593088::1:1
139808625424016::1:1
139808681578304::2:2
139808681573680::1:1
139808681595024::1:1
139808681601760::1:1
139808681579184::1:1
139808681572336::2:2
139808681584928::3:3
139808681596976::6:6
139808681572256::2:2
139808682721872::1:1
139808681591056::2:2
139808681590688::3:3
139808682783232::2:2
139808681579424::3:3
139808681575344::2:2
139808654859344::1:1
139808654859248::1:1
139808654824704::2:2
139808654806112::1:1
139808654805920::3:3
139808654837408::2:2
139808654837296::4:4
139808655021232::6:6
139808654872848::4:4
139808654829696::3:3
139808654829552::3:3
139808654859648::2:2
139808654859584::2:2
139808654806032::3:3
139808654872016::4:4
139808654871888::3:3
139808654862928::2:2
139808655017408::6:6
139808654863856::1:1
139808654947600::4:4
139808654947152::3:3
139808654923168::1:1
139808654829824::0:0
139808654829888::0:0
139808654874720::1:1
139808654874416::2:2
139808654867936::1:1
139808654831920::1:1
139808654806240::0:0
139808654880240::1:1
139808654880544::1:1
139808654888624::6:6
139808654888496::2:2
139808655017712::2:2
139808655018192::6:6
139808654899968::2:2
139808654977424::1:1
139808654927808::1:1
139808655203440::6:6
139808654978048::1:1
139808654880480::1:1
139808655202160::6:6
139808654843664::1:1
139808654865984::1:1
139808655200976::3:3
139808654897152::2:2
139808654896608::2:2
139808655177408::5:5
139808654840608::2:2
139808654979328::4:4
139808654939440::2:2
139808654859744::1:1
139808654939296::5:5
139808654939184::1:1
139808654931024::3:3
139808654861072::2:2
139808654860992::3:3
139808654825472::1:1
139808654978992::1:1
139808654939504::6:6
139808654911488::2:2
139808654864176::2:2
139808654896544::1:1
139808654896320::0:0
139808654893008::2:2
139808654890480::2:2
139808654892896::2:2
139808654884848::2:2
139808654891776::2:2
139808654891616::2:2
139808654880592::1:1
139808654978432::1:1
139808654884640::1:1
139808655205408::1:1
139808655140448::1:1
139808654882352::1:1
139808655140160::2:2
139808654864560::3:3
139808654869248::1:1
139808654843376::0:0
139808654843440::0:0
139808655143808::1:1
139808654885360::1:1
139808655143552::1:1
139808655022768::6:6
139808654885040::2:2
139808654883104::2:2
139808654882880::3:3
139808655138752::1:1
139808681578048::1:1
139808654981440::4:4
139808654980656::5:5
139808654860064::4:4
139808654892192::4:4
139808654834704::1:1
139808654946048::3:3
139808655005200::6:6
139808654944592::4:4
139808654944176::4:4
139808654888416::3:3
139808654946480::6:6
139808654886304::2:2
139808655263056::3:3
139808655261536::1:1
139808655261296::2:2
139808654828704::2:2
139808655261584::6:6
139808654979504::1:1
139808654835440::3:3
139808654835632::3:3
139808654836032::2:2
139808655298160::5:5
139808654829392::1:1
139808654825344::4:4
139808654881056::3:3
139808655076336::2:2
139808655074272::1:1
139808654879440::1:1
139808654873152::4:4
139808654831760::2:2
139808655030064::4:4
139808655028880::4:4
139808654848784::4:4
139808654868240::1:1
139808654879152::2:2
139808654805952::3:3
139808655033088::1:1
139808654824592::0:0
139808654806144::2:2
139808654979616::2:2
139808654886816::2:2
139808654886672::2:2
139808654980032::2:2
139808654984384::6:6
139808654912656::2:2
139808654905024::3:3
139808654807368::3:3
139808654995936::2:2
139808654883200::4:4
139808654938912::1:1
139808654931104::3:3
139808654908624::1:1
139808654894656::3:3
139808655088880::2:2
139808654886912::2:2
139808654997168::6:6
139808654996976::6:6
139808654871664::2:2
139808654895680::3:3
139808654895440::2:2
139808655003408::2:2
139808654894752::2:2
139808655115872::3:3
139808655016608::6:6
139808655016288::5:5
139808655015024::5:5
139808654887936::4:4
139808654908720::2:2
139808654936832::5:5
139808654931168::3:3
139808654839056::6:6
139808654891552::2:2
139808654891424::2:2
139808654891232::2:2
139808654865776::2:2
139808654833120::2:2
139808655147536::5:5
139808654880880::5:5
139808655039248::1:1
139808655038736::4:4
139808654830688::1:1
139808654975328::1:1
139808654974912::2:2
139808655038832::2:2
139808655028496::3:3
139808655047648::1:1
139808654871392::3:3
139808654870896::2:2
139808654828880::2:2
139808654881680::2:2
139808654851136::3:3
139808654931536::1:1
139808655010112::2:2
139808655036000::1:1
139808654937008::1:1
139808654886192::2:2
139808654953968::2:2
139808654931856::2:2
139808655019680::2:2
139808655017792::1:1
139808654861120::2:2
139808654887760::4:4
139808654990080::2:2
139808654990336::2:2
139808654990544::2:2
139808655039760::1:1
139808654874288::1:1
139808655038512::1:1
139808655073520::1:1
139808655037968::2:2
139808655037664::1:1
139808654909056::3:3
139808654868752::1:1
139808654867856::1:1
139808654866096::1:1
139808654894976::2:2
139808654836512::1:1
139808654992256::4:4
139808654888224::2:2
139808654961776::3:3
139808654912880::3:3
139808654912800::1:1
139808655122256::3:3
139808654913088::4:4
139808654908496::2:2
139808654908384::1:1
139808654914800::3:3
139808654913904::2:2
139808654964624::3:3
139808654868192::1:1
139808654867760::1:1
139808717717616::0:0
139808717710288::6:6
139808661632416::2:2
139808661632576::6:6
139808717727696::0:0
139808717721936::6:6
139808717739744::2:2
139808717730064::3:3
139808717726480::0:0
139808717722800::0:0
139808717724368::0:0
139808717715584::0:0
139808625424608::1:1
139808717724352::2:2
139808717715664::2:2
139808717715648::1:1
139808717712688::1:1
139808717731200::2:2
139808717724544::2:2
139808717720224::1:1
139808717710992::1:1
139808717730992::2:2
139808717732816::6:6
139808717721312::6:6
139808717729328::6:6
139808717725136::6:6
139808644153904::2:2
139808644146576::1:1
139808644837712::1:1
139808711269584::1:1
139808711269680::1:1
139808711268560::3:3
139808711268448::2:2
139808711274240::2:2
139808711270176::3:3
139808711268848::1:1
139808644147248::2:2
139808711268768::2:2
139808711271216::4:4
139808711270864::4:4
139808711274832::2:2
139808644836736::1:1
139808644155088::3:3
139808644146176::2:2
139808711269120::1:1
139808681599456::5:5
139808681582016::1:1
139808681592896::1:1
139808633420560::1:1
139808633419200::2:2
139808633420864::1:1
139808633418816::1:1
139808711070048::3:3
139808717732400::2:2
139808717733904::3:3
139808717729744::6:6
139808717723760::2:2
139808711223152::1:1
139808711222800::2:2
139808711221792::1:1
139808711069984::3:3
139808711224720::2:2
139808711221856::1:1
139808711223504::2:2
139808711222064::1:1
139808717712432::1:1
139808717739376::4:4
139808711226736::4:4
139808711227664::2:2
139808711070336::3:3
139808711222704::2:2
139808717718464::2:2
139808717720272::2:2
139808644154960::2:2
139808644272736::1:1
139808644267472::1:1
139808644267264::1:1
139808644273216::1:1
139808644153712::2:2
139808644144336::2:2
139808644154048::1:1
139808644916912::3:3
139808644286400::2:2
139808644917568::6:6
139808644917248::4:4
139808644273520::2:2
139808644273440::2:2
139808644145024::3:3
139808644146672::1:1
139808644257216::1:1
139808644145744::6:6
139808644917200::1:1
139808644266912::2:2
139808644279520::3:3
139808644279904::3:3
139808644915472::5:5
139808644272816::1:1
139808717723840::2:2
139808717728912::1:1
139808717730416::1:1
139808654806778::4:4
139808655027584::3:3
139808654873296::3:3
139808654878272::1:1
139808654832192::5:5
139808655028176::3:3
139808655027888::5:5
139808654980560::3:3
139808654980480::2:2
139808654834912::1:1
139808655266256::2:2
139808654865168::2:2
139808654860912::3:3
139808654990736::2:2
139808711183952::3:3
139808717729136::2:2
139808625425888::0:0
139808625424928::1:1
139808630035536::0:0
139808630283296::2:2
139808625428930::2:2
139808628048416::2:2
139808625615600::2:2
139808627901984::2:2
139808627913920::2:2
139808670994672::6:6
139808670984480::1:1
139808667874352::1:1
139808667846704::1:1
139808668090464::1:1
139808667842112::2:2
139808667840704::2:2
139808667846592::1:1
139808667874464::2:2
139808668084304::4:4
139808667874672::2:2
139808667842528::1:1
139808668091616::0:0
139808667840064::2:2
139808667874720::1:1
139808647794416::2:2
139808647793760::2:2
139808714239392::2:2
139808542247552::1:1
139808542342464::0:0
139808542247616::1:1
139808542247424::1:1
139808542248768::1:1
139808542252784::1:1
139808542252240::1:1
139808542250256::2:2
139808542251040::1:1
139808542252416::2:2
139808542254288::1:1
139808542251728::4:4
139808542251392::2:2
139808542244368::1:1
139808542251664::1:1
139808542245056::1:1
139808542244176::1:1
139808542247840::1:1
139806600795440:asn1_length_der:3:3
139806600795600:asn1_octet_der:4:4
139806600801088:asn1_get_length_der:3:3
139806600802640:asn1_get_tag_der:5:5
139806600803152:asn1_get_length_ber:3:3
139806600821936:asn1_find_node:2:2
139806600827664:asn1_delete_structure:1:1
139806602979072::2:2
139806602978016::2:2
139806600821840::1:1
139806600784032::2:2
139806600784144::1:1
139806600823056::2:2
139806600821712::3:3
139806600783872::1:1
139806600784112::3:3
139806600833616::2:2
139806600823200::2:2
139806600822448::3:3
139806600823360::1:1
139806600821584::3:3
139806600783904::2:2
139806600784064::4:4
139806600784048::2:2
139806600783792::1:1
139806596293360::1:1
139808508029056::2:2
139808508021744::2:2
139806602979056::2:2
139808644487616::4:4
139808644148832::3:3
139808644487824::3:3
139806602983072::0:0
139806596293184::3:3
139806600827824::1:1
139806600823120::2:2
139806600783776::6:6
139806600823280::1:1
139806602976160::1:1
139806602976480::3:3
139806602976432::1:1
139806602977888::1:1
139806596364640::4:4
139806596428464::3:3
139806596291696::1:1
139806596428336::3:3
139806596292464::4:4
139806596364240::3:3
139806596292480::3:3
139806596292896::4:4
139806600803232::5:5
139806600823536::2:2
139806600784096::3:3
139806600784240::3:3
139806600802128::4:4
139806600822704::3:3
139806600822624::3:3
139806600817104::1:1
139806600802000::4:4
139806600801552::4:4
139806600800832::1:1
139806600826256::1:1
139806596549600::4:4
139806596291056::4:4
139806600783824::2:2
139806596292304::2:2
139806596374400::2:2
139806602978896::1:1
139806602985312::1:1
139806602979504::2:2
139806596554128::3:3
139806596550096::4:4
139806596293344::5:5
139806600795232::4:4
139806600784208::3:3
139806596293120::6:6
139806596374208::4:4
139806602977216::4:4
139806602977824::2:2
139806602986448::1:1
139806602978384::6:6
139806602977504::4:4
139806602979328::2:2
139806602978848::1:1
139806602977632::1:1
139806603004992::3:3
139806602979296::2:2
139806602977840::1:1
139806602976528::1:1
139806602977008::3:3
139806602979360::1:1
139806602976752::1:1
139806602977344::1:1
139806602976880::1:1
139808714327952::6:6
139808714326656::6:6
139808644152320::0:0
139808717729024::2:2
139808644143472::4:4
139808717740560::2:2
139808717723472::0:0
139806526584720::2:2
139808717740928::1:1
139808654885488::2:2
139808654962832::4:4
139808654830608::2:2
139808711370720::2:2
139808670981872::2:2
139808671002560::1:1
139808670983136::1:1
139808671103264::5:5
139808670988304::1:1
139808667839792::3:3
139808670996976::1:1
139808671098320::3:3
139808671102176::3:3
139808671004432::2:2
139808672233808::1:1
139808670990976::0:0
139808670987328::4:4
139808670998544::1:1
139808717715056::0:0
139808717740736::0:0
139808671003808::0:0
139808672305280::2:2
139808672093248::1:1
139808670989632::1:1
139808633421248::1:1
139808633436768::3:3
139808633437376::4:4
139808633419232::2:2
139808633438176::3:3
139808633436944::3:3
139808633437600::6:6
139808633421168::2:2
139808633420688::1:1
139808633420768::1:1
139808633419008::2:2
139808633420352::1:1
139808670999216::1:1
139808671005072::1:1
139808671003264::2:2
139808672237344::1:1
139808670995488::0:0
139808670995088::1:1
139808671000176::4:4
139808671006256::1:1
139808670984080::1:1
139808671002384::1:1
139808671112320::2:2
139808670987760::1:1
139808672936064::2:2
139808670995296::1:1
139808670982704::6:6
139808672929840::2:2
139808672929584::1:1
139808672919360::2:2
139808672909856::3:3
139808672661680::1:1
139808717718544::4:4
139808670994576::2:2
139808670985808::2:2
139808670996272::1:1
139808670988128::1:1
139808717725328::0:0
139808717740768::3:3
139808671059712::2:2
139808670993440::1:1
139808670988320::1:1
139808667837872::1:1
139808671039216::1:1
139808671038416::1:1
139808670986688::1:1
139808717715328::1:1
139808671038528::3:3
139808671003872::0:0
139808671039024::1:1
139808671000480::2:2
139808670980080::1:1
139808670998768::2:2
139808670980000::2:2
139808672888880::6:6
139808670984864::3:3
139808671001792::1:1
139808670994272::1:1
139808670982656::3:3
139808670982976::5:5
139808670993168::3:3
139808671031024::6:6
139808670995280::3:3
139808670980240::3:3
139808671043232::2:2
139808671001232::5:5
139808672887008::3:3
139808670984128::3:3
139808717720064::2:2
139808672882704::4:4
139808671824576::1:1
139808670989120::6:6
139808671862192::1:1
139808671749008::1:1
139808671748000::2:2
139808671748560::2:2
139808671745296::1:1
139808671035328::1:1
139808670991184::3:3
139808671869280::4:4
139808672880928::3:3
139808671700592::1:1
139808671698928::1:1
139808670979776::2:2
139808672897280::1:1
139808671050624::3:3
139808671737184::4:4
139808670998688::2:2
139808670992768::1:1
139808671747312::3:3
139808670999264::1:1
139808671734528::2:2
139808670985504::0:0
139808670980176::1:1
139808670990960::1:1
139808671001296::2:2
139808633419728::2:2
139808633418976::1:1
139808670988912::0:0
139808670993120::6:6
139808671701392::2:2
139808671689280::1:1
139808671048848::2:2
139808670998400::1:1
139808671603040::0:0
139808671881728::3:3
139808670985344::2:2
139808671881536::3:3
139808671874880::2:2
139808671894544::3:3
139808671036064::3:3
139808670994640::1:1
139808670995312::2:2
139808671602912::3:3
139808672942432::2:2
139808672313248::4:4
139808670981616::1:1
139808717725216::0:0
139808717728832::0:0
139808671003952::2:2
139808670999952::1:1
139808670990912::1:1
139808673001312::2:2
139808672971136::1:1
139808672986944::2:2
139808672936672::2:2
139808670989488::1:1
139808672933264::1:1
139808671140832::2:2
139808670995328::2:2
139808671004080::1:1
139808717734416::2:2
139808672107408::5:5
139808670988352::3:3
139808672107392::4:4
139808672084672::2:2
139808670982064::1:1
139808672084784::4:4
139808670995776::1:1
139808670981664::1:1
139808672083984::1:1
139808670992352::2:2
139808672091952::2:2
139808156857040::0:0
139808672083104::2:2
139808670982144::1:1
139808671000704::2:2
139808672087664::2:2
139808670980496::1:1
139808672093552::3:3
139808672593376::1:1
139808672611984::6:6
139808589415552::2:2
139808589416832::1:1
139808589416512::2:2
139808589415264::1:1
139808589416528::2:2
139808672928288::3:3
139808672585568::1:1
139808717721168::0:0
139808672900672::2:2
139808670984000::1:1
139808633419152::1:1
139808572459296::3:3
139808572459424::2:2
139808633420752::2:2
139808633419936::1:1
139808633418768::1:1
139808534391312::2:2
139808534390064::2:2
139808633492064::1:1
139808633490240::2:2
139808633499536::1:1
139808633496832::1:1
139808633419280::2:2
139808633419664::1:1
139808633548528::1:1
139808633420784::1:1
139808633421040::1:1
139808530092992::1:1
139808530095536::1:1
139808530093552::1:1
139808530107808::2:2
139808530096368::1:1
139808530093424::1:1
139808530094656::2:2
139808530093856::2:2
139808534389424::1:1
139808530094768::1:1
139808575203856::1:1
139808575284048::1:1
139808575203136::1:1
139808575203648::2:2
139808575203552::1:1
139808575202608::1:1
139808575203632::2:2
139808575283888::2:2
139808575289280::2:2
139808575287360::2:2
139808575204112::3:3
139808575291232::6:6
139808575203760::3:3
139808575204256::2:2
139808575204144::0:0
139808575303552::2:2
139808575297328::2:2
139808575234912::3:3
139808575203008::2:2
139808575202880::1:1
139808458779472::1:1
139808458789760::2:2
139808458784384::2:2
139808458782704::1:1
139808458779440::3:3
139808458841808::1:1
139808458840528::0:0
139808575203456::2:2
139808575202864::3:3
139808575204160::3:3
139808575203344::2:2
139808575202576::2:2
139808575203600::0:0
139808575203744::3:3
139808458812864::1:1
139808458779456::1:1
139808458779392::1:1
139808458779520::0:0
139808458794176::1:1
139808458865824::6:6
139808458842832::2:2
139808458797424::6:6
139808458783408::4:4
139808458864736::6:6
139808458863632::6:6
139808458783328::4:4
139808458783200::4:4
139808458784480::4:4
139808458779376::3:3
139808458793424::1:1
139808458806160::6:6
139808458794400::5:5
139808575302592::2:2
139808575303120::3:3
139808575302800::2:2
139808458842448::4:4
139808458779408::3:3
139808575307728::2:2
139808575302992::1:1
139808575297952::1:1
139808575302656::1:1
139808575310512::1:1
139808458793680::4:4
139808458785680::4:4
139808575203072::2:2
139808575308128::2:2
139808575302720::1:1
139808575306288::1:1
139808575284368::2:2
139808575310128::2:2
139808575309552::1:1
139808575216384::1:1
139808575308976::1:1
139808575307472::6:6
139808575284128::1:1
139808575286880::1:1
139808575307024::3:3
139808575307968::3:3
139808575307616::5:5
139808575306192::2:2
139808575203824::1:1
139808458790464::2:2
139808575203376::1:1
139808458781664::1:1
139808458781584::1:1
139808575203472::0:0
139808575300400::2:2
139808575203200::2:2
139808575202912::2:2
139808575309248::2:2
139808575294912::2:2
139808575287632::2:2
139808575287952::1:1
139808575203728::3:3
139808575209376::5:5
139808575297472::2:2
139808575203808::3:3
139808575297392::3:3
139808575297248::2:2
139808575204240::0:0
139808575208736::2:2
139808575205920::2:2
139808575203680::4:4
139808575203360::3:3
139808575304720::6:6
139808575208656::3:3
139808575203888::3:3
139808575210384::3:3
139808575207920::0:0
139808575203664::2:2
139808575203840::1:1
139808575297344::0:0
139808575208528::2:2
139808575208032::2:2
139808575235024::0:0
139808575226128::4:4
139808575211232::2:2
139808575205792::1:1
139808575225888::2:2
139808575203184::4:4
139808575203504::4:4
139808575293152::4:4
139808575292656::4:4
139808575289232::2:2
139808575226064::2:2
139808575215776::2:2
139808575272832::2:2
139808575218528::3:3
139808575215856::4:4
139808575269808::2:2
139808575300960::2:2
139808575298384::3:3
139808575265648::1:1
139808575219680::4:4
139808575222096::5:5
139808575299984::2:2
139808530096768::1:1
139808530094896::1:1
139808633421184::1:1
139808633466400::4:4
139808633421120::1:1
139808530094304::2:2
139808633419312::2:2
139808530094496::3:3
139808530111312::2:2
139808575277760::4:4
139808575275904::2:2
139808575277040::6:6
139808575267136::0:0
139808575290896::4:4
139808575288384::1:1
139808575267280::2:2
139808530095968::4:4
139808530093536::4:4
139808530096096::2:2
139808530093264::1:1
139808635851216::2:2
139808538731584::0:0
139808538731952::0:0
139808633476912::4:4
139808530096832::1:1
139808530114432::2:2
139808530104896::2:2
139808530095904::1:1
139808530093744::1:1
139808530094688::3:3
139808633420528::1:1
139808633420000::1:1
139808633421376::1:1
139808633489408::2:2
139808534393520::1:1
139808635852432::1:1
139808635975968::2:2
139808635976656::2:2
139808635975264::1:1
139808635975136::3:3
139808635852864::1:1
139808635956768::1:1
139808636015312::1:1
139808635848688::0:0
139808635956816::2:2
139808636507536::1:1
139808572474960::1:1
139808636508400::2:2
139808635853024::0:0
139808636511952::1:1
139808610782272::2:2
139808610782928::2:2
139808610793712::3:3
139808610893424::2:2
139808610856832::4:4
139808610856912::2:2
139808610993680::1:1
139808610868528::2:2
139808610782096::2:2
139808610835312::2:2
139808610925696::4:4
139808610797808::1:1
139808610797248::4:4
139808610794000::1:1
139808530094704::2:2
139808530093440::2:2
139808575204064::2:2
139808572709456::3:3
139808572708944::2:2
139808610794128::1:1
139808610797376::4:4
139808610782304::2:2
139808610851136::3:3
139808610856608::1:1
139808530095392::4:4
139808534389584::0:0
139808633420912::0:0
139808534388480::4:4
139808636182000::1:1
139808636188416::4:4
139808635848528::3:3
139808572709248::1:1
139808572760032::1:1
139808572576640::5:5
139808572572096::4:4
139808572537440::3:3
139808572548928::2:2
139808572537728::1:1
139808572752336::2:2
139808572761088::2:2
139808572754192::5:5
139808572465222::2:2
139808572467541::2:2
139808572467217::6:6
139808572760992::4:4
139808636187200::3:3
139808635852512::0:0
139808636182080::1:1
139808610833152::2:2
139808633420704::2:2
139808633420576::1:1
139808633418896::3:3
139808671352016::1:1
139808665496768::1:1
139808665496688::1:1
139808665495536::2:2
139808665495600::5:5
139808711211984::4:4
139808665494800::1:1
139808665509696::2:2
139808665496960::2:2
139808665495472::1:1
139808665496160::2:2
139808665496480::2:2
139808665509920::2:2
139808665495808::3:3
139808665496496::2:2
139808671592048::1:1
139808671592448::2:2
139808670989264::3:3
139808670982416::4:4
139808670989168::4:4
139808671001840::1:1
139808670981824::1:1
139808671612368::1:1
139808671002064::2:2
139808671612144::1:1
139808670991280::2:2
139808671613040::3:3
139808671592464::3:3
139808671591712::4:4
139808665495552::6:6
139808665495984::2:2
139808665496592::2:2
139808665495648::1:1
139808665495680::1:1
139808665496624::1:1
139808665496144::1:1
139808644952096::3:3
139808644951696::0:0
139808644146096::2:2
139808644149824::1:1
139808644949104::2:2
139808644142336::1:1
139808644147056::1:1
139808644955344::3:3
139808644954240::5:5
139808644953872::6:6
139808644954896::4:4
139808644954416::1:1
139808670988848::1:1
139808670981472::1:1
139808152966416::0:0
139808711292768::4:4
139808717714736::0:0
139808670993184::2:2
139808717730880::1:1
139808717730592::4:4
139808711222320::3:3
139808717716448::1:1
139808717739072::2:2
139808717711152::1:1
139808681579872::2:2
139808681572736::1:1
139808671736848::1:1
139808672238080::1:1
139808672586752::2:2
139808672585616::3:3
139808633485968::1:1
139808633465440::4:4
139808572751264::2:2
139808572755632::3:3
139808572763936::2:2
139808572466247::4:4
139808572465711::4:4
139808610919136::3:3
139808610857088::2:2
139808610859056::1:1
139808633423261::2:2
139808633492176::2:2
139808672593680::2:2
139808610910192::3:3
139808635849744::1:1
139808610876368::6:6
139808534389264::1:1
139808534388400::1:1
139808534390688::1:1
139808633418592::1:1
139808665495056::1:1
139808644952272::1:1
139808665494560::2:2
139808644952368::2:2
139808644952224::1:1
139806069398192:rsvg_css_parse_color:2:2
139806069400560:rsvg_defs_lookup:2:2
139806069535648:rsvg_handle_get_type:0:0
139808657819408::1:1
139808657819728::0:0
139808657819312::3:3
139806069390496::1:1
139806069391216::4:4
139806069393424::0:0
139808658667712::2:2
139808658667328::4:4
139808657819072::3:3
139808657869520::2:2
139806069500528::1:1
139806069391136::2:2
139806069390208::3:3
139806069508000::3:3
139806069484784::2:2
139806069494720::1:1
139806069389360::1:1
139806069411056::3:3
139806069468192::1:1
139806069394848::1:1
139806069389904::2:2
139806069390032::1:1
139806069500832::1:1
139806069500816::2:2
139806069400960::3:3
139806069391152::3:3
139806069401056::2:2
139806069485168::2:2
139808657872000::4:4
139806069389344::3:3
139806069392592::2:2
139806069390704::2:2
139806069391120::1:1
139806069488416::3:3
139806069496208::3:3
139806069494560::4:4
139806069392784::2:2
139806069506432::2:2
139806069390976::6:6
139806069389408::1:1
139806069497216::3:3
139806069498080::2:2
139806069392608::2:2
139806069408128::0:0
139806069408064::0:0
139806069494672::1:1
139806069396032::1:1
139806069392768::3:3
139806069390656::1:1
139806069393376::1:1
139806069392384::1:1
139806069392096::1:1
139806069488672::5:5
139806069393872::2:2
139806069396144::1:1
139806069393568::0:0
139806069501184::2:2
139806069495856::1:1
139806069408000::1:1
139806069393312::1:1
139806069485088::1:1
139808657862832::1:1
139808657921296::2:2
139808657893424::2:2
139806069390016::2:2
139806069401184::3:3
139806069391456::2:2
139806069393520::1:1
139806069390688::3:3
139806069480784::0:0
139806069418512::1:1
139806069417344::1:1
139806069392160::4:4
139806069416976::4:4
139806069417184::1:1
139806069391584::0:0
139808538731856::0:0
139806069411488::2:2
139806069411648::1:1
139806069393776::3:3
139806069411872::1:1
139806069417280::1:1
139806069390448::2:2
139806069411760::1:1
139808635950080::2:2
139808635915632::2:2
139808636052048::1:1
139808636212432::1:1
139806069389760::0:0
139806069500864::1:1
139806069391936::1:1
139806069486000::4:4
139806069500432::1:1
139806069517040::2:2
139806069407984::1:1
139808636212496::2:2
139808635924688::1:1
139808635924192::0:0
139806069482592::3:3
139806069391744::2:2
139806069390848::2:2
139806069395584::1:1
139806069501040::3:3
139806069496016::2:2
139806069391776::1:1
139806069389456::2:2
139806069500992::1:1
139806069394016::1:1
139806069521712::2:2
139806069389616::1:1
139808635851744::3:3
139806069393136::1:1
139806069390720::1:1
139806069390480::1:1
139806069392896::1:1
139806069393040::1:1
139806069393296::2:2
139808635967648::3:3
139808636053840::3:3
139808636053760::1:1
139808636054800::6:6
139808635853368::1:1
139808636051552::2:2
139808635852912::3:3
139808636168224::5:5
139808636051680::4:4
139808636054032::3:3
139806069393264::1:1
139806069390864::1:1
139806069389776::1:1
139808636128672::3:3
139808636050608::2:2
139808636055632::6:6
139808636129600::3:3
139808636128384::4:4
139808636209552::5:5
139808636209888::6:6
139808636210208::1:1
139808636208832::2:2
139808635866000::3:3
139808636278064::5:5
139808636129568::1:1
139808636278032::1:1
139808636281424::2:2
139808635968272::6:6
139808635967904::6:6
139806069517104::2:2
139806069391520::1:1
139806069390512::1:1
139806069525744::4:4
139808636098976::2:2
139806069392976::1:1
139808635934288::0:0
139806069392960::1:1
139808635970560::2:2
139808635958816::1:1
139808636221600::2:2
139808635959424::4:4
139808636116912::1:1
139808636099696::2:2
139808636218912::1:1
139808636106480::2:2
139808636057792::2:2
139808636220496::6:6
139808636214320::1:1
139808636214208::3:3
139808636216544::1:1
139808635863600::1:1
139808635939520::6:6
139808635937168::6:6
139808635928480::1:1
139808636036576::1:1
139808635934992::2:2
139808636117536::2:2
139808636016128::1:1
139808636015936::1:1
139808636016432::4:4
139808636118208::2:2
139808636048160::2:2
139808636167536::2:2
139808635931488::2:2
139808635930368::2:2
139808635930112::3:3
139808635929312::3:3
139808635924368::1:1
139808636117648::3:3
139808636013776::6:6
139808635848320::0:0
139808635908320::1:1
139808635930432::2:2
139808636167392::2:2
139808635936016::2:2
139808635848096::3:3
139808502616656::3:3
139808636016864::5:5
139808635852640::2:2
139808502616528::3:3
139808502615936::1:1
139808635848624::1:1
139808636251040::3:3
139808636250848::2:2
139808635847776::6:6
139808502932336::1:1
139808502618832::6:6
139808502616048::0:0
139808502616288::1:1
139808502617968::3:3
139808502617616::3:3
139808502616880::2:2
139808502616304::3:3
139808502935296::6:6
139808502616496::1:1
139808502616384::2:2
139808502936512::6:6
139808502948448::2:2
139808502936640::6:6
139808502935936::3:3
139808502930176::3:3
139808502616272::2:2
139808502947040::2:2
139808636251456::3:3
139808635850560::1:1
139808502932048::1:1
139808636251232::1:1
139808635935120::0:0
139808636053632::1:1
139808636124608::1:1
139808636016208::1:1
139808538824576::0:0
139808538992752::1:1
139808636129760::2:2
139808635942336::1:1
139808636076080::4:4
139808636196720::2:2
139808636100016::1:1
139808502938112::2:2
139808502930272::2:2
139808635851488::0:0
139808636212704::5:5
139808636126224::6:6
139808636210304::6:6
139808636051856::1:1
139808635865536::3:3
139808635964448::1:1
139808635962992::1:1
139808636212672::1:1
139808635949824::1:1
139808636216400::2:2
139808636214464::1:1
139806069484864::1:1
139806069391040::2:2
139808671001872::1:1
139808671001760::1:1
139808670983184::2:2
139808671000192::4:4
139808670991984::2:2
139808670984240::1:1
139808670993664::3:3
139808668098416::0:0
139808667880848::4:4
139808667843120::4:4
139808668097104::4:4
139808671002176::2:2
139808667837312::2:2
139808538777728::0:0
139806069392432::2:2
139806069392688::0:0
139806069393968::0:0
139808635958960::1:1
139806069390816::2:2
139806069393792::2:2
139808635852448::2:2
139808635966832::1:1
139808635964512::2:2
139808635909504::2:2
139808635934320::1:1
139808635934480::2:2
139808636100624::1:1
139808635848400::6:6
139808502936320::6:6
139808502934880::3:3
139808667840944::1:1
139808667837888::1:1
139808667838880::1:1
139808667844832::1:1
139808667839200::1:1
139808667881424::1:1
139808667840960::6:6
139808152953824::2:2
139808152952816::3:3
139808152953168::3:3
139808152954416::4:4
139808667846112::2:2
139808667997216::1:1
139808667999008::2:2
139808521542544::3:3
139808521527584::3:3
139808521536640::2:2
139808521527648::4:4
139808661860368::4:4
139808670987888::1:1
139808633420224::2:2
139808670996560::1:1
139808670999920::2:2
139808672942640::1:1
139808672919728::2:2
139808670987200::4:4
139808670982752::1:1
139808667929248::6:6
139808667928912::4:4
139808667839408::3:3
139808667962528::1:1
139808667974656::4:4
139808667973792::5:5
139808667973712::2:2
139808671005424::2:2
139808670983664::2:2
139808671004240::1:1
139808671796064::1:1
139808670993536::1:1
139808667839296::1:1
139808636371936::2:2
139808667842096::1:1
139808667841856::1:1
139808635947264::1:1
139808635947040::1:1
139808635967712::3:3
139808636054768::1:1
139808635908768::2:2
139808636051184::4:4
139808635908864::3:3
139808635908096::2:2
139808636293040::3:3
139808635932848::1:1
139808636407808::1:1
139808553137824::4:4
139808553126016::3:3
139808636377296::1:1
139808635909984::0:0
139808670992304::1:1
139808667870704::1:1
139808667846896::1:1
139808667846512::1:1
139808667845808::1:1
139808667844992::1:1
139808667838928::1:1
139808667841056::1:1
139808635972592::2:2
139808635925440::4:4
139808667844304::4:4
139808635863136::2:2
139808635863440::3:3
139808635863344::3:3
139808635862976::1:1
139808636008912::1:1
139808636372640::2:2
139808635848672::1:1
139808553126208::3:3
139808636419712::1:1
139808635848944::2:2
139808667846528::1:1
139808636055600::3:3
139808636183216::2:2
139808635850384::2:2
139808572797616::2:2
139808572798352::3:3
139808572797776::6:6
139808572797424::1:1
139808572794944::5:5
139808636188176::3:3
139808636377824::1:1
139808636059184::2:2
139808635909696::1:1
139808635886304::3:3
139808635881072::2:2
139808635881776::5:5
139808635881392::3:3
139808635881232::2:2
139808635881584::5:5
139808152949104::0:0
139808502966624::2:2
139808636089488::1:1
139808636086192::4:4
139808636084848::3:3
139808636167744::2:2
139808636279664::2:2
139808636278688::2:2
139808636278208::5:5
139808636087744::6:6
139808636383120::1:1
139808670997968::1:1
139808671004384::3:3
139808671001200::2:2
139808671005536::1:1
139808670982784::2:2
139808156857392::1:1
139808156856752::1:1
139808156856736::1:1
139808156857376::3:3
139808156869152::6:6
139808156856976::1:1
139808665496736::0:0
139808665554864::6:6
139808570169776::3:3
139808545050000::3:3
139808667965136::1:1
139808711438768::0:0
139808711443184::4:4
139808681589184::0:0
139808682621824::1:1
139808689072896::1:1
139808681583328::3:3
139808685205296::3:3
139808681585392::2:2
139808685203968::4:4
139808685205440::2:2
139808667841760::2:2
139808670985376::3:3
139808681579728::1:1
139808681684336::2:2
139808682504496::1:1
139808681585200::0:0
139808696406864::1:1
139808696406800::1:1
139808681587824::2:2
139808682723472::1:1
139808696541632::0:0
139808681583056::1:1
139808682835104::1:1
139808681605840::2:2
139808684805520::1:1
139808684812096::1:1
139808691464272::0:0
139808684804656::1:1
139808684823232::1:1
139808683054016::0:0
139808681605168::2:2
139808689092848::0:0
139808685039200::2:2
139808682723584::4:4
139808684150736::1:1
139808691114016::1:1
139808681832912::1:1
139808681613360::2:2
139808682666032::2:2
139808681643216::2:2
139808681587680::4:4
139808644587328::6:6
139808644144992::0:0
139808681578368::3:3
139808681580048::2:2
139808681606576::1:1
139808689336160::2:2
139808696325280::1:1
139808681589232::1:1
139808542244336::2:2
139808542254048::3:3
139805831396880::2:2
139808542249808::3:3
139805831396240::3:3
139808542245312::2:2
139805826769312::1:1
139805826769456::2:2
139805826769632::3:3
139805826769824::0:0
139805826769376::2:2
139808542254748::1:1
139805831397120::1:1
139805831397744::2:2
139808542251936::1:1
139805831396608::1:1
139805831397616::1:1
139805831397760::2:2
139805831397152::6:6
139805831396224::1:1
139805767623856::1:1
139805754149952::1:1
139805754157472::1:1
139808681579392::6:6
139809048543248::1:1
139808681597872::1:1
139808697910112::1:1
139808696494352::2:2
139808689951728::2:2
139808684441040::1:1
139808681576192::5:5
139808681594176::3:3
139808685079536::1:1
139808627908208::2:2
139808683358176::4:4
139808685323520::1:1
139808672923536::1:1
139808619706224::3:3
139808619779360::6:6
139808636130448::3:3
139808671049008::2:2
139808670986384::3:3
139808671043504::2:2
139808670990048::1:1
139808671894736::3:3
