140737351952752:_dl_debug_state:0:0
140737351932256::1:1
140737351990432::1:1
140737351932576::6:6
140737351887536::2:2
140737351994352::3:3
140737351932432::2:2
140737351990384::2:2
140737351887504::1:1
140737351992064::3:3
140737351988528::0:0
140737351993792::3:3
140737351988816::4:4
140737351993776::3:3
140737351989840::2:2
140737351887568::1:1
140737351952768::2:2
140737351950208::5:5
140737351989104::1:1
140737351920752::6:6
140737351954880::2:2
140737351918880::2:2
140737351909408::6:6
140737351908128::5:5
140737351988432::0:0
140737351988464::0:0
140737351910912::6:6
140737351988304::3:3
140737351988896::0:0
140737351988784::0:0
140737351978304::1:1
140737351978064::2:2
140737351993376::3:3
140737351995024::3:3
140737351994704::3:3
140737351956032::3:3
140737351955104::6:6
140737351934160::4:4
140737351927904::6:6
140737351925488::6:6
140737351925104::1:1
140737351949648::4:4
140737351947360::1:1
140737017668320:g_closure_new_simple:2:2
140737017668480:g_closure_set_meta_marshal:3:3
140737017668704:g_closure_add_marshal_guards:5:5
140737017669952:g_closure_add_invalidate_notifier:3:3
140737017670288:g_closure_ref:1:1
140737017670560:g_closure_unref:1:1
140737017670928:g_closure_invalidate:1:1
140737017671312:g_closure_sink:1:1
140737017671472:g_closure_remove_invalidate_notifier:3:3
140737017672320:g_closure_invoke:5:5
140737017673328:g_closure_set_marshal:2:2
140737017673584:g_cclosure_new:3:3
140737017673712:g_cclosure_new_swap:3:3
140737017673984:g_signal_type_cclosure_new:2:2
140737017679392:g_enum_get_value:2:2
140737017690720:g_object_ref:1:1
140737017691152:g_object_unref:1:1
140737017700064:g_object_newv:3:3
140737017700720:g_object_new_valist:3:3
140737017702608:g_object_set_valist:3:3
140737017704160:g_object_get_valist:3:3
140737017710336:g_object_get_qdata:2:2
140737017714448:g_object_watch_closure:2:2
140737017717296:g_param_spec_ref:1:1
140737017718128:g_param_spec_ref_sink:1:1
140737017718352:g_param_spec_internal:5:5
140737017719408:g_param_spec_get_redirect_target:1:1
140737017719840:g_param_value_set_default:2:2
140737017720352:g_param_value_validate:2:2
140737017721616:g_param_spec_pool_insert:3:3
140737017722080:g_param_spec_pool_lookup:4:4
140737017723248:g_param_spec_pool_list:3:3
140737017725088:g_param_spec_get_default_value:1:1
140737017753968:g_signal_newv:6:6
140737017757968:g_signal_new_valist:6:6
140737017767360:g_signal_connect_data:6:6
140737017769760:g_signal_handlers_destroy:1:1
140737017773136:g_signal_emit_valist:4:4
140737017777248:g_signal_emit:6:6
140737017794528:g_type_class_unref:1:1
140737017794752:g_type_class_ref:1:1
140737017796368:g_type_class_peek:1:1
140737017796464:g_type_class_peek_static:1:1
140737017796560:g_type_class_peek_parent:1:1
140737017796800:g_type_interface_peek:2:2
140737017801536:g_type_from_name:1:1
140737017802512:g_type_register_static:4:4
140737017803216:g_type_parent:1:1
140737017803280:g_type_depth:1:1
140737017803488:g_type_is_a:2:2
140737017804240:g_type_interfaces:2:2
140737017805520:g_type_test_flags:2:2
140737017805904:g_type_create_instance:1:1
140737017807792:g_type_fundamental:1:1
140737017810224:g_type_check_instance_is_a:2:2
140737017811600:g_type_check_class_is_a:2:2
140737017812960:g_type_check_instance:1:1
140737017813168:g_type_check_is_value_type:1:1
140737017813600:g_type_check_value:1:1
140737017814016:g_type_check_value_holds:2:2
140737017814512:g_type_value_table_peek:1:1
140737017818688:g_type_module_get_type:0:0
140737017822304:g_value_init:2:2
140737017822560:g_value_reset:1:1
140737017822688:g_value_unset:1:1
140737017822864:g_value_peek_pointer:1:1
140737017822992:g_value_register_transform_func:3:3
140737017823520:g_value_type_compatible:2:2
140737017823696:g_value_copy:2:2
140737017823904:g_value_set_instance:2:2
140737017824496:g_value_transform:2:2
140737014496928:g_array_append_vals:3:3
140737014498768:g_ptr_array_new:0:0
140737014498784:g_ptr_array_set_free_func:2:2
140737014499456:g_ptr_array_remove_range:3:3
140737014499776:g_ptr_array_set_size:2:2
140737014500224:g_ptr_array_add:2:2
140737014501248:g_byte_array_free:2:2
140737014507232:g_bit_lock:2:2
140737014507392:g_bit_unlock:2:2
140737014507488:g_pointer_bit_lock:2:2
140737014507744:g_pointer_bit_unlock:2:2
140737014526816:g_bytes_unref:1:1
140737014527024:g_bytes_new:2:2
140737014527120:g_bytes_get_data:2:2
140737014527184:g_bytes_get_size:1:1
140737014527248:g_bytes_ref:1:1
140737014529168:g_get_charset:1:1
140737014559440:g_get_filename_charsets:1:1
140737014561488:g_filename_display_name:1:1
140737014565616:g_datalist_init:1:1
140737014591088:g_getenv:1:1
140737014591728:g_error_new_valist:4:4
140737014592608:g_set_error:6:6
140737014592832:g_set_error_literal:1:1
140737014592912:g_propagate_error:2:2
140737014595072:g_file_error_quark:0:0
140737014595120:g_file_error_from_errno:0:0
140737014600944:g_dgettext:2:2
140737014601008:glib_gettext:1:1
140737014604304:g_hash_table_new:2:2
140737014605120:g_hash_table_lookup:2:2
140737014605824:g_hash_table_insert:3:3
140737014605840:g_hash_table_replace:3:3
140737014605872:g_hash_table_contains:2:2
140737014606176:g_hash_table_remove:2:2
140737014606208:g_hash_table_remove_all:1:1
140737014606336:g_hash_table_destroy:1:1
140737014607232:g_hash_table_size:1:1
140737014635872:g_key_file_error_quark:0:0
140737014641376:g_key_file_get_value:4:4
140737014641696:g_key_file_set_value:4:4
140737014641984:g_key_file_get_string:4:4
140737014656432:g_list_free_1:1:1
140737014656448:g_list_prepend:2:2
140737014657136:g_list_remove_link:2:2
140737014657792:g_list_nth:2:2
140737014658240:g_list_last:1:1
140737014658272:g_list_append:2:2
140737014663056:g_main_context_ref:1:1
140737014663984:g_main_context_default:0:0
140737014664064:g_main_context_get_thread_default:0:0
140737014664176:g_source_new:2:2
140737014664352:g_source_attach:2:2
140737014665616:g_source_set_callback:4:4
140737014665920:g_source_set_priority:2:2
140737014667472:g_source_unref:1:1
140737014669152:g_get_current_time:1:1
140737014669280:g_get_monotonic_time:0:0
140737014669456:g_main_context_acquire:1:1
140737014669792:g_main_context_release:1:1
140737014670640:g_main_context_prepare:2:2
140737014671456:g_main_context_query:5:5
140737014671632:g_main_context_check:4:4
140737014672304:g_main_context_dispatch:1:1
140737014695424:g_malloc:1:1
140737014695504:g_malloc0:1:1
140737014695584:g_realloc:2:2
140737014695680:g_free:1:1
140737014695904:g_malloc_n:2:2
140737014696000:g_malloc0_n:2:2
140737014696096:g_realloc_n:3:3
140737014696336:g_mem_is_system_malloc:0:0
140737014736160:g_quark_to_string:1:1
140737014736208:g_intern_string:1:1
140737014738768:g_queue_pop_head:1:1
140737014740304:g_queue_peek_head:1:1
140737014784496:g_slice_alloc:1:1
140737014785888:g_slice_alloc0:1:1
140737014786000:g_slice_free1:2:2
140737014788016:g_slist_alloc:0:0
140737014788032:g_slist_free:1:1
140737014788064:g_slist_free_1:1:1
140737014788080:g_slist_prepend:2:2
140737014788368:g_slist_remove:2:2
140737014788560:g_slist_remove_link:2:2
140737014789136:g_slist_find:2:2
140737014789424:g_slist_last:1:1
140737014789680:g_slist_concat:2:2
140737014789776:g_slist_foreach:3:3
140737014789840:g_slist_free_full:2:2
140737014790896:g_strdup:1:1
140737014790976:g_memdup:2:2
140737014791040:g_strndup:2:2
140737014791152:g_stpcpy:2:2
140737014791264:g_strdup_vprintf:2:2
140737014791312:g_strdup_printf:6:6
140737014791776:g_ascii_strtod:2:2
140737014791872:g_strtod:2:2
140737014792224:g_ascii_strtoull:3:3
140737014792320:g_strerror:1:1
140737014793488:g_ascii_tolower:1:1
140737014793936:g_ascii_strcasecmp:2:2
140737014795952:g_strchug:1:1
140737014796096:g_strchomp:1:1
140737014798272:g_strstr_len:3:3
140737014798512:g_strrstr:2:2
140737014800304:g_string_sized_new:1:1
140737014800400:g_string_free:2:2
140737014801504:g_string_append:2:2
140737014801776:g_string_append_len:3:3
140737014801888:g_string_new:1:1
140737014802384:g_string_insert_c:3:3
140737014804464:g_string_erase:3:3
140737014805264:g_string_append_vprintf:3:3
140737014805680:g_string_append_printf:6:6
140737014825872:g_thread_self:0:0
140737014850480:g_unichar_isalnum:1:1
140737014857712:g_utf8_find_next_char:2:2
140737014858160:g_utf8_get_char:1:1
140737014858832:g_unichar_to_utf8:2:2
140737014859072:g_utf8_strchr:3:3
140737014859264:g_utf8_get_char_validated:2:2
140737014863536:g_utf8_validate:3:3
140737014877520:g_variant_new_byte:1:1
140737014879616:g_variant_get_type:1:1
140737014880096:g_variant_is_of_type:2:2
140737014880208:g_variant_get_byte:1:1
140737014881360:g_variant_get_variant:1:1
140737014882960:g_variant_is_container:1:1
140737014883360:g_variant_get_string:2:2
140737014890832:g_variant_builder_clear:1:1
140737014891216:g_variant_builder_init:2:2
140737014892016:g_variant_builder_add_value:2:2
140737014892608:g_variant_builder_end:1:1
140737014895648:g_variant_format_string_scan:3:3
140737014898688:g_variant_format_string_scan_type:3:3
140737014900368:g_variant_new_va:3:3
140737014901072:g_variant_get_va:4:4
140737014904960:g_variant_new_from_bytes:3:3
140737014905280:g_variant_unref:1:1
140737014905872:g_variant_ref:1:1
140737014905984:g_variant_ref_sink:1:1
140737014906336:g_variant_get_size:1:1
140737014906400:g_variant_get_data:1:1
140737014906592:g_variant_n_children:1:1
140737014906688:g_variant_get_child_value:2:2
140737014923120:g_variant_serialised_n_children:0:0
140737014923616:g_variant_serialised_get_child:2:2
140737014925888:g_variant_serialiser_serialise:3:3
140737014927328:g_variant_serialiser_needed_size:4:4
140737014928832:g_variant_serialiser_is_string:2:2
140737014932192:g_variant_type_info_get_type_string:1:1
140737014932256:g_variant_type_info_query:3:3
140737014932352:g_variant_type_info_query_element:3:3
140737014932400:g_variant_type_info_n_members:1:1
140737014932432:g_variant_type_info_member_info:2:2
140737014932496:g_variant_type_info_ref:1:1
140737014932624:g_variant_type_info_get:1:1
140737014933696:g_variant_type_info_unref:1:1
140737014934112:g_variant_type_string_scan:3:3
140737014934496:g_variant_type_string_is_valid:1:1
140737014934592:g_variant_type_free:1:1
140737014934608:g_variant_type_get_string_length:1:1
140737014934720:g_variant_type_copy:1:1
140737014934832:g_variant_type_peek_string:1:1
140737014934896:g_variant_type_dup_string:1:1
140737014934992:g_variant_type_is_definite:1:1
140737014935152:g_variant_type_is_container:1:1
140737014935264:g_variant_type_is_basic:1:1
140737014935376:g_variant_type_is_maybe:1:1
140737014935456:g_variant_type_is_array:1:1
140737014935536:g_variant_type_is_tuple:1:1
140737014935632:g_variant_type_is_dict_entry:1:1
140737014936384:g_variant_type_element:1:1
140737014936512:g_variant_type_first:1:1
140737014936656:g_variant_type_next:1:1
140737014936768:g_variant_type_n_items:1:1
140737014936848:g_variant_type_key:1:1
140737014937936:g_variant_type_new_dict_entry:2:2
140737014938160:g_variant_type_checked_:1:1
140737014939872:g_vasprintf:3:3
140737014942064:g_mutex_lock:1:1
140737014942112:g_mutex_unlock:1:1
140737014942160:g_mutex_trylock:1:1
140737014942272:g_rec_mutex_lock:1:1
140737014942320:g_rec_mutex_unlock:0:0
140737014942800:g_cond_broadcast:1:1
140737014943008:g_private_get:1:1
140736985221536:webkit_web_settings_get_type:0:0
140736985229632:webkit_web_view_get_type:0:0
140736974437632:gtk_accel_group_get_type:0:0
140736974438672:gtk_accel_group_find:3:3
140736974439344:gtk_accel_group_from_accel_closure:1:1
140736974439904:gtk_accelerator_parse:3:3
140736974441392:gtk_accelerator_name:2:2
140736974442960:gtk_accel_group_connect_by_path:3:3
140736974444752:gtk_accelerator_get_default_mod_mask:0:0
140736974445712:gtk_accel_label_get_type:0:0
140736974446192:gtk_accel_label_set_accel_closure:2:2
140736974446720:gtk_accel_label_set_accel_widget:2:2
140736974450512:gtk_accel_map_lookup_entry:2:2
140736974450800:gtk_accel_map_add_entry:3:3
140736974453840:gtk_accel_map_save_fd:1:1
140736974458672:gtk_action_get_type:0:0
140736974459376:gtk_action_block_activate:1:1
140736974459472:gtk_action_unblock_activate:1:1
140736974459760:gtk_action_create_menu_item:1:1
140736974461008:gtk_action_get_name:1:1
140736974461104:gtk_action_is_sensitive:1:1
140736974461680:gtk_action_is_visible:1:1
140736974462720:gtk_action_get_always_show_image:1:1
140736974462816:gtk_action_get_label:1:1
140736974462912:gtk_action_set_short_label:2:2
140736974464656:gtk_action_get_stock_id:1:1
140736974466336:gtk_action_set_accel_path:2:2
140736974466448:gtk_action_get_accel_path:1:1
140736974466560:gtk_action_get_accel_closure:1:1
140736974466656:gtk_action_set_accel_group:2:2
140736974466832:gtk_action_connect_accelerator:1:1
140736974466992:gtk_action_disconnect_accelerator:1:1
140736974468752:gtk_action_group_get_type:0:0
140736974469904:gtk_action_group_get_sensitive:1:1
140736974470192:gtk_action_group_get_visible:1:1
140736974470752:gtk_action_group_get_action:2:2
140736974471008:gtk_action_group_add_action:2:2
140736974474368:gtk_activatable_get_type:0:0
140736974474672:gtk_activatable_sync_action_properties:2:2
140736974474880:gtk_activatable_set_related_action:2:2
140736974475056:gtk_activatable_get_related_action:1:1
140736974475200:gtk_activatable_do_set_related_action:2:2
140736974475552:gtk_activatable_set_use_action_appearance:6:6
140736974475584:gtk_activatable_get_use_action_appearance:6:6
140736974476848:gtk_adjustment_get_type:0:0
140736974480832:gtk_alignment_get_type:0:0
140736974509232:gtk_bin_get_type:0:0
140736974515104:gtk_binding_entry_add_signal:6:6
140736974519760:gtk_box_get_type:0:0
140736974523072:gtk_box_pack_start:5:5
140736974551680:gtk_button_get_type:0:0
140736974554800:gtk_button_set_relief:2:2
140736974641456:gtk_check_menu_item_get_type:0:0
140736974713456:gtk_container_get_type:0:0
140736974722528:gtk_container_add:2:2
140736974722992:gtk_container_remove:2:2
140736974724912:gtk_container_forall:3:3
140736974725504:gtk_container_foreach:3:3
140736974726416:gtk_container_get_children:1:1
140736974753200:gtk_entry_get_type:0:0
140736974799136:gtk_entry_buffer_get_type:0:0
140736974979152:gtk_gc_get:4:4
140736974979360:gtk_gc_release:1:1
140736974988176:gtk_hbox_get_type:0:0
140736974988320:gtk_hbox_new:2:2
140736975008192:gtk_icon_source_copy:1:1
140736975008944:gtk_icon_set_ref:1:1
140736975009440:gtk_icon_set_unref:1:1
140736975009680:gtk_icon_factory_get_type:0:0
140736975009904:gtk_icon_factory_add:3:3
140736975010224:gtk_icon_factory_lookup:2:2
140736975013328:gtk_icon_set_new:0:0
140736975013776:gtk_icon_set_add_source:2:2
140736975016480:gtk_icon_factory_lookup_default:1:1
140736975028432:gtk_icon_theme_get_type:0:0
140736975096928:gtk_image_get_type:0:0
140736975103088:gtk_image_new:0:0
140736975103232:gtk_image_clear:1:1
140736975104592:gtk_image_set_from_stock:3:3
140736975104768:gtk_image_new_from_stock:2:2
140736975109760:gtk_image_menu_item_get_type:0:0
140736975111584:gtk_image_menu_item_set_image:2:2
140736975112496:gtk_image_menu_item_get_image:1:1
140736975158304:gtk_label_get_type:0:0
140736975163504:gtk_label_set_mnemonic_widget:2:2
140736975164864:gtk_label_set_label:2:2
140736975178176:gtk_label_set_use_underline:2:2
140736975210528:gtk_grab_remove:1:1
140736975212208:gtk_get_event_widget:1:1
140736975236544:gtk_menu_get_type:0:0
140736975274032:gtk_menu_item_get_type:0:0
140736975278272:gtk_menu_item_get_submenu:1:1
140736975281024:gtk_menu_item_set_accel_path:2:2
140736975282000:gtk_menu_item_set_use_underline:2:2
140736975285760:gtk_menu_shell_get_type:0:0
140736975286896:gtk_menu_shell_insert:3:3
140736975304128:gtk_misc_get_type:0:0
140736975304272:gtk_misc_set_alignment:1:1
140736975325280:gtk_notebook_get_type:0:0
140736975369440:gtk_object_get_type:0:0
140736975375488:gtk_orientable_get_type:0:0
140736975375648:gtk_orientable_set_orientation:2:2
140736975448464:gtk_radio_action_get_type:0:0
140736975475648:gtk_range_get_type:0:0
140736975476640:gtk_range_get_adjustment:1:1
140736975498720:gtk_rc_style_get_type:0:0
140736975503712:gtk_rc_style_new:0:0
140736975505408:gtk_rc_parse_state:2:2
140736975506048:gtk_rc_parse_color_full:3:3
140736975518768:gtk_rc_get_style:1:1
140736975599232:gtk_scrolled_window_get_type:0:0
140736975608768:gtk_target_list_add:4:4
140736975612304:gtk_selection_remove_all:1:1
140736975624976:gtk_separator_menu_item_get_type:0:0
140736975625680:gtk_separator_tool_item_get_type:0:0
140736975632080:gtk_settings_get_type:0:0
140736975632224:gtk_settings_get_for_screen:1:1
140736975708544:gtk_border_free:1:1
140736975714448:gtk_style_get_type:0:0
140736975717872:gtk_style_attach:2:2
140736975718448:gtk_style_detach:1:1
140736975748064:gtk_border_get_type:0:0
140736975762304:gtk_tearoff_menu_item_get_type:0:0
140736975989088:gtk_toggle_action_get_type:0:0
140736975998384:gtk_toolbar_get_type:0:0
140736976026112:gtk_tool_button_get_type:0:0
140736976032176:gtk_tool_item_get_type:0:0
140736976032624:gtk_tool_item_get_icon_size:1:1
140736976032912:gtk_tool_item_get_toolbar_style:1:1
140736976033056:gtk_tool_item_get_relief_style:1:1
140736976033200:gtk_tool_item_get_text_alignment:1:1
140736976033360:gtk_tool_item_get_text_orientation:1:1
140736976033504:gtk_tool_item_get_text_size_group:1:1
140736976034096:gtk_tool_item_get_homogeneous:1:1
140736976034192:gtk_tool_item_get_is_important:1:1
140736976035392:gtk_tool_item_get_visible_horizontal:1:1
140736976036544:gtk_tool_item_rebuild_menu:1:1
140736976064912:gtk_tool_shell_get_type:0:0
140736976068432:gtk_tooltip_get_type:0:0
140736976179632:gtk_tree_view_get_type:0:0
140736976264624:gtk_tree_view_column_get_type:0:0
140736976312784:gtk_viewport_get_type:0:0
140736976322880:gtk_widget_get_type:0:0
140736976323168:gtk_widget_freeze_child_notify:1:1
140736976323488:gtk_widget_child_notify:2:2
140736976325648:gtk_widget_destroy:1:1
140736976325856:gtk_widget_size_request:2:2
140736976325968:gtk_widget_get_child_requisition:2:2
140736976326656:gtk_widget_list_accel_closures:1:1
140736976327248:gtk_widget_set_accel_path:3:3
140736976328480:gtk_widget_get_can_focus:1:1
140736976328576:gtk_widget_has_focus:1:1
140736976329152:gtk_widget_has_grab:1:1
140736976329280:gtk_widget_get_name:1:1
140736976329392:gtk_widget_get_state:1:1
140736976329488:gtk_widget_get_visible:1:1
140736976329584:gtk_widget_set_has_window:2:2
140736976329712:gtk_widget_get_has_window:1:1
140736976330464:gtk_widget_is_toplevel:1:1
140736976330832:gtk_widget_get_realized:1:1
140736976331200:gtk_widget_translate_coordinates:6:6
140736976333008:gtk_widget_event:2:2
140736976333248:gtk_widget_send_expose:2:2
140736976333520:gtk_widget_set_realized:2:2
140736976333648:gtk_widget_get_mapped:1:1
140736976333968:gtk_widget_queue_draw_area:5:5
140736976334496:gtk_widget_is_drawable:1:1
140736976334608:gtk_widget_set_mapped:2:2
140736976335216:gtk_widget_get_double_buffered:1:1
140736976335312:gtk_widget_set_double_buffered:2:2
140736976335904:gtk_widget_set_redraw_on_allocate:2:2
140736976336032:gtk_widget_get_sensitive:1:1
140736976336128:gtk_widget_is_sensitive:1:1
140736976336624:gtk_widget_get_parent:1:1
140736976336864:gtk_widget_has_rc_style:1:1
140736976337216:gtk_widget_get_default_style:0:0
140736976337552:gtk_widget_set_parent_window:2:2
140736976337712:gtk_widget_get_parent_window:1:1
140736976339808:gtk_widget_get_toplevel:1:1
140736976340336:gtk_widget_is_focus:1:1
140736976340928:gtk_widget_get_screen:1:1
140736976341440:gtk_widget_get_display:1:1
140736976341776:gtk_widget_has_screen:1:1
140736976341888:gtk_widget_get_ancestor:2:2
140736976342336:gtk_widget_get_settings:1:1
140736976343136:gtk_widget_get_extension_events:1:1
140736976344288:gtk_widget_get_direction:1:1
140736976348112:gtk_widget_size_allocate:2:2
140736976350080:gtk_widget_unparent:1:1
140736976351936:gtk_widget_class_install_style_property:2:2
140736976352656:gtk_widget_style_get_valist:3:3
140736976353376:gtk_widget_style_get:6:6
140736976354016:gtk_widget_queue_resize:1:1
140736976354624:gtk_widget_show:1:1
140736976355024:gtk_widget_hide:1:1
140736976355616:gtk_widget_set_can_focus:2:2
140736976356448:gtk_widget_set_name:2:2
140736976356624:gtk_widget_ensure_style:1:1
140736976356736:gtk_widget_realize:1:1
140736976360880:gtk_widget_reset_rc_styles:1:1
140736976361168:gtk_widget_set_parent:2:2
140736976362496:gtk_widget_set_sensitive:2:2
140736976363056:gtk_widget_region_intersect:2:2
140736976363248:gtk_widget_path:4:4
140736976363648:gtk_widget_class_path:4:4
140736976364048:gtk_requisition_get_type:0:0
140736976377184:gtk_widget_get_no_show_all:1:1
140736976393296:gtk_window_get_type:0:0
140736976423200:gtk_window_get_mnemonics_visible:1:1
140736971262720:gdk_cairo_region:2:2
140736971267168:gdk_display_get_type:0:0
140736971268208:gdk_display_get_core_pointer:1:1
140736971273808:gdk_drawable_get_type:0:0
140736971274336:gdk_drawable_get_size:3:3
140736971274640:gdk_drawable_get_depth:1:1
140736971274752:gdk_drawable_get_screen:1:1
140736971274864:gdk_drawable_get_display:1:1
140736971275120:gdk_drawable_get_colormap:1:1
140736971275584:gdk_draw_line:6:6
140736971281792:gdk_drawable_get_visible_region:1:1
140736971285264:gdk_event_free:1:1
140736971286288:gdk_event_new:1:1
140736971287232:gdk_event_get_time:1:1
140736971287296:gdk_event_get_state:2:2
140736971287488:gdk_event_get_coords:3:3
140736971288176:gdk_event_set_screen:2:2
140736971291456:gdk_gc_get_type:0:0
140736971312608:gdk_pango_renderer_get_type:0:0
140736971328976:gdk_pixmap_get_type:0:0
140736971341600:gdk_region_new:0:0
140736971341824:gdk_region_rectangle:1:1
140736971341952:gdk_region_copy:1:1
140736971342048:gdk_region_get_clipbox:2:2
140736971342368:gdk_region_destroy:1:1
140736971342448:gdk_region_offset:3:3
140736971342560:gdk_region_intersect:2:2
140736971343792:gdk_region_subtract:2:2
140736971344096:gdk_region_empty:1:1
140736971344160:gdk_region_equal:2:2
140736971344800:gdk_region_rect_in:2:2
140736971367312:gdk_screen_get_type:0:0
140736971381072:gdk_window_object_get_type:0:0
140736971388880:gdk_window_is_viewable:1:1
140736971397664:gdk_window_coords_from_parent:3:3
140736971427488:gdk_window_impl_get_type:0:0
140736971438336:gdk_colormap_get_type:0:0
140736971442288:gdk_colormap_alloc_colors:6:6
140736971453872:gdk_display_get_screen:2:2
140736971455456:gdk_x11_lookup_xdisplay:1:1
140736971524176:gdk_keyval_convert_case:3:3
140736971537232:gdk_x11_atom_to_xatom_for_display:2:2
140736971538208:gdk_x11_get_xatom_by_name_for_display:2:2
140736971564512:gdk_window_impl_x11_get_type:0:0
140736971569200:gdk_window_lookup_for_display:1:1
140736968909888:gdk_pixbuf_get_type:0:0
140736965010896:dcgettext:3:3
140736965034096:__isinf:0:0
140736965034160:isnan:0:0
140736965056560:getenv:1:1
140736965061408:random:0:0
140736965062016:random_r:2:2
140736965062176:srandom_r:2:2
140736965063856:__strtoul_internal:4:4
140736965115120:_IO_vfprintf:3:3
140736965137120:__printf_fp:3:3
140736965158640:_IO_vfscanf:4:4
140736965268528:_IO_getline:5:5
140736965274128:vsscanf:3:3
140736965280256:vasprintf:3:3
140736965286384:fgets_unlocked:3:3
140736965311424:_IO_file_init:1:1
140736965312160:_IO_file_fopen:3:3
140736965315216:_IO_un_link:1:1
140736965315824:_IO_link_in:1:1
140736965316976:_IO_switch_to_get_mode:1:1
140736965317200:__underflow:1:1
140736965317536:__uflow:1:1
140736965317888:_IO_setb:4:4
140736965318528:_IO_sgetn:3:3
140736965320272:_IO_sputbackc:2:2
140736965372224:__strerror_r:3:3
140736965372608:strlen:1:1
140736965373056:strnlen:2:2
140736965385232:memchr:3:3
140736965387712:memset:3:3
140736965417136:rawmemchr:2:2
140736965417664:strchrnul:2:2
140736965418352:__argz_count:2:2
140736965419392:argz_stringify:3:3
140736965776912:open:0:0
140736965800576:sbrk:1:1
140736965814720:mmap:5:5
140736965814768:munmap:0:0
140736965818336:tfind:3:3
140736965898656:__vsnprintf_chk:6:6
140736966082672:_dl_mcount_wrapper_check:0:0
140736961265520:xmlNextChar:1:1
140736961286144:namePush:2:2
140736961286304:namePop:1:1
140736961292320:xmlSkipBlankChars:1:1
140736961298880:xmlParseName:1:1
140736961311504:xmlParseAttValue:1:1
140736961311552:xmlParseAttribute:2:2
140736961312016:xmlParseStartTag:1:1
140736961315712:xmlParseCharData:2:2
140736961740592:xmlIsMainThread:0:0
140736961751504:xmlStrndup:2:2
140736961751936:xmlStrEqual:2:2
140736961757968:xmlBufUse:1:1
140736962081120:xmlDictLookup:3:3
140736958235344:sqlite3_mutex_enter:1:1
140736958235408:sqlite3_mutex_leave:1:1
140736958236816:sqlite3_stricmp:2:2
140736958236928:sqlite3_strnicmp:3:3
140736958244640:sqlite3_column_count:1:1
140736958273920:sqlite3_free:1:1
140736958329920:sqlite3_initialize:0:0
140736958334336:sqlite3_malloc:1:1
140736958342160:sqlite3_realloc:2:2
140736958364368:sqlite3_vsnprintf:4:4
140736958364464:sqlite3_snprintf:6:6
140736958365712:sqlite3_value_text:1:1
140736958429376:sqlite3_create_module_v2:5:5
140736958430128:sqlite3_create_function_v2:6:6
140736958430448:sqlite3_create_function:6:6
140736958430496:sqlite3_overload_function:3:3
140736958431440:sqlite3_column_text:2:2
140736958555072:sqlite3_finalize:1:1
140736958614864:sqlite3_prepare:5:5
140736958615376:sqlite3_prepare_v2:5:5
140736958655536:sqlite3_step:1:1
140736956027632:g_module_error:0:0
140736956027984:g_module_symbol:3:3
140736951389568:soup_session_get_type:0:0
140736951414736:soup_session_feature_get_type:0:0
140736947587648:g_cancellable_is_cancelled:1:1
140736947587680:g_cancellable_set_error_if_cancelled:2:2
140736947633488:g_file_get_type:0:0
140736947639152:g_file_query_info:5:5
140736947677472:g_file_icon_get_type:0:0
140736947684128:g_file_attribute_matcher_ref:1:1
140736947684208:g_file_attribute_matcher_unref:1:1
140736947684912:g_file_info_get_type:0:0
140736947685056:g_file_info_new:0:0
140736947685584:g_file_info_set_attribute_mask:2:2
140736947694528:g_file_info_set_name:2:2
140736947696704:g_file_attribute_matcher_new:1:1
140736947697792:g_file_attribute_matcher_enumerate_namespace:2:2
140736947697936:g_file_attribute_matcher_enumerate_next:1:1
140736947719712:g_inet_address_get_type:0:0
140736947725520:g_inet_address_mask_equal:2:2
140736947728432:g_initable_get_type:0:0
140736947728592:g_initable_init:3:3
140736947728896:g_initable_new_valist:5:5
140736947729056:g_initable_new:6:6
140736947730832:g_input_stream_get_type:0:0
140736947736624:g_io_error_quark:0:0
140736947736672:g_io_error_from_errno:0:0
140736947780112:g_output_stream_get_type:0:0
140736947816160:g_simple_async_result_get_type:0:0
140736947816352:g_simple_async_result_new:4:4
140736947816672:g_simple_async_result_get_source_tag:1:1
140736947816768:g_simple_async_result_propagate_error:2:2
140736947819312:g_simple_async_result_complete:1:1
140736947823168:g_socket_get_type:0:0
140736947897584:g_tls_backend_get_type:0:0
140736947897744:g_tls_backend_get_default:0:0
140736947898032:g_tls_backend_get_certificate_type:1:1
140736947924848:g_vfs_get_type:0:0
140736947925840:g_vfs_get_default:0:0
140736948004048:g_content_type_guess:4:4
140736948163072:g_dbus_connection_get_type:0:0
140736948199168:g_dbus_message_get_type:0:0
140736948200400:g_dbus_message_get_header:2:2
140736948200560:g_dbus_message_set_header:3:3
140736939328704:cairo_move_to:1:1
140736939328752:cairo_line_to:1:1
140736939328800:cairo_curve_to:1:1
140736939329504:cairo_close_path:1:1
140736939361888:cairo_device_reference:1:1
140736939362000:cairo_device_release:1:1
140736939362304:cairo_device_destroy:1:1
140736939362480:cairo_device_acquire:1:1
140736939363376:cairo_font_face_reference:1:1
140736939363424:cairo_font_face_destroy:1:1
140736939368320:cairo_font_options_status:1:1
140736939420256:cairo_format_stride_for_width:2:2
140736939423904:cairo_matrix_init_identity:1:1
140736939424064:cairo_matrix_init_translate:1:1
140736939424112:cairo_matrix_init_scale:1:1
140736939424256:cairo_matrix_multiply:3:3
140736939424448:cairo_matrix_translate:1:1
140736939424832:cairo_matrix_transform_distance:3:3
140736939424896:cairo_matrix_transform_point:3:3
140736939425856:cairo_matrix_invert:1:1
140736939512128:cairo_pattern_create_rgba:0:0
140736939513488:cairo_pattern_reference:1:1
140736939513584:cairo_pattern_destroy:1:1
140736939585920:cairo_region_create_rectangles:2:2
140736939586512:cairo_region_reference:1:1
140736939586592:cairo_region_destroy:1:1
140736939586848:cairo_region_get_rectangle:3:3
140736939595104:cairo_scaled_font_reference:1:1
140736939595168:cairo_scaled_font_destroy:1:1
140736939626336:cairo_surface_reference:1:1
140736939627840:cairo_surface_destroy:1:1
140736936848496:pango_font_description_free:1:1
140736936850896:pango_font_description_new:0:0
140736936852112:pango_font_description_get_set_fields:1:1
140736936852176:pango_font_description_merge_static:3:3
140736936855536:pango_font_get_type:0:0
140736936855856:pango_font_get_coverage:1:1
140736936855984:pango_font_get_glyph_extents:4:4
140736936859280:pango_glyph_string_get_width:1:1
140736936864112:pango_find_map:3:3
140736936865808:pango_attr_list_unref:1:1
140736936866464:pango_attribute_init:2:2
140736936869200:pango_attr_list_new:0:0
140736936870752:pango_attr_iterator_range:3:3
140736936873552:pango_unichar_direction:1:1
140736936880448:pango_context_get_type:0:0
140736936882096:pango_context_get_base_dir:1:1
140736936883888:pango_context_get_serial:1:1
140736936884416:pango_coverage_unref:1:1
140736936884576:pango_coverage_get:2:2
140736936887920:pango_engine_shape_get_type:0:0
140736936888608:pango_font_map_get_type:0:0
140736936889840:pango_font_map_load_fontset:4:4
140736936890016:pango_font_map_get_serial:1:1
140736936891120:pango_fontset_get_type:0:0
140736936891488:pango_fontset_foreach:3:3
140736936902912:pango_layout_line_unref:1:1
140736936903760:pango_layout_get_type:0:0
140736936942800:pango_script_for_unichar:1:1
140736936949536:pango_find_base_dir:2:2
140736928873408:_ZN3WTF10StringImpl5derefEv:1:1
140736928992800:_ZN3JSC10Identifier3addIhEEN3WTF10PassRefPtrINS2_10StringImplEEEPNS_2VMEPKT_i:4:4
140736929050720:_ZN3JSC9CodeBlock24predictedMachineCodeSizeEv:1:1
140736929112880:_ZN3JSC12opcodeLengthENS_8OpcodeIDE:1:1
140736929113632:_ZN3JSC4Heap12writeBarrierEPKNS_6JSCellEPS1_:1:1
140736929114448:_ZN3WTF6VectorIN3JSC12WriteBarrierINS1_18FunctionExecutableEEELm0ENS_15CrashOnOverflowEE11resizeToFitEm:2:2
140736929128768:_ZN3JSC16ExecutionCounter26applyMemoryUsageHeuristicsEiPNS_9CodeBlockE:2:2
140736929129296:_ZN3JSC16ExecutionCounter5resetEv:1:1
140736929129328:_ZN3JSC16ExecutionCounterC1Ev:1:1
140736929161168:_ZNK3JSC17UnlinkedCodeBlock12instructionsEv:1:1
140736929165184:_ZN3JSC17UnlinkedCodeBlock17addExpressionInfoEjiiijj:6:6
140736929170416:_ZN3JSC25UnlinkedInstructionStream6Reader4nextEv:1:1
140736929175168:_ZN3JSC5Label11setLocationEj:2:2
140736929176720:_ZN3JSC17BytecodeGenerator10isCapturedEi:2:2
140736929176752:_ZN3JSC17BytecodeGenerator11resolveTypeEv:1:1
140736929179856:_ZN3JSC17BytecodeGenerator9emitLabelEPNS_5LabelE:3:3
140736929182240:_ZN3JSC17BytecodeGenerator10emitOpcodeENS_8OpcodeIDE:2:2
140736929190496:_ZN3JSC17BytecodeGenerator18emitProfiledOpcodeENS_8OpcodeIDE:2:2
140736929198240:_ZN3JSC17BytecodeGenerator13emitDebugHookENS_11DebugHookIDEjjj:1:1
140736929205216:_ZN3JSC17BytecodeGenerator11newRegisterEv:1:1
140736929205648:_ZN3JSC17BytecodeGenerator12newTemporaryEv:1:1
140736929209120:_ZN3JSC17BytecodeGenerator8newLabelEv:2:2
140736929211904:_ZN3JSC17BytecodeGenerator11addConstantERKNS_10IdentifierE:2:2
140736929228096:_ZN3JSC17BytecodeGenerator16addConstantValueENS_7JSValueE:2:2
140736929229344:_ZN3JSC17BytecodeGenerator8emitLoadEPNS_10RegisterIDENS_7JSValueE:3:3
140736929234112:_ZN3JSC17BytecodeGenerator17addStringConstantERKNS_10IdentifierE:2:2
140736929237360:_ZN3JSC17BytecodeGenerator29createLazyRegisterIfNecessaryEPNS_10RegisterIDE:2:2
140736929237632:_ZN3JSC17BytecodeGenerator5localERKNS_10IdentifierE:2:2
140736929265312:_ZN3WTF9HashTableINS_6RefPtrINS_10StringImplEEES3_NS_17IdentityExtractorEN3JSC17IdentifierRepHashENS_10HashTraitsIS3_EES8_E15deallocateTableEPS3_i:2:2
140736929268176:_ZN3WTF9HashTableIiNS_12KeyValuePairIiNS_6RefPtrIN3JSC22StaticPropertyAnalysisEEEEENS_24KeyValuePairKeyExtractorIS6_EENS_7IntHashIiEENS_7HashMapIiS5_SA_NS_29UnsignedWithZeroKeyHashTraitsIiEENS_10HashTraitsIS5_EEE18KeyValuePairTraitsESD_E4findINS_22IdentityHashTranslatorISA_EEiEENS_17HashTableIteratorIiS6_S8_SA_SH_SD_EERKT0_:1:1
140736929268432:_ZN3WTF6VectorIN3JSC5LabelELm32ENS_15CrashOnOverflowEE6shrinkEm:2:2
140736929272160:_ZN3WTF6VectorIN3JSC19UnlinkedInstructionELm0ENS_20UnsafeVectorOverflowEE14expandCapacityEm:2:2
140736929350832:_ZN3JSC17BytecodeGenerator18emitExpressionInfoERKNS_14JSTextPositionES3_S3_:4:4
140736929488800:_ZNK3JSC9Structure17outOfLineCapacityEv:1:1
140736929831696:_ZN3JSC12X86Assembler23X86InstructionFormatter9oneByteOpENS0_15OneByteOpcodeIDEiNS_12X86Registers10RegisterIDE:4:4
140736929832272:_ZN3JSC12X86Assembler23X86InstructionFormatter11oneByteOp64ENS0_15OneByteOpcodeIDEiNS_12X86Registers10RegisterIDE:4:4
140736929832832:_ZN3JSC12X86Assembler23X86InstructionFormatter11oneByteOp64ENS0_15OneByteOpcodeIDEiNS_12X86Registers10RegisterIDEi:5:5
140736929929392:_ZN3JSC10IdentifierD2Ev:0:0
140736929934096:_ZNK3JSC7JSValue3getEPNS_9ExecStateENS_12PropertyNameERNS_12PropertySlotE:4:4
140736930223824:_ZN3JSC12X86Assembler23X86InstructionFormatter9twoByteOpENS0_15TwoByteOpcodeIDEiNS_12X86Registers10RegisterIDE:4:4
140736930255808:_ZN3JSC22AbstractMacroAssemblerINS_12X86AssemblerEE8JumpList6appendENS2_4JumpE:2:2
140736930596528:_ZNK3WTF9HashTableIPN3JSC11MarkedBlockES3_NS_17IdentityExtractorENS_15MarkedBlockHashENS_10HashTraitsIS3_EES7_E8containsINS_22IdentityHashTranslatorIS5_EES3_EEbRKT0_:2:2
140736930608992:_ZN3JSC9HandleSet12writeBarrierEPNS_7JSValueERKS1_:3:3
140736930628672:_ZN3JSC4Heap11didAllocateEm:2:2
140736930629648:_ZN3JSC4Heap22incrementDeferralDepthEv:1:1
140736930629712:_ZN3JSC4Heap22decrementDeferralDepthEv:1:1
140736930629776:_ZN3JSC4Heap12writeBarrierEPKNS_6JSCellE:0:0
140736930634096:_ZN3JSC4Heap35decrementDeferralDepthAndGCIfNeededEv:1:1
140736930668800:_ZN3JSC15MarkedAllocator5resetEv:1:1
140736930673136:_ZN3JSC11MarkedBlock5sweepENS0_9SweepModeE:2:2
140736930685872:_ZN3JSC17weakClearSlowCaseERPNS_8WeakImplE:1:1
140736930687936:_ZN3JSC7WeakSet5sweepEv:1:1
140736930869520:_ZN3JSC9ExecState13setCurrentVPCEPNS_11InstructionE:1:1
140736930914752:_ZN3JSC19ExecutableAllocator24memoryPressureMultiplierEm:1:1
140736931003424:_ZN3JSC13DirectJITCodeD2Ev:1:1
140736931003552:_ZN3JSC7JITCodeC1ENS0_7JITTypeE:2:2
140736931003744:_ZN3JSC13DirectJITCodeC1ENS_21MacroAssemblerCodeRefENS_7JITCode7JITTypeE:3:3
140736931003824:_ZN3JSC7JITCode12hostFunctionENS_21MacroAssemblerCodeRefE:2:2
140736931005184:_ZN3JSC3JITC1EPNS_2VMEPNS_9CodeBlockE:3:3
140736931050880:_ZN3JSC3JIT27privateCompileCTINativeCallEPNS_2VMEPFlPNS_9ExecStateEE:3:3
140736931189632:_ZN3JSC9JITThunks7ctiStubEPNS_2VMEPFNS_21MacroAssemblerCodeRefES2_E:4:4
140736931190544:_ZN3JSC9JITThunks18ctiNativeConstructEPNS_2VME:2:2
140736931195424:_ZNK3WTF7HashMapISt4pairIPFlPN3JSC9ExecStateEES6_ENS2_4WeakINS2_16NativeExecutableEEENS_8PairHashIS6_S6_EENS_10HashTraitsIS7_EENSD_ISA_EEE3getERKS7_:2:2
140736931197552:_ZN3WTF7HashMapISt4pairIPFlPN3JSC9ExecStateEES6_ENS2_4WeakINS2_16NativeExecutableEEENS_8PairHashIS6_S6_EENS_10HashTraitsIS7_EENSD_ISA_EEE9inlineSetIRKS7_SA_EENS_18HashTableAddResultINS_17HashTableIteratorIS7_NS_12KeyValuePairIS7_SA_EENS_24KeyValuePairKeyExtractorISN_EESC_NSG_18KeyValuePairTraitsESE_EEEEOT_OT0_:4:4
140736931345184:_ZN3JSC5LLInt8getByValEPNS_9ExecStateENS_7JSValueES3_:3:3
140736931367904:_ZN3WTF15SegmentedVectorIN3JSC10IdentifierELm64ELm32EE4lastEv:1:1
140736931398560:_ZN3WTF15SegmentedVectorIN3JSC10IdentifierELm64ELm32EE6appendIS2_EEvRKT_:2:2
140736931410576:_ZN3JSC10IdentifierC2EPNS_2VMEPKhi:4:4
140736931435344:_ZN3JSC5LexerIhE3lexEPNS_7JSTokenEjb:4:4
140736931452656:_ZN3JSC5LexerIhE19lexExpectIdentifierEPNS_7JSTokenEjb:2:2
140736931453680:_ZN3JSC13StatementNode6setLocEjjii:5:5
140736931471696:_ZN3JSC10ASTBuilder14makeBinaryNodeERKNS_15JSTokenLocationEiSt4pairIPNS_14ExpressionNodeENS0_12BinaryOpInfoEES8_:5:5
140736931513232:_ZN3JSC15JSTokenLocationC1ERKS0_:2:2
140736931519984:_ZN3JSC6ParserINS_5LexerIhEEE10strictModeEv:1:1
140736931541680:_ZN3JSC5Scope11useVariableEPKNS_10IdentifierEb:3:3
140736931628208:_ZN3JSC6ParserINS_5LexerIhEEE14parseStatementINS_13SyntaxCheckerEEENT_9StatementERS6_RPKNS_10IdentifierEPj:3:3
140736931640576:_ZN3JSC6ParserINS_5LexerIhEEE21parseMemberExpressionINS_13SyntaxCheckerEEENT_10ExpressionERS6_:2:2
140736931648832:_ZN3JSC6ParserINS_5LexerIhEEE25parseAssignmentExpressionINS_13SyntaxCheckerEEENT_10ExpressionERS6_:2:2
140736931648944:_ZN3JSC6ParserINS_5LexerIhEEE15parseExpressionINS_13SyntaxCheckerEEENT_10ExpressionERS6_:2:2
140736931685104:_ZN3JSC6ParserINS_5LexerIhEEE21parseMemberExpressionINS_10ASTBuilderEEENT_10ExpressionERS6_:2:2
140736931697824:_ZN3JSC6ParserINS_5LexerIhEEE25parseAssignmentExpressionINS_10ASTBuilderEEENT_10ExpressionERS6_:2:2
140736931697936:_ZN3JSC6ParserINS_5LexerIhEEE15parseExpressionINS_10ASTBuilderEEENT_10ExpressionERS6_:2:2
140736931718784:_ZN3JSC6ParserINS_5LexerIhEEE14parseStatementINS_10ASTBuilderEEENT_9StatementERS6_RPKNS_10IdentifierEPj:3:3
140736931941024:_ZN3JSC8JSObject17putDirectInternalILNS0_7PutModeE1EEEbRNS_2VMENS_12PropertyNameENS_7JSValueEjRNS_15PutPropertySlotEPNS_6JSCellE:6:6
140736932260864:_ZN3JSC10Identifier11addSlowCaseEPNS_2VMEPN3WTF10StringImplE:3:3
140736932263968:_ZN3JSC10Identifier3addEPNS_2VMEPKc:3:3
140736932264976:_ZN3JSC15IdentifierTable3addIPKhNS_31IdentifierASCIIStringTranslatorEEEN3WTF18HashTableAddResultINS5_17HashTableIteratorIPNS5_10StringImplES9_NS5_17IdentityExtractorENS5_10StringHashENS5_10HashTraitsIS9_EESD_EEEET_:3:3
140736932269088:_ZN3JSC16InternalFunction14finishCreationERNS_2VMERKN3WTF6StringE:3:3
140736932358688:_ZN3JSC10JSFunctionC2ERNS_2VMEPNS_14JSGlobalObjectEPNS_9StructureE:4:4
140736932359072:_ZN3JSC10JSFunction14finishCreationERNS_2VMEPNS_16NativeExecutableEiRKN3WTF6StringE:5:5
140736932365392:_ZN3JSC10JSFunction6createERNS_2VMEPNS_14JSGlobalObjectEiRKN3WTF6StringEPFlPNS_9ExecStateEENS_9IntrinsicESC_:6:6
140736932373184:_ZN3JSC2VM15getHostFunctionEPFlPNS_9ExecStateEES4_:3:3
140736932421296:_ZN3JSC14JSGlobalObject10globalExecEv:1:1
140736932449312:_ZN3JSC8JSObject26putDirectWithoutTransitionERNS_2VMENS_12PropertyNameENS_7JSValueEj:5:5
140736932450128:_ZN3JSC9Structure6createERNS_2VMEPNS_14JSGlobalObjectENS_7JSValueERKNS_8TypeInfoEPKNS_9ClassInfoEhj:5:5
140736932451840:_ZN3JSC11SlotVisitor6appendINS_9StructureEEEvPNS_16WriteBarrierBaseIT_EE:2:2
140736932512416:_ZN3JSC12JSLockHolderC2EPNS_9ExecStateE:2:2
140736932512656:_ZN3JSC12JSLockHolderD1Ev:1:1
140736932517840:_ZN3JSC21getCallableObjectSlowEPNS_6JSCellE:1:1
140736932531232:_ZN3JSC8JSObject20growOutOfLineStorageERNS_2VMEmm:4:4
140736932531680:_ZN3JSC8JSObject40putDirectNativeFunctionWithoutTransitionERNS_2VMEPNS_14JSGlobalObjectERKNS_12PropertyNameEjPFlPNS_9ExecStateEENS_9IntrinsicEj:6:6
140736932534656:_ZN3JSC8JSObject13visitChildrenEPNS_6JSCellERNS_11SlotVisitorE:2:2
140736932536736:_ZN3JSC8JSObject22getOwnPropertySlotSlowEPNS_9ExecStateENS_12PropertyNameERNS_12PropertySlotE:3:3
140736932538688:_ZNK3JSC8JSObject11hasPropertyEPNS_9ExecStateENS_12PropertyNameE:3:3
140736932539136:_ZN3JSC8JSObject23putDirectNativeFunctionERNS_2VMEPNS_14JSGlobalObjectERKNS_12PropertyNameEjPFlPNS_9ExecStateEENS_9IntrinsicEj:6:6
140736932558464:_ZN3JSC11SlotVisitor9copyLaterEPNS_6JSCellENS_9CopyTokenEPvm:5:5
140736932743504:_ZN3JSC7JSScope15abstractResolveEPNS_9ExecStateEPS0_RKNS_10IdentifierENS_8GetOrPutENS_11ResolveTypeE:6:6
140736932747824:_ZN3JSC8JSString13visitChildrenEPNS_6JSCellERNS_11SlotVisitorE:2:2
140736932955824:_ZN3JSC17PropertyNameArray3addEPN3WTF10StringImplE:2:2
140736932957776:_ZN3JSC13PropertyTableC1ERNS_2VMEj:3:3
140736932958096:_ZN3JSC13PropertyTable6createERNS_2VMEj:2:2
140736933028528:_ZN3JSC12SmallStrings27createSingleCharacterStringEPNS_2VMEh:3:3
140736933085408:_ZN3JSC10IdentifierC2EPNS_2VMERKN3WTF6StringE:2:2
140736933092928:_ZN3JSC9StructureC1ERNS_2VMEPKS0_:3:3
140736933095648:_ZN3JSC9Structure3pinEv:1:1
140736933096272:_ZN3JSC9Structure17createPropertyMapERKNS_25GCSafeConcurrentJITLockerERNS_2VMEj:4:4
140736933096624:_ZN3JSC9Structure16putSpecificValueERNS_2VMENS_12PropertyNameEjPNS_6JSCellE:5:5
140736933098624:_ZNK3JSC9ClassInfo35hasStaticSetterOrReadonlyPropertiesERNS_2VME:2:2
140736933098704:_ZN3JSC9StructureC1ERNS_2VMEPNS_14JSGlobalObjectENS_7JSValueERKNS_8TypeInfoEPKNS_9ClassInfoEhj:6:6
140736933099920:_ZN3JSC9Structure40addPropertyTransitionToExistingStructureEPS0_NS_12PropertyNameEjPNS_6JSCellERi:5:5
140736933101520:_ZN3JSC9Structure38findStructuresAndMapForMaterializationERN3WTF6VectorIPS0_Lm8ENS1_15CrashOnOverflowEEERS3_RPNS_13PropertyTableE:4:4
140736933101760:_ZN3JSC9Structure22materializePropertyMapERNS_2VME:2:2
140736933103920:_ZN3JSC9Structure29getPropertyNamesFromStructureERNS_2VMERNS_17PropertyNameArrayENS_15EnumerationModeE:4:4
140736933104480:_ZN3JSC9Structure28addPropertyWithoutTransitionERNS_2VMENS_12PropertyNameEjPNS_6JSCellE:5:5
140736933105424:_ZN3JSC9Structure3getERNS_2VMENS_12PropertyNameERjRPNS_6JSCellE:5:5
140736933108992:_ZN3JSC9Structure32takePropertyTableOrCloneIfPinnedERNS_2VMEPS0_:3:3
140736933113008:_ZN3JSC9Structure21addPropertyTransitionERNS_2VMEPS0_NS_12PropertyNameEjPNS_6JSCellERiNS_15PutPropertySlot7ContextE:6:6
140736933118096:_ZN3JSC24StructureTransitionTable3addERNS_2VMEPNS_9StructureE:3:3
140736933128928:_ZN3JSC16SymbolTableEntry16freeFatEntrySlowEv:1:1
140736933129024:_ZN3JSC16SymbolTableEntry8copySlowERKS0_:2:2
140736933445392:_ZN3WTF19isCompilationThreadEv:0:0
140736933447152:_ZN3WTF29cryptographicallyRandomNumberEv:0:0
140736933461360:_ZN3WTF17TCMalloc_PageHeap17RegisterSizeClassEPNS_4SpanEm:2:2
140736933464384:_ZN3WTF25TCMalloc_Central_FreeList4InitEmm:3:3
140736933467152:_ZN3WTF25TCMalloc_Central_FreeList11InsertRangeENS_11HardenedSLLES1_i:4:4
140736933467328:_ZN3WTF25TCMalloc_Central_FreeList14FetchFromSpansEv:1:1
140736933468032:_ZN3WTF20TCMalloc_ThreadCache14PickNextSampleEm:2:2
140736933470112:_ZN3WTF18fastMallocGoodSizeEm:1:1
140736933471296:_ZN3WTF10fastMallocEm:1:1
140736933475168:_ZN3WTF16fastZeroedMallocEm:1:1
140736933479280:_ZN3WTF8fastFreeEPv:1:1
140736933529328:_ZN3WTF13MetaAllocator17currentStatisticsEv:2:2
140736933553776:_ZN3WTF9HashTableIPvNS_12KeyValuePairIS1_PNS_13MetaAllocator13FreeSpaceNodeEEENS_24KeyValuePairKeyExtractorIS6_EENS_7PtrHashIS1_EENS_7HashMapIS1_S5_SA_NS_10HashTraitsIS1_EENSC_IS5_EEE18KeyValuePairTraitsESD_E4findINS_22IdentityHashTranslatorISA_EES1_EENS_17HashTableIteratorIS1_S6_S8_SA_SG_SD_EERKT0_:2:2
140736933556336:_ZN3WTF8pageSizeEv:0:0
140736933565600:_ZN3WTF5Mutex4lockEv:1:1
140736933565648:_ZN3WTF5Mutex6unlockEv:1:1
140736933569584:_ZN3JSC15IdentifierTable3addEPN3WTF10StringImplE:3:3
140736933638416:_ZN3WTF13CStringBuffer19createUninitializedEm:2:2
140736933638688:_ZN3WTF7CStringC2EPKcm:3:3
140736933643936:_ZN3WTF10StringImpl17createFromLiteralEPKcj:3:3
140736933644000:_ZN3WTF10StringImpl17createFromLiteralEPKc:2:2
140736933644672:_ZN3WTF10StringImpl6createEPKhj:3:3
140736933644832:_ZN3WTF10StringImpl6createEPKh:2:2
140736933658496:_ZN3WTF5equalEPKNS_10StringImplEPKhj:3:3
140736933658976:_ZN3WTF5equalEPKNS_10StringImplEPKh:2:2
140736933659168:_ZN3WTF12equalNonNullEPKNS_10StringImplES2_:2:2
140736933663728:_ZNK3WTF10StringImpl12utf8ForRangeEjjNS_14ConversionModeE:4:4
140736933664128:_ZNK3WTF10StringImpl4utf8ENS_14ConversionModeE:3:3
140736933664160:_ZN3WTF10StringImplD1Ev:1:1
140736933664832:_ZN3WTF10StringImpl7destroyEPS0_:1:1
140736933669424:_ZNK3WTF10StringImpl12hashSlowCaseEv:1:1
140736933671488:_ZN3WTF6StringC1EPKc:2:2
140736933690944:_ZN3WTF6String8fromUTF8EPKhm:3:3
140736933695184:_ZN3WTF7Unicode19convertLatin1ToUTF8EPPKhS2_PPcS4_:4:4
140736920952944:__lll_unlock_wake:5:5
140736914203584:hb_segment_properties_equal:2:2
140736914218864:hb_face_make_immutable:1:1
140736914223264:hb_font_funcs_destroy:1:1
140736914256960:hb_ot_layout_language_find_feature:6:6
140736914259744:hb_ot_layout_has_positioning:1:1
140736892840192:atk_object_get_type:0:0
140736892852304:atk_relation_set_get_type:0:0
140736878616768:FcBlanksAdd:2:2
140736878622496:FcDirCacheUnload:1:1
140736878622512:FcDirCacheLoad:3:3
140736878629392:FcConfigAddRule:3:3
140736878636192:FcConfigFilename:1:1
140736878638576:FcConfigGetSysRoot:1:1
140736878653008:FcFileIsDir:1:1
140736878654576:FcDirCacheRead:3:3
140736878673488:FcFontSetAdd:2:2
140736878680208:FcLangSetHasLang:2:2
140736878682000:FcLangSetContains:2:2
140736878695024:FcNameGetObjectType:1:1
140736878698672:FcPatternCreate:0:0
140736878698736:FcValueDestroy:2:2
140736878698960:FcValueSave:2:2
140736878700272:FcPatternDestroy:1:1
140736878702832:FcPatternAdd:5:5
140736878710224:FcStrFree:1:1
140736878710976:FcUcs4ToUtf8:2:2
140736878711824:FcStrCmpIgnoreCase:2:2
140736878713056:FcStrStrIgnoreCase:2:2
140736878714576:FcStrSetCreate:0:0
140736878714640:FcStrSetMember:2:2
140736878715088:FcStrSetAdd:2:2
140736878715744:FcStrSetDestroy:1:1
140736878715856:FcStrListCreate:1:1
140736878716624:FcStrCopyFilename:1:1
140736878716800:FcStrSetAddFilename:2:2
140736878716912:FcStrListNext:1:1
140736878716960:FcStrListDone:1:1
140736878722000:FcConfigParseAndLoad:3:3
140736875887184:FT_MSB:1:1
140736875887376:FT_MulDiv:3:3
140736875887952:FT_MulFix:0:0
140736875888128:FT_DivFix:2:2
140736875889232:ft_corner_is_flat:4:4
140736875889360:FT_GlyphLoader_Rewind:1:1
140736875889536:FT_GlyphLoader_Add:1:1
140736875892784:FT_Get_Char_Index:2:2
140736875892832:FT_Get_Next_Char:3:3
140736875894816:FT_Lookup_Renderer:3:3
140736875897504:FT_Outline_Check:1:1
140736875897776:FT_Outline_Get_CBox:2:2
140736875897920:FT_Outline_Translate:3:3
140736875898448:FT_Vector_Transform:2:2
140736875898656:FT_Outline_Get_Orientation:1:1
140736875899152:FT_Stream_Seek:2:2
140736875899424:FT_Stream_Pos:1:1
140736875899744:FT_Stream_GetUShort:1:1
140736875899888:FT_Stream_GetULong:1:1
140736875900144:FT_Stream_ReadUShort:2:2
140736875904096:ft_mem_qalloc:3:3
140736875904160:ft_mem_alloc:3:3
140736875905088:ft_mem_free:2:2
140736875905968:ft_glyphslot_free_bitmap:1:1
140736875906096:FT_Load_Glyph:3:3
140736875910768:FT_Stream_EnterFrame:2:2
140736875911088:FT_Stream_ExitFrame:1:1
140736875911136:FT_Stream_ReadFields:3:3
140736856556976:XRenderFindDisplay:1:1
140736856558240:XRenderQueryFormats:1:1
140736850765408:_XUpdateGCCache:3:3
140736850785728:_XFreeExtData:1:1
140736850858560:XrmStringToQuark:1:1
140736850898336:_XSend:3:3
140736850899856:_XReply:4:4
140736850904048:_XSetLastRequestRead:2:2
140736850905776:_XIsEventCookie:2:2
140736850906192:_XDeq:3:3
140736850908672:_XStoreEventCookie:2:2
140736850908896:_XEnq:2:2
140736850909472:_XVIDtoVisual:2:2
140736850909680:_XFreeEventCookies:1:1
140736850909792:_XData32:3:3
140736850910240:_XGetRequest:3:3
140736850956752:_XlcParseCharSet:1:1
140736850957136:_XlcAddCT:2:2
140736850958112:_XlcGetCharSet:1:1
140736850958272:_XlcAddCharSet:1:1
140736850958688:_XlcCreateDefaultCharSet:2:2
140736850965744:_XlcGetResource:5:5
140736842190656:__hypot_finite:0:0
140736837802752:pango_cairo_context_get_resolution:1:1
140736837804560:pango_cairo_font_get_type:0:0
140736833509664:pango_fc_font_get_type:0:0
140736833511792:pango_fc_font_get_glyph:2:2
140736762284368:XmlGetUtf8InternalEncoding:0:0
140736762284400:XmlInitEncoding:3:3
140736762292000:XmlPrologStateInit:1:1
140737351950496::4:4
140736964940816::1:1
140736964940880::1:1
140736965336192::2:2
140736965330880::1:1
140736965408640::3:3
140736965365936::2:2
140736965373744::3:3
140737017651696::1:1
140737014941504::1:1
140737014481808::1:1
140737014941200::1:1
140737014941040::0:0
140737014480816::1:1
140737014481776::2:2
140737014482944::2:2
140737014483040::1:1
140737014480960::3:3
140737014941856::1:1
140736965776921::0:0
140737014480912::2:2
140737014481760::1:1
140737014480752::2:2
140737014483056::1:1
140737014485059::1:1
140737014482896::3:3
140736965348304::2:2
140736965341824::3:3
140736965332768::3:3
140737014479984::0:0
140737014603392::5:5
140737014481568::3:3
140737014602048::1:1
140737017650064::1:1
140737017651488::1:1
140737017651008::3:3
140737017651680::1:1
140737014481360::2:2
140737017651728::1:1
140737017651152::3:3
140737017786304::3:3
140737017650528::1:1
140737017651520::2:2
140737017651184::1:1
140737017650208::1:1
140737017801632::1:1
140737017650608::2:2
140737017650736::1:1
140737017650496::2:2
140737017651168::1:1
140737017784656::2:2
140737017788096::1:1
140737017781008::4:4
140737017785072::3:3
140737017653104::3:3
140737017651024::3:3
140737017787472::2:2
140737017651312::3:3
140737017781872::2:2
140737017781728::1:1
140737017652097::4:4
140737017651392::2:2
140736965342816::4:4
140737017651280::1:1
140737017652976::2:2
140737017650304::1:1
140737017650256::1:1
140737017650432::2:2
140737014941776::1:1
140737014480144::1:1
140736965319904::5:5
140736965319728::1:1
140736965365328::2:2
140736964940912::1:1
140736965386144::3:3
140736806027952::1:1
140736965059328::1:1
140736939259408::5:5
140736806343168::0:0
140736806343024::1:1
140736806027312::1:1
140736806129344::6:6
140736806343504::1:1
140736939417792::2:2
140736939260272::1:1
140736939625952::4:4
140736939274768::1:1
140736939417472::3:3
140736939260608::1:1
140736939263280::1:1
140736939261216::1:1
140736939259808::1:1
140736939261504::1:1
140736939409344::0:0
140737014600528::0:0
140736965007936::0:0
140736965389296::2:2
140736965388048::3:3
140737014482192::2:2
140737014480048::3:3
140737021131232::1:1
140737014480560::1:1
140737021140000::1:1
140737014480736::2:2
140737014482496::0:0
140737014481680::3:3
140736947564000::0:0
140736947559408::1:1
140736947565216::4:4
140736947562832::1:1
140736947556080::2:2
140736947554416::1:1
140736947564176::1:1
140736947564432::1:1
140736947561568::3:3
140736947554064::1:1
140736947553136::1:1
140736947561552::6:6
140737017791136::2:2
140736947555408::2:2
140736947554560::3:3
140736956027104::1:1
140736956027184::2:2
140737014481744::1:1
140736956026688::0:0
140737014589632::1:1
140737014480464::1:1
140736965777072::4:4
140736947553296::6:6
140737014594048::4:4
140737014800224::2:2
140736947560752::3:3
140736947554816::4:4
140737014482480::0:0
140737014481200::0:0
140737014481072::0:0
140737014483008::2:2
140737014480016::3:3
140736947554240::1:1
140736947561792::1:1
140737014481712::1:1
140736965387168::3:3
140736965410800::3:3
140737017650960::1:1
140737017792224::2:2
140737017785328::2:2
140737017784944::3:3
140737017790160::4:4
140737017651408::2:2
140737017782480::3:3
140737017651792::1:1
140737017782272::3:3
140737017653248::2:2
140737017789040::2:2
140736947558608::6:6
140737017650800::2:2
140737017650448::1:1
140737017650416::1:1
140737017666384::2:2
140737017651120::2:2
140737017651504::1:1
140737017651856::3:3
140737017650128::1:1
140737017650272::1:1
140737017736128::4:4
140737017650320::1:1
140737017736032::2:2
140737017740880::3:3
140737017673456::2:2
140737017651424::0:0
140737017785616::2:2
140737017784352::1:1
140737017785824::2:2
140737017651376::2:2
140737017651712::3:3
140737017650880::2:2
140736947559344::1:1
140737017692656::3:3
140737017650176::1:1
140737017651472::1:1
140737014602720::2:2
140737014954592::0:0
140737014482912::1:1
140737014600784::0:0
140736947561584::2:2
140736956026976::1:1
140736956026864::6:6
140736880936384::2:2
140736880934496::1:1
140736880934400::1:1
140736956026720::1:1
140736956027200::0:0
140736956027152::2:2
140736880934528::3:3
140737351994128::2:2
140737351950080::4:4
140737351989184::2:2
140736880934448::3:3
140736880934352::6:6
140736965324960::4:4
140736964940800::2:2
140736880934368::1:1
140736956027072::0:0
140736655315888::2:2
140736655321040::0:0
140736948240448::0:0
140736947561264::1:1
140736947559296::1:1
140737017716224::1:1
140737017650192::2:2
140736947561936::3:3
140737017818128::1:1
140737017651232::2:2
140737017650864::2:2
140737017688256::2:2
140737017651360::2:2
140737017650144::4:4
140736947564304::0:0
140737014495808::1:1
140737014480352::0:0
140736947559456::0:0
140737017821888::2:2
140737017650816::3:3
140736947566064::1:1
140737017690432::2:2
140737017650240::2:2
140737017687776::2:2
140737017735216::1:1
140737017673872::2:2
140736947563488::2:2
140736947561008::2:2
140736947565584::2:2
140736947556096::1:1
140737014495968::1:1
140737017815104::2:2
140736947559920::3:3
140736947559696::1:1
140736947554096::1:1
140737017650464::1:1
140736947554864::3:3
140736947822704::2:2
140736947553856::0:0
140737017650352::2:2
140737017651600::2:2
140737014480320::0:0
140736947559168::2:2
140737014481888::4:4
140736965114256::4:4
140736920913248::1:1
140737014661360::2:2
140736947554640::3:3
140736947561232::4:4
140736947558144::2:2
140737014661056::3:3
140737014660704::2:2
140736948117584::1:1
140736948117520::1:1
140736947556768::1:1
140736947553264::1:1
140736947562336::1:1
140737014931776::2:2
140736947559088::1:1
140737014673024::3:3
140737014662096::2:2
140737014662320::1:1
140736965894512::0:0
140736965894608::1:1
140737014660624::0:0
140737014659040::1:1
140736947563344::2:2
140736948196592::3:3
140736948196960::2:2
140736947554592::2:2
140737017736336::1:1
140737017739744::3:3
140736947558736::2:2
140736947558624::3:3
140736947555056::1:1
140736947557392::6:6
140737014898816::3:3
140737014899136::2:2
140737014877392::1:1
140737014893456::2:2
140737014877328::3:3
140737014905248::1:1
140737014905264::1:1
140737014659440::1:1
140737014662480::3:3
140737014905152::4:4
140737014661584::3:3
140737014601728::3:3
140737014482384::3:3
140737014938592::1:1
140736947556464::1:1
140736948197104::5:5
140736947560960::1:1
140736948196864::2:2
140736947565712::2:2
140736947562880::1:1
140736947557264::1:1
140736947564576::1:1
140736947556608::1:1
140737014905696::1:1
140736947554976::1:1
140736947554496::1:1
140736947553808::2:2
140736947555296::1:1
140736948197008::2:2
140736947565456::2:2
140737014904704::1:1
140736947566112::3:3
140737014905520::1:1
140736947557840::2:2
140736947558064::0:0
140736947555440::1:1
140736947559856::1:1
140736947559424::1:1
140737017735376::4:4
140737017736512::2:2
140736948194032::1:1
140736948194224::5:5
140736947565760::1:1
140736947559760::1:1
140736947559008::1:1
140736947554704::1:1
140736948193568::3:3
140736947554384::1:1
140737014481120::2:2
140736947564672::1:1
140736947554880::1:1
140736947553664::2:2
140736947553568::2:2
140736947553792::2:2
140736947564048::6:6
140737014896928::4:4
140736947564336::1:1
140737014485526::2:2
140736947560128::3:3
140736947557600::3:3
140737014782256::3:3
140737014904800::2:2
140737014922704::0:0
140737014481440::4:4
140736655316320::1:1
140736655313456::2:2
140736655313408::2:2
140736947558944::2:2
140736655315200::2:2
140736948315616::0:0
140736947559040::2:2
140736948306496::1:1
140736947560944::1:1
140736947554832::1:1
140736947563472::0:0
140736655314272::2:2
140736948305696::2:2
140736947554048::3:3
140737021148224::1:1
140736947556832::1:1
140737014480848::2:2
140736948316768::1:1
140737021145632::1:1
140737021124080::1:1
140736974410656::1:1
140736974414944::2:2
140736965017328::4:4
140736965026016::6:6
140736965371200::2:2
140736965777417::0:0
140736965054944::3:3
140736965018128::2:2
140736965011520::5:5
140736971255168::2:2
140736971248416::1:1
140736850751936::1:1
140736850752688::1:1
140736850752032::2:2
140736850752400::2:2
140736850751648::2:2
140736850751504::1:1
140736850857168::1:1
140736850752496::3:3
140736850952672::3:3
140736850953792::4:4
140736850751600::3:3
140736850967200::3:3
140736850753440::0:0
140736850751488::6:6
140736850752368::3:3
140736850752416::2:2
140736850752304::1:1
140736850961504::2:2
140736850962208::1:1
140736850964768::1:1
140736850962384::2:2
140736850961008::0:0
140736850752880::3:3
140736971255536::2:2
140736971251664::2:2
140736971250464::3:3
140736974405232::1:1
140736974397648::1:1
140736974397200::1:1
140736974411216::6:6
140736974394704::1:1
140736974390848::1:1
140736974395952::3:3
140736974399712::2:2
140736971251872::6:6
140736974407872::6:6
140737017650944::4:4
140736799556880::1:1
140736799556800::3:3
140736799556464::0:0
140736799556416::1:1
140736799557104::1:1
140736799560000::3:3
140736799558352::4:4
140736799556864::1:1
140736799556944::0:0
140736799556512::3:3
140736799556480::1:1
140736799564512::1:1
140736799556752::1:1
140736799565680::3:3
140736799556960::3:3
140736850752016::1:1
140736799564608::3:3
140736799562416::4:4
140736799566096::1:1
140736799556928::0:0
140736799556976::1:1
140736850897392::1:1
140736850895776::1:1
140736850898032::1:1
140736850897664::1:1
140736850752800::1:1
140736799562736::1:1
140736850903776::1:1
140736850764896::3:3
140736850899824::1:1
140736850910448::1:1
140736850897024::2:2
140736850752224::4:4
140736850903856::1:1
140736850752512::3:3
140736850896208::2:2
140736799569680::2:2
140736850896592::2:2
140736850896400::2:2
140736971256864::2:2
140736971537040::2:2
140736850814704::6:6
140736971251008::1:1
140736971254144::2:2
140737014733712::3:3
140736971555088::3:3
140736971254896::2:2
140736971251968::1:1
140736971483536::0:0
140736971253984::1:1
140736971335392::2:2
140736971405584::1:1
140736971371040::1:1
140736971250640::1:1
140736971254224::2:2
140736971455520::2:2
140736971255792::2:2
140736971372336::4:4
140736971591712::2:2
140736971257632::3:3
140736971252112::1:1
140736971253472::1:1
140736971257184::2:2
140736971565360::1:1
140736971405808::4:4
140736971249856::1:1
140737017672768::1:1
140737017672864::6:6
140736974410880::2:2
140736974415472::3:3
140736971594336::3:3
140736971595552::2:2
140736971594528::1:1
140736971594928::1:1
140736971492832::3:3
140736971251488::2:2
140736971255760::2:2
140736971252320::2:2
140736971255552::2:2
140736971248672::1:1
140736971252000::1:1
140736971590032::3:3
140736974395104::0:0
140736974406304::2:2
140736974393504::2:2
140736974411760::1:1
140736974392384::1:1
140736974409408::6:6
140736974414160::2:2
140736974399424::6:6
140736974415728::1:1
140736974405552::1:1
140736974398512::6:6
140736975634464::3:3
140736974401584::1:1
140736974410176::2:2
140736974392944::1:1
140736974396816::3:3
140736974391232::3:3
140736974402496::5:5
140736974391632::5:5
140736974407520::1:1
140736974394128::6:6
140736974402608::2:2
140737014787360::3:3
140736974415248::1:1
140736974406144::2:2
140736974398048::2:2
140737017650704::3:3
140737017741552::5:5
140736974395936::4:4
140736975494704::1:1
140736974403232::6:6
140736974398272::2:2
140736974400768::2:2
140736974402992::2:2
140736974416464::1:1
140736974401648::4:4
140736974393184::1:1
140736974391344::1:1
140736974402336::3:3
140736974392736::1:1
140736974395984::4:4
140736974399936::1:1
140736974406544::2:2
140736974398320::2:2
140736974404608::2:2
140736974391536::1:1
140736974395824::6:6
140736974416352::2:2
140736974408976::2:2
140736974414592::4:4
140736974402816::1:1
140737014762064::5:5
140737014761808::3:3
140737014758592::1:1
140736974405808::1:1
140736974410080::2:2
140736974408368::2:2
140736975499040::3:3
140736975498960::1:1
140736974404672::1:1
140736974394112::1:1
140736974414016::2:2
140736936830416::1:1
140736936873680::3:3
140736936831872::1:1
140736974408096::3:3
140736974399696::1:1
140736975494192::1:1
140736974405616::1:1
140736974417312::3:3
140736975500896::3:3
140737014790368::0:0
140736974400256::2:2
140736975496736::3:3
140736974395840::3:3
140736974401056::4:4
140736974400592::2:2
140736974405600::0:0
140736975507856::2:2
140736974404416::1:1
140736975507536::1:1
140736974416336::0:0
140736974413344::2:2
140736974400880::2:2
140736974414848::1:1
140736974394224::2:2
140736975632512::4:4
140736974395648::3:3
140736975499280::3:3
140737014481728::1:1
140737014479856::6:6
140736964941419::1:1
140736965049648::4:4
140736965044928::4:4
140736965045552::5:5
140736965046464::4:4
140736965045200::4:4
140736965136672::0:0
140736974415696::2:2
140736975733328::2:2
140737014480256::2:2
140736965078304::6:6
140736965079040::6:6
140736965050048::1:1
140736965113088::4:4
140736936830048::3:3
140736936829984::1:1
140736956026928::2:2
140736460211136::2:2
140736460210880::1:1
140736460211376::4:4
140736460211008::1:1
140736460210688::1:1
140736460228752::3:3
140736460211184::3:3
140736460225952::0:0
140736460211200::1:1
140736975494128::6:6
140736460226032::2:2
140736460210400::1:1
140736460210576::1:1
140736460228912::2:2
140736460226224::5:5
140736460229200::2:2
140736460226272::2:2
140736460211072::2:2
140736974391184::1:1
140736974406608::3:3
140736455771952:murrine_rc_style_get_type:0:0
140736455777744:murrine_style_get_type:0:0
140736455748512::0:0
140736455750672::0:0
140736455749456::2:2
140736455750032::2:2
140736455750256::2:2
140736455749648::1:1
140736455751088::4:4
140736455749968::1:1
140736974403296::3:3
140736974394480::4:4
140736974410976::2:2
140736974395632::3:3
140736971250560::2:2
140736856537440::3:3
140736856537520::2:2
140736824938896::1:1
140736975692112::0:0
140736974397744::2:2
140737021147616::6:6
140737021152784::2:2
140737021133584::2:2
140737021148176::0:0
140736928837456::4:4
140736928835392::3:3
140736928835920::3:3
140736928836896::1:1
140736933458368::2:2
140736928836752::1:1
140736928836192::1:1
140736845657568::1:1
140736920913696::4:4
140736920913968::6:6
140736928836512::1:1
140736845656576::1:1
140736985005232::1:1
140736985002288::1:1
140736985008656::1:1
140736984984192::1:1
140736984995424::1:1
140736985004288::1:1
140736928835216::1:1
140736984989504::2:2
140736984984880::1:1
140736985006224::1:1
140736985012960::1:1
140736984990384::1:1
140736984983536::2:2
140736984996128::3:3
140736985008176::6:6
140736984983456::2:2
140736986133072::1:1
140736985002256::2:2
140736985001888::3:3
140736986194432::2:2
140736984990624::3:3
140736984986544::2:2
140736958270544::1:1
140736958270448::1:1
140736958235904::2:2
140736958217312::1:1
140736958217120::3:3
140736958248608::2:2
140736958248496::4:4
140736958432432::6:6
140736958284048::4:4
140736958240896::3:3
140736958240752::3:3
140736958270848::2:2
140736958270784::2:2
140736958217232::3:3
140736958283216::4:4
140736958283088::3:3
140736958274128::2:2
140736958428608::6:6
140736958275056::1:1
140736958358800::4:4
140736958358352::3:3
140736958334368::1:1
140736958241024::0:0
140736958241088::0:0
140736958285920::1:1
140736958285616::2:2
140736958279136::1:1
140736958243120::1:1
140736958217440::0:0
140736958291440::1:1
140736958291744::1:1
140736958299824::6:6
140736958299696::2:2
140736958428912::2:2
140736958429392::6:6
140736958311168::2:2
140736958388624::1:1
140736958339008::1:1
140736958614640::6:6
140736958389248::1:1
140736958291680::1:1
140736958613360::6:6
140736958254864::1:1
140736958277184::1:1
140736958612176::3:3
140736958308352::2:2
140736958307808::2:2
140736958588608::5:5
140736958251808::2:2
140736958390528::4:4
140736958350640::2:2
140736958270944::1:1
140736958350496::5:5
140736958350384::1:1
140736958342224::3:3
140736958272272::2:2
140736958272192::3:3
140736958236672::1:1
140736958390192::1:1
140736958350704::6:6
140736958322688::2:2
140736958275376::2:2
140736958307744::1:1
140736958307520::0:0
140736958304208::2:2
140736958301680::2:2
140736958304096::2:2
140736958296048::2:2
140736958302976::2:2
140736958302816::2:2
140736958291792::1:1
140736958389632::1:1
140736958295840::1:1
140736958616608::1:1
140736958551648::1:1
140736958293552::1:1
140736958551360::2:2
140736958275760::3:3
140736958280448::1:1
140736958254576::0:0
140736958254640::0:0
140736958555008::1:1
140736958296560::1:1
140736958554752::1:1
140736958433968::6:6
140736958296240::2:2
140736958294304::2:2
140736958294080::3:3
140736958549952::1:1
140736984989248::1:1
140736958392640::4:4
140736958391856::5:5
140736958271264::4:4
140736958303392::4:4
140736958245904::1:1
140736958357248::3:3
140736958416400::6:6
140736958355792::4:4
140736958355376::4:4
140736958299616::3:3
140736958357680::6:6
140736958297504::2:2
140736958674256::3:3
140736958672736::1:1
140736958672496::2:2
140736958239904::2:2
140736958672784::6:6
140736958390704::1:1
140736958246640::3:3
140736958246832::3:3
140736958247232::2:2
140736958709360::5:5
140736958240592::1:1
140736958236544::4:4
140736958292256::3:3
140736958487536::2:2
140736958485472::1:1
140736958290640::1:1
140736958284352::4:4
140736958242960::2:2
140736958441264::4:4
140736958440080::4:4
140736958259984::4:4
140736958279440::1:1
140736958290352::2:2
140736958217152::3:3
140736958444288::1:1
140736958235792::0:0
140736958217344::2:2
140736958390816::2:2
140736958298016::2:2
140736958297872::2:2
140736958391232::2:2
140736958395584::6:6
140736958323856::2:2
140736958316224::3:3
140736958218568::3:3
140736958407136::2:2
140736958294400::4:4
140736958350112::1:1
140736958342304::3:3
140736958319824::1:1
140736958305856::3:3
140736958500080::2:2
140736958298112::2:2
140736958408368::6:6
140736958408176::6:6
140736958282864::2:2
140736958306880::3:3
140736958306640::2:2
140736958414608::2:2
140736958305952::2:2
140736958527072::3:3
140736958427808::6:6
140736958427488::5:5
140736958426224::5:5
140736958299136::4:4
140736958319920::2:2
140736958348032::5:5
140736958342368::3:3
140736958250256::6:6
140736958302752::2:2
140736958302624::2:2
140736958302432::2:2
140736958276976::2:2
140736958244320::2:2
140736958558736::5:5
140736958292080::5:5
140736958450448::1:1
140736958449936::4:4
140736958241888::1:1
140736958386528::1:1
140736958386112::2:2
140736958450032::2:2
140736958439696::3:3
140736958458848::1:1
140736958282592::3:3
140736958282096::2:2
140736958240080::2:2
140736958292880::2:2
140736958262336::3:3
140736958342736::1:1
140736958421312::2:2
140736958447200::1:1
140736958348208::1:1
140736958297392::2:2
140736958365168::2:2
140736958343056::2:2
140736958430880::2:2
140736958428992::1:1
140736958272320::2:2
140736958298960::4:4
140736958401280::2:2
140736958401536::2:2
140736958401744::2:2
140736958450960::1:1
140736958285488::1:1
140736958449712::1:1
140736958484720::1:1
140736958449168::2:2
140736958448864::1:1
140736958320256::3:3
140736958279952::1:1
140736958279056::1:1
140736958277296::1:1
140736958306176::2:2
140736958247712::1:1
140736958403456::4:4
140736958299424::2:2
140736958372976::3:3
140736958324080::3:3
140736958324000::1:1
140736958533456::3:3
140736958324288::4:4
140736958319696::2:2
140736958319584::1:1
140736958326000::3:3
140736958325104::2:2
140736958375824::3:3
140736958279392::1:1
140736958278960::1:1
140737021128816::0:0
140737021121488::6:6
140736965043616::2:2
140736965043776::6:6
140737021138896::0:0
140737021133136::6:6
140736928835808::1:1
140737021150944::2:2
140737021141264::3:3
140737021137680::0:0
140737021134000::0:0
140737021135568::0:0
140737021126784::0:0
140737021135552::2:2
140737021126864::2:2
140737021126848::1:1
140737021123888::1:1
140737021142400::2:2
140737021135744::2:2
140737021131424::1:1
140737021122192::1:1
140737021142192::2:2
140737021144016::6:6
140737021132512::6:6
140737021140528::6:6
140737021136336::6:6
140736947565104::2:2
140736947557776::1:1
140736948248912::1:1
140737014680784::1:1
140737014680880::1:1
140737014679760::3:3
140737014679648::2:2
140737014685440::2:2
140737014681376::3:3
140737014680048::1:1
140736947558448::2:2
140737014679968::2:2
140737014682416::4:4
140737014682064::4:4
140737014686032::2:2
140736948247936::1:1
140736947566288::3:3
140736947557376::2:2
140737014680320::1:1
140736985010656::5:5
140736984993216::1:1
140736985004096::1:1
140736936831760::1:1
140736936830400::2:2
140736936832064::1:1
140736936830016::1:1
140737014481248::3:3
140737021143600::2:2
140737021145104::3:3
140737021140944::6:6
140737021134960::2:2
140737014634352::1:1
140737014634000::2:2
140737014632992::1:1
140737014481184::3:3
140737014635920::2:2
140737014633056::1:1
140737014634704::2:2
140737014633264::1:1
140737021123632::1:1
140737021150576::4:4
140737014637936::4:4
140737014638864::2:2
140737014481536::3:3
140737014633904::2:2
140737021129664::2:2
140737021131472::2:2
140736947566160::2:2
140736947683936::1:1
140736947678672::1:1
140736947678464::1:1
140736947684416::1:1
140736947564912::2:2
140736947555536::2:2
140736947565248::1:1
140736948328112::3:3
140736947697600::2:2
140736948328768::6:6
140736948328448::4:4
140736947684720::2:2
140736947684640::2:2
140736947556224::3:3
140736947557872::1:1
140736947668416::1:1
140736947556944::6:6
140736948328400::1:1
140736947678112::2:2
140736947690720::3:3
140736947691104::3:3
140736948326672::5:5
140736947684016::1:1
140737021135040::2:2
140737021140112::1:1
140737021141616::1:1
140736958217978::4:4
140736958438784::3:3
140736958284496::3:3
140736958289472::1:1
140736958243392::5:5
140736958439376::3:3
140736958439088::5:5
140736958391760::3:3
140736958391680::2:2
140736958246112::1:1
140736958677456::2:2
140736958276368::2:2
140736958272112::3:3
140736958401936::2:2
140737014595152::3:3
140737021140336::2:2
140736928837088::0:0
140736928836128::1:1
140736933446736::0:0
140736933694496::2:2
140736928840130::2:2
140736931459616::2:2
140736929026800::2:2
140736931313184::2:2
140736931325120::2:2
140736974405872::6:6
140736974395680::1:1
140736971285552::1:1
140736971257904::1:1
140736971501664::1:1
140736971253312::2:2
140736971251904::2:2
140736971257792::1:1
140736971285664::2:2
140736971495504::4:4
140736971423184::4:4
140736971285872::2:2
140736971253728::1:1
140736971502816::0:0
140736971251264::2:2
140736971285920::1:1
140736951205616::2:2
140736951204960::2:2
140737017650592::2:2
140736845658752::1:1
140736845753664::0:0
140736845658816::1:1
140736845658624::1:1
140736845659968::1:1
140736845663984::1:1
140736845663440::1:1
140736845661456::2:2
140736845662240::1:1
140736845663616::2:2
140736845665488::1:1
140736845662928::4:4
140736845662592::2:2
140736845655568::1:1
140736845662864::1:1
140736845656256::1:1
140736845655376::1:1
140736845659040::1:1
140734903387440:asn1_length_der:3:3
140734903387600:asn1_octet_der:4:4
140734903393088:asn1_get_length_der:3:3
140734903394640:asn1_get_tag_der:5:5
140734903395152:asn1_get_length_ber:3:3
140734903413936:asn1_find_node:2:2
140734903419664:asn1_delete_structure:1:1
140734906246912::2:2
140734906245856::2:2
140734903413840::1:1
140734903376032::2:2
140734903376144::1:1
140734903415056::2:2
140734903413712::3:3
140734903375872::1:1
140734903376112::3:3
140734903425616::2:2
140734903415200::2:2
140734903414448::3:3
140734903415360::1:1
140734903413584::3:3
140734903375904::2:2
140734903376064::4:4
140734903376048::2:2
140734903375792::1:1
140734899557104::1:1
140736811440256::2:2
140736811432944::2:2
140734906246896::2:2
140736947898816::4:4
140736947560032::3:3
140736947899024::3:3
140734906250912::0:0
140734899556928::3:3
140734903419824::1:1
140734903415120::2:2
140734903375776::6:6
140734903415280::1:1
140734906244000::1:1
140734906244320::3:3
140734906244272::1:1
140734906245728::1:1
140734899628384::4:4
140734899692208::3:3
140734899555440::1:1
140734899692080::3:3
140734899556208::4:4
140734899627984::3:3
140734899556224::3:3
140734899556640::4:4
140734903395232::5:5
140734903415536::2:2
140734903376096::3:3
140734903376240::3:3
140734903394128::4:4
140734903414704::3:3
140734903414624::3:3
140734903409104::1:1
140734903394000::4:4
140734903393552::4:4
140734903392832::1:1
140734903418256::1:1
140734899813344::4:4
140734899554800::4:4
140734903375824::2:2
140734899556048::2:2
140734899638144::2:2
140734906246736::1:1
140734906253152::1:1
140734906247344::2:2
140734899817872::3:3
140734899813840::4:4
140734899557088::5:5
140734903387232::4:4
140734903376208::3:3
140734899556864::6:6
140734899637952::4:4
140734906245056::4:4
140734906245664::2:2
140734906254288::1:1
140734906246224::6:6
140734906245344::4:4
140734906247168::2:2
140734906246688::1:1
140734906245472::1:1
140734906272832::3:3
140734906247136::2:2
140734906245680::1:1
140734906244368::1:1
140734906244848::3:3
140734906247200::1:1
140734906244592::1:1
140734906245184::1:1
140734906244720::1:1
140737017739152::6:6
140737017737856::6:6
140736947563520::0:0
140737021140224::2:2
140736947554672::4:4
140737021151760::2:2
140737021134672::0:0
140734829823888::2:2
140737021152128::1:1
140736958296688::2:2
140736958374032::4:4
140736958241808::2:2
140737014781920::2:2
140736974393072::2:2
140736974413760::1:1
140736974394336::1:1
140736974514464::5:5
140736974399504::1:1
140736971250992::3:3
140736974408176::1:1
140736974509520::3:3
140736974513376::3:3
140736974415632::2:2
140736975645008::1:1
140736974402176::0:0
140736974398528::4:4
140736974409744::1:1
140737021126256::0:0
140737021151936::0:0
140736974415008::0:0
140736975716480::2:2
140736975504448::1:1
140736974400832::1:1
140736936832448::1:1
140736936847968::3:3
140736936848576::4:4
140736936830432::2:2
140736936849376::3:3
140736936848144::3:3
140736936848800::6:6
140736936832368::2:2
140736936831888::1:1
140736936831968::1:1
140736936830208::2:2
140736936831552::1:1
140736974410416::1:1
140736974416272::1:1
140736974414464::2:2
140736975648544::1:1
140736974406688::0:0
140736974406288::1:1
140736974411376::4:4
140736974417456::1:1
140736974395280::1:1
140736974413584::1:1
140736974523520::2:2
140736974398960::1:1
140736976347264::2:2
140736974406496::1:1
140736974393904::6:6
140736976341040::2:2
140736976340784::1:1
140736976330560::2:2
140736976321056::3:3
140736976072880::1:1
140737021129744::4:4
140736974405776::2:2
140736974397008::2:2
140736974407472::1:1
140736974399328::1:1
140737021136528::0:0
140737021151968::3:3
140736974470912::2:2
140736974404640::1:1
140736974399520::1:1
140736971249072::1:1
140736974450416::1:1
140736974449616::1:1
140736974397888::1:1
140737021126528::1:1
140736974449728::3:3
140736974415072::0:0
140736974450224::1:1
140736974411680::2:2
140736974391280::1:1
140736974409968::2:2
140736974391200::2:2
140736976300080::6:6
140736974396064::3:3
140736974412992::1:1
140736974405472::1:1
140736974393856::3:3
140736974394176::5:5
140736974404368::3:3
140736974442224::6:6
140736974406480::3:3
140736974391440::3:3
140736974454432::2:2
140736974412432::5:5
140736974399440::4:4
140736976298208::3:3
140736974395328::3:3
140737021131264::2:2
140736976293904::4:4
140736975235776::1:1
140736974400320::6:6
140736975273392::1:1
140736975160208::1:1
140736975159200::2:2
140736975159760::2:2
140736975156496::1:1
140736974446528::1:1
140736974402384::3:3
140736975280480::4:4
140736976292128::3:3
140736975111792::1:1
140736975110128::1:1
140736974390976::2:2
140736976308480::1:1
140736974461824::3:3
140736975148384::4:4
140736974409888::2:2
140736974403968::1:1
140736975158512::3:3
140736974410464::1:1
140736975145728::2:2
140736974396704::0:0
140736974391376::1:1
140736974402160::1:1
140736974412496::2:2
140736936830928::2:2
140736936830176::1:1
140736974400112::0:0
140736974404320::6:6
140736975112592::2:2
140736975100480::1:1
140736974460048::2:2
140736974409600::1:1
140736975014240::0:0
140736975292928::3:3
140736974396544::2:2
140736975292736::3:3
140736975286080::2:2
140736975305744::3:3
140736974447264::3:3
140736974405840::1:1
140736974406512::2:2
140736975014112::3:3
140736976353632::2:2
140736975724448::4:4
140736974392816::1:1
140737021136416::0:0
140737021140032::0:0
140736974415152::2:2
140736974411152::1:1
140736974402112::1:1
140736976412512::2:2
140736976382336::1:1
140736976398144::2:2
140736976347872::2:2
140736974400688::1:1
140736976344464::1:1
140736974552032::2:2
140736974406528::2:2
140736974415280::1:1
140737021145616::2:2
140736975518608::5:5
140736974399552::3:3
140736975518592::4:4
140736975495872::2:2
140736974393264::1:1
140736975495984::4:4
140736974406976::1:1
140736974392864::1:1
140736975495184::1:1
140736974403552::2:2
140736975503152::2:2
140736460210896::0:0
140736975494304::2:2
140736974393344::1:1
140736974411904::2:2
140736975498864::2:2
140736974391696::1:1
140736975504752::3:3
140736976004576::1:1
140736976023184::6:6
140736892826752::2:2
140736892828032::1:1
140736892827712::2:2
140736892826464::1:1
140736892827728::2:2
140736974395120::2:2
140736976339488::3:3
140736975996768::1:1
140737021132368::0:0
140736976311872::2:2
140736974395200::1:1
140736936830352::1:1
140736875870496::3:3
140736875870624::2:2
140736936831952::2:2
140736936831136::1:1
140736936829968::1:1
140736837802512::2:2
140736837801264::2:2
140736936903264::1:1
140736936901440::2:2
140736936910736::1:1
140736936908032::1:1
140736936830480::2:2
140736936830864::1:1
140736936959728::1:1
140736936831984::1:1
140736936832240::1:1
140736833504192::1:1
140736833506736::1:1
140736833504752::1:1
140736833519008::2:2
140736833507568::1:1
140736833504624::1:1
140736833505856::2:2
140736833505056::2:2
140736837800624::1:1
140736833505968::1:1
140736878615056::1:1
140736878695248::1:1
140736878614336::1:1
140736878614848::2:2
140736878614752::1:1
140736878613808::1:1
140736878614832::2:2
140736878695088::2:2
140736878700480::2:2
140736878698560::2:2
140736878615312::3:3
140736878702432::6:6
140736878614960::3:3
140736878615456::2:2
140736878615344::0:0
140736878714752::2:2
140736878708528::2:2
140736878646112::3:3
140736878614208::2:2
140736878614080::1:1
140736762190672::1:1
140736762200960::2:2
140736762195584::2:2
140736762193904::1:1
140736762190640::3:3
140736762253008::1:1
140736762251728::0:0
140736878614656::2:2
140736878614064::3:3
140736878615360::3:3
140736878614544::2:2
140736878613776::2:2
140736878614800::0:0
140736878614944::3:3
140736762224064::1:1
140736762190656::1:1
140736762190592::1:1
140736762190720::0:0
140736762205376::1:1
140736762277024::6:6
140736762254032::2:2
140736762208624::6:6
140736762194608::4:4
140736762275936::6:6
140736762274832::6:6
140736762194528::4:4
140736762194400::4:4
140736762195680::4:4
140736762190576::3:3
140736762204624::1:1
140736762217360::6:6
140736762205600::5:5
140736878713792::2:2
140736878714320::3:3
140736878714000::2:2
140736762253648::4:4
140736762190608::3:3
140736878718928::2:2
140736878714192::1:1
140736878709152::1:1
140736878713856::1:1
140736878721712::1:1
140736762204880::4:4
140736762196880::4:4
140736878614272::2:2
140736878719328::2:2
140736878713920::1:1
140736878717488::1:1
140736878695568::2:2
140736878721328::2:2
140736878720752::1:1
140736878627584::1:1
140736878720176::1:1
140736878718672::6:6
140736878695328::1:1
140736878698080::1:1
140736878718224::3:3
140736878719168::3:3
140736878718816::5:5
140736878717392::2:2
140736878615024::1:1
140736762201664::2:2
140736878614576::1:1
140736762192864::1:1
140736762192784::1:1
140736878614672::0:0
140736878711600::2:2
140736878614400::2:2
140736878614112::2:2
140736878720448::2:2
140736878706112::2:2
140736878698832::2:2
140736878699152::1:1
140736878614928::3:3
140736878620576::5:5
140736878708672::2:2
140736878615008::3:3
140736878708592::3:3
140736878708448::2:2
140736878615440::0:0
140736878619936::2:2
140736878617120::2:2
140736878614880::4:4
140736878614560::3:3
140736878715920::6:6
140736878619856::3:3
140736878615088::3:3
140736878621584::3:3
140736878619120::0:0
140736878614864::2:2
140736878615040::1:1
140736878708544::0:0
140736878619728::2:2
140736878619232::2:2
140736878646224::0:0
140736878637328::4:4
140736878622432::2:2
140736878616992::1:1
140736878637088::2:2
140736878614384::4:4
140736878614704::4:4
140736878704352::4:4
140736878703856::4:4
140736878700432::2:2
140736878637264::2:2
140736878626976::2:2
140736878684032::2:2
140736878629728::3:3
140736878627056::4:4
140736878681008::2:2
140736878712160::2:2
140736878709584::3:3
140736878676848::1:1
140736878630880::4:4
140736878633296::5:5
140736878711184::2:2
140736833507968::1:1
140736833506096::1:1
140736936832384::1:1
140736936877600::4:4
140736936832320::1:1
140736833505504::2:2
140736936830512::2:2
140736833505696::3:3
140736833522512::2:2
140736878688960::4:4
140736878687104::2:2
140736878688240::6:6
140736878678336::0:0
140736878702096::4:4
140736878699584::1:1
140736878678480::2:2
140736833507168::4:4
140736833504736::4:4
140736833507296::2:2
140736833504464::1:1
140736939262416::2:2
140736842142784::0:0
140736842143152::0:0
140736936888112::4:4
140736833508032::1:1
140736833525632::2:2
140736833516096::2:2
140736833507104::1:1
140736833504944::1:1
140736833505888::3:3
140736936831728::1:1
140736936831200::1:1
140736936832576::1:1
140736936900608::2:2
140736837804720::1:1
140736837800976::2:2
140736939263632::1:1
140736939387168::2:2
140736939387856::2:2
140736939386464::1:1
140736939386336::3:3
140736939264064::1:1
140736939367968::1:1
140736939426512::1:1
140736939259888::0:0
140736939368016::2:2
140736939918736::1:1
140736875886160::1:1
140736939919600::2:2
140736939264224::0:0
140736939923152::1:1
140736914193472::2:2
140736914194128::2:2
140736914204912::3:3
140736914304624::2:2
140736914268032::4:4
140736914268112::2:2
140736914404880::1:1
140736914279728::2:2
140736914193296::2:2
140736914246512::2:2
140736914336896::4:4
140736914209008::1:1
140736914208448::4:4
140736914205200::1:1
140736833505904::2:2
140736833504640::2:2
140736878615264::2:2
140736876120656::3:3
140736876120144::2:2
140736914205328::1:1
140736914208576::4:4
140736914193504::2:2
140736914262336::3:3
140736914267808::1:1
140736833506592::4:4
140736837800784::0:0
140736936832112::0:0
140736837799680::4:4
140736939593200::1:1
140736939599616::4:4
140736939259728::3:3
140736876120448::1:1
140736876171232::1:1
140736875987840::5:5
140736875983296::4:4
140736875948640::3:3
140736875960128::2:2
140736875948928::1:1
140736876163536::2:2
140736876172288::2:2
140736876165392::5:5
140736875876422::2:2
140736875878741::2:2
140736875878417::6:6
140736876172192::4:4
140736939598400::3:3
140736939263712::0:0
140736939593280::1:1
140736914244352::2:2
140736936831904::2:2
140736936831776::1:1
140736936830096::3:3
140736974763216::1:1
140736968907968::1:1
140736968907888::1:1
140736968906736::2:2
140736968906800::5:5
140737014623184::4:4
140736968906000::1:1
140736968920896::2:2
140736968908160::2:2
140736968906672::1:1
140736968907360::2:2
140736968907680::2:2
140736968921120::2:2
140736968907008::3:3
140736968907696::2:2
140736975003248::1:1
140736975003648::2:2
140736974400464::3:3
140736974393616::4:4
140736974400368::4:4
140736974413040::1:1
140736974393024::1:1
140736975023568::1:1
140736974413264::2:2
140736975023344::1:1
140736974402480::2:2
140736975024240::3:3
140736975003664::3:3
140736975002912::4:4
140736968906752::6:6
140736968907184::2:2
140736968907792::2:2
140736968906848::1:1
140736968906880::1:1
140736968907824::1:1
140736968907344::1:1
140736948363296::3:3
140736948362896::0:0
140736947557296::2:2
140736947561024::1:1
140736948360304::2:2
140736947553536::1:1
140736947558256::1:1
140736948366544::3:3
140736948365440::5:5
140736948365072::6:6
140736948366096::4:4
140736948365616::1:1
140736974400048::1:1
140736974392672::1:1
140736455767312::0:0
140737014703968::4:4
140737021125936::0:0
140736974404384::2:2
140737021142080::1:1
140737021141792::4:4
140737014633520::3:3
140737021127648::1:1
140737021150272::2:2
140737021122352::1:1
140736984991072::2:2
140736984983936::1:1
140736975148048::1:1
140736975649280::1:1
140736975997952::2:2
140736975996816::3:3
140736936897168::1:1
140736936876640::4:4
140736876162464::2:2
140736876166832::3:3
140736876175136::2:2
140736875877447::4:4
140736875876911::4:4
140736914330336::3:3
140736914268288::2:2
140736914270256::1:1
140736936834461::2:2
140736936903376::2:2
140736976004880::2:2
140736914321392::3:3
140736939260944::1:1
140736914287568::6:6
140736837800464::1:1
140736837799600::1:1
140736837801888::1:1
140736936829792::1:1
140736968906256::1:1
140736948363472::1:1
140736968905760::2:2
140736948363568::2:2
140736948363424::1:1
140734372858544:rsvg_css_parse_color:2:2
140734372860912:rsvg_defs_lookup:2:2
140734372996000:rsvg_handle_get_type:0:0
140736961230608::1:1
140736961230928::0:0
140736961230512::3:3
140734372850848::1:1
140734372851568::4:4
140734372853776::0:0
140736962078912::2:2
140736962078528::4:4
140736961230272::3:3
140736961280720::2:2
140734372960880::1:1
140734372851488::2:2
140734372850560::3:3
140734372968352::3:3
140734372945136::2:2
140734372955072::1:1
140734372849712::1:1
140734372871408::3:3
140734372928544::1:1
140734372855200::1:1
140734372850256::2:2
140734372850384::1:1
140734372961184::1:1
140734372961168::2:2
140734372861312::3:3
140734372851504::3:3
140734372861408::2:2
140734372945520::2:2
140736961283200::4:4
140734372849696::3:3
140734372852944::2:2
140734372851056::2:2
140734372851472::1:1
140734372948768::3:3
140734372956560::3:3
140734372954912::4:4
140734372853136::2:2
140734372966784::2:2
140734372851328::6:6
140734372849760::1:1
140734372957568::3:3
140734372958432::2:2
140734372852960::2:2
140734372868480::0:0
140734372868416::0:0
140734372955024::1:1
140734372856384::1:1
140734372853120::3:3
140734372851008::1:1
140734372853728::1:1
140734372852736::1:1
140734372852448::1:1
140734372949024::5:5
140734372854224::2:2
140734372856496::1:1
140734372853920::0:0
140734372961536::2:2
140734372956208::1:1
140734372868352::1:1
140734372853664::1:1
140734372945440::1:1
140736961274032::1:1
140736961332496::2:2
140736961304624::2:2
140734372850368::2:2
140734372861536::3:3
140734372851808::2:2
140734372853872::1:1
140734372851040::3:3
140734372941136::0:0
140734372878864::1:1
140734372877696::1:1
140734372852512::4:4
140734372877328::4:4
140734372877536::1:1
140734372851936::0:0
140736842143056::0:0
140734372871840::2:2
140734372872000::1:1
140734372854128::3:3
140734372872224::1:1
140734372877632::1:1
140734372850800::2:2
140734372872112::1:1
140736939361280::2:2
140736939326832::2:2
140736939463248::1:1
140736939623632::1:1
140734372850112::0:0
140734372961216::1:1
140734372852288::1:1
140734372946352::4:4
140734372960784::1:1
140734372977392::2:2
140734372868336::1:1
140736939623696::2:2
140736939335888::1:1
140736939335392::0:0
140734372942944::3:3
140734372852096::2:2
140734372851200::2:2
140734372855936::1:1
140734372961392::3:3
140734372956368::2:2
140734372852128::1:1
140734372849808::2:2
140734372961344::1:1
140734372854368::1:1
140734372982064::2:2
140734372849968::1:1
140736939262944::3:3
140734372853488::1:1
140734372851072::1:1
140734372850832::1:1
140734372853248::1:1
140734372853392::1:1
140734372853648::2:2
140736939378848::3:3
140736939465040::3:3
140736939464960::1:1
140736939466000::6:6
140736939264568::1:1
140736939462752::2:2
140736939264112::3:3
140736939579424::5:5
140736939462880::4:4
140736939465232::3:3
140734372853616::1:1
140734372851216::1:1
140734372850128::1:1
140736939539872::3:3
140736939461808::2:2
140736939466832::6:6
140736939540800::3:3
140736939539584::4:4
140736939620752::5:5
140736939621088::6:6
140736939621408::1:1
140736939620032::2:2
140736939277200::3:3
140736939689264::5:5
140736939540768::1:1
140736939689232::1:1
140736939692624::2:2
140736939379472::6:6
140736939379104::6:6
140734372977456::2:2
140734372851872::1:1
140734372850864::1:1
140734372986096::4:4
140736939510176::2:2
140734372853328::1:1
140736939345488::0:0
140734372853312::1:1
140736939381760::2:2
140736939370016::1:1
140736939632800::2:2
140736939370624::4:4
140736939528112::1:1
140736939510896::2:2
140736939630112::1:1
140736939517680::2:2
140736939468992::2:2
140736939631696::6:6
140736939625520::1:1
140736939625408::3:3
140736939627744::1:1
140736939274800::1:1
140736939350720::6:6
140736939348368::6:6
140736939339680::1:1
140736939447776::1:1
140736939346192::2:2
140736939528736::2:2
140736939427328::1:1
140736939427136::1:1
140736939427632::4:4
140736939529408::2:2
140736939459360::2:2
140736939578736::2:2
140736939342688::2:2
140736939341568::2:2
140736939341312::3:3
140736939340512::3:3
140736939335568::1:1
140736939528848::3:3
140736939424976::6:6
140736939259520::0:0
140736939319520::1:1
140736939341632::2:2
140736939578592::2:2
140736939347216::2:2
140736939259296::3:3
140736806027856::3:3
140736939428064::5:5
140736939263840::2:2
140736806027728::3:3
140736806027136::1:1
140736939259824::1:1
140736939662240::3:3
140736939662048::2:2
140736939258976::6:6
140736806343536::1:1
140736806030032::6:6
140736806027248::0:0
140736806027488::1:1
140736806029168::3:3
140736806028816::3:3
140736806028080::2:2
140736806027504::3:3
140736806346496::6:6
140736806027696::1:1
140736806027584::2:2
140736806347712::6:6
140736806359648::2:2
140736806347840::6:6
140736806347136::3:3
140736806341376::3:3
140736806027472::2:2
140736806358240::2:2
140736939662656::3:3
140736939261760::1:1
140736806343248::1:1
140736939662432::1:1
140736939346320::0:0
140736939464832::1:1
140736939535808::1:1
140736939427408::1:1
140736842235776::0:0
140736842403952::1:1
140736939540960::2:2
140736939353536::1:1
140736939487280::4:4
140736939607920::2:2
140736939511216::1:1
140736806349312::2:2
140736806341472::2:2
140736939380848::2:2
140736939624816::1:1
140736939631424::6:6
140736939262688::0:0
140736939623904::5:5
140736939537424::6:6
140736939621504::6:6
140736939463056::1:1
140736939276736::3:3
140736939375648::1:1
140736939374192::1:1
140736939623872::1:1
140736939361024::1:1
140736939627600::2:2
140736939625664::1:1
140734372945216::1:1
140734372851392::2:2
140736974413072::1:1
140736974412960::1:1
140736974394384::2:2
140736974411392::4:4
140736974403184::2:2
140736974395440::1:1
140736974404864::3:3
140736971509616::0:0
140736971292048::4:4
140736971254320::4:4
140736971508304::4:4
140736974413376::2:2
140736971248512::2:2
140736842188928::0:0
140734372852784::2:2
140734372853040::0:0
140734372854320::0:0
140736939370160::1:1
140734372851168::2:2
140734372854144::2:2
140736939263648::2:2
140736939378032::1:1
140736939375712::2:2
140736939320704::2:2
140736939345520::1:1
140736939345680::2:2
140736939511824::1:1
140736939259600::6:6
140736806347520::6:6
140736806346080::3:3
140736971252144::1:1
140736971249088::1:1
140736971250080::1:1
140736971256032::1:1
140736971250400::1:1
140736971292624::1:1
140736971252160::6:6
140736455754720::2:2
140736455753712::3:3
140736455754064::3:3
140736455755312::4:4
140736971257312::2:2
140736971408416::1:1
140736971410208::2:2
140736824953744::3:3
140736824938784::3:3
140736824947840::2:2
140736824938848::4:4
140736965271568::4:4
140736974399088::1:1
140736936831424::2:2
140736974407760::1:1
140736974411120::2:2
140736976353840::1:1
140736976330928::2:2
140736974398400::4:4
140736974393952::1:1
140736971340448::6:6
140736971340112::4:4
140736971250608::3:3
140736971405200::4:4
140736971373728::1:1
140736971385856::4:4
140736971384992::5:5
140736971384912::2:2
140736974416624::2:2
140736974394864::2:2
140736974415440::1:1
140736975207264::1:1
140736974404736::1:1
140736971250496::1:1
140736939783136::2:2
140736939811328::6:6
140736939259008::2:2
140736971253296::1:1
140736971253056::1:1
140736939358464::1:1
140736939358240::1:1
140736939378912::3:3
140736939465968::1:1
140736939319968::2:2
140736939462384::4:4
140736939320064::3:3
140736939319296::2:2
140736939704240::3:3
140736939344048::1:1
140736939819008::1:1
140736939259984::5:5
140736856549024::4:4
140736856537216::3:3
140736939788496::1:1
140736939321184::0:0
140736974403504::1:1
140736971281904::1:1
140736971258096::1:1
140736971257712::1:1
140736971257008::1:1
140736971256192::1:1
140736971250128::1:1
140736971252256::1:1
140736939383792::2:2
140736939336640::4:4
140736971255504::4:4
140736939274336::2:2
140736939274640::3:3
140736939274544::3:3
140736939274176::1:1
140736939420112::1:1
140736939783840::2:2
140736939259872::1:1
140736856537408::3:3
140736939830912::1:1
140736939260144::2:2
140736939812368::1:1
140736971257728::1:1
140736939466800::3:3
140736939594416::2:2
140736939261584::2:2
140736876208816::2:2
140736876209552::3:3
140736876208976::6:6
140736876208624::1:1
140736876206144::5:5
140736939599376::3:3
140736939789024::1:1
140736939470384::2:2
140736939320896::1:1
140736939297504::3:3
140736939292272::2:2
140736939292976::5:5
140736939292592::3:3
140736939292432::2:2
140736939292784::5:5
140736939341728::2:2
140736455750000::0:0
140736455750832::0:0
140736455751040::0:0
140736939343536::1:1
140736806377824::2:2
140736939585808::1:1
140736939500688::1:1
140736939497392::4:4
140736939496048::3:3
140736939578944::2:2
140736939690864::2:2
140736939689888::2:2
140736939689408::5:5
140736939498944::6:6
140736939259264::2:2
140736939794320::1:1
140736974409168::1:1
140736974415584::3:3
140736974412400::2:2
140736974416736::1:1
140736974393984::2:2
140736460211248::1:1
140736460210608::1:1
140736460210592::1:1
140736460211232::3:3
140736460223008::6:6
140736460210832::1:1
140736460211456::3:3
140736968907936::0:0
140736968966064::6:6
140736460210560::1:1
140736873580976::3:3
140736848461200::3:3
140736971269264::1:1
140736971404528::3:3
140737014849968::0:0
140737014854384::4:4
140736985000384::0:0
140736986033024::1:1
140736992484096::1:1
140736984994528::3:3
140736988616496::3:3
140736984996592::2:2
140736988615168::4:4
140736988616640::2:2
140736971252960::2:2
140736974396576::3:3
140736984990928::1:1
140736985095536::2:2
140736985915696::1:1
140736984996400::0:0
140736999818064::1:1
140736999818000::1:1
140736984999024::2:2
140736986134672::1:1
140736999952832::0:0
140736984994256::1:1
140736986246304::1:1
140736985017040::2:2
140736988216720::1:1
140736988223296::1:1
140736994875472::0:0
140736988215856::1:1
140736988234432::1:1
140736986465216::0:0
140736985016368::2:2
140736992504048::0:0
140736988450400::2:2
140736986134784::4:4
140736987561936::1:1
140736994525216::1:1
140736985244112::1:1
140736985024560::2:2
140736986077232::2:2
140736985054416::2:2
140736984998880::4:4
140736947998528::6:6
140736947556192::0:0
140736984989568::3:3
140736984991248::2:2
140736985017776::1:1
140736992747360::2:2
140736999736480::1:1
140736985000432::1:1
140736845655536::2:2
140736845665248::3:3
140734139100688::2:2
140736845661008::3:3
140734139100048::3:3
140736845656512::2:2
140734134632864::1:1
140734134633008::2:2
140734134633184::3:3
140734134633376::0:0
140734134632928::2:2
140736845665948::1:1
140734139100928::1:1
140734139101552::2:2
140736845663136::1:1
140734139100416::1:1
140734139101424::1:1
140734139101568::2:2
140734139100960::6:6
140734139100032::1:1
140734075454640::1:1
140734061980736::1:1
140734061988256::1:1
140736984990592::6:6
140737351962640::1:1
140736985009072::1:1
140737001321312::1:1
140736999905552::2:2
140736993362928::2:2
140736987852240::1:1
140736984987392::5:5
140736985005376::3:3
140736988490736::1:1
140736931319408::2:2
140736986769376::4:4
140736988734720::1:1
140736976334736::1:1
140736923117424::3:3
140736923190560::6:6
140736971491504::3:3
140736971270160::1:1
140736971404944::3:3
140736971376336::1:1
140736936832096::4:4
140736971371392::2:2
140736939541648::3:3
140736939541184::3:3
140736460211424::3:3
140736930675440::1:1
140736974460208::2:2
140736974397584::3:3
140736974454704::2:2
140736974401248::1:1
140736975305936::3:3
