140737351952752:_dl_debug_state:0:0:0:
140737351932256::1:0:0:
140737351990432::1:0:1:
140737351932576::6:0:1:3,5,
140737351887536::2:0:1:
140737351994352::3:0:1:
140737351932432::2:0:1:
140737351990384::2:0:1:
140737351887504::1:0:1:
140737351992064::3:0:1:
140737351988528::0:0:1:
140737351993792::3:0:1:
140737351988816::4:0:1:
140737351993776::3:0:1:2,
140737351989840::8:6:1:2,
140737351887568::1:0:0:
140737351952768::2:0:1:
140737351950208::5:0:1:
140737351989104::1:0:1:
140737351920752::6:0:1:3,4,5,
140737351954880::2:0:1:
140737351918880::2:0:1:
140737351909408::6:0:1:3,
140737351908128::5:0:1:
140737351988432::0:0:1:
140737351988464::0:0:1:
140737351910912::6:0:1:2,6,
140737351988304::3:0:1:1,2,
140737351988896::0:0:1:
140737351988784::0:0:1:
140737351978304::1:0:1:
140737351978064::2:0:1:
140737351993376::3:0:1:
140737351995024::3:0:0:
140737351994704::3:0:0:
140737351956032::3:0:1:2,3,
140737351955104::6:0:1:3,6,
140737351934160::4:0:0:3,4,
140737351927904::6:0:1:6,
140737351925488::6:0:1:
140737351925104::1:0:1:
140737351949648::4:0:1:1,
140736844727440::0:0:1:
140737351947360::2:0:1:2,
140737020424928:g_closure_new_simple:2:0:1:1,
140737020425088:g_closure_set_meta_marshal:3:0:0:
140737020425312:g_closure_add_marshal_guards:5:0:1:
140737020426560:g_closure_add_invalidate_notifier:3:0:1:
140737020426896:g_closure_ref:1:0:1:
140737020427168:g_closure_unref:1:0:1:
140737020427536:g_closure_invalidate:1:0:1:
140737020427920:g_closure_sink:1:0:1:
140737020428080:g_closure_remove_invalidate_notifier:3:0:1:
140737020428928:g_closure_invoke:5:0:1:3,
140737020429936:g_closure_set_marshal:2:0:1:
140737020430192:g_cclosure_new:3:0:1:
140737020430320:g_cclosure_new_swap:3:0:1:
140737020430592:g_signal_type_cclosure_new:2:0:1:2,
140737020436000:g_enum_get_value:2:0:1:2,
140737020447328:g_object_ref:1:0:1:
140737020447760:g_object_unref:1:0:1:
140737020456672:g_object_newv:3:0:1:2,
140737020457328:g_object_new_valist:3:0:1:
140737020459216:g_object_set_valist:3:0:0:
140737020460768:g_object_get_valist:3:0:0:
140737020466944:g_object_get_qdata:2:0:1:2,
140737020471056:g_object_watch_closure:2:0:0:
140737020473904:g_param_spec_ref:1:0:1:
140737020474736:g_param_spec_ref_sink:1:0:1:
140737020474960:g_param_spec_internal:5:0:1:5,
140737020476016:g_param_spec_get_redirect_target:1:0:1:
140737020476448:g_param_value_set_default:2:0:0:
140737020476960:g_param_value_validate:2:0:1:
140737020478224:g_param_spec_pool_insert:3:0:0:
140737020478688:g_param_spec_pool_lookup:4:0:1:4,
140737020479856:g_param_spec_pool_list:3:0:1:
140737020481696:g_param_spec_get_default_value:1:0:1:
140737020510576:g_signal_newv:6:0:1:3,
140737020514576:g_signal_new_valist:6:0:1:3,
140737020523968:g_signal_connect_data:6:0:1:6,
140737020526368:g_signal_handlers_destroy:1:0:0:3,
140737020529744:g_signal_emit_valist:4:0:1:2,3,
140737020533856:g_signal_emit:4:0:0:2,3,
140737020551136:g_type_class_unref:1:0:1:
140737020551360:g_type_class_ref:1:0:1:
140737020552976:g_type_class_peek:1:0:1:
140737020553072:g_type_class_peek_static:1:0:1:
140737020553168:g_type_class_peek_parent:1:0:1:
140737020553408:g_type_interface_peek:2:0:1:
140737020558144:g_type_from_name:1:0:1:
140737020559120:g_type_register_static:4:0:1:4,
140737020559824:g_type_parent:1:0:1:2,
140737020559888:g_type_depth:1:0:1:
140737020560096:g_type_is_a:2:0:1:
140737020560848:g_type_interfaces:2:0:1:
140737020562128:g_type_test_flags:2:0:1:2,
140737020562512:g_type_create_instance:1:0:1:
140737020564400:g_type_fundamental:1:0:1:
140737020566832:g_type_check_instance_is_a:2:0:1:
140737020568208:g_type_check_class_is_a:2:0:1:
140737020569568:g_type_check_instance:1:0:1:2,3,4,
140737020569776:g_type_check_is_value_type:1:0:1:
140737020570208:g_type_check_value:1:0:1:4,
140737020570624:g_type_check_value_holds:2:0:1:6,
140737020571120:g_type_value_table_peek:1:0:1:3,
140737020575296:g_type_module_get_type:0:0:1:
140737020578912:g_value_init:2:0:1:
140737020579168:g_value_reset:1:0:1:
140737020579296:g_value_unset:1:0:0:
140737020579472:g_value_peek_pointer:1:0:1:
140737020579600:g_value_register_transform_func:3:0:0:
140737020580128:g_value_type_compatible:2:0:1:
140737020580304:g_value_copy:2:0:0:
140737020580512:g_value_set_instance:2:0:0:
140737020581104:g_value_transform:2:0:1:
140737017253536:g_array_append_vals:3:0:1:3,
140737017255376:g_ptr_array_new:0:0:1:
140737017255392:g_ptr_array_set_free_func:2:0:0:
140737017256064:g_ptr_array_remove_range:3:0:1:2,
140737017256384:g_ptr_array_set_size:2:0:0:2,
140737017256832:g_ptr_array_add:2:0:0:
140737017257856:g_byte_array_free:2:0:1:2,
140737017263840:g_bit_lock:2:0:0:2,
140737017264000:g_bit_unlock:2:0:0:2,
140737017264096:g_pointer_bit_lock:2:0:0:
140737017264352:g_pointer_bit_unlock:2:0:0:2,4,5,
140737017283424:g_bytes_unref:1:0:1:3,
140737017283632:g_bytes_new:2:0:1:
140737017283728:g_bytes_get_data:2:0:1:
140737017283792:g_bytes_get_size:1:0:1:
140737017283856:g_bytes_ref:1:0:1:
140737017285776:g_get_charset:1:0:1:
140737017316048:g_get_filename_charsets:1:0:1:
140737017318096:g_filename_display_name:1:0:1:
140737017322224:g_datalist_init:1:0:0:
140737017347696:g_getenv:1:0:1:4,
140737017348336:g_error_new_valist:4:0:1:1,2,
140737017349216:g_set_error:5:0:0:2,3,
140737017349440:g_set_error_literal:1:0:0:2,3,
140737017349520:g_propagate_error:2:0:0:
140737017351680:g_file_error_quark:0:0:1:
140737017351728:g_file_error_from_errno:1:0:1:1,
140737017357552:g_dgettext:2:0:1:
140737017357616:glib_gettext:1:0:1:
140737017360912:g_hash_table_new:2:0:1:
140737017361728:g_hash_table_lookup:2:0:1:
140737017362432:g_hash_table_insert:3:0:0:
140737017362448:g_hash_table_replace:3:0:0:
140737017362480:g_hash_table_contains:2:0:1:
140737017362784:g_hash_table_remove:2:0:1:
140737017362816:g_hash_table_remove_all:1:0:0:
140737017362944:g_hash_table_destroy:1:0:0:
140737017363840:g_hash_table_size:1:0:1:
140737017392480:g_key_file_error_quark:0:0:1:
140737017397984:g_key_file_get_value:4:0:1:
140737017398304:g_key_file_set_value:4:0:0:
140737017398592:g_key_file_get_string:4:0:1:
140737017413040:g_list_free_1:1:0:1:2,
140737017413056:g_list_prepend:2:0:1:5,
140737017413744:g_list_remove_link:2:0:1:
140737017414400:g_list_nth:2:0:1:
140737017414848:g_list_last:1:0:1:
140737017414880:g_list_append:2:0:1:
140737017419664:g_main_context_ref:1:0:1:
140737017420592:g_main_context_default:0:0:1:4,
140737017420672:g_main_context_get_thread_default:0:0:1:4,
140737017420784:g_source_new:2:0:1:2,
140737017420960:g_source_attach:2:0:1:
140737017421136:g_source_destroy:1:0:0:
140737017422224:g_source_set_callback:4:0:1:
140737017422528:g_source_set_priority:2:0:0:2,
140737017424080:g_source_unref:1:0:0:
140737017424128:g_main_context_find_source_by_id:2:0:1:2,
140737017425760:g_get_current_time:1:0:0:
140737017425888:g_get_monotonic_time:0:0:1:
140737017426064:g_main_context_acquire:1:0:1:
140737017426400:g_main_context_release:1:0:0:
140737017427248:g_main_context_prepare:2:0:1:
140737017428064:g_main_context_query:5:0:1:2,5,
140737017428240:g_main_context_check:4:0:1:2,4,
140737017428912:g_main_context_dispatch:1:0:1:3,
140737017432480:g_timeout_source_new:1:0:1:1,
140737017433056:g_idle_source_new:0:0:1:
140737017452032:g_malloc:1:0:1:
140737017452112:g_malloc0:1:0:1:
140737017452192:g_realloc:2:0:1:
140737017452288:g_free:1:0:0:2,4,
140737017452512:g_malloc_n:2:0:1:
140737017452608:g_malloc0_n:2:0:1:
140737017452704:g_realloc_n:3:0:1:
140737017452944:g_mem_is_system_malloc:0:0:1:
140737017492768:g_quark_to_string:1:0:1:1,
140737017492816:g_intern_string:1:0:1:
140737017495376:g_queue_pop_head:1:0:1:
140737017496912:g_queue_peek_head:1:0:1:2,
140737017541104:g_slice_alloc:1:0:1:2,
140737017542496:g_slice_alloc0:1:0:1:2,
140737017542608:g_slice_free1:2:0:0:
140737017544624:g_slist_alloc:0:0:1:
140737017544640:g_slist_free:1:0:0:
140737017544672:g_slist_free_1:1:0:0:
140737017544688:g_slist_prepend:2:0:1:
140737017544976:g_slist_remove:2:0:1:
140737017545168:g_slist_remove_link:2:0:1:
140737017545744:g_slist_find:2:0:1:
140737017546032:g_slist_last:1:0:1:
140737017546288:g_slist_concat:2:0:1:
140737017546384:g_slist_foreach:3:0:0:
140737017546448:g_slist_free_full:2:0:0:
140737017547504:g_strdup:1:0:1:
140737017547584:g_memdup:2:0:1:2,
140737017547648:g_strndup:2:0:1:
140737017547760:g_stpcpy:8:6:1:
140737017547872:g_strdup_vprintf:2:0:1:
140737017547920:g_strdup_printf:4:0:1:
140737017548384:g_ascii_strtod:2:0:0:
140737017548480:g_strtod:2:0:1:
140737017548832:g_ascii_strtoull:3:0:1:3,
140737017548928:g_strerror:1:0:1:1,
140737017550096:g_ascii_tolower:1:0:1:
140737017550544:g_ascii_strcasecmp:2:0:1:
140737017552560:g_strchug:1:0:1:
140737017552704:g_strchomp:1:0:1:
140737017554880:g_strstr_len:3:0:1:
140737017555120:g_strrstr:2:0:1:
140737017556912:g_string_sized_new:1:0:1:
140737017557008:g_string_free:2:0:1:2,
140737017558112:g_string_append:2:0:1:
140737017558384:g_string_append_len:3:0:1:
140737017558496:g_string_new:1:0:1:
140737017558992:g_string_insert_c:3:0:1:3,
140737017561072:g_string_erase:3:0:1:
140737017561872:g_string_append_vprintf:3:0:0:
140737017562288:g_string_append_printf:4:0:0:
140737017582480:g_thread_self:0:0:1:5,
140737017607088:g_unichar_isalnum:1:0:1:1,
140737017614320:g_utf8_find_next_char:2:0:1:
140737017614768:g_utf8_get_char:1:0:1:
140737017615440:g_unichar_to_utf8:2:0:1:1,
140737017615680:g_utf8_strchr:3:0:1:3,
140737017615872:g_utf8_get_char_validated:2:0:1:
140737017620144:g_utf8_validate:3:0:1:
140737017634128:g_variant_new_byte:1:0:1:1,
140737017636224:g_variant_get_type:1:0:1:
140737017636704:g_variant_is_of_type:2:0:1:
140737017636816:g_variant_get_byte:1:0:1:
140737017637968:g_variant_get_variant:1:0:1:
140737017639568:g_variant_is_container:1:0:1:
140737017639968:g_variant_get_string:2:0:1:
140737017647440:g_variant_builder_clear:1:0:0:
140737017647824:g_variant_builder_init:2:0:0:
140737017648624:g_variant_builder_add_value:2:0:0:
140737017649216:g_variant_builder_end:1:0:1:
140737017652256:g_variant_format_string_scan:3:0:1:
140737017655296:g_variant_format_string_scan_type:3:0:1:
140737017656976:g_variant_new_va:3:0:1:
140737017657680:g_variant_get_va:4:0:0:
140737017661568:g_variant_new_from_bytes:3:0:1:3,
140737017661888:g_variant_unref:1:0:0:
140737017662480:g_variant_ref:1:0:1:
140737017662592:g_variant_ref_sink:1:0:1:
140737017662944:g_variant_get_size:1:0:1:
140737017663008:g_variant_get_data:1:0:1:
140737017663200:g_variant_n_children:1:0:1:
140737017663296:g_variant_get_child_value:2:0:1:
140737017679728:g_variant_serialised_n_children:0:0:1:
140737017680224:g_variant_serialised_get_child:2:0:1:
140737017682496:g_variant_serialiser_serialise:3:0:1:
140737017683936:g_variant_serialiser_needed_size:4:0:1:
140737017685440:g_variant_serialiser_is_string:2:0:1:
140737017688800:g_variant_type_info_get_type_string:1:0:1:
140737017688864:g_variant_type_info_query:3:0:0:
140737017688960:g_variant_type_info_query_element:3:0:0:
140737017689008:g_variant_type_info_n_members:1:0:1:
140737017689040:g_variant_type_info_member_info:2:0:1:
140737017689104:g_variant_type_info_ref:1:0:1:
140737017689232:g_variant_type_info_get:1:0:1:
140737017690304:g_variant_type_info_unref:1:0:1:
140737017690720:g_variant_type_string_scan:3:0:1:
140737017691104:g_variant_type_string_is_valid:1:0:1:
140737017691200:g_variant_type_free:1:0:0:
140737017691216:g_variant_type_get_string_length:1:0:1:
140737017691328:g_variant_type_copy:1:0:1:
140737017691440:g_variant_type_peek_string:1:0:1:
140737017691504:g_variant_type_dup_string:1:0:1:
140737017691600:g_variant_type_is_definite:1:0:1:
140737017691760:g_variant_type_is_container:1:0:1:
140737017691872:g_variant_type_is_basic:1:0:1:
140737017691984:g_variant_type_is_maybe:1:0:1:
140737017692064:g_variant_type_is_array:1:0:1:
140737017692144:g_variant_type_is_tuple:1:0:1:
140737017692240:g_variant_type_is_dict_entry:1:0:1:
140737017692992:g_variant_type_element:1:0:1:
140737017693120:g_variant_type_first:1:0:1:
140737017693264:g_variant_type_next:1:0:1:
140737017693376:g_variant_type_n_items:1:0:1:
140737017693456:g_variant_type_key:1:0:1:
140737017694544:g_variant_type_new_dict_entry:2:0:1:
140737017694768:g_variant_type_checked_:1:0:1:
140737017696480:g_vasprintf:3:0:1:
140737017698672:g_mutex_lock:0:0:0:2,
140737017698720:g_mutex_unlock:0:0:0:5,
140737017698768:g_mutex_trylock:0:0:1:
140737017698880:g_rec_mutex_lock:1:0:1:
140737017698928:g_rec_mutex_unlock:1:0:1:
140737017699408:g_cond_broadcast:0:0:0:
140737017699616:g_private_get:0:0:1:2,5,
140736987934688:webkit_web_frame_get_type:0:0:1:
140736987974048:webkit_web_settings_get_type:0:0:1:
140736987982144:webkit_web_view_get_type:0:0:1:
140736977202432:gtk_accel_group_get_type:0:0:1:
140736977203472:gtk_accel_group_find:3:0:1:
140736977204144:gtk_accel_group_from_accel_closure:1:0:1:
140736977204704:gtk_accelerator_parse:3:0:0:
140736977206192:gtk_accelerator_name:2:0:1:2,
140736977207760:gtk_accel_group_connect_by_path:3:0:0:
140736977209552:gtk_accelerator_get_default_mod_mask:0:0:1:
140736977210512:gtk_accel_label_get_type:0:0:1:
140736977210992:gtk_accel_label_set_accel_closure:2:0:0:
140736977211520:gtk_accel_label_set_accel_widget:2:0:0:
140736977215312:gtk_accel_map_lookup_entry:2:0:1:
140736977215600:gtk_accel_map_add_entry:3:0:0:2,3,
140736977218640:gtk_accel_map_save_fd:1:0:0:1,
140736977223472:gtk_action_get_type:0:0:1:
140736977224176:gtk_action_block_activate:1:0:0:
140736977224272:gtk_action_unblock_activate:1:0:0:
140736977224560:gtk_action_create_menu_item:1:0:1:
140736977225808:gtk_action_get_name:1:0:1:
140736977225904:gtk_action_is_sensitive:1:0:1:
140736977226480:gtk_action_is_visible:1:0:1:
140736977227520:gtk_action_get_always_show_image:1:0:1:
140736977227616:gtk_action_get_label:1:0:1:
140736977227712:gtk_action_set_short_label:2:0:0:
140736977229456:gtk_action_get_stock_id:1:0:1:
140736977231136:gtk_action_set_accel_path:2:0:0:
140736977231248:gtk_action_get_accel_path:1:0:1:
140736977231360:gtk_action_get_accel_closure:1:0:1:
140736977231456:gtk_action_set_accel_group:2:0:0:
140736977231632:gtk_action_connect_accelerator:1:0:0:
140736977231792:gtk_action_disconnect_accelerator:1:0:1:
140736977233552:gtk_action_group_get_type:0:0:1:
140736977234704:gtk_action_group_get_sensitive:1:0:1:
140736977234992:gtk_action_group_get_visible:1:0:1:
140736977235552:gtk_action_group_get_action:2:0:1:
140736977235808:gtk_action_group_add_action:2:0:0:
140736977239168:gtk_activatable_get_type:0:0:1:
140736977239472:gtk_activatable_sync_action_properties:2:0:0:
140736977239680:gtk_activatable_set_related_action:2:0:0:
140736977239856:gtk_activatable_get_related_action:1:0:1:
140736977240000:gtk_activatable_do_set_related_action:2:0:0:
140736977240352:gtk_activatable_set_use_action_appearance:2:0:0:2,
140736977240384:gtk_activatable_get_use_action_appearance:0:0:1:
140736977241648:gtk_adjustment_get_type:0:0:1:
140736977245632:gtk_alignment_get_type:0:0:1:
140736977274032:gtk_bin_get_type:0:0:1:
140736977279904:gtk_binding_entry_add_signal:6:0:0:2,3,
140736977284560:gtk_box_get_type:0:0:1:
140736977287872:gtk_box_pack_start:5:0:0:3,4,5,
140736977316480:gtk_button_get_type:0:0:1:
140736977319600:gtk_button_set_relief:2:0:0:2,
140736977406256:gtk_check_menu_item_get_type:0:0:1:
140736977478256:gtk_container_get_type:0:0:1:
140736977487328:gtk_container_add:2:0:0:
140736977487792:gtk_container_remove:2:0:0:
140736977489712:gtk_container_forall:3:0:1:
140736977490304:gtk_container_foreach:3:0:0:
140736977491216:gtk_container_get_children:1:0:1:
140736977504160:gtk_editable_get_type:0:0:1:
140736977518000:gtk_entry_get_type:0:0:1:
140736977563936:gtk_entry_buffer_get_type:0:0:1:
140736977564816:gtk_entry_buffer_get_length:1:0:1:
140736977743952:gtk_gc_get:4:0:1:1,4,
140736977744160:gtk_gc_release:1:0:0:
140736977752976:gtk_hbox_get_type:0:0:1:
140736977753120:gtk_hbox_new:2:0:1:1,2,
140736977772992:gtk_icon_source_copy:1:0:1:
140736977773744:gtk_icon_set_ref:1:0:1:
140736977774240:gtk_icon_set_unref:1:0:0:
140736977774480:gtk_icon_factory_get_type:0:0:1:
140736977774704:gtk_icon_factory_add:3:0:0:
140736977775024:gtk_icon_factory_lookup:2:0:1:
140736977778128:gtk_icon_set_new:0:0:1:
140736977778576:gtk_icon_set_add_source:2:0:0:
140736977781280:gtk_icon_factory_lookup_default:1:0:1:
140736977793232:gtk_icon_theme_get_type:0:0:1:
140736977861728:gtk_image_get_type:0:0:1:
140736977867888:gtk_image_new:0:0:1:
140736977868032:gtk_image_clear:1:0:0:
140736977869072:gtk_image_set_from_pixbuf:2:0:1:
140736977869392:gtk_image_set_from_stock:3:0:1:3,
140736977869568:gtk_image_new_from_stock:2:0:1:2,
140736977874560:gtk_image_menu_item_get_type:0:0:1:
140736977876384:gtk_image_menu_item_set_image:2:0:0:
140736977877296:gtk_image_menu_item_get_image:1:0:1:
140736977879488:gtk_im_context_get_type:0:0:1:
140736977923104:gtk_label_get_type:0:0:1:
140736977928304:gtk_label_set_mnemonic_widget:2:0:0:
140736977929664:gtk_label_set_label:2:0:1:
140736977929936:gtk_label_set_markup:2:0:1:
140736977942976:gtk_label_set_use_underline:2:0:0:2,
140736977975328:gtk_grab_remove:1:0:0:
140736977977008:gtk_get_event_widget:1:0:1:
140736977977088:gtk_propagate_event:2:0:0:
140736978001344:gtk_menu_get_type:0:0:1:
140736978038832:gtk_menu_item_get_type:0:0:1:
140736978043072:gtk_menu_item_get_submenu:1:0:1:
140736978045824:gtk_menu_item_set_accel_path:2:0:1:
140736978046800:gtk_menu_item_set_use_underline:2:0:0:2,
140736978050560:gtk_menu_shell_get_type:0:0:1:
140736978051696:gtk_menu_shell_insert:3:0:0:3,
140736978068928:gtk_misc_get_type:0:0:1:
140736978069072:gtk_misc_set_alignment:3:2:1:
140736978090080:gtk_notebook_get_type:0:0:1:
140736978134240:gtk_object_get_type:0:0:1:
140736978140288:gtk_orientable_get_type:0:0:1:
140736978140448:gtk_orientable_set_orientation:2:0:0:2,
140736978213264:gtk_radio_action_get_type:0:0:1:
140736978240448:gtk_range_get_type:0:0:1:
140736978241440:gtk_range_get_adjustment:1:0:1:
140736978263520:gtk_rc_style_get_type:0:0:1:
140736978268512:gtk_rc_style_new:0:0:1:
140736978270208:gtk_rc_parse_state:2:0:1:
140736978270848:gtk_rc_parse_color_full:3:0:1:
140736978283568:gtk_rc_get_style:1:0:1:
140736978364032:gtk_scrolled_window_get_type:0:0:1:
140736978373568:gtk_target_list_add:4:0:0:3,4,
140736978377104:gtk_selection_remove_all:1:0:0:
140736978389776:gtk_separator_menu_item_get_type:0:0:1:
140736978390480:gtk_separator_tool_item_get_type:0:0:1:
140736978396880:gtk_settings_get_type:0:0:1:
140736978397024:gtk_settings_get_for_screen:1:0:1:
140736978473344:gtk_border_free:1:0:0:
140736978479248:gtk_style_get_type:0:0:1:
140736978482672:gtk_style_attach:2:0:1:
140736978483248:gtk_style_detach:1:0:1:
140736978512864:gtk_border_get_type:0:0:1:
140736978527104:gtk_tearoff_menu_item_get_type:0:0:1:
140736978753888:gtk_toggle_action_get_type:0:0:1:
140736978763184:gtk_toolbar_get_type:0:0:1:
140736978790912:gtk_tool_button_get_type:0:0:1:
140736978796976:gtk_tool_item_get_type:0:0:1:
140736978797424:gtk_tool_item_get_icon_size:1:0:1:
140736978797712:gtk_tool_item_get_toolbar_style:1:0:1:
140736978797856:gtk_tool_item_get_relief_style:1:0:1:
140736978798000:gtk_tool_item_get_text_alignment:1:0:0:
140736978798160:gtk_tool_item_get_text_orientation:1:0:1:
140736978798304:gtk_tool_item_get_text_size_group:1:0:1:
140736978798896:gtk_tool_item_get_homogeneous:1:0:1:
140736978798992:gtk_tool_item_get_is_important:1:0:1:
140736978800192:gtk_tool_item_get_visible_horizontal:1:0:1:
140736978801344:gtk_tool_item_rebuild_menu:1:0:0:
140736978829712:gtk_tool_shell_get_type:0:0:1:
140736978833232:gtk_tooltip_get_type:0:0:1:
140736978833376:gtk_tooltip_set_markup:2:0:1:
140736978833664:gtk_tooltip_set_icon:2:0:0:
140736978834304:gtk_tooltip_set_custom:2:0:0:
140736978834752:gtk_tooltip_set_tip_area:2:0:0:
140736978944432:gtk_tree_view_get_type:0:0:1:
140736979029424:gtk_tree_view_column_get_type:0:0:1:
140736979077584:gtk_viewport_get_type:0:0:1:
140736979087680:gtk_widget_get_type:0:0:1:
140736979087968:gtk_widget_freeze_child_notify:1:0:1:
140736979088288:gtk_widget_child_notify:2:0:0:
140736979090448:gtk_widget_destroy:1:0:1:
140736979090656:gtk_widget_size_request:2:0:0:
140736979090768:gtk_widget_get_child_requisition:2:0:0:
140736979091456:gtk_widget_list_accel_closures:1:0:1:
140736979092048:gtk_widget_set_accel_path:3:0:0:
140736979093280:gtk_widget_get_can_focus:1:0:1:
140736979093376:gtk_widget_has_focus:1:0:1:
140736979093696:gtk_widget_get_receives_default:1:0:1:
140736979093952:gtk_widget_has_grab:1:0:1:
140736979094080:gtk_widget_get_name:1:0:1:
140736979094192:gtk_widget_get_state:1:0:1:
140736979094288:gtk_widget_get_visible:1:0:1:
140736979094384:gtk_widget_set_has_window:2:0:0:2,
140736979094512:gtk_widget_get_has_window:1:0:1:
140736979095264:gtk_widget_is_toplevel:1:0:1:
140736979095632:gtk_widget_get_realized:1:0:1:
140736979096000:gtk_widget_translate_coordinates:6:0:1:3,4,
140736979097808:gtk_widget_event:2:0:1:
140736979098048:gtk_widget_send_expose:2:0:1:
140736979098320:gtk_widget_set_realized:2:0:0:2,
140736979098448:gtk_widget_get_mapped:1:0:1:
140736979098768:gtk_widget_queue_draw_area:5:0:0:2,3,4,5,
140736979099296:gtk_widget_is_drawable:1:0:1:
140736979099408:gtk_widget_set_mapped:2:0:0:2,
140736979100016:gtk_widget_get_double_buffered:1:0:1:
140736979100112:gtk_widget_set_double_buffered:2:0:0:2,
140736979100704:gtk_widget_set_redraw_on_allocate:2:0:0:2,
140736979100832:gtk_widget_get_sensitive:1:0:1:
140736979100928:gtk_widget_is_sensitive:1:0:1:
140736979101424:gtk_widget_get_parent:1:0:1:
140736979101664:gtk_widget_has_rc_style:1:0:1:
140736979102016:gtk_widget_get_default_style:0:0:1:
140736979102352:gtk_widget_set_parent_window:2:0:0:
140736979102512:gtk_widget_get_parent_window:1:0:1:
140736979104608:gtk_widget_get_toplevel:1:0:1:
140736979105136:gtk_widget_is_focus:1:0:1:
140736979105728:gtk_widget_get_screen:1:0:1:
140736979106240:gtk_widget_get_display:1:0:1:
140736979106576:gtk_widget_has_screen:1:0:1:
140736979106688:gtk_widget_get_ancestor:2:0:1:
140736979107136:gtk_widget_get_settings:1:0:1:
140736979107936:gtk_widget_get_extension_events:1:0:1:
140736979109088:gtk_widget_get_direction:1:0:1:
140736979109696:gtk_widget_get_pango_context:1:0:1:
140736979112912:gtk_widget_size_allocate:2:0:0:
140736979114880:gtk_widget_unparent:1:0:0:
140736979116736:gtk_widget_class_install_style_property:2:0:0:
140736979117456:gtk_widget_style_get_valist:3:0:0:
140736979118176:gtk_widget_style_get:6:0:0:
140736979118816:gtk_widget_queue_resize:1:0:0:
140736979119424:gtk_widget_show:1:0:1:
140736979119824:gtk_widget_hide:1:0:1:
140736979120416:gtk_widget_set_can_focus:2:0:0:2,
140736979121248:gtk_widget_set_name:2:0:0:
140736979121424:gtk_widget_ensure_style:1:0:1:
140736979121536:gtk_widget_realize:1:0:0:
140736979125680:gtk_widget_reset_rc_styles:1:0:0:
140736979125968:gtk_widget_set_parent:2:0:0:
140736979126688:gtk_widget_queue_draw:1:0:0:
140736979127296:gtk_widget_set_sensitive:2:0:0:2,
140736979127856:gtk_widget_region_intersect:2:0:1:
140736979128048:gtk_widget_path:4:0:1:
140736979128448:gtk_widget_class_path:4:0:1:
140736979128848:gtk_requisition_get_type:0:0:1:
140736979141984:gtk_widget_get_no_show_all:1:0:1:
140736979158096:gtk_window_get_type:0:0:1:
140736979188000:gtk_window_get_mnemonics_visible:1:0:1:
