140737351952752:_dl_debug_state:0:0:
140737351932256::1:0:
140737351990432::1:0:
140737351932576::6:0:3,5,
140737351887536::2:0:
140737351994352::3:0:
140737351932432::2:0:
140737351990384::2:0:
140737351887504::1:0:3,
140737351992064::3:0:4,
140737351988528::0:0:
140737351993792::3:0:5,
140737351988816::4:0:
140737351993776::3:0:2,
140737351989840::2:0:
140737351887568::1:0:
140737351952768::2:0:
140737351950208::5:0:
140737351989104::1:0:
140737351920752::6:0:4,5,
140737351954880::2:0:
140737351918880::2:0:
140737351909408::6:0:3,
140737351908128::5:0:
140737351988432::0:0:
140737351988464::0:0:2,5,
140737351910912::6:0:2,6,
140737351988304::3:0:1,2,
140737351988896::0:0:
140737351988784::0:0:
140737351978304::1:0:
140737351978064::2:0:
140737351993376::3:0:
140737351995024::3:0:
140737351994704::3:0:
140737351956032::3:0:2,3,
140737351955104::6:0:3,6,
140737351934160::4:0:3,4,
140737351927904::6:0:6,
140737351925488::6:0:
140737351925104::1:0:
140737351949648::4:0:1,
140737351947360::2:0:2,
140737016808160:g_closure_new_simple:2:0:
140737016808320:g_closure_set_meta_marshal:3:0:5,
140737016808544:g_closure_add_marshal_guards:5:0:
140737016809792:g_closure_add_invalidate_notifier:3:0:4,
140737016810128:g_closure_ref:1:0:4,
140737016810400:g_closure_unref:1:0:
140737016810768:g_closure_invalidate:1:0:
140737016811152:g_closure_sink:1:0:
140737016811312:g_closure_remove_invalidate_notifier:3:0:
140737016812160:g_closure_invoke:5:0:3,
140737016813168:g_closure_set_marshal:2:0:5,
140737016813424:g_cclosure_new:3:0:
140737016813552:g_cclosure_new_swap:3:0:
140737016813824:g_signal_type_cclosure_new:2:0:2,
140737016819232:g_enum_get_value:2:0:2,
140737016830560:g_object_ref:1:0:4,
140737016830992:g_object_unref:1:0:
140737016839904:g_object_newv:3:0:
140737016840560:g_object_new_valist:3:0:
140737016842448:g_object_set_valist:3:0:
140737016844000:g_object_get_valist:3:0:
140737016850176:g_object_get_qdata:2:0:2,
140737016854288:g_object_watch_closure:2:0:
140737016857136:g_param_spec_ref:1:0:
140737016857968:g_param_spec_ref_sink:1:0:
140737016858192:g_param_spec_internal:5:0:5,
140737016859248:g_param_spec_get_redirect_target:1:0:
140737016859680:g_param_value_set_default:2:0:
140737016860192:g_param_value_validate:2:0:
140737016861456:g_param_spec_pool_insert:3:0:
140737016861920:g_param_spec_pool_lookup:4:0:
140737016863088:g_param_spec_pool_list:3:0:
140737016864928:g_param_spec_get_default_value:1:0:
140737016893808:g_signal_newv:6:0:3,
140737016897808:g_signal_new_valist:6:0:3,
140737016907200:g_signal_connect_data:6:0:6,
140737016909600:g_signal_handlers_destroy:1:0:
140737016912976:g_signal_emit_valist:4:0:
140737016917088:g_signal_emit:6:0:
140737016934368:g_type_class_unref:1:0:2,
140737016934592:g_type_class_ref:1:0:6,
140737016936208:g_type_class_peek:1:0:
140737016936304:g_type_class_peek_static:1:0:
140737016936400:g_type_class_peek_parent:1:0:3,
140737016936640:g_type_interface_peek:2:0:
140737016941376:g_type_from_name:1:0:
140737016942352:g_type_register_static:4:0:4,
140737016943056:g_type_parent:1:0:
140737016943120:g_type_depth:1:0:
140737016943328:g_type_is_a:2:0:
140737016944080:g_type_interfaces:2:0:
140737016945360:g_type_test_flags:2:0:2,
140737016945744:g_type_create_instance:1:0:
140737016947632:g_type_fundamental:1:0:
140737016950064:g_type_check_instance_is_a:2:0:
140737016951440:g_type_check_class_is_a:2:0:
140737016952800:g_type_check_instance:1:0:
140737016953008:g_type_check_is_value_type:1:0:
140737016953440:g_type_check_value:1:0:
140737016953856:g_type_check_value_holds:2:0:3,
140737016954352:g_type_value_table_peek:1:0:
140737016958528:g_type_module_get_type:0:0:
140737016962144:g_value_init:2:0:
140737016962400:g_value_reset:1:0:
140737016962528:g_value_unset:1:0:
140737016962704:g_value_peek_pointer:1:0:
140737016962832:g_value_register_transform_func:3:0:
140737016963360:g_value_type_compatible:2:0:
140737016963536:g_value_copy:2:0:
140737016963744:g_value_set_instance:2:0:
140737016964336:g_value_transform:2:0:
140737013636768:g_array_append_vals:3:0:3,
140737013638608:g_ptr_array_new:0:0:
140737013638624:g_ptr_array_set_free_func:2:0:
140737013639296:g_ptr_array_remove_range:3:0:2,
140737013639616:g_ptr_array_set_size:2:0:3,
140737013640064:g_ptr_array_add:2:0:
140737013641088:g_byte_array_free:2:0:2,
140737013647072:g_bit_lock:2:0:
140737013647232:g_bit_unlock:2:0:
140737013647328:g_pointer_bit_lock:2:0:
140737013647584:g_pointer_bit_unlock:2:0:
140737013666656:g_bytes_unref:1:0:
140737013666864:g_bytes_new:2:0:6,
140737013666960:g_bytes_get_data:2:0:5,
140737013667024:g_bytes_get_size:1:0:5,
140737013667088:g_bytes_ref:1:0:
140737013669008:g_get_charset:1:0:
140737013699280:g_get_filename_charsets:1:0:
140737013701328:g_filename_display_name:1:0:
140737013705456:g_datalist_init:1:0:
140737013730928:g_getenv:1:0:
140737013731568:g_error_new_valist:4:0:1,2,
140737013732448:g_set_error:6:0:2,3,
140737013732672:g_set_error_literal:1:0:2,3,
140737013732752:g_propagate_error:2:0:
140737013734912:g_file_error_quark:0:0:
140737013734960:g_file_error_from_errno:1:0:1,
140737013740784:g_dgettext:2:0:
140737013740848:glib_gettext:1:0:
140737013744144:g_hash_table_new:2:0:
140737013744960:g_hash_table_lookup:2:0:
140737013745664:g_hash_table_insert:3:0:5,
140737013745680:g_hash_table_replace:3:0:
140737013745712:g_hash_table_contains:2:0:3,
140737013746016:g_hash_table_remove:2:0:4,
140737013746048:g_hash_table_remove_all:1:0:
140737013746176:g_hash_table_destroy:1:0:
140737013747072:g_hash_table_size:1:0:3,
140737013775712:g_key_file_error_quark:0:0:
140737013781216:g_key_file_get_value:4:0:
140737013781536:g_key_file_set_value:4:0:
140737013781824:g_key_file_get_string:4:0:
140737013796272:g_list_free_1:1:0:
140737013796288:g_list_prepend:2:0:3,
140737013796976:g_list_remove_link:2:0:
140737013797632:g_list_nth:2:0:
140737013798080:g_list_last:1:0:
140737013798112:g_list_append:2:0:
140737013802896:g_main_context_ref:1:0:
140737013803824:g_main_context_default:0:0:
140737013803904:g_main_context_get_thread_default:0:0:
140737013804016:g_source_new:2:0:
140737013805760:g_source_set_priority:4:0:5,
140737013808992:g_get_current_time:1:0:
140737013809120:g_get_monotonic_time:0:0:
140737013809296:g_main_context_acquire:1:0:4,
140737013809632:g_main_context_release:1:0:
140737013810480:g_main_context_prepare:2:0:
140737013811296:g_main_context_query:5:0:5,
140737013811472:g_main_context_check:4:0:
140737013812144:g_main_context_dispatch:1:0:
140737013835264:g_malloc:1:0:
140737013835344:g_malloc0:1:0:
140737013835424:g_realloc:2:0:
140737013835520:g_free:1:0:
140737013835744:g_malloc_n:2:0:
140737013835840:g_malloc0_n:2:0:5,
140737013835936:g_realloc_n:3:0:
140737013836176:g_mem_is_system_malloc:0:0:
140737013876000:g_quark_to_string:1:0:1,
140737013876048:g_intern_string:1:0:
140737013878608:g_queue_pop_head:1:0:
140737013880144:g_queue_peek_head:1:0:3,4,
140737013924336:g_slice_alloc:1:0:6,
140737013925728:g_slice_alloc0:1:0:
140737013925840:g_slice_free1:2:0:
140737013927856:g_slist_alloc:0:0:
140737013927872:g_slist_free:1:0:2,4,6,
140737013927904:g_slist_free_1:1:0:
140737013927920:g_slist_prepend:2:0:
140737013928208:g_slist_remove:2:0:
140737013928400:g_slist_remove_link:2:0:
140737013928976:g_slist_find:2:0:
140737013929264:g_slist_last:1:0:
140737013929520:g_slist_concat:2:0:
140737013929616:g_slist_foreach:3:0:
140737013929680:g_slist_free_full:2:0:
140737013930736:g_strdup:1:0:
140737013930816:g_memdup:2:0:6,
140737013930880:g_strndup:2:0:
140737013930992:g_stpcpy:2:0:4,
140737013931104:g_strdup_vprintf:2:0:
140737013931152:g_strdup_printf:6:0:
140737013931616:g_ascii_strtod:2:0:
140737013931712:g_strtod:2:0:
140737013932064:g_ascii_strtoull:3:0:3,
140737013932160:g_strerror:1:0:1,
140737013933328:g_ascii_tolower:1:0:
140737013933776:g_ascii_strcasecmp:2:0:
140737013935792:g_strchug:1:0:
140737013935936:g_strchomp:1:0:
140737013938112:g_strstr_len:3:0:
140737013938352:g_strrstr:2:0:
140737013940144:g_string_sized_new:1:0:
140737013940240:g_string_free:2:0:2,
140737013941344:g_string_append:2:0:
140737013941616:g_string_append_len:3:0:
140737013941728:g_string_new:1:0:
140737013942224:g_string_insert_c:3:0:3,
140737013944304:g_string_erase:3:0:
140737013945104:g_string_append_vprintf:3:0:
140737013945520:g_string_append_printf:6:0:
140737013965712:g_thread_self:0:0:
140737013990320:g_unichar_isalnum:1:0:1,
140737013997552:g_utf8_find_next_char:2:0:
140737013998000:g_utf8_get_char:1:0:
140737013998672:g_unichar_to_utf8:2:0:1,
140737013998912:g_utf8_strchr:3:0:3,
140737013999104:g_utf8_get_char_validated:2:0:
140737014003376:g_utf8_validate:3:0:
140737014017360:g_variant_new_byte:1:0:
140737014019456:g_variant_get_type:1:0:4,
140737014019936:g_variant_is_of_type:2:0:4,
140737014020048:g_variant_get_byte:1:0:4,
140737014021200:g_variant_get_variant:1:0:
140737014022800:g_variant_is_container:1:0:
140737014023200:g_variant_get_string:2:0:
140737014030672:g_variant_builder_clear:1:0:6,
140737014031056:g_variant_builder_init:2:0:
140737014031856:g_variant_builder_add_value:2:0:
140737014032448:g_variant_builder_end:1:0:
140737014035488:g_variant_format_string_scan:3:0:
140737014038528:g_variant_format_string_scan_type:3:0:
140737014040208:g_variant_new_va:3:0:5,
140737014040912:g_variant_get_va:4:0:
140737014044800:g_variant_new_from_bytes:3:0:4,6,
140737014045120:g_variant_unref:1:0:
140737014045712:g_variant_ref:1:0:
140737014045824:g_variant_ref_sink:1:0:2,5,
140737014046176:g_variant_get_size:1:0:
140737014046240:g_variant_get_data:1:0:3,5,
140737014046432:g_variant_n_children:1:0:
140737014046528:g_variant_get_child_value:2:0:3,
140737014062960:g_variant_serialised_n_children:0:0:
140737014063456:g_variant_serialised_get_child:2:0:
140737014065728:g_variant_serialiser_serialise:3:0:
140737014067168:g_variant_serialiser_needed_size:4:0:
140737014068672:g_variant_serialiser_is_string:2:0:
140737014072032:g_variant_type_info_get_type_string:1:0:
140737014072096:g_variant_type_info_query:3:0:6,
140737014072192:g_variant_type_info_query_element:3:0:
140737014072240:g_variant_type_info_n_members:1:0:
140737014072272:g_variant_type_info_member_info:2:0:
140737014072336:g_variant_type_info_ref:1:0:4,
140737014072464:g_variant_type_info_get:1:0:
140737014073536:g_variant_type_info_unref:1:0:2,
140737014073952:g_variant_type_string_scan:3:0:
140737014074336:g_variant_type_string_is_valid:1:0:
140737014074432:g_variant_type_free:1:0:
140737014074448:g_variant_type_get_string_length:1:0:
140737014074560:g_variant_type_copy:1:0:
140737014074672:g_variant_type_peek_string:1:0:
140737014074736:g_variant_type_dup_string:1:0:3,4,5,
140737014074832:g_variant_type_is_definite:1:0:
140737014074992:g_variant_type_is_container:1:0:
140737014075104:g_variant_type_is_basic:1:0:2,
140737014075216:g_variant_type_is_maybe:1:0:4,
140737014075296:g_variant_type_is_array:1:0:
140737014075376:g_variant_type_is_tuple:1:0:3,
140737014075472:g_variant_type_is_dict_entry:1:0:
140737014076224:g_variant_type_element:1:0:
140737014076352:g_variant_type_first:1:0:
140737014076496:g_variant_type_next:1:0:4,
140737014076608:g_variant_type_n_items:1:0:
140737014076688:g_variant_type_key:1:0:
140737014077776:g_variant_type_new_dict_entry:2:0:
140737014078000:g_variant_type_checked_:1:0:
140737014079712:g_vasprintf:3:0:
140737014081904:g_mutex_lock:1:0:
140737014081952:g_mutex_unlock:1:0:
140737014082000:g_mutex_trylock:1:0:2,
140737014082112:g_rec_mutex_lock:1:0:2,
140737014082160:g_rec_mutex_unlock:1:0:
140737014082640:g_cond_broadcast:1:0:3,
140737014082848:g_private_get:1:0:
140736984361376:webkit_web_settings_get_type:0:0:
140736984369472:webkit_web_view_get_type:0:0:
140736973577472:gtk_accel_group_get_type:0:0:
140736973578512:gtk_accel_group_find:3:0:
140736973579184:gtk_accel_group_from_accel_closure:1:0:
140736973579744:gtk_accelerator_parse:3:0:
140736973581232:gtk_accelerator_name:2:0:1,2,
140736973582800:gtk_accel_group_connect_by_path:3:0:
140736973584592:gtk_accelerator_get_default_mod_mask:0:0:
140736973585552:gtk_accel_label_get_type:0:0:
140736973586032:gtk_accel_label_set_accel_closure:2:0:
140736973586560:gtk_accel_label_set_accel_widget:2:0:
140736973590352:gtk_accel_map_lookup_entry:2:0:
140736973590640:gtk_accel_map_add_entry:3:0:2,3,
140736973593680:gtk_accel_map_save_fd:1:0:1,
140736973598512:gtk_action_get_type:0:0:
140736973599216:gtk_action_block_activate:1:0:
140736973599312:gtk_action_unblock_activate:1:0:
140736973599600:gtk_action_create_menu_item:1:0:
140736973600848:gtk_action_get_name:1:0:
140736973600944:gtk_action_is_sensitive:1:0:
140736973601520:gtk_action_is_visible:1:0:
140736973602560:gtk_action_get_always_show_image:1:0:
140736973602656:gtk_action_get_label:1:0:
140736973602752:gtk_action_set_short_label:2:0:
140736973604496:gtk_action_get_stock_id:1:0:
140736973606176:gtk_action_set_accel_path:2:0:
140736973606288:gtk_action_get_accel_path:1:0:
140736973606400:gtk_action_get_accel_closure:1:0:
140736973606496:gtk_action_set_accel_group:2:0:
140736973606672:gtk_action_connect_accelerator:1:0:
140736973606832:gtk_action_disconnect_accelerator:1:0:
140736973608592:gtk_action_group_get_type:0:0:
140736973609744:gtk_action_group_get_sensitive:1:0:
140736973610032:gtk_action_group_get_visible:1:0:
140736973610592:gtk_action_group_get_action:2:0:
140736973610848:gtk_action_group_add_action:2:0:
140736973614208:gtk_activatable_get_type:0:0:
140736973614512:gtk_activatable_sync_action_properties:2:0:
140736973614720:gtk_activatable_set_related_action:2:0:
140736973614896:gtk_activatable_get_related_action:1:0:
140736973615040:gtk_activatable_do_set_related_action:2:0:
140736973615392:gtk_activatable_set_use_action_appearance:6:0:2,
140736973615424:gtk_activatable_get_use_action_appearance:6:0:
140736973616688:gtk_adjustment_get_type:0:0:
140736973620672:gtk_alignment_get_type:0:0:
140736973649072:gtk_bin_get_type:0:0:
140736973654944:gtk_binding_entry_add_signal:6:0:2,3,
140736973659600:gtk_box_get_type:0:0:
140736973662912:gtk_box_pack_start:5:0:3,4,5,
140736973691520:gtk_button_get_type:0:0:
140736973694640:gtk_button_set_relief:2:0:2,
140736973781296:gtk_check_menu_item_get_type:0:0:
140736973853296:gtk_container_get_type:0:0:
140736973862368:gtk_container_add:2:0:
140736973862832:gtk_container_remove:2:0:
140736973864752:gtk_container_forall:3:0:
140736973865344:gtk_container_foreach:3:0:
140736973866256:gtk_container_get_children:1:0:
140736973893040:gtk_entry_get_type:0:0:
140736973938976:gtk_entry_buffer_get_type:0:0:
140736974118992:gtk_gc_get:4:0:1,4,
140736974119200:gtk_gc_release:1:0:
140736974128016:gtk_hbox_get_type:0:0:
140736974128160:gtk_hbox_new:2:0:1,2,
140736974148032:gtk_icon_source_copy:1:0:
140736974148784:gtk_icon_set_ref:1:0:
140736974149280:gtk_icon_set_unref:1:0:
140736974149520:gtk_icon_factory_get_type:0:0:
140736974149744:gtk_icon_factory_add:3:0:
140736974150064:gtk_icon_factory_lookup:2:0:
140736974153168:gtk_icon_set_new:0:0:
140736974153616:gtk_icon_set_add_source:2:0:
140736974156320:gtk_icon_factory_lookup_default:1:0:
140736974168272:gtk_icon_theme_get_type:0:0:
140736974236768:gtk_image_get_type:0:0:
140736974242928:gtk_image_new:0:0:
140736974243072:gtk_image_clear:1:0:
140736974244432:gtk_image_set_from_stock:3:0:3,
140736974244608:gtk_image_new_from_stock:2:0:2,
140736974249600:gtk_image_menu_item_get_type:0:0:
140736974251424:gtk_image_menu_item_set_image:2:0:
140736974252336:gtk_image_menu_item_get_image:1:0:
140736974298144:gtk_label_get_type:0:0:
140736974303344:gtk_label_set_mnemonic_widget:2:0:
140736974304704:gtk_label_set_label:2:0:
140736974318016:gtk_label_set_use_underline:2:0:2,
140736974350368:gtk_grab_remove:1:0:
140736974376384:gtk_menu_get_type:0:0:
140736974413872:gtk_menu_item_get_type:0:0:
140736974418112:gtk_menu_item_get_submenu:1:0:
140736974420864:gtk_menu_item_set_accel_path:2:0:
140736974421840:gtk_menu_item_set_use_underline:2:0:2,
140736974425600:gtk_menu_shell_get_type:0:0:
140736974426736:gtk_menu_shell_insert:3:0:3,
140736974443968:gtk_misc_get_type:0:0:
140736974444112:gtk_misc_set_alignment:3:2:
140736974465120:gtk_notebook_get_type:0:0:
140736974509280:gtk_object_get_type:0:0:
140736974515328:gtk_orientable_get_type:0:0:
140736974515488:gtk_orientable_set_orientation:2:0:2,
140736974588304:gtk_radio_action_get_type:0:0:
140736974615488:gtk_range_get_type:0:0:
140736974616480:gtk_range_get_adjustment:1:0:
140736974638560:gtk_rc_style_get_type:0:0:
140736974643552:gtk_rc_style_new:0:0:
140736974645248:gtk_rc_parse_state:2:0:
140736974645888:gtk_rc_parse_color_full:3:0:
140736974658608:gtk_rc_get_style:1:0:
140736974739072:gtk_scrolled_window_get_type:0:0:
140736974748608:gtk_target_list_add:4:0:3,4,
140736974752144:gtk_selection_remove_all:1:0:
140736974764816:gtk_separator_menu_item_get_type:0:0:
140736974765520:gtk_separator_tool_item_get_type:0:0:
140736974771920:gtk_settings_get_type:0:0:
140736974848384:gtk_border_free:1:0:
140736974854288:gtk_style_get_type:0:0:
140736974857712:gtk_style_attach:2:0:
140736974858288:gtk_style_detach:1:0:
140736974887904:gtk_border_get_type:0:0:
140736974902144:gtk_tearoff_menu_item_get_type:0:0:
140736975128928:gtk_toggle_action_get_type:0:0:
140736975138224:gtk_toolbar_get_type:0:0:
140736975165952:gtk_tool_button_get_type:0:0:
140736975172016:gtk_tool_item_get_type:0:0:
140736975172464:gtk_tool_item_get_icon_size:1:0:
140736975172752:gtk_tool_item_get_toolbar_style:1:0:
140736975172896:gtk_tool_item_get_relief_style:1:0:
140736975173040:gtk_tool_item_get_text_alignment:1:0:
140736975173200:gtk_tool_item_get_text_orientation:1:0:
140736975173344:gtk_tool_item_get_text_size_group:1:0:
140736975174032:gtk_tool_item_get_is_important:1:0:
140736975175232:gtk_tool_item_get_visible_horizontal:1:0:
140736975176384:gtk_tool_item_rebuild_menu:1:0:
140736975204752:gtk_tool_shell_get_type:0:0:
140736975319472:gtk_tree_view_get_type:0:0:
140736975404464:gtk_tree_view_column_get_type:0:0:
140736975452624:gtk_viewport_get_type:0:0:
140736975462720:gtk_widget_get_type:0:0:
140736975463008:gtk_widget_freeze_child_notify:1:0:
140736975463328:gtk_widget_child_notify:2:0:
140736975465488:gtk_widget_destroy:1:0:
140736975465696:gtk_widget_size_request:2:0:
140736975465808:gtk_widget_get_child_requisition:2:0:
140736975466496:gtk_widget_list_accel_closures:1:0:
140736975467088:gtk_widget_set_accel_path:3:0:
140736975468320:gtk_widget_get_can_focus:1:0:
140736975468416:gtk_widget_has_focus:1:0:
140736975468992:gtk_widget_has_grab:1:0:
140736975469120:gtk_widget_get_name:1:0:
140736975469232:gtk_widget_get_state:1:0:
140736975469328:gtk_widget_get_visible:1:0:
140736975469424:gtk_widget_set_has_window:2:0:2,
140736975469552:gtk_widget_get_has_window:1:0:
140736975470304:gtk_widget_is_toplevel:1:0:
140736975470672:gtk_widget_get_realized:1:0:
140736975472848:gtk_widget_event:2:0:
140736975473088:gtk_widget_send_expose:2:0:
140736975473360:gtk_widget_set_realized:2:0:2,
140736975473488:gtk_widget_get_mapped:1:0:
140736975473808:gtk_widget_queue_draw_area:5:0:2,3,4,5,
140736975474336:gtk_widget_is_drawable:1:0:
140736975474448:gtk_widget_set_mapped:2:0:2,
140736975475056:gtk_widget_get_double_buffered:1:0:
140736975475152:gtk_widget_set_double_buffered:2:0:2,
140736975475744:gtk_widget_set_redraw_on_allocate:2:0:2,
140736975475872:gtk_widget_get_sensitive:1:0:
140736975475968:gtk_widget_is_sensitive:1:0:
140736975476464:gtk_widget_get_parent:1:0:
140736975476704:gtk_widget_has_rc_style:1:0:
140736975477056:gtk_widget_get_default_style:0:0:
140736975477392:gtk_widget_set_parent_window:2:0:
140736975477552:gtk_widget_get_parent_window:1:0:
140736975479648:gtk_widget_get_toplevel:1:0:
140736975480176:gtk_widget_is_focus:1:0:
140736975480768:gtk_widget_get_screen:1:0:
140736975481280:gtk_widget_get_display:1:0:
140736975481616:gtk_widget_has_screen:1:0:
140736975481728:gtk_widget_get_ancestor:2:0:
140736975482176:gtk_widget_get_settings:1:0:
140736975482976:gtk_widget_get_extension_events:1:0:
140736975484128:gtk_widget_get_direction:1:0:
140736975487952:gtk_widget_size_allocate:2:0:
140736975489920:gtk_widget_unparent:1:0:
140736975491776:gtk_widget_class_install_style_property:2:0:
140736975492496:gtk_widget_style_get_valist:3:0:
140736975493216:gtk_widget_style_get:6:0:
140736975493856:gtk_widget_queue_resize:1:0:
140736975494464:gtk_widget_show:1:0:
140736975494864:gtk_widget_hide:1:0:
140736975495456:gtk_widget_set_can_focus:2:0:2,
140736975496288:gtk_widget_set_name:2:0:
140736975496464:gtk_widget_ensure_style:1:0:
140736975496576:gtk_widget_realize:1:0:
140736975500720:gtk_widget_reset_rc_styles:1:0:
140736975501008:gtk_widget_set_parent:2:0:
140736975502336:gtk_widget_set_sensitive:2:0:2,
140736975502896:gtk_widget_region_intersect:2:0:
140736975503088:gtk_widget_path:4:0:
140736975503488:gtk_widget_class_path:4:0:
140736975503888:gtk_requisition_get_type:0:0:
140736975517024:gtk_widget_get_no_show_all:1:0:
140736975533136:gtk_window_get_type:0:0:
140736975563040:gtk_window_get_mnemonics_visible:1:0:
140736970402912:gdk_display_get_type:0:0:
140736970409552:gdk_drawable_get_type:0:0:
140736970410080:gdk_drawable_get_size:3:0:
140736970410384:gdk_drawable_get_depth:1:0:
140736970410496:gdk_drawable_get_screen:1:0:
140736970410608:gdk_drawable_get_display:1:0:
140736970410864:gdk_drawable_get_colormap:1:0:
140736970411328:gdk_draw_line:6:0:3,4,5,6,
140736970417536:gdk_drawable_get_visible_region:1:0:
140736970421008:gdk_event_free:1:0:
140736970422032:gdk_event_new:1:0:1,
140736970427200:gdk_gc_get_type:0:0:
140736970438896:gdk_keymap_get_type:0:0:
140736970464720:gdk_pixmap_get_type:0:0:
140736970477344:gdk_region_new:0:0:
140736970477568:gdk_region_rectangle:1:0:
140736970477696:gdk_region_copy:1:0:
140736970478112:gdk_region_destroy:1:0:
140736970478192:gdk_region_offset:3:0:2,3,
140736970478304:gdk_region_intersect:2:0:
140736970479536:gdk_region_subtract:2:0:
140736970479840:gdk_region_empty:1:0:
140736970479904:gdk_region_equal:2:0:
140736970480544:gdk_region_rect_in:2:0:
140736970503056:gdk_screen_get_type:0:0:
140736970516816:gdk_window_object_get_type:0:0:
140736970524624:gdk_window_is_viewable:1:0:
140736970563232:gdk_window_impl_get_type:0:0:
140736970574080:gdk_colormap_get_type:0:0:
140736970578032:gdk_colormap_alloc_colors:6:0:3,4,5,
140736970659920:gdk_keyval_convert_case:3:0:1,
140736970672976:gdk_x11_atom_to_xatom_for_display:2:0:
140736970673952:gdk_x11_get_xatom_by_name_for_display:2:0:
140736970700256:gdk_window_impl_x11_get_type:0:0:
140736970704944:gdk_window_lookup_for_display:2:0:2,
140736968045632:gdk_pixbuf_get_type:0:0:
140736964150736:dcgettext:3:0:3,
140736964173936:__isinf:1:1:
140736964174000:isnan:1:1:
140736964196400:getenv:1:0:
140736964201248:random:0:0:
140736964201856:random_r:2:0:
140736964202016:srandom_r:2:0:1,
140736964203696:__strtoul_internal:4:0:4,
140736964254960:_IO_vfprintf:3:0:
140736964276960:__printf_fp:3:0:
140736964298480:_IO_vfscanf:4:0:
140736964408368:_IO_getline:5:0:4,5,
140736964413968:vsscanf:3:0:
140736964420096:vasprintf:3:0:
140736964426224:fgets_unlocked:3:0:2,
140736964451264:_IO_file_init:1:0:
140736964452000:_IO_file_fopen:3:0:
140736964455056:_IO_un_link:1:0:
140736964455664:_IO_link_in:1:0:
140736964456816:_IO_switch_to_get_mode:1:0:
140736964457040:__underflow:1:0:
140736964457376:__uflow:1:0:
140736964457728:_IO_setb:4:0:
140736964458368:_IO_sgetn:3:0:
140736964460112:_IO_sputbackc:2:0:2,
140736964512064:__strerror_r:3:0:1,
140736964512448:strlen:1:0:
140736964512896:strnlen:2:0:
140736964525072:memchr:3:0:
140736964527552:memset:3:0:2,
140736964556976:rawmemchr:2:0:
140736964557504:strchrnul:2:0:2,
140736964558192:__argz_count:2:0:
140736964559232:argz_stringify:3:0:3,
140736964916752:open:0:0:
140736964940416:sbrk:1:0:
140736964958176:tfind:3:0:
140736965038496:__vsnprintf_chk:6:0:3,
140736965222512:_dl_mcount_wrapper_check:0:0:
140736960405360:xmlNextChar:1:0:
140736960425984:namePush:2:0:
140736960426144:namePop:1:0:
140736960432160:xmlSkipBlankChars:1:0:
140736960438720:xmlParseName:1:0:
140736960451344:xmlParseAttValue:1:0:
140736960451392:xmlParseAttribute:2:0:
140736960451856:xmlParseStartTag:1:0:
140736960455552:xmlParseCharData:2:0:2,
140736960891344:xmlStrndup:2:0:2,
140736960891776:xmlStrEqual:2:0:
140736960897808:xmlBufUse:1:0:
140736961220960:xmlDictLookup:3:0:3,
140736957375184:sqlite3_mutex_enter:1:0:0,
140736957375248:sqlite3_mutex_leave:1:0:5,
140736957376656:sqlite3_stricmp:2:0:
140736957376768:sqlite3_strnicmp:3:0:
140736957384480:sqlite3_column_count:1:0:
140736957413760:sqlite3_free:1:0:6,
140736957469760:sqlite3_initialize:0:0:
140736957474176:sqlite3_malloc:1:0:1,
140736957482000:sqlite3_realloc:2:0:2,4,
140736957504208:sqlite3_vsnprintf:4:0:1,
140736957504304:sqlite3_snprintf:6:0:1,
140736957505552:sqlite3_value_text:1:0:
140736957569216:sqlite3_create_module_v2:5:0:
140736957569968:sqlite3_create_function_v2:6:0:3,4,
140736957570288:sqlite3_create_function:6:0:3,4,
140736957570336:sqlite3_overload_function:3:0:3,
140736957571280:sqlite3_column_text:2:0:2,
140736957694912:sqlite3_finalize:1:0:
140736957754704:sqlite3_prepare:5:0:3,
140736957755216:sqlite3_prepare_v2:5:0:3,
140736957795376:sqlite3_step:1:0:
140736955159280:g_module_error:0:0:
140736955159632:g_module_symbol:3:0:
140736950517120:soup_session_get_type:0:0:
140736950542288:soup_session_feature_get_type:0:0:
140736946715200:g_cancellable_is_cancelled:1:0:6,
140736946715232:g_cancellable_set_error_if_cancelled:2:0:5,6,
140736946761040:g_file_get_type:0:0:
140736946766704:g_file_query_info:5:0:3,
140736946805024:g_file_icon_get_type:0:0:
140736946811680:g_file_attribute_matcher_ref:1:0:
140736946811760:g_file_attribute_matcher_unref:1:0:4,
140736946812464:g_file_info_get_type:0:0:
140736946812608:g_file_info_new:0:0:
140736946813136:g_file_info_set_attribute_mask:2:0:
140736946822080:g_file_info_set_name:2:0:
140736946824256:g_file_attribute_matcher_new:1:0:
140736946825344:g_file_attribute_matcher_enumerate_namespace:2:0:
140736946825488:g_file_attribute_matcher_enumerate_next:1:0:
140736946847264:g_inet_address_get_type:0:0:
140736946853072:g_inet_address_mask_equal:2:0:
140736946855984:g_initable_get_type:0:0:
140736946856144:g_initable_init:3:0:
140736946856448:g_initable_new_valist:5:0:
140736946856608:g_initable_new:6:0:
140736946858384:g_input_stream_get_type:0:0:
140736946864176:g_io_error_quark:0:0:
140736946864224:g_io_error_from_errno:1:0:1,5,
140736946907664:g_output_stream_get_type:0:0:6,
140736946943712:g_simple_async_result_get_type:0:0:6,
140736946943904:g_simple_async_result_new:4:0:
140736946944224:g_simple_async_result_get_source_tag:1:0:
140736946944320:g_simple_async_result_propagate_error:2:0:3,4,
140736946946864:g_simple_async_result_complete:1:0:4,
140736946950720:g_socket_get_type:0:0:
140736947025136:g_tls_backend_get_type:0:0:
140736947025296:g_tls_backend_get_default:0:0:
140736947025584:g_tls_backend_get_certificate_type:1:0:
140736947052400:g_vfs_get_type:0:0:
140736947053392:g_vfs_get_default:0:0:
140736947131600:g_content_type_guess:4:0:
140736947290624:g_dbus_connection_get_type:0:0:5,
140736947326720:g_dbus_message_get_type:0:0:
140736947327952:g_dbus_message_get_header:2:0:2,
140736947328112:g_dbus_message_set_header:3:0:2,
140736938452160:cairo_move_to:1:0:
140736938452208:cairo_line_to:1:0:
140736938452256:cairo_curve_to:1:0:
140736938452960:cairo_close_path:1:0:
140736938485344:cairo_device_reference:1:0:
140736938485456:cairo_device_release:1:0:
140736938485936:cairo_device_acquire:1:0:
140736938486832:cairo_font_face_reference:1:0:
140736938486880:cairo_font_face_destroy:1:0:
140736938547360:cairo_matrix_init_identity:1:0:
140736938547712:cairo_matrix_multiply:3:0:
140736938548288:cairo_matrix_transform_distance:3:0:
140736938548352:cairo_matrix_transform_point:3:0:
140736938549312:cairo_matrix_invert:1:0:
140736938636944:cairo_pattern_reference:1:0:
140736938637040:cairo_pattern_destroy:1:0:
140736938710048:cairo_region_destroy:1:0:
140736938718560:cairo_scaled_font_reference:1:0:
140736938718624:cairo_scaled_font_destroy:1:0:
140736938749792:cairo_surface_reference:1:0:
140736938751296:cairo_surface_destroy:1:0:
140736935971952:pango_font_description_free:1:0:
140736935974352:pango_font_description_new:0:0:
140736935975568:pango_font_description_get_set_fields:1:0:
140736935975632:pango_font_description_merge_static:3:0:3,
140736935978992:pango_font_get_type:0:0:
140736935979312:pango_font_get_coverage:1:0:
140736935979440:pango_font_get_glyph_extents:4:0:2,
140736935987568:pango_find_map:3:0:2,3,
140736935989264:pango_attr_list_unref:1:0:
140736935989920:pango_attribute_init:2:0:
140736935994208:pango_attr_iterator_range:3:0:
140736935997008:pango_unichar_direction:1:0:1,
140736936003904:pango_context_get_type:0:0:
140736936005552:pango_context_get_base_dir:1:0:
140736936007344:pango_context_get_serial:1:0:
140736936007872:pango_coverage_unref:1:0:
140736936008032:pango_coverage_get:2:0:
140736936011376:pango_engine_shape_get_type:0:0:
140736936012064:pango_font_map_get_type:0:0:
140736936013472:pango_font_map_get_serial:1:0:
140736936014576:pango_fontset_get_type:0:0:
140736936014944:pango_fontset_foreach:3:0:
140736936026368:pango_layout_line_unref:1:0:
140736936027216:pango_layout_get_type:0:0:
140736936066256:pango_script_for_unichar:1:0:1,
140736936072992:pango_find_base_dir:2:0:2,
140736927996864:_ZN3WTF10StringImpl5derefEv:1:0:
140736928116256:_ZN3JSC10Identifier3addIhEEN3WTF10PassRefPtrINS2_10StringImplEEEPNS_2VMEPKT_i:4:0:4,
140736928174176:_ZN3JSC9CodeBlock24predictedMachineCodeSizeEv:1:0:
140736928236336:_ZN3JSC12opcodeLengthENS_8OpcodeIDE:1:0:1,
140736928237088:_ZN3JSC4Heap12writeBarrierEPKNS_6JSCellEPS1_:1:0:
140736928237904:_ZN3WTF6VectorIN3JSC12WriteBarrierINS1_18FunctionExecutableEEELm0ENS_15CrashOnOverflowEE11resizeToFitEm:2:0:
140736928252224:_ZN3JSC16ExecutionCounter26applyMemoryUsageHeuristicsEiPNS_9CodeBlockE:2:0:1,
140736928252752:_ZN3JSC16ExecutionCounter5resetEv:1:0:
140736928252784:_ZN3JSC16ExecutionCounterC1Ev:1:0:
140736928284624:_ZNK3JSC17UnlinkedCodeBlock12instructionsEv:1:0:
140736928288640:_ZN3JSC17UnlinkedCodeBlock17addExpressionInfoEjiiijj:6:0:2,3,4,5,6,
140736928293872:_ZN3JSC25UnlinkedInstructionStream6Reader4nextEv:1:0:
140736928298624:_ZN3JSC5Label11setLocationEj:2:0:2,
140736928300176:_ZN3JSC17BytecodeGenerator10isCapturedEi:2:0:2,
140736928300208:_ZN3JSC17BytecodeGenerator11resolveTypeEv:1:0:
140736928303312:_ZN3JSC17BytecodeGenerator9emitLabelEPNS_5LabelE:3:0:
140736928305696:_ZN3JSC17BytecodeGenerator10emitOpcodeENS_8OpcodeIDE:2:0:2,
140736928313952:_ZN3JSC17BytecodeGenerator18emitProfiledOpcodeENS_8OpcodeIDE:2:0:2,
140736928321696:_ZN3JSC17BytecodeGenerator13emitDebugHookENS_11DebugHookIDEjjj:1:0:
140736928328672:_ZN3JSC17BytecodeGenerator11newRegisterEv:1:0:
140736928329104:_ZN3JSC17BytecodeGenerator12newTemporaryEv:1:0:
140736928332576:_ZN3JSC17BytecodeGenerator8newLabelEv:2:0:
140736928335360:_ZN3JSC17BytecodeGenerator11addConstantERKNS_10IdentifierE:2:0:
140736928351552:_ZN3JSC17BytecodeGenerator16addConstantValueENS_7JSValueE:2:0:
140736928352800:_ZN3JSC17BytecodeGenerator8emitLoadEPNS_10RegisterIDENS_7JSValueE:3:0:
140736928357568:_ZN3JSC17BytecodeGenerator17addStringConstantERKNS_10IdentifierE:2:0:
140736928360816:_ZN3JSC17BytecodeGenerator29createLazyRegisterIfNecessaryEPNS_10RegisterIDE:2:0:
140736928361088:_ZN3JSC17BytecodeGenerator5localERKNS_10IdentifierE:2:0:
140736928388768:_ZN3WTF9HashTableINS_6RefPtrINS_10StringImplEEES3_NS_17IdentityExtractorEN3JSC17IdentifierRepHashENS_10HashTraitsIS3_EES8_E15deallocateTableEPS3_i:2:0:2,
140736928391632:_ZN3WTF9HashTableIiNS_12KeyValuePairIiNS_6RefPtrIN3JSC22StaticPropertyAnalysisEEEEENS_24KeyValuePairKeyExtractorIS6_EENS_7IntHashIiEENS_7HashMapIiS5_SA_NS_29UnsignedWithZeroKeyHashTraitsIiEENS_10HashTraitsIS5_EEE18KeyValuePairTraitsESD_E4findINS_22IdentityHashTranslatorISA_EEiEENS_17HashTableIteratorIiS6_S8_SA_SH_SD_EERKT0_:1:0:
140736928391888:_ZN3WTF6VectorIN3JSC5LabelELm32ENS_15CrashOnOverflowEE6shrinkEm:2:0:
140736928395616:_ZN3WTF6VectorIN3JSC19UnlinkedInstructionELm0ENS_20UnsafeVectorOverflowEE14expandCapacityEm:2:0:
140736928474288:_ZN3JSC17BytecodeGenerator18emitExpressionInfoERKNS_14JSTextPositionES3_S3_:4:0:
140736928612256:_ZNK3JSC9Structure17outOfLineCapacityEv:1:0:
140736928955152:_ZN3JSC12X86Assembler23X86InstructionFormatter9oneByteOpENS0_15OneByteOpcodeIDEiNS_12X86Registers10RegisterIDE:4:0:2,3,4,
140736928955728:_ZN3JSC12X86Assembler23X86InstructionFormatter11oneByteOp64ENS0_15OneByteOpcodeIDEiNS_12X86Registers10RegisterIDE:4:0:2,3,4,
140736928956288:_ZN3JSC12X86Assembler23X86InstructionFormatter11oneByteOp64ENS0_15OneByteOpcodeIDEiNS_12X86Registers10RegisterIDEi:5:0:2,3,4,5,
140736929052848:_ZN3JSC10IdentifierD2Ev:1:0:
140736929057552:_ZNK3JSC7JSValue3getEPNS_9ExecStateENS_12PropertyNameERNS_12PropertySlotE:4:0:
140736929347280:_ZN3JSC12X86Assembler23X86InstructionFormatter9twoByteOpENS0_15TwoByteOpcodeIDEiNS_12X86Registers10RegisterIDE:4:0:2,3,4,
140736929379264:_ZN3JSC22AbstractMacroAssemblerINS_12X86AssemblerEE8JumpList6appendENS2_4JumpE:2:0:2,
140736929732448:_ZN3JSC9HandleSet12writeBarrierEPNS_7JSValueERKS1_:3:0:
140736929752128:_ZN3JSC4Heap11didAllocateEm:2:0:
140736929753104:_ZN3JSC4Heap22incrementDeferralDepthEv:1:0:
140736929753168:_ZN3JSC4Heap22decrementDeferralDepthEv:1:0:
140736929753232:_ZN3JSC4Heap12writeBarrierEPKNS_6JSCellE:0:0:
140736929757552:_ZN3JSC4Heap35decrementDeferralDepthAndGCIfNeededEv:1:0:
140736929809328:_ZN3JSC17weakClearSlowCaseERPNS_8WeakImplE:1:0:
140736929992976:_ZN3JSC9ExecState13setCurrentVPCEPNS_11InstructionE:2:0:
140736930038208:_ZN3JSC19ExecutableAllocator24memoryPressureMultiplierEm:1:0:
140736930126880:_ZN3JSC13DirectJITCodeD2Ev:1:0:
140736930127008:_ZN3JSC7JITCodeC1ENS0_7JITTypeE:2:0:2,
140736930127200:_ZN3JSC13DirectJITCodeC1ENS_21MacroAssemblerCodeRefENS_7JITCode7JITTypeE:3:0:3,
140736930127280:_ZN3JSC7JITCode12hostFunctionENS_21MacroAssemblerCodeRefE:2:0:
140736930128640:_ZN3JSC3JITC1EPNS_2VMEPNS_9CodeBlockE:3:0:
140736930174336:_ZN3JSC3JIT27privateCompileCTINativeCallEPNS_2VMEPFlPNS_9ExecStateEE:3:0:
140736930313088:_ZN3JSC9JITThunks7ctiStubEPNS_2VMEPFNS_21MacroAssemblerCodeRefES2_E:4:0:
140736930314000:_ZN3JSC9JITThunks18ctiNativeConstructEPNS_2VME:2:0:
140736930318880:_ZNK3WTF7HashMapISt4pairIPFlPN3JSC9ExecStateEES6_ENS2_4WeakINS2_16NativeExecutableEEENS_8PairHashIS6_S6_EENS_10HashTraitsIS7_EENSD_ISA_EEE3getERKS7_:2:0:
140736930321008:_ZN3WTF7HashMapISt4pairIPFlPN3JSC9ExecStateEES6_ENS2_4WeakINS2_16NativeExecutableEEENS_8PairHashIS6_S6_EENS_10HashTraitsIS7_EENSD_ISA_EEE9inlineSetIRKS7_SA_EENS_18HashTableAddResultINS_17HashTableIteratorIS7_NS_12KeyValuePairIS7_SA_EENS_24KeyValuePairKeyExtractorISN_EESC_NSG_18KeyValuePairTraitsESE_EEEEOT_OT0_:4:0:
140736930468640:_ZN3JSC5LLInt8getByValEPNS_9ExecStateENS_7JSValueES3_:3:0:
140736930491360:_ZN3WTF15SegmentedVectorIN3JSC10IdentifierELm64ELm32EE4lastEv:1:0:
140736930522016:_ZN3WTF15SegmentedVectorIN3JSC10IdentifierELm64ELm32EE6appendIS2_EEvRKT_:2:0:
140736930534032:_ZN3JSC10IdentifierC2EPNS_2VMEPKhi:4:0:4,
140736930558800:_ZN3JSC5LexerIhE3lexEPNS_7JSTokenEjb:4:0:3,4,
140736930576112:_ZN3JSC5LexerIhE19lexExpectIdentifierEPNS_7JSTokenEjb:3:0:3,
140736930577136:_ZN3JSC13StatementNode6setLocEjjii:5:0:2,3,4,5,
140736930595152:_ZN3JSC10ASTBuilder14makeBinaryNodeERKNS_15JSTokenLocationEiSt4pairIPNS_14ExpressionNodeENS0_12BinaryOpInfoEES8_:5:0:3,
140736930636688:_ZN3JSC15JSTokenLocationC1ERKS0_:2:0:
140736930643440:_ZN3JSC6ParserINS_5LexerIhEEE10strictModeEv:1:0:
140736930665136:_ZN3JSC5Scope11useVariableEPKNS_10IdentifierEb:3:0:3,
140736930751664:_ZN3JSC6ParserINS_5LexerIhEEE14parseStatementINS_13SyntaxCheckerEEENT_9StatementERS6_RPKNS_10IdentifierEPj:3:0:
140736930764032:_ZN3JSC6ParserINS_5LexerIhEEE21parseMemberExpressionINS_13SyntaxCheckerEEENT_10ExpressionERS6_:2:0:
140736930772288:_ZN3JSC6ParserINS_5LexerIhEEE25parseAssignmentExpressionINS_13SyntaxCheckerEEENT_10ExpressionERS6_:2:0:
140736930772400:_ZN3JSC6ParserINS_5LexerIhEEE15parseExpressionINS_13SyntaxCheckerEEENT_10ExpressionERS6_:2:0:
140736930808560:_ZN3JSC6ParserINS_5LexerIhEEE21parseMemberExpressionINS_10ASTBuilderEEENT_10ExpressionERS6_:2:0:
140736930821280:_ZN3JSC6ParserINS_5LexerIhEEE25parseAssignmentExpressionINS_10ASTBuilderEEENT_10ExpressionERS6_:2:0:
140736930821392:_ZN3JSC6ParserINS_5LexerIhEEE15parseExpressionINS_10ASTBuilderEEENT_10ExpressionERS6_:2:0:
140736930842240:_ZN3JSC6ParserINS_5LexerIhEEE14parseStatementINS_10ASTBuilderEEENT_9StatementERS6_RPKNS_10IdentifierEPj:3:0:
140736931064480:_ZN3JSC8JSObject17putDirectInternalILNS0_7PutModeE1EEEbRNS_2VMENS_12PropertyNameENS_7JSValueEjRNS_15PutPropertySlotEPNS_6JSCellE:6:0:5,
140736931384320:_ZN3JSC10Identifier11addSlowCaseEPNS_2VMEPN3WTF10StringImplE:3:0:
140736931387424:_ZN3JSC10Identifier3addEPNS_2VMEPKc:3:0:
140736931388432:_ZN3JSC15IdentifierTable3addIPKhNS_31IdentifierASCIIStringTranslatorEEEN3WTF18HashTableAddResultINS5_17HashTableIteratorIPNS5_10StringImplES9_NS5_17IdentityExtractorENS5_10StringHashENS5_10HashTraitsIS9_EESD_EEEET_:3:0:
140736931392544:_ZN3JSC16InternalFunction14finishCreationERNS_2VMERKN3WTF6StringE:3:0:
140736931482144:_ZN3JSC10JSFunctionC2ERNS_2VMEPNS_14JSGlobalObjectEPNS_9StructureE:4:0:
140736931482528:_ZN3JSC10JSFunction14finishCreationERNS_2VMEPNS_16NativeExecutableEiRKN3WTF6StringE:5:0:4,
140736931488848:_ZN3JSC10JSFunction6createERNS_2VMEPNS_14JSGlobalObjectEiRKN3WTF6StringEPFlPNS_9ExecStateEENS_9IntrinsicESC_:6:0:3,6,
140736931496640:_ZN3JSC2VM15getHostFunctionEPFlPNS_9ExecStateEES4_:3:0:
140736931544752:_ZN3JSC14JSGlobalObject10globalExecEv:1:0:
140736931572768:_ZN3JSC8JSObject26putDirectWithoutTransitionERNS_2VMENS_12PropertyNameENS_7JSValueEj:5:0:5,
140736931573584:_ZN3JSC9Structure6createERNS_2VMEPNS_14JSGlobalObjectENS_7JSValueERKNS_8TypeInfoEPKNS_9ClassInfoEhj:5:0:
140736931635872:_ZN3JSC12JSLockHolderC2EPNS_9ExecStateE:2:0:
140736931636112:_ZN3JSC12JSLockHolderD1Ev:1:0:
140736931641296:_ZN3JSC21getCallableObjectSlowEPNS_6JSCellE:1:0:
140736931654688:_ZN3JSC8JSObject20growOutOfLineStorageERNS_2VMEmm:4:0:
140736931655136:_ZN3JSC8JSObject40putDirectNativeFunctionWithoutTransitionERNS_2VMEPNS_14JSGlobalObjectERKNS_12PropertyNameEjPFlPNS_9ExecStateEENS_9IntrinsicEj:6:0:5,
140736931660192:_ZN3JSC8JSObject22getOwnPropertySlotSlowEPNS_9ExecStateENS_12PropertyNameERNS_12PropertySlotE:3:0:
140736931662144:_ZNK3JSC8JSObject11hasPropertyEPNS_9ExecStateENS_12PropertyNameE:3:0:
140736931662592:_ZN3JSC8JSObject23putDirectNativeFunctionERNS_2VMEPNS_14JSGlobalObjectERKNS_12PropertyNameEjPFlPNS_9ExecStateEENS_9IntrinsicEj:6:0:5,
140736931866960:_ZN3JSC7JSScope15abstractResolveEPNS_9ExecStateEPS0_RKNS_10IdentifierENS_8GetOrPutENS_11ResolveTypeE:6:0:5,6,
140736932079280:_ZN3JSC17PropertyNameArray3addEPN3WTF10StringImplE:2:0:
140736932081232:_ZN3JSC13PropertyTableC1ERNS_2VMEj:3:0:3,
140736932081552:_ZN3JSC13PropertyTable6createERNS_2VMEj:2:0:2,
140736932151984:_ZN3JSC12SmallStrings27createSingleCharacterStringEPNS_2VMEh:3:0:3,
140736932208864:_ZN3JSC10IdentifierC2EPNS_2VMERKN3WTF6StringE:3:0:
140736932216384:_ZN3JSC9StructureC1ERNS_2VMEPKS0_:3:0:
140736932219104:_ZN3JSC9Structure3pinEv:1:0:
140736932219728:_ZN3JSC9Structure17createPropertyMapERKNS_25GCSafeConcurrentJITLockerERNS_2VMEj:4:0:4,
140736932220080:_ZN3JSC9Structure16putSpecificValueERNS_2VMENS_12PropertyNameEjPNS_6JSCellE:5:0:4,
140736932222080:_ZNK3JSC9ClassInfo35hasStaticSetterOrReadonlyPropertiesERNS_2VME:2:0:
140736932222160:_ZN3JSC9StructureC1ERNS_2VMEPNS_14JSGlobalObjectENS_7JSValueERKNS_8TypeInfoEPKNS_9ClassInfoEhj:6:0:
140736932223376:_ZN3JSC9Structure40addPropertyTransitionToExistingStructureEPS0_NS_12PropertyNameEjPNS_6JSCellERi:5:0:3,
140736932224976:_ZN3JSC9Structure38findStructuresAndMapForMaterializationERN3WTF6VectorIPS0_Lm8ENS1_15CrashOnOverflowEEERS3_RPNS_13PropertyTableE:4:0:
140736932225216:_ZN3JSC9Structure22materializePropertyMapERNS_2VME:2:0:
140736932227376:_ZN3JSC9Structure29getPropertyNamesFromStructureERNS_2VMERNS_17PropertyNameArrayENS_15EnumerationModeE:4:0:4,
140736932227936:_ZN3JSC9Structure28addPropertyWithoutTransitionERNS_2VMENS_12PropertyNameEjPNS_6JSCellE:5:0:4,
140736932228880:_ZN3JSC9Structure3getERNS_2VMENS_12PropertyNameERjRPNS_6JSCellE:5:0:
140736932232448:_ZN3JSC9Structure32takePropertyTableOrCloneIfPinnedERNS_2VMEPS0_:3:0:
140736932236464:_ZN3JSC9Structure21addPropertyTransitionERNS_2VMEPS0_NS_12PropertyNameEjPNS_6JSCellERiNS_15PutPropertySlot7ContextE:6:0:4,
140736932241552:_ZN3JSC24StructureTransitionTable3addERNS_2VMEPNS_9StructureE:3:0:
140736932252384:_ZN3JSC16SymbolTableEntry16freeFatEntrySlowEv:1:0:
140736932252480:_ZN3JSC16SymbolTableEntry8copySlowERKS0_:2:0:
140736932568848:_ZN3WTF19isCompilationThreadEv:0:0:
140736932570608:_ZN3WTF29cryptographicallyRandomNumberEv:0:0:
140736932584816:_ZN3WTF17TCMalloc_PageHeap17RegisterSizeClassEPNS_4SpanEm:2:0:
140736932587840:_ZN3WTF25TCMalloc_Central_FreeList4InitEmm:3:0:
140736932590608:_ZN3WTF25TCMalloc_Central_FreeList11InsertRangeENS_11HardenedSLLES1_i:4:0:4,
140736932590784:_ZN3WTF25TCMalloc_Central_FreeList14FetchFromSpansEv:1:0:
140736932591488:_ZN3WTF20TCMalloc_ThreadCache14PickNextSampleEm:2:0:
140736932593568:_ZN3WTF18fastMallocGoodSizeEm:1:0:
140736932594752:_ZN3WTF10fastMallocEm:1:0:
140736932598624:_ZN3WTF16fastZeroedMallocEm:1:0:
140736932602736:_ZN3WTF8fastFreeEPv:1:0:
140736932652784:_ZN3WTF13MetaAllocator17currentStatisticsEv:2:0:
140736932677232:_ZN3WTF9HashTableIPvNS_12KeyValuePairIS1_PNS_13MetaAllocator13FreeSpaceNodeEEENS_24KeyValuePairKeyExtractorIS6_EENS_7PtrHashIS1_EENS_7HashMapIS1_S5_SA_NS_10HashTraitsIS1_EENSC_IS5_EEE18KeyValuePairTraitsESD_E4findINS_22IdentityHashTranslatorISA_EES1_EENS_17HashTableIteratorIS1_S6_S8_SA_SG_SD_EERKT0_:2:0:
140736932679792:_ZN3WTF8pageSizeEv:0:0:
140736932689056:_ZN3WTF5Mutex4lockEv:1:0:
140736932689104:_ZN3WTF5Mutex6unlockEv:1:0:
140736932693040:_ZN3JSC15IdentifierTable3addEPN3WTF10StringImplE:3:0:
140736932761872:_ZN3WTF13CStringBuffer19createUninitializedEm:2:0:
140736932762144:_ZN3WTF7CStringC2EPKcm:3:0:
140736932767392:_ZN3WTF10StringImpl17createFromLiteralEPKcj:3:0:3,
140736932767456:_ZN3WTF10StringImpl17createFromLiteralEPKc:2:0:
140736932768128:_ZN3WTF10StringImpl6createEPKhj:3:0:3,
140736932768288:_ZN3WTF10StringImpl6createEPKh:2:0:
140736932781952:_ZN3WTF5equalEPKNS_10StringImplEPKhj:3:0:3,
140736932782432:_ZN3WTF5equalEPKNS_10StringImplEPKh:2:0:
140736932782624:_ZN3WTF12equalNonNullEPKNS_10StringImplES2_:2:0:
140736932787184:_ZNK3WTF10StringImpl12utf8ForRangeEjjNS_14ConversionModeE:4:0:4,
140736932787584:_ZNK3WTF10StringImpl4utf8ENS_14ConversionModeE:3:0:3,
140736932787616:_ZN3WTF10StringImplD1Ev:1:0:4,
140736932788288:_ZN3WTF10StringImpl7destroyEPS0_:1:0:
140736932792880:_ZNK3WTF10StringImpl12hashSlowCaseEv:1:0:
140736932794944:_ZN3WTF6StringC1EPKc:2:0:
140736932814400:_ZN3WTF6String8fromUTF8EPKhm:3:0:
140736932818640:_ZN3WTF7Unicode19convertLatin1ToUTF8EPPKhS2_PPcS4_:4:0:
140736920084592:__lll_unlock_wake:5:0:5,
140736913335232:hb_segment_properties_equal:2:0:
140736913354912:hb_font_funcs_destroy:1:0:
140736913388608:hb_ot_layout_language_find_feature:6:0:2,3,4,5,
140736913391392:hb_ot_layout_has_positioning:1:0:
140736891971840:atk_object_get_type:0:0:
140736891983952:atk_relation_set_get_type:0:0:
140736877748416:FcBlanksAdd:2:0:2,
140736877754144:FcDirCacheUnload:1:0:
140736877754160:FcDirCacheLoad:3:0:
140736877761040:FcConfigAddRule:3:0:3,
140736877767840:FcConfigFilename:1:0:
140736877770224:FcConfigGetSysRoot:1:0:
140736877784656:FcFileIsDir:1:0:
140736877786224:FcDirCacheRead:3:0:2,
140736877805136:FcFontSetAdd:2:0:
140736877811856:FcLangSetHasLang:2:0:
140736877813648:FcLangSetContains:2:0:
140736877826672:FcNameGetObjectType:1:0:
140736877830320:FcPatternCreate:0:0:
140736877830384:FcValueDestroy:2:0:1,
140736877830608:FcValueSave:2:0:
140736877831920:FcPatternDestroy:1:0:
140736877834480:FcPatternAdd:5:0:3,5,
140736877841872:FcStrFree:1:0:
140736877842624:FcUcs4ToUtf8:2:0:1,
140736877843472:FcStrCmpIgnoreCase:2:0:
140736877844704:FcStrStrIgnoreCase:2:0:
140736877846224:FcStrSetCreate:0:0:
140736877846288:FcStrSetMember:2:0:
140736877846736:FcStrSetAdd:2:0:
140736877847392:FcStrSetDestroy:1:0:
140736877847504:FcStrListCreate:1:0:
140736877848272:FcStrCopyFilename:1:0:
140736877848448:FcStrSetAddFilename:2:0:
140736877848560:FcStrListNext:1:0:
140736877848608:FcStrListDone:1:0:
140736877853648:FcConfigParseAndLoad:3:0:3,
140736875018832:FT_MSB:1:0:1,
140736875019024:FT_MulDiv:3:0:
140736875019600:FT_MulFix:0:0:
140736875019776:FT_DivFix:2:0:
140736875020880:ft_corner_is_flat:4:0:
140736875021008:FT_GlyphLoader_Rewind:1:0:
140736875021184:FT_GlyphLoader_Add:1:0:
140736875024432:FT_Get_Char_Index:2:0:2,
140736875024480:FT_Get_Next_Char:3:0:2,
140736875029152:FT_Outline_Check:1:0:
140736875029424:FT_Outline_Get_CBox:2:0:
140736875030096:FT_Vector_Transform:2:0:
140736875030304:FT_Outline_Get_Orientation:1:0:
140736875030800:FT_Stream_Seek:2:0:
140736875031072:FT_Stream_Pos:1:0:
140736875031392:FT_Stream_GetUShort:1:0:
140736875031536:FT_Stream_GetULong:1:0:
140736875031792:FT_Stream_ReadUShort:2:0:
140736875035744:ft_mem_qalloc:3:0:
140736875035808:ft_mem_alloc:3:0:
140736875036736:ft_mem_free:2:0:
140736875037616:ft_glyphslot_free_bitmap:1:0:
140736875037744:FT_Load_Glyph:3:0:2,3,
140736875042416:FT_Stream_EnterFrame:2:0:
140736875042736:FT_Stream_ExitFrame:1:0:
140736875042784:FT_Stream_ReadFields:3:0:
140736855643568:XRenderFindDisplay:1:0:
140736849852000:_XUpdateGCCache:3:0:2,
140736849872320:_XFreeExtData:1:0:
140736849901856:_XUpdateAtomCache:5:0:5,
140736849945152:XrmStringToQuark:1:0:
140736849984928:_XSend:3:0:
140736849986448:_XReply:4:0:3,4,
140736849990640:_XSetLastRequestRead:2:0:
140736849992368:_XIsEventCookie:2:0:
140736849992784:_XDeq:3:0:
140736849995264:_XStoreEventCookie:2:0:
140736849995488:_XEnq:2:0:
140736849996064:_XVIDtoVisual:2:0:
140736849996272:_XFreeEventCookies:1:0:
140736849996384:_XData32:3:0:3,
140736849996832:_XGetRequest:3:0:2,
140736850043344:_XlcParseCharSet:1:0:
140736850043728:_XlcAddCT:2:0:
140736850044704:_XlcGetCharSet:1:0:
140736850044864:_XlcAddCharSet:1:0:
140736850045280:_XlcCreateDefaultCharSet:2:0:
140736850052336:_XlcGetResource:5:0:
140736850317776:_XkbReadCopyKeySyms:3:0:3,
140736850317824:_XkbReadBufferCopyKeySyms:3:0:
140736850318192:_XkbGetReadBufferPtr:2:0:2,
140736841277248:__hypot_finite:2:2:
140736836889344:pango_cairo_context_get_resolution:1:0:
140736832596256:pango_fc_font_get_type:0:0:
140736832598384:pango_fc_font_get_glyph:2:0:2,
140736761370960:XmlGetUtf8InternalEncoding:0:0:
140736761370992:XmlInitEncoding:3:0:
140736761378592:XmlPrologStateInit:1:0:
140737351950496::4:0:2,
140736964080656::1:0:
140736964080720::1:0:
140736964476032::2:0:
140736964470720::1:0:3,
140736964548480::3:0:6,
140736964505776::2:0:
140736964513584::3:0:
140737016791536::1:0:2,
140737014081344::1:0:
140737013621648::1:0:
140737014081040::1:0:
140737014080880::0:0:
140737013620656::1:0:
140737013621616::2:0:2,
140737013622784::2:0:
140737013622880::1:0:
140737013620800::3:0:
140737014081696::1:0:
140736964916761::0:0:
140737013620752::2:0:
140737013621600::1:0:
140737013620592::2:0:
140737013622896::1:0:
140737013624899::1:0:
140737013622736::3:0:
140736964488144::2:0:
140736964481664::3:0:
140736964472608::3:0:
140737013619824::0:0:
140737013743232::5:0:
140737013621408::3:0:
140737013741888::1:0:
140737016789904::1:0:
140737016791328::1:0:
140737016790848::3:0:
140737016791520::1:0:
140737013621200::2:0:
140737016791568::1:0:1,
140737016790992::3:0:
140737016926144::3:0:
140737016790368::1:0:
140737016791360::2:0:
140737016791024::1:0:
140737016790048::1:0:
140737016941472::1:0:
140737016790448::2:0:
140737016790576::1:0:
140737016790336::2:0:
140737016791008::1:0:
140737016924496::2:0:
140737016927936::1:0:
140737016920848::4:0:
140737016924912::3:0:
140737016792944::3:0:
140737016790864::3:0:
140737016927312::2:0:2,
140737016791152::3:0:
140737016921712::2:0:4,
140737016921568::1:0:
140737016791937::4:0:3,
140737016791232::2:0:
140736964482656::4:0:
140737016791120::1:0:6,
140737016792816::2:0:2,
140737016790144::1:0:
140737016790096::1:0:
140737016790272::2:0:
140737014081616::1:0:3,
140737013619984::1:0:
140736964459744::5:0:2,3,
140736964459568::2:0:2,
140736964505168::2:0:
140736964080752::1:0:
140736964525984::3:0:
140736805114544::1:0:
140736964199168::1:0:
140736938382864::5:0:1,2,3,5,
140736805429760::0:0:
140736805429616::1:0:
140736805113904::1:0:
140736805215936::6:0:2,3,4,6,
140736805430096::1:0:
140736938383728::1:0:
140736938749408::4:0:4,
140736938398224::1:0:
140736938384064::1:0:
140737013740368::0:0:
140736964147776::0:0:
140736964529136::2:0:
140736964527888::3:0:
140737013622032::2:0:1,
140737013619888::3:0:
140737020209632::1:0:
140737013620400::1:0:
140737020218400::1:0:2,4,
140737013620576::2:0:
140737013622336::0:0:
140737013621520::3:0:1,4,
140736946691552::0:0:
140736946686960::1:0:
140736946692768::4:0:
140736946690384::1:0:
140736946683632::2:0:
140736946681968::1:0:
140736946691728::1:0:
140736946691984::1:0:3,
140736946689120::3:0:
140736946681616::1:0:
140736946680688::1:0:
140736946689104::6:0:3,5,
140737016930976::2:0:
140736946682960::2:0:
140736946682112::3:0:3,
140736955158752::1:0:
140736955158832::2:0:
140737013621584::1:0:1,
140736955158336::0:0:
140737013729472::1:0:
140737013620304::1:0:
140736964916912::4:0:4,
140736946680848::6:0:
140737013733888::4:0:
140737013940064::2:0:
140736946688304::3:0:1,
140736946682368::4:0:
140737013622320::0:0:
140737013621040::0:0:2,
140737013620912::0:0:
140737013622848::2:0:
140737013619856::3:0:5,
140736946681792::1:0:2,
140736946689344::1:0:
140737013621552::1:0:
140736964527008::3:0:
140736964550640::3:0:
140737016790800::1:0:
140737016932064::2:0:
140737016925168::2:0:
140737016924784::3:0:
140737016930000::4:0:
140737016791248::2:0:2,
140737016922320::3:0:
140737016791632::1:0:
140737016922112::3:0:2,3,
140737016793088::2:0:
140737016928880::2:0:
140736946686160::6:0:
140737016790640::2:0:6,
140737016790288::1:0:
140737016790256::1:0:
140737016806224::2:0:
140737016790960::2:0:
140737016791344::1:0:2,3,
140737016791696::3:0:3,4,
140737016789968::1:0:
140737016790112::1:0:6,
140737016875968::4:0:4,
140737016790160::1:0:
140737016875872::2:0:
140737016880720::3:0:
140737016813296::2:0:
140737016791264::1:0:
140737016925456::2:0:
140737016924192::1:0:
140737016925664::2:0:
140737016791216::2:0:
140737016791552::3:0:
140737016790720::2:0:
140736946686896::1:0:
140737016832496::3:0:
140737016790016::1:0:
140737016791312::1:0:5,
140737013742560::2:0:2,5,
140737014094432::0:0:
140737013622752::1:0:1,
140737013740624::0:0:
140736946689136::2:0:
140736955158624::1:0:
140736955158512::6:0:
140736880068032::2:0:
140736880066144::1:0:
140736880066048::1:0:1,
140736955158368::1:0:
140736955158848::0:0:
140736955158800::2:0:
140736880066176::3:0:
140737351994128::2:0:
140737351950080::4:0:1,
140737351989184::2:0:2,
140736880066096::3:0:3,
140736880066000::6:0:
140736964464800::4:0:
140736964080640::2:0:
140736880066016::1:0:
140736955158720::1:0:
140736648000432::2:0:
140736648005584::0:0:
140736947368000::0:0:
140736946688816::1:0:
140736946686848::1:0:
140737016856064::1:0:
140737016790032::2:0:2,
140736946689488::3:0:2,
140737016957968::1:0:
140737016791072::2:0:
140737016790704::2:0:3,5,
140737016828096::2:0:2,
140737016791200::2:0:3,
140737016789984::4:0:
140736946691856::0:0:
140737013635648::2:0:
140737013620192::0:0:
140736946687008::0:0:
140737016961728::2:0:
140737016790656::3:0:5,
140736946693616::1:0:3,4,
140737016830272::2:0:3,6,
140737016790080::2:0:
140737016827616::2:0:4,
140737016875056::1:0:
140737016813712::2:0:4,
140736946691040::2:0:6,
140736946688560::2:0:
140736946693136::2:0:
140736946683648::1:0:
140737013635808::2:0:
140737016954944::2:0:
140736946687472::3:0:
140736946687248::1:0:
140736946681648::1:0:
140737016790304::1:0:
140736946682416::3:0:
140736946950256::2:0:
140736946681408::0:0:
140737016790192::2:0:
140737016791440::2:0:
140737013620160::0:0:
140736946686720::2:0:
140737013621728::4:0:
140736964254096::4:0:3,4,
140736920044896::1:0:
140737013801200::2:0:
140736946682192::2:0:2,
140736946688784::4:0:
140736946685696::2:0:3,
140737013800896::3:0:
140737013800544::2:0:
140736947245136::1:0:
140736947245072::1:0:6,
140736946684320::1:0:
140736946680816::3:0:6,
140737013812864::3:0:2,
140737013801936::2:0:
140737013802160::1:0:2,4,
140736965034352::0:0:4,
140736965034448::1:0:6,
140737013800464::0:0:5,
140736946689888::1:0:2,4,5,
140737014071616::2:0:
140736946686640::1:0:
140737013798880::1:0:3,
140736946690896::2:0:
140737016876176::1:0:
140737016879584::3:0:
140737013799280::1:0:
140737013802320::3:0:
140737013801424::3:0:
140737013741568::3:0:
140737013622224::3:0:
140737014078432::1:0:
140736947324144::3:0:
140736947324512::2:0:
140736946682144::2:0:
140736946686288::2:0:
140736946686176::3:0:
140736946682608::1:0:
140736946684944::6:0:
140737014038656::3:0:2,
140737014038976::2:0:
140737014017232::1:0:
140737014033296::2:0:
140737014017168::3:0:6,
140737014045088::1:0:4,
140737014045104::1:0:4,
140737014044992::4:0:
140736946684016::1:0:
140736947324656::5:0:
140736946688512::1:0:5,
140736947324416::2:0:
140736946693264::2:0:
140736946690432::1:0:
140736946684816::1:0:3,
140736946692128::1:0:
140736946684160::1:0:
140737014045536::1:0:
140736946682528::1:0:
140736946682048::1:0:
140736946681360::2:0:
140736946682848::1:0:
140736947324560::2:0:
140736946693008::2:0:
140737014044544::1:0:
140736946693664::3:0:5,6,
140737014045360::1:0:3,
140736946685392::2:0:
140736946685616::0:0:6,
140736946682992::1:0:
140736946687408::1:0:
140736946686976::1:0:4,
140737016875216::4:0:
140737016876352::2:0:
140736947321584::1:0:5,
140736947321776::5:0:
140736946693312::1:0:
140736946687312::1:0:1,3,
140736946686560::1:0:3,
140736946682256::1:0:
140736947321120::3:0:
140736946681936::1:0:
140737013620960::2:0:4,
140736946692224::1:0:
140736946682432::1:0:
140736946681216::1:0:
140736946681120::2:0:
140736946681344::2:0:
140736946691600::6:0:
140737014036768::4:0:3,
140736946691888::1:0:
140737013625366::2:0:
140736946687680::3:0:
140736946685152::3:0:1,2,3,4,
140737013922096::3:0:1,
140737014044640::2:0:
140737014062544::0:0:
140737013621280::4:0:
140736648000864::1:0:
140736647998000::2:0:
140736647997952::2:0:
140736946686496::2:0:4,
140736647999744::2:0:
140736947443168::0:0:
140736946686592::2:0:3,4,
140736947434048::1:0:
140736946688496::1:0:
140736946682384::1:0:
140736946691024::1:0:
140736647998816::2:0:
140736947433248::2:0:
140736946681600::3:0:
140737020226624::1:0:
140736946684384::1:0:
140737013620688::2:0:2,
140736947444320::1:0:
140737020224032::1:0:
140737020202480::1:0:
140736973550496::1:0:
140736973554784::2:0:
140736964157168::4:0:
140736964165856::6:0:4,
140736964511040::2:0:
140736964917257::0:0:
140736964194784::3:0:
140736964157968::2:0:
140736964151360::5:0:4,
140736970390912::2:0:
140736970384160::1:0:
140736849838528::1:0:
140736849839280::1:0:
140736849838624::2:0:2,
140736849838992::2:0:
140736849838240::2:0:
140736849838096::1:0:
140736849943760::1:0:1,
140736849839088::3:0:
140736850039264::3:0:
140736850040384::4:0:1,2,4,
140736849838192::3:0:
140736850053792::3:0:3,
140736849840032::0:0:
140736849838080::6:0:3,
140736849838960::3:0:2,
140736849839008::2:0:
140736849838896::1:0:
140736850048096::2:0:
140736850048800::1:0:
140736850051360::1:0:
140736850048976::2:0:
140736850047600::0:0:
140736849839472::3:0:
140736970391280::2:0:
140736970387408::2:0:
140736970386208::3:0:
140736973545072::1:0:
140736973537488::1:0:
140736973537040::1:0:
140736973551056::6:0:
140736973534544::1:0:
140736973530688::1:0:
140736973535792::3:0:
140736973539552::2:0:
140736970387616::6:0:
140736973547712::6:0:6,
140737016790784::4:0:
140736798643472::1:0:
140736798643392::3:0:
140736798643056::0:0:
140736798643008::1:0:
140736798643696::1:0:
140736798646592::3:0:3,
140736798644944::4:0:
140736798643456::1:0:
140736798643536::0:0:
140736798643104::3:0:1,3,
140736798643072::1:0:
140736798651104::1:0:
140736798643344::1:0:
140736798652272::3:0:3,
140736798643552::3:0:
140736849838608::1:0:
140736798651200::3:0:
140736798649008::4:0:
140736798652688::1:0:
140736798643520::0:0:
140736798643568::1:0:
140736849983984::1:0:
140736849982368::1:0:
140736849984624::1:0:
140736849984256::1:0:
140736849839392::1:0:
140736798649328::1:0:
140736849990368::1:0:
140736849851488::3:0:
140736849986416::1:0:
140736849997040::1:0:
140736849983616::2:0:
140736849838816::4:0:3,
140736849990448::1:0:
140736849839104::3:0:2,
140736849982800::2:0:2,
140736798656272::2:0:2,
140736849983184::2:0:
140736849982992::2:0:
140736970392608::2:0:
140736970672784::2:0:2,
140736849901296::6:0:3,
140736970389888::2:0:
140736970393232::3:0:3,
140737013873552::3:0:
140736970386640::2:0:2,
140736970690832::3:0:
140736970390640::2:0:
140736970387712::1:0:
140736970619280::0:0:
140736970389728::1:0:
140736970471136::2:0:
140736970541328::1:0:
140736970506784::1:0:
140736970386384::1:0:
140736970389968::2:0:
140736970391536::2:0:
140736970508080::4:0:3,
140736970727456::2:0:
140736970393376::3:0:
140736970387856::1:0:
140736970389216::1:0:
140736970701104::1:0:
140736970541552::4:0:2,3,4,
140736970385600::1:0:
140737016812608::1:0:
140737016812704::6:0:5,
140736973550720::2:0:
140736973555312::3:0:
140736970730080::3:0:
140736970731296::2:0:
140736970730272::1:0:
140736970730672::1:0:
140736970628576::3:0:
140736970387232::2:0:
140736970391504::2:0:
140736970388064::2:0:
140736970391296::2:0:
140736970384416::1:0:
140736970387744::1:0:
140736970725776::3:0:
140736973534944::0:0:
140736973546144::2:0:
140736973533344::2:0:
140736973551600::1:0:
140736973532224::1:0:
140736973549248::6:0:3,5,
140736973554000::2:0:
140736973539264::6:0:0,
140736973555568::1:0:
140736973545392::1:0:
140736973538352::6:0:4,5,6,
140736974774304::3:0:
140736973541424::1:0:
140736973550016::2:0:
140736973532784::1:0:
140736973536656::3:0:2,
140736973531072::3:0:2,
140736973542336::5:0:4,5,
140736973531472::5:0:5,
140736973547360::1:0:
140736973533968::6:0:5,6,
140736973542448::2:0:
140737013927200::3:0:
140736973555088::1:0:
140736973545984::2:0:
140736973537888::2:0:
140737016790544::3:0:2,
140737016881392::5:0:2,
140736973535776::4:0:
140736974634544::1:0:
140736973543072::6:0:
140736973538112::2:0:
140736973540608::2:0:
140736973542832::2:0:
140736973556304::1:0:
140736973541488::4:0:
140736973533024::1:0:
140736973531184::1:0:
140736973542176::3:0:
140736973532576::1:0:
140736973535824::4:0:2,
140736973539776::1:0:
140736973546384::2:0:2,
140736973538160::2:0:
140736973544448::2:0:
140736973531376::1:0:
140736973535664::6:0:
140736973556192::2:0:2,
140736973548816::2:0:
140736973554432::4:0:2,
140736973542656::1:0:
140737013901904::5:0:
140737013901648::3:0:
140737013898432::1:0:
140736973545648::1:0:
140736973549920::2:0:
140736973548208::2:0:
140736974638880::3:0:
140736974638800::1:0:
140736973544512::1:0:
140736973533952::1:0:
140736973553856::2:0:2,
140736935953872::1:0:
140736935997136::3:0:2,
140736935955328::1:0:
140736973547936::3:0:
140736973539536::1:0:
140736974634032::1:0:
140736973545456::1:0:
140736973557152::3:0:3,
140736974640736::3:0:
140737013930208::0:0:
140736973540096::2:0:
140736974636576::3:0:3,
140736973535680::3:0:1,2,3,
140736973540896::4:0:2,4,
140736973540432::2:0:2,
140736973545440::0:0:
140736974647696::2:0:
140736973544256::1:0:
140736974647376::1:0:
140736973556176::0:0:
140736973553184::2:0:
140736973540720::2:0:2,
140736973554688::1:0:1,
140736973534064::2:0:2,
140736974772352::4:0:
140736973535488::3:0:
140736974639120::3:0:
140737013621568::1:0:
140737013619696::13:7:3,
140736964081259::1:0:
140736964189488::5:1:
140736964184768::4:0:4,
140736964185392::5:0:
140736964186304::4:0:
140736964185040::4:0:4,
140736964276512::0:0:
140736973555536::2:0:
140736974873168::3:1:
140737013620096::2:0:
140736964218144::6:0:2,
140736964218880::6:0:3,5,6,
140736964189888::3:0:2,
140736964252928::4:0:
140736935953504::3:0:3,
140736935953440::1:0:
140736955158576::2:0:
140736452457408::2:0:
140736452457152::1:0:
140736452457648::4:0:2,
140736452457280::1:0:
140736452456960::1:0:
140736452475024::3:0:
140736452457456::3:0:
140736452472224::0:0:
140736452457472::1:0:
140736974633968::6:0:
140736452472304::2:0:
140736452456672::1:0:
140736452456848::1:0:
140736452475184::2:0:
140736452472496::5:0:2,3,4,5,
140736452475472::2:0:
140736452472544::2:0:2,
140736452457344::2:0:
140736973531024::1:0:
140736973546448::3:0:
140736448005936:murrine_rc_style_get_type:0:0:
140736448011728:murrine_style_get_type:0:0:
140736447982496::0:0:
140736447984656::0:0:
140736447983440::2:0:
140736447984016::2:0:
140736447984240::2:0:
140736447983632::1:0:
140736447985072::4:0:2,
140736447983952::1:0:
140736973543136::3:0:
140736973534320::4:0:
140736973550816::2:0:
140736973535472::3:0:
140736970386304::2:0:2,
140736855624032::3:0:2,
140736855624112::2:0:
140736824025488::1:0:
140736974831952::0:0:
140736973537584::2:0:
140737020226016::6:0:
140737020231184::2:0:
140737020211984::2:0:2,
140737020226576::0:0:
140736927960912::4:0:
140736927958848::3:0:2,
140736927959376::3:0:
140736927960352::1:0:
140736932581824::2:0:
140736927960208::1:0:
140736927959648::1:0:
140736844744160::1:0:
140736920045344::4:0:3,
140736920045616::6:0:
140736927959968::1:0:
140736844743168::1:0:
140736984145072::1:0:
140736984142128::1:0:
140736984148496::1:0:
140736984124032::1:0:
140736984135264::1:0:
140736984144128::1:0:
140736927958672::1:0:
140736984129344::2:0:
140736984124720::1:0:
140736984146064::1:0:3,
140736984152800::1:0:
140736984130224::1:0:
140736984123376::2:0:
140736984135968::3:0:2,
140736984148016::6:0:3,4,
140736984123296::2:0:
140736985272912::1:0:
140736984142096::2:0:
140736984141728::3:0:
140736985334272::2:0:
140736984130464::3:0:3,
140736984126384::2:0:
140736984129088::1:0:
140736957410384::1:0:
140736957410288::1:0:
140736957375744::2:0:4,
140736957357152::1:0:2,4,
140736957356960::3:0:
140736957388448::2:0:
140736957388336::4:0:4,
140736957572272::6:0:3,
140736957423888::4:0:2,4,
140736957380736::3:0:3,
140736957380592::3:0:3,
140736957410688::2:0:3,
140736957410624::2:0:
140736957357072::3:0:5,
140736957423056::4:0:3,
140736957422928::3:0:
140736957413968::2:0:3,
140736957568448::6:0:
140736957414896::1:0:4,
140736957498640::4:0:2,
140736957498192::3:0:3,
140736957474208::1:0:
140736957380864::0:0:
140736957380928::0:0:
140736957425760::1:0:1,
140736957425456::2:0:2,
140736957418976::1:0:
140736957382960::1:0:
140736957357280::0:0:
140736957431280::1:0:
140736957431584::1:0:3,4,
140736957439664::6:0:3,4,5,6,
140736957439536::2:0:2,
140736957568752::2:0:3,
140736957569232::6:0:3,4,
140736957451008::2:0:
140736957528464::1:0:
140736957478848::1:0:1,
140736957754480::6:0:3,4,
140736957529088::1:0:
140736957431520::1:0:
140736957753200::6:0:
140736957394704::1:0:
140736957417024::1:0:2,
140736957752016::3:0:
140736957448192::2:0:3,5,
140736957447648::2:0:5,
140736957728448::5:0:4,
140736957391648::2:0:4,
140736957530368::4:0:
140736957490480::2:0:
140736957410784::1:0:
140736957490336::5:0:5,
140736957490224::1:0:
140736957482064::3:0:
140736957412112::2:0:3,
140736957412032::3:0:3,
140736957376512::1:0:
140736957530032::1:0:
140736957490544::6:0:2,
140736957462528::2:0:
140736957415216::2:0:
140736957447584::1:0:
140736957447360::2:0:2,
140736957444048::2:0:
140736957441520::2:0:
140736957443936::2:0:
140736957435888::2:0:2,
140736957442816::2:0:
140736957442656::2:0:
140736957431632::1:0:
140736957529472::1:0:
140736957435680::1:0:
140736957756448::1:0:
140736957691488::1:0:
140736957433392::1:0:
140736957691200::2:0:
140736957415600::3:0:3,
140736957420288::1:0:3,
140736957394416::0:0:3,
140736957394480::0:0:
140736957694848::1:0:3,4,
140736957436400::1:0:
140736957694592::1:0:4,
140736957573808::6:0:
140736957436080::2:0:
140736957434144::2:0:
140736957433920::3:0:
140736957689792::1:0:
140736957384160::2:0:2,
140736957627376::2:0:2,
140736957430480::1:0:
140736957424192::4:0:2,3,
140736957382800::2:0:
140736957581104::4:0:2,4,
140736957579920::4:0:4,
140736957399824::4:0:2,
140736957419280::1:0:3,4,
140736957430192::2:0:2,
140736957356992::3:0:
140736957584128::1:0:
140736957561152::2:0:2,4,
140736957587040::1:0:
140736957624560::1:0:
140736957589008::2:0:2,
140736957588704::1:0:
140736957460096::3:0:2,3,
140736957419792::1:0:
140736957418896::1:0:
140736957425328::1:0:
140736957417136::1:0:
140736957381728::1:0:
140736957419232::1:0:
140736957418800::1:0:
140737020207216::0:0:
140736957532480::4:0:3,
140736957531696::5:0:2,
140736957411104::4:0:2,4,
140736957443232::4:0:
140736957385744::1:0:
140736957497088::3:0:
140736957556240::6:0:
140736957495632::4:0:
140736957495216::4:0:4,
140736957439456::3:0:
140736957497520::6:0:
140736957437344::2:0:
140736957814096::3:0:2,
140736957812576::1:0:
140736957379744::2:0:
140736957812624::6:0:4,5,6,
140736957530544::1:0:
140736957386480::3:0:
140736957386672::3:0:
140736957387072::2:0:
140737020199888::6:0:
140736957849200::5:0:4,
140736957380432::1:0:
140736957376384::2:0:2,
140736957432096::3:0:2,
140736957375632::0:0:
140736957357184::2:0:
140736957530656::2:0:
140736957437856::2:0:
140736957437712::2:0:
140736957531072::2:0:
140736957535424::6:0:
140736957463696::2:0:
140736957456064::3:0:3,
140736957358408::3:0:3,
140736957434240::4:0:2,4,6,
140736957489952::1:0:
140736957482144::3:0:3,
140736957459664::1:0:
140736957639920::2:0:2,
140736957437952::2:0:2,
140736957548208::6:0:2,3,5,
140736957548016::6:0:3,4,5,
140736957422704::2:0:2,
140736957446480::2:0:
140736957554448::2:0:2,
140736957445792::2:0:
140736957666912::3:0:3,
140736957567648::6:0:3,4,5,6,
140736957567328::5:0:3,4,5,
140736957566064::5:0:3,4,
140736957438976::4:0:2,3,4,
140736957459760::3:0:2,3,
140736957487872::5:0:2,3,
140736957482208::3:0:2,
140736957390096::6:0:
140736957442592::2:0:
140736957442464::2:0:
140736957442272::2:0:
140736957416816::2:0:
140736957698576::5:0:3,4,5,
140736957589776::4:0:2,4,
140736957526368::1:0:
140736957525952::2:0:
140736957589872::2:0:2,
140736957579536::3:0:2,
140736957598688::1:0:
140736957422432::3:0:
140736957421936::2:0:
140736957379920::2:0:
140736957432720::2:0:
140736957402176::3:0:
140736957482576::1:0:
140736957488048::1:0:
140736957437232::2:0:1,
140736957505008::2:0:2,
140736957482896::2:0:2,
140736957570720::2:0:2,
140736957568832::1:0:
140736957412160::2:0:
140736957438800::4:0:4,
140737020217296::0:0:
140736957541120::2:0:
140736957541376::2:0:
140736957541584::2:0:
140737020211536::6:0:3,4,
140737020229344::2:0:
140737020219664::3:0:2,
140737020216080::0:0:
140737020212400::0:0:
140737020213968::0:0:
140737020205184::0:0:
140736957446016::2:0:
140736957387552::1:0:
140736957463920::3:0:
140736957463840::1:0:
140736957464128::4:0:3,
140736957459536::2:0:2,
140736957459424::2:0:2,
140737020213952::2:0:
140736957465840::3:0:3,
140736957464944::2:0:3,
140737020205264::2:0:
140737020205248::1:0:
140737020202288::1:0:
140737020220800::2:0:
140737020214144::2:0:
140737020209824::1:0:
140737020200592::1:0:
140737020220592::2:0:
140736957515664::3:0:2,3,
140737020222416::6:0:
140737020210912::6:0:
140737020218928::6:0:
140737020214736::6:0:6,
140736946692656::2:0:2,
140736946685328::1:0:1,
140736964183456::3:0:
140736964183616::6:0:
140736927959264::1:0:
140736947376464::1:0:
140737013820624::1:0:
140737013820720::1:0:
140737013819600::3:0:
140737013819488::2:0:
140737013825280::2:0:
140737013821216::3:0:
140737013819888::1:0:
140736946686000::2:0:
140737013819808::2:0:
140737013822256::4:0:
140737013821904::4:0:3,
140737013825872::2:0:
140736947375488::1:0:
140736946693840::3:0:
140736946684928::2:0:
140737013820160::1:0:
140736984150496::5:0:4,5,
140736984133056::1:0:
140736984143936::1:0:
140736935955216::1:0:
140736935953856::2:0:
140736935953472::1:0:
140737013621088::3:0:2,
140737020222000::2:0:
140737020223504::3:0:
140737020219344::6:0:
140737020213360::2:0:2,
140737013774192::1:0:
140737013773840::2:0:
140737013772832::1:0:
140737013621024::3:0:
140737013775760::2:0:
140737013772896::1:0:
140737013774544::2:0:
140737013773104::1:0:
140737020202032::1:0:
140737020228976::4:0:
140737013777776::4:0:
140737013778704::2:0:
140737013621376::3:0:3,
140737013773744::2:0:
140737020208064::2:0:
140737020209872::2:0:
140736946693712::2:0:
140736946811488::1:0:4,
140736946806224::1:0:
140736946806016::1:0:
140736946811968::1:0:
140736946692464::2:0:
140736946683088::2:0:2,
140736946692800::1:0:
140736947455664::3:0:
140736946825152::2:0:2,
140736947456320::6:0:4,
140736947456000::4:0:
140736946812272::2:0:2,
140736946812192::2:0:2,
140736946683776::3:0:1,
140736946685424::1:0:
140736946795968::1:0:
140736946684496::6:0:2,3,
140736947455952::1:0:
140736946805664::2:0:2,
140736946818272::3:0:2,3,
140736946818656::3:0:2,
140736947454224::5:0:2,5,
140736946811568::1:0:
140737020213440::2:0:
140737020218512::1:0:
140737020220016::1:0:
140736957357818::4:0:
140736957578624::3:0:
140736957424336::3:0:1,2,3,
140736957429312::1:0:
140736957383232::5:0:1,
140736957579216::3:0:3,
140736957578928::5:0:2,
140736957531600::3:0:
140736957531520::2:0:
140736957385952::1:0:
140736957817296::2:0:
140736957416208::2:0:
140736957411952::3:0:2,
140736957541776::2:0:
140737013734992::3:0:
140737020218736::2:0:2,
140736927960544::0:0:
140736927959584::1:0:
140736932570192::0:0:
140736932817952::2:0:2,
140736927963586::2:0:
140736930583072::2:0:2,
140736928150256::2:0:
140736930436640::2:0:
140736930448576::2:0:
140736973545712::6:0:3,4,
140736973535520::1:0:
140736970421296::1:0:
140736970393648::1:0:
140736970389056::2:0:
140736970387648::2:0:
140736970393536::1:0:
140736970421408::2:0:
140736970631248::4:0:4,
140736970421616::2:0:
140736970389472::1:0:
140736970638560::0:0:
140736970387008::2:0:
140736950333168::2:0:
140736950332512::2:0:
140737016790432::2:0:2,
140736844745344::1:0:
140736844840256::0:0:
140736844745408::1:0:
140736844745216::1:0:
140736844746560::1:0:1,
140736844750576::1:0:
140736844750032::1:0:
140736844748048::2:0:
140736844748832::1:0:
140736844750208::2:0:
140736844752080::1:0:
140736844749520::4:0:
140736844749184::2:0:
140736844742160::1:0:
140736844749456::1:0:
140736844742848::1:0:
140736844741968::1:0:
140736844745632::1:0:
140734895203632:asn1_length_der:3:0:
140734895203792:asn1_octet_der:4:0:2,
140734895209280:asn1_get_length_der:3:0:2,
140734895210832:asn1_get_tag_der:5:0:2,
140734895211344:asn1_get_length_ber:3:0:2,
140734895230128:asn1_find_node:2:0:
140734895235856:asn1_delete_structure:1:0:
140734897387264::2:0:
140734897386208::2:0:
140734895230032::1:0:1,
140734895192224::2:0:
140734895192336::1:0:
140734895231248::2:0:
140734895229904::3:0:
140734895192064::1:0:
140734895192304::3:0:
140734895241808::2:0:
140734895231392::2:0:
140734895230640::3:0:3,
140734895231552::1:0:
140734895229776::3:0:
140734895192096::2:0:2,
140734895192256::4:0:
140734895192240::2:0:
140734895191984::1:0:
140734890611440::1:0:
140736810526848::2:0:
140736810519536::2:0:
140734897387248::2:0:
140736947026368::4:0:3,
140736946687584::3:0:
140736947026576::3:0:
140734897391264::0:0:
140734890611264::3:0:
140734895236016::1:0:
140734895231312::2:0:
140734895191968::6:0:3,
140734895231472::2:0:2,
140734897384352::1:0:
140734897384672::3:0:3,
140734897384624::1:0:
140734897386080::1:0:
140734890682720::4:0:
140734890746544::3:0:
140734890609776::1:0:
140734890746416::3:0:
140734890610544::4:0:
140734890682320::3:0:
140734890610560::3:0:
140734890610976::4:0:3,
140734895211424::5:0:4,
140734895231728::2:0:
140734895192288::3:0:3,
140734895192432::3:0:3,
140734895210320::4:0:2,
140734895230896::3:0:3,
140734895230816::3:0:3,
140734895225296::1:0:
140734895210192::4:0:2,
140734895209744::4:0:3,
140734895209024::1:0:
140734895234448::1:0:
140734890867680::4:0:4,
140734890609136::4:0:
140734895192016::2:0:
140734890610384::2:0:
140734890692480::2:0:
140734897387088::1:0:
140734897393504::1:0:
140734897387696::2:0:
140734890872208::3:0:
140734890868176::4:0:4,
140734890611424::5:0:
140734895203424::4:0:1,2,
140734895192400::3:0:
140734890611200::6:0:3,
140734890692288::4:0:
140734897385408::4:0:
140734897386016::2:0:
140734897394640::1:0:
140734897386576::6:0:
140734897385696::4:0:2,
140734897387520::2:0:
140734897387040::1:0:1,
140734897385824::1:0:
140734897413184::3:0:
140734897387488::2:0:
140734897386032::1:0:
140734897384720::1:0:
140734897385200::3:0:
140734897387552::1:0:
140734897384944::1:0:
140734897385536::1:0:
140734897385072::1:0:
140737016878992::6:0:2,3,4,
140737016877696::6:0:2,3,4,
140736946691072::0:0:
140737020218624::2:0:2,
140736946682224::4:0:
140737020230160::2:0:
140737020213072::0:0:
140734820591504::2:0:
140737020230528::1:0:
140736957436528::2:0:2,
140736957513872::4:0:
140736957381648::2:0:
140737013921760::2:0:
140736973532912::2:0:
140736973553600::1:0:
140736973534176::1:0:
140736973654304::5:0:2,3,
140736973539344::1:0:1,
140736970386736::3:0:
140736973548016::1:0:
140736973649360::3:0:2,3,
140736973653216::3:0:2,3,
140736973649584::2:0:
140736973555472::2:0:
140736974784848::1:0:
140736973542016::0:0:
140736973538368::4:0:4,
140736973549584::1:0:
140737020204656::0:0:
140737020230336::0:0:
140736973554848::0:0:
140736974856320::2:0:
140736974644288::1:0:
140736973540672::1:0:
140736935955904::1:0:
140736935971424::3:0:
140736935972032::4:0:
140736935953888::2:0:
140736935972832::3:0:2,
140736935971600::3:0:
140736935972256::6:0:3,5,
140736935955824::2:0:
140736935955344::1:0:
140736935955424::1:0:
140736935953664::2:0:
140736935955008::1:0:
140736973550256::1:0:
140736973556112::1:0:
140736973554304::2:0:2,
140736974788384::1:0:
140736973546528::0:0:
140736973546128::1:0:
140736973551216::4:0:2,
140736973557296::1:0:
140736973535120::1:0:
140736973553424::1:0:
140736973663360::2:0:2,
140736973538800::1:0:
140736975487104::2:0:
140736973546336::1:0:
140736973533744::6:0:2,3,
140736975480880::2:0:
140736975480624::1:0:
140736975470400::2:0:
140736975460896::3:0:
140736975212720::1:0:
140737020208144::4:0:
140736973545616::2:0:1,
140736973536848::2:0:
140736973547312::1:0:
140736973539168::1:0:
140737020214928::0:0:
140737020230368::3:0:
140736973610752::2:0:
140736973544480::1:0:
140736973539360::1:0:
140736970384816::1:0:
140736973590256::1:0:
140736973589456::1:0:
140736973537728::1:0:
140737020204928::1:0:
140736973589568::3:0:1,
140736973554912::0:0:
140736973590064::1:0:
140736973551520::2:0:
140736973531120::1:0:1,
140736973549808::2:0:
140736973531040::2:0:
140736975439920::6:0:5,6,
140736973535904::3:0:
140736973552832::1:0:
140736973545312::1:0:
140736973533696::3:0:2,
140736973534016::5:0:5,
140736973544208::3:0:3,
140736973582064::6:0:2,3,4,6,
140736973546320::3:0:
140736973531280::3:0:
140736973594272::2:0:
140736973552272::5:0:2,3,5,
140736975438048::3:0:2,3,
140736973535168::3:0:
140737020209664::2:0:
140736975433744::4:0:3,4,
140736974375616::1:0:
140736973540160::6:0:2,3,4,
140736974413232::1:0:
140736974300048::1:0:
140736974299040::2:0:
140736974299600::2:0:2,
140736974296336::1:0:
140736973586368::1:0:
140736973542224::3:0:
140736974420320::4:0:4,
140736975431968::3:0:
140736974251632::1:0:
140736974249968::1:0:
140736973530816::2:0:
140736975448320::1:0:
140736973601664::3:0:3,
140736974288224::4:0:
140736973549728::2:0:
140736973543808::1:0:
140736974298352::3:0:3,
140736973550304::1:0:
140736974285568::2:0:
140736973536544::0:0:
140736973531216::1:0:
140736973542000::1:0:1,
140736973552336::2:0:
140736935954384::2:0:
140736935953632::1:0:
140736973539952::0:0:
140736973544160::6:0:
140736974252432::2:0:
140736974240320::1:0:
140736973599888::2:0:
140736973549440::1:0:
140736974154080::0:0:
140736974432768::3:0:2,
140736973536384::2:0:
140736974432576::3:0:2,
140736974425920::2:0:2,
140736974445584::3:0:2,
140736973587104::3:0:2,3,
140736973545680::1:0:
140736973546352::2:0:
140736974153952::3:0:
140736975493472::2:0:
140736974864288::4:0:
140736973532656::1:0:
140737020214816::0:0:
140737020218432::0:0:
140736973554992::2:0:
140736973550992::1:0:
140736973541952::1:0:
140736975552352::2:0:
140736975522176::1:0:
140736975537984::2:0:2,
140736975487712::2:0:2,
140736973540528::1:0:
140736975484304::1:0:
140736973691872::2:0:
140736973546368::2:0:
140736973555120::1:0:
140737020224016::2:0:2,
140736974658448::5:0:3,
140736973539392::3:0:2,
140736974658432::4:0:2,
140736974635712::2:0:
140736973533104::1:0:
140736974635824::4:0:2,
140736973546816::1:0:
140736973532704::1:0:
140736974635024::1:0:
140736973543392::2:0:
140736974642992::2:0:
140736452457168::0:0:
140736974634144::2:0:
140736973533184::1:0:
140736973551744::2:0:
140736974638704::2:0:
140736973531536::1:0:
140736974644592::3:0:2,3,
140736975144416::1:0:
140736975163024::6:0:
140736891958400::2:0:
140736891959680::1:0:
140736891959360::2:0:
140736891958112::1:0:
140736891959376::2:0:
140736975479328::3:0:2,3,
140736975136608::1:0:
140737020210768::0:0:
140736975451712::2:0:2,
140736973535040::1:0:
140736935953808::1:0:
140736875002144::3:0:2,
140736875002272::2:0:
140736935955408::2:0:
140736935954592::1:0:
140736935953424::1:0:
140736836889104::2:0:2,
140736836887856::2:0:2,
140736936026720::1:0:
140736936024896::2:0:
140736936034192::1:0:
140736936031488::1:0:
140736935953936::2:0:
140736935954320::1:0:
140736936083184::1:0:1,
140736935955440::1:0:
140736935955696::1:0:1,
140736832590784::1:0:
140736832593328::1:0:
140736832591344::1:0:
140736832605600::2:0:
140736832594160::1:0:
140736832591216::1:0:
140736832592448::2:0:2,
140736832591648::2:0:
140736836887216::1:0:
140736832592560::1:0:
140736877746704::1:0:
140736877826896::1:0:
140736877745984::1:0:
140736877746496::2:0:
140736877746400::1:0:
140736877745456::1:0:
140736877746480::2:0:
140736877826736::2:0:2,
140736877832128::2:0:2,
140736877830208::2:0:2,
140736877746960::3:0:
140736877834080::6:0:2,3,5,6,
140736877746608::3:0:
140736877747104::2:0:
140736877746992::0:0:
140736877846400::2:0:
140736877840176::2:0:
140736877777760::3:0:2,
140736877745856::2:0:2,
140736877745728::1:0:
140736761277264::1:0:
140736761287552::2:0:
140736761282176::2:0:
140736761280496::1:0:
140736761277232::3:0:
140736761339600::1:0:
140736761338320::2:0:
140736877746304::2:0:
140736877745712::3:0:
140736877747008::3:0:
140736877746192::2:0:
140736877745424::2:0:2,
140736877746448::0:0:
140736877746592::3:0:2,3,
140736761310656::1:0:
140736761277248::1:0:
140736761277184::1:0:1,
140736761277312::0:0:
140736761291968::1:0:
140736761363616::6:0:
140736761340624::2:0:
140736761295216::6:0:5,
140736761281200::4:0:2,
140736761362528::6:0:2,
140736761361424::6:0:
140736761281120::4:0:
140736761280992::4:0:
140736761282272::4:0:
140736761277168::3:0:2,
140736761291216::1:0:
140736761303952::6:0:2,
140736761292192::5:0:
140736877845440::2:0:
140736877845968::3:0:3,
140736877845648::2:0:2,
140736761340240::4:0:
140736761277200::3:0:
140736877850576::2:0:
140736877845840::1:0:
140736877840800::1:0:
140736877845504::1:0:
140736877853360::1:0:
140736761291472::4:0:
140736761283472::4:0:
140736877745920::2:0:
140736877850976::2:0:2,
140736877845568::1:0:
140736877849136::1:0:
140736877827216::2:0:
140736877852976::2:0:2,
140736877852400::1:0:
140736877759232::1:0:
140736877851824::1:0:
140736877850320::6:0:2,3,5,
140736877826976::1:0:
140736877829728::1:0:
140736877849872::3:0:3,
140736877850816::3:0:
140736877850464::5:0:2,3,5,
140736877849040::2:0:1,
140736877746672::1:0:
140736761288256::2:0:
140736877746224::1:0:
140736761279456::1:0:
140736761279376::1:0:
140736877746320::0:0:
140736877843248::2:0:
140736877746048::2:0:2,
140736877745760::2:0:
140736877852096::2:0:2,
140736877837760::2:0:
140736877830480::2:0:
140736877830800::1:0:
140736877746576::3:0:3,
140736877752224::5:0:
140736877840320::2:0:
140736877746656::3:0:1,
140736877840240::3:0:
140736877840096::2:0:
140736877747088::0:0:
140736877751584::2:0:
140736877748768::2:0:
140736877746528::4:0:
140736877746208::3:0:2,
140736877847568::6:0:
140736877751504::3:0:
140736877746736::3:0:1,2,
140736877753232::3:0:1,
140736877750768::0:0:
140736877746512::2:0:
140736877746688::1:0:
140736877840192::0:0:
140736877751376::2:0:
140736877750880::2:0:
140736877777872::0:0:
140736877768976::4:0:3,
140736877754080::2:0:2,
140736877748640::1:0:
140736877768736::2:0:
140736877746032::4:0:
140736877746352::4:0:4,
140736877836000::4:0:2,3,
140736877835504::4:0:2,3,
140736877832080::2:0:2,
140736877768912::2:0:
140736877758624::2:0:
140736877815680::2:0:
140736877761376::3:0:
140736877758704::4:0:3,
140736877812656::2:0:
140736877843808::2:0:
140736877841232::3:0:3,
140736877808496::1:0:
140736877762528::4:0:3,
140736877764944::5:0:3,5,
140736877842832::2:0:
140736832594560::1:0:
140736832592688::1:0:
140736935955840::1:0:1,
140736936001056::4:0:2,
140736935955776::1:0:
140736832592096::2:0:
140736935953968::2:0:
140736832592288::3:0:
140736832609104::2:0:2,
140736877820608::4:0:
140736877818752::2:0:2,
140736877819888::6:0:1,
140736877809984::2:0:
140736877833744::4:0:2,4,
140736877831232::1:0:
140736877810128::2:0:
140736832593760::4:0:3,
140736832591328::4:0:3,
140736832593888::2:0:
140736832591056::1:0:
140736938385872::3:1:
140736841229376::1:1:
140736841229744::1:1:
140736936011568::4:0:4,
140736832594624::1:0:
140736832612224::2:0:
140736832602688::2:0:
140736832593696::1:0:
140736832591536::1:0:
140736832592480::3:0:2,3,
140736935955184::1:0:1,
140736935954656::1:0:1,
140736935956032::1:0:
140736936024064::2:0:
140736836891312::1:0:
140736938387088::1:0:
140736938510624::2:0:
140736938511312::2:0:
140736938509920::1:0:
140736938509792::3:0:
140736938387520::1:0:
140736938383344::1:1:
140736938491472::2:0:
140736939042192::1:0:
140736875017808::1:0:
140736939043056::2:0:
140736938387680::2:2:
140736939046608::1:0:
140736913325120::2:0:
140736913325776::2:0:
140736913336560::3:0:2,3,
140736913436272::3:0:
140736913399680::4:0:3,4,
140736913399760::2:0:
140736913536528::1:0:
140736913411376::2:0:2,
140736913324944::2:0:2,
140736913378160::2:0:2,
140736913468544::4:0:2,3,4,
140736913340656::1:0:
140736913340096::4:0:2,3,
140736913336848::1:0:
140736832592496::2:0:
140736832591232::2:0:2,
140736877746912::2:0:2,
140736875252304::3:0:3,
140736875251792::2:0:
140736913336976::1:0:
140736913340224::4:0:
140736913325152::2:0:
140736913393984::3:0:
140736913399456::1:0:
140736832593184::4:0:2,
140736836887376::1:1:
140736935955568::1:1:
140736836886272::4:0:3,
140736938716656::1:0:
140736938723072::4:0:3,
140736938383184::3:0:2,
140736875252096::1:0:
140736875302880::1:0:
140736875119488::5:0:4,5,
140736875114944::4:0:2,3,4,
140736875080288::3:0:2,
140736875091776::2:0:2,
140736875080576::1:0:
140736875295184::2:0:
140736875303936::2:0:2,
140736875297040::5:0:2,3,
140736875008070::2:0:2,
140736875010389::2:0:2,
140736875010065::6:0:
140736875303840::4:0:
140736938721856::3:0:
140736938387168::1:1:
140736938716736::1:0:
140736913376000::2:0:2,
140736935955360::2:0:
140736935953552::3:0:
140736973903056::1:0:
140736968043712::1:0:
140736968043632::1:0:
140736968042480::2:0:
140736968042544::5:0:
140737013763024::4:0:
140736968041744::1:0:
140736968056640::2:0:
140736968043904::2:0:
140736968042416::1:0:
140736968043104::2:0:
140736968043424::2:0:
140736968056864::2:0:
140736968042752::3:0:3,
140736968043440::2:0:
140736974143088::1:0:
140736974143488::2:0:
140736973540304::3:0:1,
140736973533456::4:0:
140736973540208::4:0:
140736973552880::1:0:
140736973532864::1:0:
140736974163408::1:0:
140736973553104::2:0:
140736974163184::1:0:
140736973542320::2:0:2,
140736974164080::3:0:
140736974143504::3:0:3,
140736974142752::4:0:4,
140736968043536::2:0:
140736968042592::1:0:
140736947490848::3:0:3,
140736947490448::0:0:
140736946684848::2:0:
140736946688576::1:0:
140736947487856::2:0:
140736946681088::1:0:
140736946685808::1:0:
140736947494096::3:0:3,
140736947492992::5:0:2,3,5,
140736947492624::6:0:2,5,6,
140736947493648::4:0:
140736947493168::1:0:
140736973539888::1:0:
140736973532512::1:0:
140736448001296::2:2:
140737013843808::4:0:2,
140737020204336::0:0:
140736973544224::2:0:
140737020220480::1:0:
140737020220192::4:0:
140737013773360::3:0:3,
140737020206048::1:0:
140737020228672::2:0:2,
140737020200752::1:0:
140736984130912::2:0:
140736984123776::1:0:
140736974287888::1:0:
140736974789120::1:0:
140736975137792::2:0:
140736975136656::3:0:
140736936020624::1:0:
140736936000096::4:0:2,
140736875294112::2:0:2,
140736875298480::3:0:3,
140736875306784::2:0:2,
140736875009095::4:0:2,
140736875008559::4:0:1,
140736913461984::3:0:3,
140736913399936::2:0:2,
140736913401904::1:0:
140736935957917::2:0:2,
140736936026832::2:0:
140736975144720::2:0:
140736938384400::1:0:
140736913419216::6:0:3,
140736836887056::1:0:
140736836886192::1:0:
140736836888480::1:0:1,
140736935953248::1:0:
140736947491024::1:0:
140736947490976::1:0:
140734362766000:rsvg_css_parse_color:2:0:
140734362768368:rsvg_defs_lookup:2:0:
140736960370768::0:0:
140736960370352::3:0:
140734362758304::1:0:
140734362759024::4:0:
140734362761232::0:0:
140736961218752::2:0:2,
140736961218368::4:0:
140736960370112::3:0:
140736960420560::2:0:2,
140734362868336::1:0:
140734362758944::2:0:
140734362758016::3:0:
140734362875808::3:0:
140734362852592::2:0:2,
140734362862528::1:0:
140734362757168::1:0:
140734362778864::3:0:
140734362836000::1:0:
140734362762656::1:0:
140734362757712::2:0:
140734362757840::1:0:
140734362868640::1:0:
140734362868624::2:0:
140734362768768::3:0:
140734362768864::2:0:
140734362852976::2:0:
140736960423040::4:0:4,
140734362757152::3:0:
140734362760400::2:0:
140734362758512::2:0:
140734362758928::1:0:
140734362856224::3:0:
140734362864016::3:0:
140734362862368::4:0:
140734362760592::2:0:
140734362874240::2:0:
140734362758784::6:0:
140734362757216::1:0:
140734362865024::3:0:
140734362865888::2:0:
140734362760416::2:0:
140734362775936::0:0:
140734362775872::0:0:
140734362862480::1:0:
140734362763840::1:0:
140734362760576::3:0:3,
140734362758464::1:0:
140734362761184::1:0:
140734362760192::1:0:
140734362759904::1:0:
140734362856480::5:0:5,
140734362761680::2:0:
140734362763952::1:0:
140734362761376::1:1:
140734362868992::2:0:
140734362863664::1:0:
140734362775808::1:0:
140734362761120::1:0:
140734362852896::1:0:
140736960413872::1:0:
140736960472336::2:0:2,
140736960444464::2:0:
140734362757824::2:0:
140734362768992::3:0:
140734362759264::2:0:
140734362761328::7:6:
140734362758496::3:0:
140734362848592::0:0:
140734362786320::1:0:
140734362785152::1:0:
140734362759968::4:0:1,2,3,4,
140734362784784::5:1:2,3,4,
140734362784992::1:0:
140734362759392::2:2:
140736841229648::2:2:
140734362779296::2:0:2,
140734362779456::3:2:
140734362761584::3:0:3,
140734362779680::7:6:
140734362785088::1:0:
140734362758256::2:0:2,
140734362779568::3:2:
140736938586704::1:0:
140734362757568::1:1:
140734362868672::1:0:
140734362759744::1:0:
140734362853808::4:0:4,
140734362868240::1:0:
140734362884848::2:0:
140734362775792::1:0:
140736938747152::2:0:
140736938459344::1:0:
140736938458848::0:0:
140734362850400::3:0:3,
140734362759552::2:0:
140734362758656::2:0:
140734362763392::1:0:3,
140734362868848::3:0:3,
140734362863824::2:0:
140734362759584::1:0:
140734362757264::2:0:
140734362868800::1:0:
140736938386400::3:0:
140736938502304::3:0:
140736938588496::3:0:2,3,
140736938588416::1:0:
140736938589456::6:0:2,3,4,5,6,
140736938388024::1:0:
140736938387568::3:0:
140736938702880::5:0:
140736938586336::4:0:2,4,
140736938588688::3:0:2,3,
140734362758672::1:0:
140736938663328::3:0:3,
140736938585264::3:1:
140736938590288::6:0:
140736938664256::3:0:
140736938663040::4:0:4,
140736938744208::5:0:
140736938744544::6:0:
140736938744864::1:0:
140736938743488::3:1:
140736938400656::3:0:2,
140736938812720::5:0:2,3,
140736938664224::1:0:
140734362884912::2:0:
140734362759328::1:0:
140736938633632::2:0:2,
140734362760784::6:5:
140736938468944::1:1:
140736938505216::2:0:
140736938493472::1:0:
140736938756256::2:0:
140736938494080::4:0:
140736938651568::1:0:
140736938634352::2:0:
140736938753568::1:0:
140736938641136::2:0:
140736938592448::2:0:
140736938755152::7:1:2,5,6,
140736938748976::1:0:
140736938748864::3:0:2,
140736938751200::1:0:
140736938398256::1:0:
140736938474176::7:1:3,6,
140736938471824::6:0:3,
140736938463136::1:0:
140736938571232::1:0:1,
140736938469648::2:0:
140736938652192::2:0:
140736938550784::1:0:
140736938550592::1:0:
140736938551088::4:0:2,
140736938652864::2:0:
140736938582816::2:0:
140736938702192::2:0:
140736938466144::2:0:
140736938465024::2:0:
140736938464768::3:0:
140736938463968::3:0:
140736938459024::1:0:
140736938548432::6:0:
140736938382976::1:1:
140736938465088::2:0:
140736938702048::2:0:
140736938470672::2:0:
140736938382752::3:0:2,
140736805114320::3:0:
140736805113728::1:0:
140736938785696::3:0:2,
140736938785504::2:0:
140736938382432::6:0:1,5,6,
140736805430128::1:0:
140736805116624::6:0:5,6,
140736805113840::1:0:
140736805114080::1:0:
140736805115760::3:0:
140736805115408::3:0:
140736805114672::2:0:
140736805114096::3:0:
140736805433088::6:0:2,3,4,5,6,
140736805114288::1:0:
140736805114176::2:0:
140736805434304::6:0:4,5,6,
140736805446240::2:0:
140736805434432::6:0:4,5,6,
140736805433728::3:0:2,3,
140736805427968::3:0:3,
140736805114064::2:0:
140736805444832::8:6:2,
140736938786112::3:0:3,
140736938385216::1:0:
140736805429840::1:0:
140736938785888::1:0:
140736938469776::1:0:
140736938588288::1:0:
140736841322368::3:3:
140736841490544::3:2:
140736938610736::4:0:
140736938731376::2:0:
140736938634672::1:0:
140736805435904::2:0:
140736805428064::2:0:
140736938744960::6:0:
140736938586512::1:0:
140736938400192::3:0:2,3,
140736938499104::1:0:
140736938497648::1:0:
140736938747328::1:0:
140736938751056::2:0:2,
140736938749120::1:0:
140734362852672::1:0:
140734362758848::2:0:2,
140736973552912::1:0:
140736973552800::1:0:
140736973534224::2:0:
140736973551232::4:0:3,4,
140736973543024::2:0:
140736973535280::1:0:
140736973544704::3:0:3,
140736970645360::0:0:
140736970427792::4:0:4,
140736970390064::4:0:
140736970644048::4:0:2,
140736973553216::2:0:
140736970384256::2:0:
140736841275520::3:3:
140734362760240::3:1:
140734362760496::1:1:
140734362761776::1:1:
140734362758624::3:1:2,
140734362761600::2:0:
140736938499168::2:0:
140736938468976::5:4:
140736805432672::3:0:3,
140736970385824::1:0:
140736970391776::1:0:
140736970386144::1:0:
140736970428368::1:0:
140736970387904::6:0:4,5,6,
140736447988704::3:1:
140736447987696::3:0:
140736447988048::3:0:
140736447989296::4:0:
140736970393056::2:0:
140736970544160::1:0:
140736970545952::2:0:
140736824040336::3:0:3,
140736824025376::3:0:
140736824034432::2:0:
140736824025440::4:0:
140736964411408::4:0:3,4,
140736935954880::2:0:
140736973547600::1:0:
140736973550960::2:0:
140736975493680::1:0:
140736975470768::2:0:
140736973538240::4:0:
140736973533792::1:0:
140736970476192::6:0:
140736970475856::4:0:3,4,
140736970386352::3:0:
140736970521600::4:0:3,4,
140736970520736::5:0:3,
140736970520656::2:0:
140736973556464::2:0:
140736973534704::2:0:2,
140736938906592::2:0:
140736970388800::1:0:
140736938481920::3:2:
140736938481696::3:2:
140736938502368::3:0:
140736938589424::3:0:2,3,
140736938443520::3:0:2,
140736938442752::2:0:
140736938942464::1:0:
140736973543344::1:0:
140736855624000::3:0:
140736938590256::3:0:
140736875340464::3:0:
140736875341200::3:0:
140736875340624::6:0:
140736875340272::1:0:
140736875337792::5:0:
140736938912480::1:0:
140736938593840::2:0:
140736938416048::3:0:2,
140736938415888::2:0:
140736938416240::5:0:3,4,5,
140736938620848::4:0:
140736938619504::3:0:
140736938702400::2:0:
140736938813344::2:0:
140736938812864::5:0:2,3,
140736938622400::6:0:
140736938917776::1:0:
140736973549008::1:0:1,
140736973555424::3:0:
140736973552240::2:0:
140736973556576::1:0:
140736968101808::6:0:2,3,5,6,
140736872712624::3:0:
140736847547792::3:0:
140736970658560::1:0:
140736973555104::1:0:1,
140736974283472::3:0:
140736973532000::4:0:2,
140736970386288::3:0:1,2,3,
140737013989808::0:0:
140737013994224::4:0:4,
140736984140224::0:0:
140736985172864::1:0:
140736991623936::1:0:
140736984134368::3:0:3,
140736987756336::3:0:
140736984136432::2:0:
140736987755008::4:0:
140736987756480::2:0:
140736970388704::2:0:
140736973536416::3:0:3,
140736984130768::1:0:
140736984235376::2:0:
140736985055536::1:0:
140736984136240::0:0:
140736998957904::1:0:
140736998957840::1:0:
140736985274512::1:0:
140736999092672::0:0:
140736984134096::1:0:1,
140736985386144::1:0:
140736984156880::2:0:
140736987356560::1:0:
140736994015312::0:0:
140736985605056::0:0:
140736984156208::2:0:
140736987590240::2:0:
140736986701776::1:0:
140736984383952::1:0:
140736984164400::2:0:
140736985217072::2:0:
140736984194256::2:0:
140736984138720::4:0:3,4,
140736947126080::6:0:
140736946683744::0:0:
140736984129408::3:0:3,
140736984131088::2:0:
140736984157616::1:0:
140736991887200::2:0:
140736998876320::1:0:
140736984140272::1:0:
140736844742128::2:0:
140736844751840::3:0:
140734123068944::2:0:
140736844747600::3:0:
140734123068304::3:0:
140736844743104::2:0:
140734118412704::1:0:
140734118412848::2:0:
140734118413024::3:0:2,
140734118413216::0:0:
140734118412768::2:0:
140736844752540::3:0:3,
140734123069184::1:0:
140734123069808::2:0:
140736844749728::1:0:
140734123068672::1:0:
140734123069680::1:0:
140734123069824::2:0:
140734123069216::6:0:
140734123068288::1:0:
140734059123888::1:0:
140734045649984::1:0:1,
140734045657504::1:0:
140736992502768::2:0:
140736986992080::1:0:
140736984127232::5:0:
140736984145216::3:0:
140736987630576::1:0:
140736930442864::2:0:
140736985909216::4:0:
140736987874560::2:0:
140736975474576::1:0:
140736922249072::3:0:
140736922322208::6:0:4,
140736973600048::2:0:
140736973537424::3:0:
140736973594544::2:0:
140736973541088::1:0:
140736974445776::3:0:2,
