_dl_debug_state:0
:f
:1
:6
:2
:4
:2
:5
:1
:3
:0
:3
:4
:3
:3
:2
:5
:1
:6
:4
:f
:6
:5
:0
:0
:5
:3
:0
:0
:1
:3
:3
:3
:3
:3
:5
:f
:5
:6
:3
:4
:2
g_closure_new_simple:2
g_closure_set_meta_marshal:3
g_closure_add_marshal_guards:5
g_closure_add_invalidate_notifier:3
g_closure_ref:1
g_closure_unref:1
g_closure_invalidate:1
g_closure_sink:1
g_closure_remove_invalidate_notifier:3
g_closure_invoke:5
g_closure_set_marshal:2
g_cclosure_new:3
g_cclosure_new_swap:3
g_signal_type_cclosure_new:2
g_enum_get_value:2
g_object_ref:1
g_object_unref:1
g_object_newv:3
g_object_new_valist:3
g_object_set_valist:3
g_object_get_valist:3
g_object_get_qdata:2
g_object_watch_closure:2
g_param_spec_ref:1
g_param_spec_ref_sink:1
g_param_spec_internal:4
g_param_spec_get_redirect_target:1
g_param_value_set_default:2
g_param_value_validate:2
g_param_spec_pool_insert:3
g_param_spec_pool_lookup:4
g_param_spec_pool_list:3
g_param_spec_get_default_value:1
g_signal_newv:6
g_signal_new_valist:6
g_signal_connect_data:5
g_signal_handlers_destroy:1
g_signal_emit_valist:4
g_signal_emit:6
g_type_class_unref:1
g_type_class_ref:1
g_type_class_peek:1
g_type_class_peek_static:5
g_type_class_peek_parent:1
g_type_interface_peek:3
g_type_from_name:1
g_type_register_static:4
g_type_parent:1
g_type_depth:1
g_type_is_a:3
g_type_interfaces:2
g_type_test_flags:f
g_type_create_instance:1
g_type_fundamental:1
g_type_check_instance_is_a:2
g_type_check_class_is_a:2
g_type_check_instance:1
g_type_check_is_value_type:1
g_type_check_value:1
g_type_check_value_holds:2
g_type_value_table_peek:1
g_type_module_get_type:0
g_value_init:2
g_value_reset:1
g_value_unset:1
g_value_peek_pointer:1
g_value_register_transform_func:3
g_value_type_compatible:2
g_value_copy:2
g_value_set_instance:2
g_value_transform:2
g_array_append_vals:3
g_ptr_array_new:0
g_ptr_array_set_free_func:2
g_ptr_array_remove_range:3
g_ptr_array_set_size:2
g_ptr_array_add:2
g_byte_array_free:2
g_bit_lock:2
g_bit_unlock:4
g_pointer_bit_lock:2
g_pointer_bit_unlock:2
g_bytes_unref:1
g_bytes_new:2
g_bytes_get_data:f
g_bytes_get_size:1
g_bytes_ref:1
g_get_charset:1
g_get_filename_charsets:1
g_datalist_init:1
g_getenv:1
g_error_new_valist:4
g_set_error:6
g_propagate_error:2
g_file_error_quark:0
g_file_error_from_errno:1
g_dgettext:2
glib_gettext:1
g_hash_table_new:4
g_hash_table_lookup:2
g_hash_table_insert:3
g_hash_table_replace:3
g_hash_table_contains:2
g_hash_table_remove:2
g_hash_table_remove_all:1
g_hash_table_destroy:1
g_hash_table_size:1
g_key_file_error_quark:0
g_key_file_get_value:4
g_key_file_set_value:4
g_key_file_get_string:4
g_list_free_1:1
g_list_prepend:2
g_list_remove_link:2
g_list_nth:2
g_list_last:1
g_list_append:2
g_main_context_ref:1
g_main_context_default:0
g_main_context_get_thread_default:0
g_source_new:2
g_source_set_priority:2
g_get_monotonic_time:0
g_main_context_acquire:1
g_main_context_release:1
g_main_context_prepare:2
g_main_context_query:4
g_main_context_check:4
g_main_context_dispatch:1
g_malloc:1
g_malloc0:1
g_realloc:2
g_free:1
g_malloc_n:6
g_malloc0_n:2
g_realloc_n:3
g_mem_is_system_malloc:0
g_quark_to_string:f
g_intern_string:1
g_queue_pop_head:1
g_queue_peek_head:1
g_slice_alloc:1
g_slice_alloc0:1
g_slice_free1:2
g_slist_alloc:f
g_slist_free:3
g_slist_free_1:1
g_slist_prepend:2
g_slist_remove:2
g_slist_remove_link:2
g_slist_find:2
g_slist_last:1
g_slist_concat:2
g_slist_foreach:3
g_slist_free_full:1
g_strdup:1
g_memdup:2
g_strndup:2
g_stpcpy:2
g_strdup_vprintf:2
g_strdup_printf:6
g_ascii_strtod:2
g_strtod:2
g_ascii_strtoull:3
g_strerror:1
g_ascii_tolower:4
g_ascii_strcasecmp:4
g_strchug:1
g_strchomp:1
g_strstr_len:3
g_strrstr:2
g_string_sized_new:1
g_string_free:2
g_string_append:2
g_string_append_len:3
g_string_new:1
g_string_insert_c:3
g_string_erase:3
g_string_append_vprintf:2
g_string_append_printf:6
g_thread_self:0
g_unichar_isalnum:3
g_utf8_find_next_char:2
g_utf8_get_char:1
g_unichar_to_utf8:2
g_utf8_strchr:3
g_utf8_get_char_validated:2
g_utf8_validate:3
g_variant_new_byte:1
g_variant_get_type:f
g_variant_is_of_type:2
g_variant_get_byte:1
g_variant_get_variant:1
g_variant_is_container:0
g_variant_get_string:2
g_variant_builder_clear:1
g_variant_builder_init:2
g_variant_builder_add_value:2
g_variant_builder_end:1
g_variant_format_string_scan:3
g_variant_format_string_scan_type:3
g_variant_new_va:3
g_variant_get_va:4
g_variant_new_from_bytes:3
g_variant_unref:1
g_variant_ref:1
g_variant_ref_sink:1
g_variant_get_size:1
g_variant_get_data:1
g_variant_n_children:1
g_variant_get_child_value:2
g_variant_serialised_n_children:0
g_variant_serialised_get_child:f
g_variant_serialiser_serialise:3
g_variant_serialiser_needed_size:4
g_variant_serialiser_is_string:2
g_variant_type_info_get_type_string:1
g_variant_type_info_query:3
g_variant_type_info_query_element:3
g_variant_type_info_n_members:1
g_variant_type_info_member_info:2
g_variant_type_info_ref:1
g_variant_type_info_get:1
g_variant_type_info_unref:1
g_variant_type_string_scan:4
g_variant_type_string_is_valid:1
g_variant_type_free:1
g_variant_type_get_string_length:1
g_variant_type_copy:1
g_variant_type_peek_string:1
g_variant_type_dup_string:1
g_variant_type_is_definite:1
g_variant_type_is_container:1
g_variant_type_is_basic:1
g_variant_type_is_maybe:1
g_variant_type_is_array:1
g_variant_type_is_tuple:1
g_variant_type_is_dict_entry:1
g_variant_type_element:1
g_variant_type_first:1
g_variant_type_next:1
g_variant_type_n_items:1
g_variant_type_key:5
g_variant_type_new_dict_entry:2
g_variant_type_checked_:1
g_vasprintf:3
g_mutex_lock:0
g_mutex_unlock:0
g_mutex_trylock:0
g_rec_mutex_lock:1
g_rec_mutex_unlock:0
g_cond_broadcast:0
g_private_get:0
webkit_web_settings_get_type:0
gtk_accel_group_get_type:0
gtk_accel_group_find:3
gtk_accel_group_from_accel_closure:1
gtk_accelerator_parse:3
gtk_accelerator_name:2
gtk_accel_group_connect_by_path:3
gtk_accelerator_get_default_mod_mask:0
gtk_accel_label_get_type:0
gtk_accel_label_set_accel_closure:2
gtk_accel_label_set_accel_widget:2
gtk_accel_map_lookup_entry:f
gtk_accel_map_add_entry:3
gtk_accel_map_save_fd:1
gtk_action_get_type:0
gtk_action_create_menu_item:1
gtk_action_get_name:1
gtk_action_is_sensitive:1
gtk_action_is_visible:1
gtk_action_get_always_show_image:1
gtk_action_get_label:1
gtk_action_set_short_label:2
gtk_action_get_stock_id:1
gtk_action_set_accel_path:2
gtk_action_get_accel_path:1
gtk_action_get_accel_closure:1
gtk_action_set_accel_group:2
gtk_action_connect_accelerator:1
gtk_action_group_get_type:0
gtk_action_group_get_sensitive:1
gtk_action_group_get_visible:1
gtk_action_group_get_action:2
gtk_action_group_add_action:2
gtk_activatable_get_type:0
gtk_activatable_sync_action_properties:2
gtk_activatable_set_related_action:2
gtk_activatable_get_related_action:1
gtk_activatable_do_set_related_action:2
gtk_activatable_set_use_action_appearance:6
gtk_activatable_get_use_action_appearance:0
gtk_adjustment_get_type:0
gtk_alignment_get_type:0
gtk_binding_entry_add_signal:6
gtk_box_get_type:0
gtk_box_pack_start:4
gtk_button_get_type:0
gtk_button_set_relief:2
gtk_check_menu_item_get_type:0
gtk_container_get_type:0
gtk_container_add:2
gtk_container_remove:f
gtk_container_forall:3
gtk_container_foreach:3
gtk_entry_get_type:0
gtk_entry_buffer_get_type:0
gtk_gc_get:4
gtk_icon_source_copy:1
gtk_icon_set_ref:1
gtk_icon_set_unref:1
gtk_icon_factory_get_type:0
gtk_icon_factory_add:3
gtk_icon_factory_lookup:2
gtk_icon_set_new:0
gtk_icon_set_add_source:2
gtk_icon_factory_lookup_default:1
gtk_icon_theme_get_type:0
gtk_image_get_type:f
gtk_image_new:0
gtk_image_clear:1
gtk_image_set_from_stock:3
gtk_image_new_from_stock:2
gtk_image_menu_item_get_type:f
gtk_image_menu_item_set_image:2
gtk_image_menu_item_get_image:1
gtk_label_get_type:0
gtk_label_set_label:2
gtk_label_set_use_underline:2
gtk_grab_remove:1
gtk_get_event_widget:1
gtk_menu_get_type:0
gtk_menu_item_get_type:0
gtk_menu_item_get_submenu:1
gtk_menu_item_set_accel_path:2
gtk_menu_item_set_use_underline:2
gtk_menu_shell_get_type:0
gtk_menu_shell_insert:f
gtk_misc_get_type:0
gtk_misc_set_alignment:3
gtk_notebook_get_type:0
gtk_object_get_type:0
gtk_orientable_get_type:0
gtk_orientable_set_orientation:2
gtk_radio_action_get_type:0
gtk_range_get_type:0
gtk_range_get_adjustment:1
gtk_rc_style_get_type:0
gtk_rc_style_new:0
gtk_rc_parse_state:2
gtk_rc_parse_color_full:3
gtk_rc_get_style:1
gtk_scrolled_window_get_type:0
gtk_separator_menu_item_get_type:0
gtk_separator_tool_item_get_type:0
gtk_settings_get_type:0
gtk_style_get_type:0
gtk_style_attach:2
gtk_border_get_type:0
gtk_tearoff_menu_item_get_type:0
gtk_toggle_action_get_type:0
gtk_toolbar_get_type:0
gtk_tool_button_get_type:0
gtk_tool_item_get_type:0
gtk_tool_item_get_icon_size:1
gtk_tool_item_get_toolbar_style:1
gtk_tool_item_get_relief_style:1
gtk_tool_item_get_text_alignment:1
gtk_tool_item_get_text_size_group:1
gtk_tool_item_get_is_important:1
gtk_tool_item_get_visible_horizontal:1
gtk_tool_item_rebuild_menu:1
gtk_tool_shell_get_type:0
gtk_tooltip_get_type:0
gtk_tree_view_get_type:0
gtk_tree_view_column_get_type:f
gtk_widget_get_type:0
gtk_widget_freeze_child_notify:1
gtk_widget_child_notify:2
gtk_widget_destroy:1
gtk_widget_size_request:f
gtk_widget_get_child_requisition:2
gtk_widget_list_accel_closures:1
gtk_widget_set_accel_path:3
gtk_widget_get_can_focus:1
gtk_widget_has_focus:1
gtk_widget_has_grab:1
gtk_widget_get_name:1
gtk_widget_get_state:1
gtk_widget_get_visible:1
gtk_widget_set_has_window:2
gtk_widget_get_has_window:1
gtk_widget_is_toplevel:1
gtk_widget_get_realized:1
gtk_widget_translate_coordinates:6
gtk_widget_event:2
gtk_widget_send_expose:2
gtk_widget_get_mapped:1
gtk_widget_queue_draw_area:4
gtk_widget_is_drawable:1
gtk_widget_get_double_buffered:1
gtk_widget_set_double_buffered:2
gtk_widget_set_redraw_on_allocate:2
gtk_widget_get_sensitive:1
gtk_widget_is_sensitive:1
gtk_widget_get_parent:1
gtk_widget_has_rc_style:1
gtk_widget_get_default_style:0
gtk_widget_set_parent_window:2
gtk_widget_get_parent_window:1
gtk_widget_get_toplevel:1
gtk_widget_is_focus:1
gtk_widget_get_screen:1
gtk_widget_get_display:1
gtk_widget_has_screen:1
gtk_widget_get_ancestor:2
gtk_widget_get_settings:f
gtk_widget_get_direction:1
gtk_widget_size_allocate:2
gtk_widget_unparent:1
gtk_widget_class_install_style_property:f
gtk_widget_style_get_valist:3
gtk_widget_style_get:6
gtk_widget_queue_resize:1
gtk_widget_show:1
gtk_widget_hide:1
gtk_widget_set_can_focus:2
gtk_widget_set_name:2
gtk_widget_ensure_style:1
gtk_widget_reset_rc_styles:1
gtk_widget_set_parent:2
gtk_widget_set_sensitive:2
gtk_widget_region_intersect:2
gtk_widget_path:4
gtk_widget_class_path:4
gtk_requisition_get_type:0
gtk_widget_get_no_show_all:1
gtk_window_get_type:0
gtk_window_get_mnemonics_visible:1
gdk_display_get_type:0
gdk_drawable_get_type:0
gdk_drawable_get_size:3
gdk_drawable_get_depth:1
gdk_drawable_get_screen:1
gdk_drawable_get_display:1
gdk_drawable_get_colormap:1
gdk_draw_line:4
gdk_event_free:1
gdk_event_new:1
gdk_event_get_time:1
gdk_event_get_state:2
gdk_event_get_coords:3
gdk_gc_get_type:0
gdk_keymap_get_type:0
gdk_pixmap_get_type:0
gdk_region_new:0
gdk_region_rectangle:1
gdk_region_copy:1
gdk_region_destroy:1
gdk_region_offset:3
gdk_region_intersect:2
gdk_region_subtract:2
gdk_region_empty:1
gdk_region_equal:f
gdk_region_rect_in:2
gdk_screen_get_type:0
gdk_window_object_get_type:0
gdk_window_is_viewable:1
gdk_window_coords_from_parent:5
gdk_window_impl_get_type:0
gdk_colormap_get_type:0
gdk_colormap_alloc_colors:6
gdk_keyval_convert_case:3
gdk_x11_atom_to_xatom_for_display:2
gdk_x11_get_xatom_by_name_for_display:2
gdk_window_impl_x11_get_type:f
gdk_window_lookup_for_display:2
gdk_pixbuf_get_type:0
dcgettext:5
__isinf:1
isnan:1
getenv:1
random:0
random_r:2
srandom_r:5
__strtoul_internal:4
_IO_vfprintf:3
__printf_fp:3
_IO_vfscanf:4
_IO_getline:6
vsscanf:3
vasprintf:3
fgets_unlocked:3
_IO_file_init:1
_IO_file_fopen:3
_IO_un_link:3
_IO_link_in:3
_IO_switch_to_get_mode:1
__underflow:1
__uflow:1
_IO_setb:4
_IO_sgetn:3
_IO_sputbackc:2
__strerror_r:3
strlen:5
strnlen:5
memchr:3
rawmemchr:2
strchrnul:2
__argz_count:2
argz_stringify:3
open:0
sbrk:1
tfind:3
__vsnprintf_chk:6
_dl_mcount_wrapper_check:0
xmlNextChar:1
namePush:2
namePop:1
xmlSkipBlankChars:1
xmlParseName:1
xmlParseAttValue:3
xmlParseAttribute:2
xmlParseStartTag:1
xmlParseCharData:3
xmlStrndup:2
xmlStrEqual:f
xmlBufUse:3
xmlDictLookup:3
sqlite3_mutex_enter:4
sqlite3_mutex_leave:3
sqlite3_stricmp:7
sqlite3_strnicmp:8
sqlite3_column_count:1
sqlite3_free:2
sqlite3_initialize:0
sqlite3_malloc:2
sqlite3_realloc:2
sqlite3_vsnprintf:2
sqlite3_snprintf:6
sqlite3_value_text:1
sqlite3_overload_function:6
sqlite3_column_text:1
sqlite3_finalize:4
sqlite3_prepare:5
sqlite3_step:1
g_module_error:0
soup_session_get_type:0
soup_session_feature_get_type:0
g_cancellable_is_cancelled:1
g_cancellable_set_error_if_cancelled:2
g_file_get_type:0
g_file_query_info:5
g_file_icon_get_type:0
g_file_attribute_matcher_ref:1
g_file_attribute_matcher_unref:1
g_file_info_get_type:0
g_file_info_new:0
g_file_info_set_attribute_mask:2
g_file_info_set_name:2
g_file_attribute_matcher_new:1
g_file_attribute_matcher_enumerate_namespace:2
g_file_attribute_matcher_enumerate_next:1
g_inet_address_get_type:0
g_inet_address_mask_equal:2
g_initable_get_type:0
g_initable_init:3
g_initable_new_valist:5
g_initable_new:6
g_input_stream_get_type:0
g_io_error_quark:0
g_io_error_from_errno:1
g_output_stream_get_type:0
g_simple_async_result_get_type:0
g_simple_async_result_new:4
g_simple_async_result_get_source_tag:f
g_simple_async_result_propagate_error:2
g_simple_async_result_complete:1
g_socket_get_type:0
g_tls_backend_get_type:0
g_tls_backend_get_default:3
g_tls_backend_get_certificate_type:1
g_vfs_get_type:0
g_vfs_get_default:0
g_dbus_connection_get_type:0
g_dbus_message_get_type:0
g_dbus_message_get_header:2
g_dbus_message_set_header:3
cairo_move_to:3
cairo_line_to:3
cairo_curve_to:7
cairo_close_path:1
cairo_device_reference:1
cairo_device_release:1
cairo_device_acquire:1
cairo_font_face_reference:1
cairo_font_face_destroy:1
cairo_matrix_init_identity:1
cairo_matrix_multiply:3
cairo_matrix_transform_distance:f
cairo_matrix_transform_point:3
cairo_matrix_invert:1
cairo_pattern_reference:1
cairo_pattern_destroy:1
cairo_region_destroy:1
cairo_scaled_font_reference:1
cairo_scaled_font_destroy:1
cairo_surface_reference:1
cairo_surface_destroy:1
pango_font_description_free:1
pango_font_description_new:0
pango_font_description_get_set_fields:1
pango_font_description_merge_static:3
pango_font_get_type:0
pango_font_get_coverage:1
pango_font_get_glyph_extents:4
pango_find_map:3
pango_attr_list_unref:1
pango_attribute_init:2
pango_attr_iterator_range:3
pango_unichar_direction:0
pango_context_get_type:0
pango_context_get_base_dir:1
pango_context_get_serial:1
pango_coverage_unref:1
pango_coverage_get:2
pango_engine_shape_get_type:0
pango_font_map_get_type:0
pango_font_map_get_serial:1
pango_fontset_get_type:0
pango_fontset_foreach:3
pango_layout_get_type:0
pango_script_for_unichar:5
pango_find_base_dir:2
_ZN3WTF10StringImpl5derefEv:1
_ZN3JSC12opcodeLengthENS_8OpcodeIDE:1
_ZN3JSC4Heap12writeBarrierEPKNS_6JSCellEPS1_:1
_ZN3JSC25UnlinkedInstructionStream6Reader4nextEv:1
_ZN3JSC17BytecodeGenerator11resolveTypeEv:1
_ZN3JSC17BytecodeGenerator10emitOpcodeENS_8OpcodeIDE:4
_ZN3JSC17BytecodeGenerator11newRegisterEv:3
_ZN3JSC17BytecodeGenerator12newTemporaryEv:3
_ZN3JSC17BytecodeGenerator11addConstantERKNS_10IdentifierE:2
_ZN3WTF9HashTableIiNS_12KeyValuePairIiNS_6RefPtrIN3JSC22StaticPropertyAnalysisEEEEENS_24KeyValuePairKeyExtractorIS6_EENS_7IntHashIiEENS_7HashMapIiS5_SA_NS_29UnsignedWithZeroKeyHashTraitsIiEENS_10HashTraitsIS5_EEE18KeyValuePairTraitsESD_E4findINS_22IdentityHashTranslatorISA_EEiEENS_17HashTableIteratorIiS6_S8_SA_SH_SD_EERKT0_:1
_ZN3JSC12X86Assembler23X86InstructionFormatter11oneByteOp64ENS0_15OneByteOpcodeIDEiNS_12X86Registers10RegisterIDE:4
_ZN3JSC12X86Assembler23X86InstructionFormatter11oneByteOp64ENS0_15OneByteOpcodeIDEiNS_12X86Registers10RegisterIDEi:4
_ZN3JSC22AbstractMacroAssemblerINS_12X86AssemblerEE8JumpList6appendENS2_4JumpE:4
_ZN3JSC4Heap22incrementDeferralDepthEv:1
_ZN3JSC4Heap22decrementDeferralDepthEv:f
_ZN3JSC4Heap12writeBarrierEPKNS_6JSCellE:0
_ZN3JSC4Heap35decrementDeferralDepthAndGCIfNeededEv:1
_ZN3JSC17weakClearSlowCaseERPNS_8WeakImplE:1
_ZN3JSC13DirectJITCodeD2Ev:1
_ZN3JSC7JITCodeC1ENS0_7JITTypeE:2
_ZN3JSC13DirectJITCodeC1ENS_21MacroAssemblerCodeRefENS_7JITCode7JITTypeE:3
_ZN3JSC7JITCode12hostFunctionENS_21MacroAssemblerCodeRefE:2
_ZN3JSC3JITC1EPNS_2VMEPNS_9CodeBlockE:3
_ZN3JSC3JIT27privateCompileCTINativeCallEPNS_2VMEPFlPNS_9ExecStateEE:3
_ZN3JSC9JITThunks7ctiStubEPNS_2VMEPFNS_21MacroAssemblerCodeRefES2_E:4
_ZN3JSC9JITThunks18ctiNativeConstructEPNS_2VME:2
_ZNK3WTF7HashMapISt4pairIPFlPN3JSC9ExecStateEES6_ENS2_4WeakINS2_16NativeExecutableEEENS_8PairHashIS6_S6_EENS_10HashTraitsIS7_EENSD_ISA_EEE3getERKS7_:2
_ZN3WTF7HashMapISt4pairIPFlPN3JSC9ExecStateEES6_ENS2_4WeakINS2_16NativeExecutableEEENS_8PairHashIS6_S6_EENS_10HashTraitsIS7_EENSD_ISA_EEE9inlineSetIRKS7_SA_EENS_18HashTableAddResultINS_17HashTableIteratorIS7_NS_12KeyValuePairIS7_SA_EENS_24KeyValuePairKeyExtractorISN_EESC_NSG_18KeyValuePairTraitsESE_EEEEOT_OT0_:4
_ZN3WTF15SegmentedVectorIN3JSC10IdentifierELm64ELm32EE4lastEv:1
_ZN3JSC5LexerIhE3lexEPNS_7JSTokenEjb:4
_ZN3JSC6ParserINS_5LexerIhEEE10strictModeEv:1
_ZN3JSC6ParserINS_5LexerIhEEE21parseMemberExpressionINS_10ASTBuilderEEENT_10ExpressionERS6_:2
_ZN3JSC8JSObject17putDirectInternalILNS0_7PutModeE1EEEbRNS_2VMENS_12PropertyNameENS_7JSValueEjRNS_15PutPropertySlotEPNS_6JSCellE:6
_ZN3JSC10Identifier3addEPNS_2VMEPKc:3
_ZN3JSC15IdentifierTable3addIPKhNS_31IdentifierASCIIStringTranslatorEEEN3WTF18HashTableAddResultINS5_17HashTableIteratorIPNS5_10StringImplES9_NS5_17IdentityExtractorENS5_10StringHashENS5_10HashTraitsIS9_EESD_EEEET_:3
_ZN3JSC10JSFunctionC2ERNS_2VMEPNS_14JSGlobalObjectEPNS_9StructureE:4
_ZN3JSC10JSFunction14finishCreationERNS_2VMEPNS_16NativeExecutableEiRKN3WTF6StringE:6
_ZN3JSC10JSFunction6createERNS_2VMEPNS_14JSGlobalObjectEiRKN3WTF6StringEPFlPNS_9ExecStateEENS_9IntrinsicESC_:5
_ZN3JSC2VM15getHostFunctionEPFlPNS_9ExecStateEES4_:3
_ZN3JSC14JSGlobalObject10globalExecEv:1
_ZN3JSC8JSObject26putDirectWithoutTransitionERNS_2VMENS_12PropertyNameENS_7JSValueEj:4
_ZN3JSC9Structure6createERNS_2VMEPNS_14JSGlobalObjectENS_7JSValueERKNS_8TypeInfoEPKNS_9ClassInfoEhj:5
_ZN3JSC21getCallableObjectSlowEPNS_6JSCellE:1
_ZN3JSC8JSObject20growOutOfLineStorageERNS_2VMEmm:4
_ZN3JSC8JSObject23putDirectNativeFunctionERNS_2VMEPNS_14JSGlobalObjectERKNS_12PropertyNameEjPFlPNS_9ExecStateEENS_9IntrinsicEj:6
_ZN3JSC7JSScope15abstractResolveEPNS_9ExecStateEPS0_RKNS_10IdentifierENS_8GetOrPutENS_11ResolveTypeE:4
_ZN3JSC13PropertyTableC1ERNS_2VMEj:3
_ZN3JSC13PropertyTable6createERNS_2VMEj:2
_ZN3JSC12SmallStrings27createSingleCharacterStringEPNS_2VMEh:f
_ZN3JSC9StructureC1ERNS_2VMEPKS0_:3
_ZN3JSC9Structure3pinEv:1
_ZN3JSC9Structure17createPropertyMapERKNS_25GCSafeConcurrentJITLockerERNS_2VMEj:4
_ZN3JSC9Structure16putSpecificValueERNS_2VMENS_12PropertyNameEjPNS_6JSCellE:5
_ZNK3JSC9ClassInfo35hasStaticSetterOrReadonlyPropertiesERNS_2VME:2
_ZN3JSC9StructureC1ERNS_2VMEPNS_14JSGlobalObjectENS_7JSValueERKNS_8TypeInfoEPKNS_9ClassInfoEhj:6
_ZN3JSC9Structure40addPropertyTransitionToExistingStructureEPS0_NS_12PropertyNameEjPNS_6JSCellERi:5
_ZN3JSC9Structure38findStructuresAndMapForMaterializationERN3WTF6VectorIPS0_Lm8ENS1_15CrashOnOverflowEEERS3_RPNS_13PropertyTableE:4
_ZN3JSC9Structure22materializePropertyMapERNS_2VME:2
_ZN3JSC9Structure28addPropertyWithoutTransitionERNS_2VMENS_12PropertyNameEjPNS_6JSCellE:5
_ZN3JSC9Structure3getERNS_2VMENS_12PropertyNameERjRPNS_6JSCellE:5
_ZN3JSC9Structure32takePropertyTableOrCloneIfPinnedERNS_2VMEPS0_:3
_ZN3JSC9Structure21addPropertyTransitionERNS_2VMEPS0_NS_12PropertyNameEjPNS_6JSCellERiNS_15PutPropertySlot7ContextE:6
_ZN3JSC24StructureTransitionTable3addERNS_2VMEPNS_9StructureE:3
_ZN3JSC16SymbolTableEntry16freeFatEntrySlowEv:1
_ZN3JSC16SymbolTableEntry8copySlowERKS0_:2
_ZN3WTF19isCompilationThreadEv:0
_ZN3WTF29cryptographicallyRandomNumberEv:0
_ZN3WTF17TCMalloc_PageHeap17RegisterSizeClassEPNS_4SpanEm:2
_ZN3WTF25TCMalloc_Central_FreeList4InitEmm:3
_ZN3WTF25TCMalloc_Central_FreeList14FetchFromSpansEv:1
_ZN3WTF20TCMalloc_ThreadCache14PickNextSampleEm:2
_ZN3WTF18fastMallocGoodSizeEm:1
_ZN3WTF10fastMallocEm:4
_ZN3WTF16fastZeroedMallocEm:1
_ZN3WTF8fastFreeEPv:1
_ZN3WTF9HashTableIPvNS_12KeyValuePairIS1_PNS_13MetaAllocator13FreeSpaceNodeEEENS_24KeyValuePairKeyExtractorIS6_EENS_7PtrHashIS1_EENS_7HashMapIS1_S5_SA_NS_10HashTraitsIS1_EENSC_IS5_EEE18KeyValuePairTraitsESD_E4findINS_22IdentityHashTranslatorISA_EES1_EENS_17HashTableIteratorIS1_S6_S8_SA_SG_SD_EERKT0_:2
_ZN3WTF5Mutex4lockEv:1
_ZN3WTF5Mutex6unlockEv:1
_ZN3WTF13CStringBuffer19createUninitializedEm:2
_ZN3WTF7CStringC2EPKcm:3
_ZN3WTF10StringImpl17createFromLiteralEPKcj:3
_ZN3WTF10StringImpl17createFromLiteralEPKc:2
_ZN3WTF10StringImpl6createEPKhj:4
_ZN3WTF10StringImpl6createEPKh:2
_ZN3WTF5equalEPKNS_10StringImplEPKhj:3
_ZN3WTF5equalEPKNS_10StringImplEPKh:6
_ZN3WTF12equalNonNullEPKNS_10StringImplES2_:2
_ZNK3WTF10StringImpl12utf8ForRangeEjjNS_14ConversionModeE:4
_ZNK3WTF10StringImpl4utf8ENS_14ConversionModeE:3
_ZN3WTF10StringImplD1Ev:1
_ZN3WTF10StringImpl7destroyEPS0_:1
_ZN3WTF6StringC1EPKc:f
_ZN3WTF7Unicode19convertLatin1ToUTF8EPPKhS2_PPcS4_:6
__lll_unlock_wake:3
hb_segment_properties_equal:2
hb_font_funcs_destroy:1
hb_ot_layout_language_find_feature:6
hb_ot_layout_has_positioning:1
FcBlanksAdd:2
FcDirCacheUnload:1
FcDirCacheLoad:3
FcConfigAddRule:3
FcConfigFilename:1
FcConfigGetSysRoot:1
FcFileIsDir:0
FcDirCacheRead:3
FcFontSetAdd:2
FcLangSetHasLang:2
FcLangSetContains:2
FcNameGetObjectType:1
FcPatternCreate:0
FcValueDestroy:2
FcValueSave:2
FcPatternDestroy:1
FcPatternAdd:4
FcStrFree:1
FcUcs4ToUtf8:2
FcStrCmpIgnoreCase:2
FcStrStrIgnoreCase:2
FcStrSetCreate:0
FcStrSetMember:3
FcStrSetAdd:2
FcStrSetDestroy:1
FcStrListCreate:1
FcStrCopyFilename:1
FcStrSetAddFilename:2
FcStrListNext:1
FcStrListDone:f
FcConfigParseAndLoad:3
FT_MSB:1
FT_MulDiv:3
FT_MulFix:0
FT_DivFix:2
ft_corner_is_flat:4
FT_GlyphLoader_Rewind:1
FT_GlyphLoader_Add:1
FT_Get_Char_Index:2
FT_Get_Next_Char:5
FT_Outline_Check:1
FT_Outline_Get_CBox:2
FT_Vector_Transform:2
FT_Outline_Get_Orientation:1
FT_Stream_Seek:2
FT_Stream_Pos:1
FT_Stream_GetUShort:1
FT_Stream_GetULong:1
FT_Stream_ReadUShort:2
ft_mem_qalloc:3
ft_mem_alloc:3
ft_mem_free:2
ft_glyphslot_free_bitmap:1
FT_Load_Glyph:3
FT_Stream_EnterFrame:2
FT_Stream_ExitFrame:1
FT_Stream_ReadFields:5
XRenderFindDisplay:1
_XUpdateGCCache:3
XrmStringToQuark:3
_XSend:3
_XReply:4
_XSetLastRequestRead:2
_XIsEventCookie:2
_XDeq:3
_XStoreEventCookie:2
_XEnq:2
_XVIDtoVisual:4
_XFreeEventCookies:f
_XData32:6
_XGetRequest:3
_XlcParseCharSet:1
_XlcAddCT:2
_XlcGetCharSet:0
_XlcAddCharSet:1
_XlcCreateDefaultCharSet:2
_XlcGetResource:5
_XkbReadCopyKeySyms:3
_XkbReadBufferCopyKeySyms:5
_XkbGetReadBufferPtr:2
__hypot_finite:2
pango_cairo_context_get_resolution:0
pango_fc_font_get_type:0
pango_fc_font_get_glyph:3
XmlGetUtf8InternalEncoding:0
XmlInitEncoding:3
XmlPrologStateInit:1
:4
:1
:6
:8
:1
:4
:5
:f
:0
:1
:1
:1
:0
:1
:2
:2
:1
:3
:1
:0
:2
:5
:2
:1
:1
:3
:2
:f
:3
:0
:5
:3
:1
:1
:1
:3
:1
:2
:1
:3
:3
:1
:2
:0
:1
:1
:8
:0
:2
:0
:2
:1
:f
:3
:3
:3
:2
:3
:2
:1
:4
:2
:4
:0
:2
:2
:1
:2
:1
:1
:5
:1
:3
:1
:3
:f
:1
:4
:0
:1
:1
:5
:1
:1
:4
:1
:1
:0
:0
:2
:3
:3
:4
:5
:1
:7
:0
:3
:0
:1
:4
:0
:2
:0
:1
:1
:3
:1
:1
:6
:2
:2
:3
:4
:2
:1
:0
:6
:4
:2
:3
:0
:0
:0
:2
:3
:1
:1
:2
:3
:3
:1
:2
:2
:3
:4
:f
:3
:1
:3
:2
:2
:6
:2
:3
:3
:2
:2
:4
:3
:1
:1
:5
:1
:2
:3
:2
:0
:4
:1
:2
:2
:3
:3
:1
:3
:1
:1
:2
:1
:1
:0
:3
:1
:6
:2
:1
:1
:1
:0
:2
:4
:2
:4
:2
:5
:6
:4
:2
:1
:0
:2
:0
:1
:1
:1
:2
:3
:1
:2
:2
:2
:4
:4
:0
:1
:0
:0
:2
:3
:1
:2
:2
:2
:1
:2
:2
:3
:2
:5
:1
:2
:3
:1
:3
:1
:3
:2
:0
:2
:4
:2
:4
:4
:0
:1
:1
:2
:2
:4
:2
:3
:2
:f
:1
:3
:2
:1
:1
:1
:0
:1
:1
:2
:1
:1
:2
:3
:1
:1
:3
:3
:2
:2
:2
:4
:3
:3
:3
:1
:6
:3
:1
:2
:1
:3
:3
:1
:1
:4
:1
:7
:1
:4
:2
:1
:1
:1
:1
:1
:1
:2
:2
:1
:2
:2
:1
:3
:1
:1
:0
:1
:1
:1
:4
:1
:1
:5
:1
:1
:1
:1
:3
:1
:2
:1
:1
:1
:2
:2
:6
:4
:1
:2
:3
:3
:3
:2
:0
:4
:1
:2
:2
:2
:0
:2
:1
:1
:1
:0
:1
:1
:6
:1
:1
:5
:f
:2
:4
:6
:2
:0
:3
:2
:5
:2
:1
:5
:1
:3
:2
:2
:1
:1
:3
:3
:4
:3
:3
:0
:6
:3
:2
:1
:2
:1
:1
:2
:0
:3
:2
:2
:3
:1
:1
:1
:6
:4
:1
:3
:2
:6
:5
:4
:1
:3
:0
:1
:1
:3
:4
:1
:0
:3
:1
:1
:1
:3
:3
:1
:3
:4
:1
:0
:1
:1
:1
:1
:1
:1
:1
:1
:3
:1
:1
:2
:4
:1
:3
:2
:2
:2
:3
:2
:2
:6
:2
:3
:3
:2
:3
:2
:1
:0
:1
:2
:1
:1
:2
:f
:4
:2
:3
:5
:1
:1
:4
:1
:1
:6
:2
:3
:f
:2
:1
:1
:3
:2
:2
:2
:2
:1
:1
:3
:0
:2
:2
:1
:1
:6
:2
:e
:1
:1
:4
:3
:1
:2
:1
:3
:3
:4
:4
:1
:4
:2
:3
:1
:2
:2
:3
:5
:4
:1
:6
:2
:2
:2
:1
:4
:1
:1
:f
:3
:4
:1
:3
:2
:2
:1
:6
:2
:2
:4
:1
:5
:3
:1
:2
:3
:2
:3
:1
:1
:f
:2
:1
:3
:3
:3
:1
:1
:1
:3
:3
:0
:2
:3
:3
:4
:2
:0
:2
:1
:1
:0
:4
:1
:2
:3
:3
:1
:e
:1
:5
:4
:5
:4
:4
:0
:2
:3
:2
:6
:f
:4
:4
:1
:2
:2
:1
:4
:2
:1
:3
:3
:0
:1
:0
:2
:1
:1
:2
:4
:2
:2
:2
:3
murrine_rc_style_get_type:0
murrine_style_get_type:0
:0
:2
:2
:2
:1
:4
:2
:4
:4
:2
:3
:2
:3
:4
:5
:2
:6
:2
:2
:0
:3
:3
:1
:2
:3
:1
:1
:4
:6
:1
:1
:1
:1
:1
:5
:2
:1
:1
:1
:1
:2
:3
:6
:2
:1
:3
:1
:1
:4
:4
:4
:6
:5
:6
:6
:4
:3
:5
:11
:4
:6
:4
:3
:4
:6
:1
:6
:3
:1
:0
:0
:1
:2
:0
:4
:12
:7
:4
:2
:7
:2
:1
:8
:1
:1
:6
:3
:1
:5
:7
:11
:7
:6
:4
:4
:1
:4
:2
:3
:5
:4
:4
:1
:6
:2
:2
:3
:0
:4
:2
:2
:2
:1
:1
:1
:f
:1
:1
:2
:3
:3
:0
:0
:1
:1
:1
:1
:4
:4
:3
:1
:4
:5
:4
:6
:1
:3
:f
:4
:9
:3
:6
:2
:3
:1
:3
:4
:4
:4
:4
:1
:3
:2
:1
:5
:6
:3
:4
:4
:2
:3
:1
:0
:2
:2
:2
:2
:2
:6
:2
:3
:3
:2
:f
:1
:2
:4
:2
:2
:4
:6
:2
:3
:2
:2
:3
:4
:f
:5
:4
:5
:3
:6
:2
:2
:2
:2
:2
:4
:3
:1
:1
:3
:1
:3
:2
:2
:4
:f
:1
:2
:1
:1
:2
:2
:2
:2
:1
:2
:4
:2
:2
:2
:5
:1
:2
:1
:1
:1
:1
:2
:1
:4
:3
:3
:1
:4
:2
:1
:3
:2
:3
:0
:6
:6
:2
:3
:0
:0
:0
:0
:2
:6
:2
:4
:1
:2
:2
:1
:2
:6
:3
:5
:1
:2
:1
:1
:3
:1
:3
:2
:5
:4
:1
:2
:2
:4
:4
:2
:1
:3
:2
:1
:4
:1
:1
:0
:2
:0
:3
:2
:3
:6
:2
:2
:1
:3
:3
:3
:f
:1
:1
:4
:4
:2
:4
:2
:2
:2
:2
:1
:1
:1
:1
:5
:2
:1
:3
:2
:6
:4
:2
:2
:3
:1
:1
:6
:1
:2
:3
:3
:4
:1
:2
:1
:3
:3
:1
:5
:3
:5
:2
:1
:2
:2
:2
:2
:1
:0
:2
:6
:3
:1
:1
:2
:2
:1
:1
:4
:2
:1
:0
:2
:2
:2
:1
:0
:1
:1
:1
:1
:1
:f
:1
:2
:1
:4
:2
:1
:1
:1
:1
:1
asn1_length_der:3
asn1_octet_der:4
asn1_get_length_der:4
asn1_get_tag_der:5
asn1_get_length_ber:2
asn1_find_node:2
asn1_delete_structure:1
:2
:2
:1
:2
:f
:2
:3
:1
:3
:4
:2
:3
:1
:3
:3
:4
:2
:1
:1
:2
:6
:2
:4
:3
:3
:0
:3
:1
:f
:6
:1
:1
:3
:1
:5
:4
:3
:1
:3
:4
:3
:3
:4
:5
:5
:4
:4
:4
:3
:3
:1
:4
:4
:1
:1
:4
:5
:2
:2
:2
:f
:1
:2
:3
:4
:5
:4
:3
:6
:4
:4
:2
:1
:6
:4
:2
:1
:1
:3
:2
:1
:1
:3
:1
:1
:1
:1
:2
:1
:6
:0
:2
:5
:0
:2
:1
:3
:4
:2
:1
:4
:5
:0
:3
:1
:3
:3
:2
:2
:1
:0
:f
:1
:0
:0
:0
:1
:6
:4
:6
:2
:2
:1
:0
:1
:4
:1
:1
:1
:2
:1
:2
:1
:6
:2
:1
:2
:3
:1
:4
:2
:2
:1
:1
:0
:3
:2
:1
:1
:4
:1
:1
:1
:1
:f
:0
:1
:2
:1
:2
:4
:3
:1
:1
:3
:4
:3
:5
:3
:3
:2
:4
:3
:3
:2
:4
:1
:6
:1
:1
:2
:2
:1
:1
:3
:4
:3
:1
:1
:3
:1
:3
:4
:2
:1
:f
:1
:2
:0
:1
:1
:2
:2
:3
:0
:6
:2
:1
:2
:1
:0
:3
:3
:2
:3
:3
:4
:f
:3
:2
:4
:1
:0
:0
:2
:1
:1
:2
:2
:1
:5
:3
:4
:2
:1
:4
:f
:1
:0
:3
:2
:1
:2
:3
:2
:2
:1
:3
:1
:2
:1
:2
:3
:1
:1
:4
:f
:2
:2
:1
:1
:2
:2
:1
:2
:1
:f
:2
:1
:3
:1
:5
:1
:1
:1
:2
:1
:1
:2
:2
:1
:4
:1
:1
:5
:2
:1
:f
:2
:2
:2
:4
:3
:4
:3
:2
:0
:2
:2
:3
:2
:4
:1
:2
:2
:1
:f
:1
:3
:2
:3
:3
:2
:2
:0
:3
:1
:1
:1
:0
:1
:6
:2
:6
:4
:6
:6
:1
:4
:4
:3
:1
:6
:5
:2
:3
:2
:f
:3
:2
:1
:1
:1
:1
:4
:1
:2
:2
:1
:1
:2
:2
:1
:1
:1
:6
:1
:1
:3
:3
:4
:2
:2
:2
:1
:1
:1
:0
:2
:5
:2
:2
:2
:4
:1
:3
:5
:2
:3
:0
:2
:0
:f
:6
:4
:3
:6
:2
:3
:3
:0
:2
:1
:0
:2
:2
:0
:4
:2
:1
:2
:4
:4
:4
:4
:1
:2
:2
:2
:3
:4
:2
:2
:3
:1
:4
:4
:2
:1
:1
:3
:4
:1
:2
:4
:3
:3
:4
:2
:6
:4
:f
:1
:2
:4
:4
:2
:f
:3
:1
:1
:4
:1
:2
:2
:1
:1
:3
:3
:3
:3
:2
:1
:1
:2
:2
:1
:3
:1
:1
:2
:1
:1
:2
:2
:1
:2
:2
:3
:2
:f
:2
:1
:3
:3
:2
:4
:1
:4
:1
:2
:2
:2
:5
:6
:1
:4
:2
:3
:1
:4
:0
:4
:4
:1
:4
:3
:1
:1
:4
:4
:3
:2
:1
:2
:2
:5
:2
:2
:6
:4
:3
:4
:1
:2
:2
:3
:1
:1
:1
:5
:4
:1
:2
:2
:1
:2
:2
:3
:f
:2
:1
:3
:3
:4
:4
:1
:1
:1
:2
:1
:4
:3
:3
:4
:2
:1
:0
:2
:1
:2
:1
:3
:4
:f
:5
:3
:1
:1
:2
:4
:2
:1
:2
:1
:1
:2
:3
:1
:4
:2
:3
:2
:4
:4
:3
:6
:1
:2
:2
:2
:1
:6
:1
:3
:5
:3
:1
:1
rsvg_css_parse_color:3
rsvg_defs_lookup:2
:0
:3
:1
:4
:0
:3
:4
:3
:2
:1
:4
:3
:3
:2
:1
:1
:f
:1
:0
:2
:1
:1
:2
:3
:2
:2
:4
:3
:2
:2
:1
:3
:3
:4
:2
:2
:6
:1
:3
:2
:2
:f
:0
:1
:1
:3
:3
:1
:1
:1
:4
:0
:0
:1
:2
:1
:1
:1
:1
:1
:2
:2
:2
:3
:2
:7
:3
:0
:f
:1
:4
:5
:1
:2
:2
:2
:3
:3
:7
:1
:2
:3
:1
:1
:1
:1
:4
:1
:2
:1
:2
:1
:6
:3
:2
:2
:1
:3
:2
:1
:2
:1
:3
:3
:3
:1
:4
:4
:3
:5
:4
:4
:2
:3
:3
:6
:1
:4
:5
:6
:f
:3
:3
:5
:1
:2
:1
:2
:8
:0
:2
:1
:2
:4
:1
:2
:1
:2
:3
:5
:1
:3
:1
:1
:6
:6
:1
:1
:2
:2
:1
:1
:4
:2
:2
:2
:2
:2
:3
:5
:1
:6
:1
:2
:2
:2
:3
:3
:1
:3
:2
:4
:1
:4
:0
:1
:3
:3
:2
:3
:4
:1
:2
:4
:2
:4
:3
:3
:2
:8
:3
:1
:1
:1
:0
:1
:3
:3
:4
:2
:1
:2
:2
:6
:4
:3
:1
:1
:1
:2
:1
:1
:2
:1
:1
:4
:2
:1
:3
:0
:4
:4
:4
:2
:4
:3
:1
:1
:3
:2
:2
:5
:3
:1
:1
:1
:1
:4
:3
:3
:3
:4
:2
:3
:3
:2
:4
:f
:2
:f
:2
:6
:4
:3
:2
:2
:1
:1
:1
:3
:2
:5
:3
:3
:3
:4
:3
:2
:1
:1
:3
:3
:2
:3
:6
:1
:1
:1
:6
:3
:2
:4
:4
:3
:2
:5
:5
:6
:4
:1
:3
:2
:f
:4
:3
:3
:1
:3
:0
:3
:4
:3
:1
:2
:3
:3
:2
:4
:2
:2
:1
:0
:2
:3
:2
:3
:3
:2
:1
:2
:3
:0
:2
:1
:1
:2
:1
:1
:1
:2
:6
:1
