140737351952752:_dl_debug_state:0:0:0:2,4,
140737351932256::1:0:1:
140737351990432::1:0:1:
140737351932576::6:0:1:5,
140737351887536::2:0:1:
140737351994352::3:0:1:
140737351932432::2:0:1:
140737351990384::2:0:1:
140737351887504::1:0:1:
140737351992064::3:0:1:
140737351988528::0:0:1:
140737351993792::3:0:1:
140737351988816::4:0:1:
140737351993776::3:0:1:
140737351989840::8:6:1:
140737351887568::1:0:0:
140737351952768::2:0:1:
140737351950208::5:0:1:
140737351989104::1:0:1:
140737351920752::6:0:1:
140737351954880::2:0:1:
140737351918880::2:0:1:
140737351909408::6:0:1:3,
140737351908128::5:0:1:3,
140737351988432::0:0:1:
140737351988464::0:0:1:
140737351910912::6:0:1:2,6,
140737351988304::3:0:1:1,2,
140737351988896::0:0:1:
140737351988784::0:0:1:
140737351978304::1:0:1:
140737351978064::2:0:1:
140737351993376::3:0:1:
140737351995024::3:0:0:
140737351994704::3:0:0:
140737351956032::3:0:1:
140737351955104::6:0:1:6,
140737351934160::4:0:0:3,4,
140737351927904::6:0:1:6,
140737351925488::6:0:1:
140737351925104::1:0:1:2,4,
140737351949648::4:0:1:1,
140736844706960::0:0:1:
140737351947360::2:0:1:2,
140737020363488:g_closure_new_simple:2:0:1:4,
140737020363648:g_closure_set_meta_marshal:3:0:0:
140737020363872:g_closure_add_marshal_guards:5:0:1:
140737020365120:g_closure_add_invalidate_notifier:3:0:1:
140737020365456:g_closure_ref:1:0:1:5,
140737020365728:g_closure_unref:1:0:1:
140737020366096:g_closure_invalidate:1:0:1:3,
140737020366480:g_closure_sink:1:0:1:
140737020366640:g_closure_remove_invalidate_notifier:3:0:1:
140737020367488:g_closure_invoke:5:0:1:3,
140737020368496:g_closure_set_marshal:2:0:1:5,
140737020368752:g_cclosure_new:3:0:1:
140737020368880:g_cclosure_new_swap:3:0:1:
140737020369152:g_signal_type_cclosure_new:2:0:1:2,
140737020374560:g_enum_get_value:2:0:1:2,5,
140737020385888:g_object_ref:1:0:1:
140737020386320:g_object_unref:1:0:1:3,4,
140737020395232:g_object_newv:3:0:1:4,5,
140737020395888:g_object_new_valist:3:0:1:
140737020397776:g_object_set_valist:3:0:0:
140737020399328:g_object_get_valist:3:0:0:
140737020405504:g_object_get_qdata:2:0:1:2,
140737020409616:g_object_watch_closure:2:0:0:
140737020412464:g_param_spec_ref:1:0:1:
140737020413296:g_param_spec_ref_sink:1:0:1:
140737020413520:g_param_spec_internal:5:0:1:5,
140737020414576:g_param_spec_get_redirect_target:1:0:1:
140737020415008:g_param_value_set_default:2:0:0:
140737020415520:g_param_value_validate:2:0:1:
140737020416784:g_param_spec_pool_insert:3:0:0:
140737020417248:g_param_spec_pool_lookup:4:0:1:4,
140737020418416:g_param_spec_pool_list:3:0:1:
140737020420256:g_param_spec_get_default_value:1:0:1:
140737020449136:g_signal_newv:6:0:1:3,
140737020453136:g_signal_new_valist:6:0:1:3,
140737020462528:g_signal_connect_data:6:0:1:6,
140737020464928:g_signal_handlers_destroy:1:0:0:
140737020468304:g_signal_emit_valist:4:0:1:
140737020472416:g_signal_emit:4:0:0:6,
140737020489696:g_type_class_unref:1:0:1:
140737020489920:g_type_class_ref:1:0:1:5,
140737020491536:g_type_class_peek:1:0:1:2,
140737020491632:g_type_class_peek_static:1:0:1:5,
140737020491728:g_type_class_peek_parent:1:0:1:
140737020491968:g_type_interface_peek:2:0:1:
140737020496704:g_type_from_name:1:0:1:
140737020497680:g_type_register_static:4:0:1:4,
140737020498384:g_type_parent:1:0:1:
140737020498448:g_type_depth:1:0:1:
140737020498656:g_type_is_a:2:0:1:
140737020499408:g_type_interfaces:2:0:1:
140737020500688:g_type_test_flags:2:0:1:2,
140737020501072:g_type_create_instance:1:0:1:5,
140737020502960:g_type_fundamental:1:0:1:5,
140737020505392:g_type_check_instance_is_a:2:0:1:6,
140737020506768:g_type_check_class_is_a:2:0:1:5,
140737020508128:g_type_check_instance:1:0:1:
140737020508336:g_type_check_is_value_type:1:0:1:6,
140737020508768:g_type_check_value:1:0:1:
140737020509184:g_type_check_value_holds:2:0:1:
140737020509680:g_type_value_table_peek:1:0:1:
140737020513856:g_type_module_get_type:0:0:1:
140737020517472:g_value_init:2:0:1:
140737020517728:g_value_reset:1:0:1:2,
140737020517856:g_value_unset:1:0:0:5,
140737020518032:g_value_peek_pointer:1:0:1:
140737020518160:g_value_register_transform_func:3:0:0:
140737020518688:g_value_type_compatible:2:0:1:6,
140737020518864:g_value_copy:2:0:0:
140737020519072:g_value_set_instance:2:0:0:
140737020519664:g_value_transform:2:0:1:
140737017216672:g_array_append_vals:3:0:1:3,
140737017218512:g_ptr_array_new:0:0:1:
140737017218528:g_ptr_array_set_free_func:2:0:0:
140737017219200:g_ptr_array_remove_range:3:0:1:
140737017219520:g_ptr_array_set_size:2:0:0:
140737017219968:g_ptr_array_add:2:0:0:
140737017220992:g_byte_array_free:2:0:1:2,
140737017226976:g_bit_lock:2:0:1:6,
140737017227136:g_bit_unlock:2:0:1:
140737017227232:g_pointer_bit_lock:2:0:0:6,
140737017227488:g_pointer_bit_unlock:2:0:0:
140737017246560:g_bytes_unref:1:0:1:5,
140737017246768:g_bytes_new:2:0:1:5,
140737017246864:g_bytes_get_data:2:0:1:4,
140737017246928:g_bytes_get_size:1:0:1:
140737017246992:g_bytes_ref:1:0:1:4,
140737017248912:g_get_charset:1:0:1:
140737017279184:g_get_filename_charsets:1:0:1:
140737017281232:g_filename_display_name:1:0:1:
140737017285360:g_datalist_init:1:0:0:
140737017310832:g_getenv:1:0:1:
140737017311472:g_error_new_valist:4:0:1:1,2,
140737017312352:g_set_error:5:0:0:2,3,
140737017312576:g_set_error_literal:1:0:0:2,3,
140737017312656:g_propagate_error:2:0:0:
140737017314816:g_file_error_quark:0:0:1:
140737017314864:g_file_error_from_errno:1:0:1:1,
140737017320688:g_dgettext:2:0:1:
140737017320752:glib_gettext:1:0:1:
140737017324048:g_hash_table_new:2:0:1:
140737017324864:g_hash_table_lookup:2:0:1:
140737017325568:g_hash_table_insert:3:0:0:
140737017325584:g_hash_table_replace:3:0:0:
140737017325616:g_hash_table_contains:2:0:1:
140737017325920:g_hash_table_remove:2:0:1:3,5,
140737017325952:g_hash_table_remove_all:1:0:0:
140737017326080:g_hash_table_destroy:1:0:0:
140737017326976:g_hash_table_size:1:0:1:4,
140737017355616:g_key_file_error_quark:0:0:1:
140737017361120:g_key_file_get_value:4:0:1:
140737017361440:g_key_file_set_value:4:0:0:
140737017361728:g_key_file_get_string:4:0:1:
140737017376176:g_list_free_1:1:0:1:
140737017376192:g_list_prepend:2:0:1:
140737017376880:g_list_remove_link:2:0:1:
140737017377536:g_list_nth:2:0:1:
140737017377984:g_list_last:1:0:1:
140737017378016:g_list_append:2:0:1:
140737017382800:g_main_context_ref:4:0:1:
140737017383728:g_main_context_default:0:0:1:6,
140737017383808:g_main_context_get_thread_default:0:0:1:
140737017383920:g_source_new:2:0:1:3,6,
140737017384096:g_source_attach:2:0:1:
140737017384272:g_source_destroy:1:0:0:
140737017385360:g_source_set_callback:4:0:1:
140737017385664:g_source_set_priority:2:0:0:
140737017387216:g_source_unref:1:0:0:
140737017387264:g_main_context_find_source_by_id:2:0:1:2,
140737017388896:g_get_current_time:1:0:0:
140737017389024:g_get_monotonic_time:0:0:1:5,
140737017389200:g_main_context_acquire:1:0:1:5,
140737017389536:g_main_context_release:1:0:1:
140737017390384:g_main_context_prepare:2:0:1:
140737017391200:g_main_context_query:5:0:1:5,
140737017391376:g_main_context_check:4:0:1:
140737017392048:g_main_context_dispatch:1:0:1:4,
140737017394784:g_source_get_time:1:0:1:
140737017396192:g_idle_source_new:0:0:1:
140737017415168:g_malloc:1:0:1:
140737017415248:g_malloc0:1:0:1:
140737017415328:g_realloc:2:0:1:3,4,
140737017415424:g_free:1:0:0:
140737017415648:g_malloc_n:2:0:1:4,
140737017415744:g_malloc0_n:2:0:1:4,
140737017415840:g_realloc_n:3:0:1:5,
140737017416080:g_mem_is_system_malloc:0:0:1:
140737017455904:g_quark_to_string:1:0:1:1,
140737017455952:g_intern_string:1:0:1:
140737017458512:g_queue_pop_head:1:0:1:4,5,
140737017460048:g_queue_peek_head:1:0:1:
140737017504240:g_slice_alloc:1:0:1:
140737017505632:g_slice_alloc0:1:0:1:
140737017505744:g_slice_free1:2:0:0:
140737017507760:g_slist_alloc:0:0:1:
140737017507776:g_slist_free:1:0:0:
140737017507808:g_slist_free_1:1:0:0:
140737017507824:g_slist_prepend:2:0:1:3,4,
140737017508112:g_slist_remove:2:0:1:
140737017508304:g_slist_remove_link:2:0:1:
140737017508880:g_slist_find:2:0:1:4,
140737017509168:g_slist_last:1:0:1:
140737017509424:g_slist_concat:2:0:1:
140737017509520:g_slist_foreach:3:0:0:5,
140737017509584:g_slist_free_full:2:0:1:5,
140737017510640:g_strdup:1:0:1:
140737017510720:g_memdup:2:0:1:5,
140737017510784:g_strndup:2:0:1:
140737017510896:g_stpcpy:8:6:1:
140737017511008:g_strdup_vprintf:2:0:1:
140737017511056:g_strdup_printf:4:0:1:
140737017511520:g_ascii_strtod:2:0:0:
140737017511616:g_strtod:2:0:1:
140737017511968:g_ascii_strtoull:3:0:1:3,
140737017512064:g_strerror:1:0:1:1,
140737017513232:g_ascii_tolower:1:0:1:
140737017513680:g_ascii_strcasecmp:2:0:1:
140737017515696:g_strchug:1:0:1:
140737017515840:g_strchomp:1:0:1:
140737017518016:g_strstr_len:3:0:1:
140737017518256:g_strrstr:2:0:1:
140737017520048:g_string_sized_new:1:0:1:
140737017520144:g_string_free:2:0:1:2,
140737017521248:g_string_append:2:0:1:
140737017521520:g_string_append_len:3:0:1:
140737017521632:g_string_new:1:0:1:
140737017522128:g_string_insert_c:3:0:1:3,
140737017524208:g_string_erase:3:0:1:
140737017525008:g_string_append_vprintf:3:0:0:
140737017525424:g_string_append_printf:4:0:0:
140737017545616:g_thread_self:0:0:1:5,
140737017570224:g_unichar_isalnum:1:0:1:1,
140737017577456:g_utf8_find_next_char:2:0:1:
140737017577904:g_utf8_get_char:1:0:1:
140737017578576:g_unichar_to_utf8:2:0:1:1,
140737017578816:g_utf8_strchr:3:0:1:3,
140737017579008:g_utf8_get_char_validated:2:0:1:
140737017583280:g_utf8_validate:3:0:1:
140737017597264:g_variant_new_byte:1:0:1:3,5,
140737017599360:g_variant_get_type:1:0:1:5,6,
140737017599840:g_variant_is_of_type:2:0:1:4,5,6,
140737017599952:g_variant_get_byte:2:0:1:4,5,
140737017601104:g_variant_get_variant:5:0:1:4,5,
140737017602704:g_variant_is_container:1:0:1:
140737017603104:g_variant_get_string:2:0:1:
140737017610576:g_variant_builder_clear:1:0:1:4,
140737017610960:g_variant_builder_init:2:0:1:3,
140737017611760:g_variant_builder_add_value:2:0:1:
140737017612352:g_variant_builder_end:1:0:1:4,
140737017615392:g_variant_format_string_scan:3:0:1:
140737017618432:g_variant_format_string_scan_type:3:0:1:
140737017620112:g_variant_new_va:3:0:1:
140737017620816:g_variant_get_va:4:0:1:
140737017624704:g_variant_new_from_bytes:3:0:1:3,4,
140737017625024:g_variant_unref:1:0:1:
140737017625616:g_variant_ref:1:0:1:5,6,
140737017625728:g_variant_ref_sink:1:0:1:5,
140737017626080:g_variant_get_size:1:0:1:
140737017626144:g_variant_get_data:1:0:1:4,5,
140737017626336:g_variant_n_children:1:0:1:5,6,
140737017626432:g_variant_get_child_value:2:0:1:4,5,6,
140737017642864:g_variant_serialised_n_children:0:0:1:
140737017643360:g_variant_serialised_get_child:2:0:1:
140737017645632:g_variant_serialiser_serialise:3:0:1:
140737017647072:g_variant_serialiser_needed_size:4:0:1:
140737017648576:g_variant_serialiser_is_string:2:0:1:5,
140737017651936:g_variant_type_info_get_type_string:1:0:1:
140737017652000:g_variant_type_info_query:3:0:0:
140737017652096:g_variant_type_info_query_element:3:0:0:
140737017652144:g_variant_type_info_n_members:1:0:1:
140737017652176:g_variant_type_info_member_info:2:0:1:
140737017652240:g_variant_type_info_ref:1:0:1:3,
140737017652368:g_variant_type_info_get:1:0:1:5,
140737017653440:g_variant_type_info_unref:1:0:1:
140737017653856:g_variant_type_string_scan:3:0:1:
140737017654240:g_variant_type_string_is_valid:1:0:1:
140737017654336:g_variant_type_free:1:0:1:4,
140737017654352:g_variant_type_get_string_length:1:0:1:
140737017654464:g_variant_type_copy:1:0:1:4,
140737017654576:g_variant_type_peek_string:1:0:1:
140737017654640:g_variant_type_dup_string:1:0:1:5,
140737017654736:g_variant_type_is_definite:1:0:1:5,
140737017654896:g_variant_type_is_container:1:0:1:
140737017655008:g_variant_type_is_basic:1:0:1:
140737017655120:g_variant_type_is_maybe:1:0:1:3,4,
140737017655200:g_variant_type_is_array:1:0:1:
140737017655280:g_variant_type_is_tuple:1:0:1:
140737017655376:g_variant_type_is_dict_entry:1:0:1:2,
140737017656128:g_variant_type_element:1:0:1:
140737017656256:g_variant_type_first:1:0:1:
140737017656400:g_variant_type_next:1:0:1:5,
140737017656512:g_variant_type_n_items:1:0:1:
140737017656592:g_variant_type_key:1:0:1:4,
140737017657680:g_variant_type_new_dict_entry:2:0:1:4,
140737017657904:g_variant_type_checked_:1:0:1:4,
140737017659616:g_vasprintf:3:0:1:
140737017661808:g_mutex_lock:0:0:0:6,
140737017661856:g_mutex_unlock:0:0:0:5,
140737017661904:g_mutex_trylock:0:0:1:
140737017662016:g_rec_mutex_lock:1:0:1:5,
140737017662064:g_rec_mutex_unlock:1:0:1:
140737017662544:g_cond_broadcast:0:0:0:3,
140737017662752:g_private_get:0:0:1:
140736987901920:webkit_web_frame_get_type:0:0:1:
140736987941280:webkit_web_settings_get_type:0:0:1:
140736987949376:webkit_web_view_get_type:0:0:1:
140736977140992:gtk_accel_group_get_type:0:0:1:
140736977142032:gtk_accel_group_find:3:0:1:
140736977142704:gtk_accel_group_from_accel_closure:1:0:1:
140736977143264:gtk_accelerator_parse:3:0:0:
140736977144752:gtk_accelerator_name:2:0:1:2,
140736977146320:gtk_accel_group_connect_by_path:3:0:0:
140736977148112:gtk_accelerator_get_default_mod_mask:0:0:1:
140736977149072:gtk_accel_label_get_type:0:0:1:
140736977149552:gtk_accel_label_set_accel_closure:2:0:0:
140736977150080:gtk_accel_label_set_accel_widget:2:0:0:
140736977153872:gtk_accel_map_lookup_entry:2:0:1:
140736977154160:gtk_accel_map_add_entry:3:0:0:2,3,
140736977157200:gtk_accel_map_save_fd:1:0:0:1,
140736977162032:gtk_action_get_type:0:0:1:
140736977162736:gtk_action_block_activate:1:0:0:
140736977162832:gtk_action_unblock_activate:1:0:0:
140736977163120:gtk_action_create_menu_item:1:0:1:
140736977164368:gtk_action_get_name:1:0:1:
140736977164464:gtk_action_is_sensitive:1:0:1:
140736977165040:gtk_action_is_visible:1:0:1:
140736977166080:gtk_action_get_always_show_image:1:0:1:
140736977166176:gtk_action_get_label:1:0:1:
140736977166272:gtk_action_set_short_label:2:0:0:
140736977168016:gtk_action_get_stock_id:1:0:1:
140736977169696:gtk_action_set_accel_path:2:0:0:
140736977169808:gtk_action_get_accel_path:1:0:1:
140736977169920:gtk_action_get_accel_closure:1:0:1:
140736977170016:gtk_action_set_accel_group:2:0:0:
140736977170192:gtk_action_connect_accelerator:1:0:0:
140736977170352:gtk_action_disconnect_accelerator:1:0:1:
140736977172112:gtk_action_group_get_type:0:0:1:
140736977173264:gtk_action_group_get_sensitive:1:0:1:
140736977173552:gtk_action_group_get_visible:1:0:1:
140736977174112:gtk_action_group_get_action:2:0:1:
140736977174368:gtk_action_group_add_action:2:0:0:
140736977177728:gtk_activatable_get_type:0:0:1:
140736977178032:gtk_activatable_sync_action_properties:2:0:0:
140736977178240:gtk_activatable_set_related_action:2:0:0:
140736977178416:gtk_activatable_get_related_action:1:0:1:
140736977178560:gtk_activatable_do_set_related_action:2:0:0:
140736977178912:gtk_activatable_set_use_action_appearance:2:0:0:2,
140736977178944:gtk_activatable_get_use_action_appearance:0:0:1:
140736977180208:gtk_adjustment_get_type:0:0:1:
140736977184192:gtk_alignment_get_type:0:0:1:
140736977212592:gtk_bin_get_type:0:0:1:
140736977218464:gtk_binding_entry_add_signal:6:0:0:2,3,
140736977223120:gtk_box_get_type:0:0:1:
140736977226432:gtk_box_pack_start:5:0:0:3,4,5,
140736977255040:gtk_button_get_type:0:0:1:
140736977258160:gtk_button_set_relief:2:0:0:2,
140736977344816:gtk_check_menu_item_get_type:0:0:1:
140736977416816:gtk_container_get_type:0:0:1:
140736977425888:gtk_container_add:2:0:0:
140736977426352:gtk_container_remove:2:0:0:
140736977428272:gtk_container_forall:3:0:1:
140736977428864:gtk_container_foreach:3:0:0:
140736977429776:gtk_container_get_children:1:0:1:
140736977433632:gtk_container_propagate_expose:3:0:0:
140736977442720:gtk_editable_get_type:0:0:1:
140736977456560:gtk_entry_get_type:0:0:1:
140736977502496:gtk_entry_buffer_get_type:0:0:1:
140736977503376:gtk_entry_buffer_get_length:1:0:1:
140736977503712:gtk_entry_buffer_get_text:1:0:1:
140736977682512:gtk_gc_get:4:0:1:1,4,
140736977682720:gtk_gc_release:1:0:0:
140736977691536:gtk_hbox_get_type:0:0:1:
140736977691680:gtk_hbox_new:2:0:1:1,2,
140736977711552:gtk_icon_source_copy:1:0:1:
140736977712304:gtk_icon_set_ref:1:0:1:
140736977712800:gtk_icon_set_unref:1:0:0:
140736977713040:gtk_icon_factory_get_type:0:0:1:
140736977713264:gtk_icon_factory_add:3:0:0:
140736977713584:gtk_icon_factory_lookup:2:0:1:
140736977716688:gtk_icon_set_new:0:0:1:
140736977717136:gtk_icon_set_add_source:2:0:0:
140736977719840:gtk_icon_factory_lookup_default:1:0:1:
140736977731792:gtk_icon_theme_get_type:0:0:1:
140736977800288:gtk_image_get_type:0:0:1:
140736977806448:gtk_image_new:0:0:1:
140736977806592:gtk_image_clear:1:0:0:
140736977807952:gtk_image_set_from_stock:3:0:1:3,
140736977808128:gtk_image_new_from_stock:2:0:1:2,
140736977813120:gtk_image_menu_item_get_type:0:0:1:
140736977814944:gtk_image_menu_item_set_image:2:0:0:
140736977815856:gtk_image_menu_item_get_image:1:0:1:
140736977818048:gtk_im_context_get_type:0:0:1:
140736977861664:gtk_label_get_type:0:0:1:
140736977866864:gtk_label_set_mnemonic_widget:2:0:0:
140736977868224:gtk_label_set_label:2:0:1:
140736977881536:gtk_label_set_use_underline:2:0:0:2,
140736977913888:gtk_grab_remove:1:0:0:
140736977915568:gtk_get_event_widget:1:0:1:
140736977939904:gtk_menu_get_type:0:0:1:
140736977977392:gtk_menu_item_get_type:0:0:1:
140736977981632:gtk_menu_item_get_submenu:1:0:1:
140736977984384:gtk_menu_item_set_accel_path:2:0:1:
140736977985360:gtk_menu_item_set_use_underline:2:0:0:2,
140736977989120:gtk_menu_shell_get_type:0:0:1:
140736977990256:gtk_menu_shell_insert:3:0:0:3,
140736978007488:gtk_misc_get_type:0:0:1:
140736978007632:gtk_misc_set_alignment:3:2:1:
140736978028640:gtk_notebook_get_type:0:0:1:
140736978072800:gtk_object_get_type:0:0:1:
140736978078848:gtk_orientable_get_type:0:0:1:
140736978079008:gtk_orientable_set_orientation:2:0:0:2,
140736978151824:gtk_radio_action_get_type:0:0:1:
140736978179008:gtk_range_get_type:0:0:1:
140736978180000:gtk_range_get_adjustment:1:0:1:
140736978202080:gtk_rc_style_get_type:0:0:1:
140736978207072:gtk_rc_style_new:0:0:1:
140736978208768:gtk_rc_parse_state:2:0:1:
140736978209408:gtk_rc_parse_color_full:3:0:1:
140736978222128:gtk_rc_get_style:1:0:1:
140736978302592:gtk_scrolled_window_get_type:0:0:1:
140736978312128:gtk_target_list_add:4:0:0:3,4,
140736978315664:gtk_selection_remove_all:1:0:0:
140736978328336:gtk_separator_menu_item_get_type:0:0:1:
140736978329040:gtk_separator_tool_item_get_type:0:0:1:
140736978335440:gtk_settings_get_type:0:0:1:
140736978335584:gtk_settings_get_for_screen:1:0:1:
140736978411904:gtk_border_free:1:0:0:
140736978417808:gtk_style_get_type:0:0:1:
140736978421232:gtk_style_attach:2:0:1:
140736978421808:gtk_style_detach:1:0:1:
140736978446864:gtk_paint_flat_box:6:0:0:3,4,
140736978451424:gtk_border_get_type:0:0:1:
140736978465664:gtk_tearoff_menu_item_get_type:0:0:1:
140736978692448:gtk_toggle_action_get_type:0:0:1:
140736978701744:gtk_toolbar_get_type:0:0:1:
140736978729472:gtk_tool_button_get_type:0:0:1:
140736978735536:gtk_tool_item_get_type:0:0:1:
140736978735984:gtk_tool_item_get_icon_size:1:0:1:
140736978736272:gtk_tool_item_get_toolbar_style:1:0:1:
140736978736416:gtk_tool_item_get_relief_style:1:0:1:
140736978736560:gtk_tool_item_get_text_alignment:1:0:0:
140736978736720:gtk_tool_item_get_text_orientation:1:0:1:
140736978736864:gtk_tool_item_get_text_size_group:1:0:1:
140736978737184:gtk_tool_item_get_expand:1:0:1:
140736978737456:gtk_tool_item_get_homogeneous:1:0:1:
140736978737552:gtk_tool_item_get_is_important:1:0:1:
140736978738752:gtk_tool_item_get_visible_horizontal:1:0:1:
140736978739904:gtk_tool_item_rebuild_menu:1:0:0:
140736978768272:gtk_tool_shell_get_type:0:0:1:
140736978771792:gtk_tooltip_get_type:0:0:1:
140736978882992:gtk_tree_view_get_type:0:0:1:
140736978967984:gtk_tree_view_column_get_type:0:0:1:
140736979016144:gtk_viewport_get_type:0:0:1:
140736979026240:gtk_widget_get_type:0:0:1:
140736979026528:gtk_widget_freeze_child_notify:1:0:1:
140736979026848:gtk_widget_child_notify:2:0:0:
140736979029008:gtk_widget_destroy:1:0:1:
140736979029216:gtk_widget_size_request:2:0:0:
140736979029328:gtk_widget_get_child_requisition:2:0:0:
140736979030016:gtk_widget_list_accel_closures:1:0:1:
140736979030608:gtk_widget_set_accel_path:3:0:0:
140736979031840:gtk_widget_get_can_focus:1:0:1:
140736979031936:gtk_widget_has_focus:1:0:1:
140736979032032:gtk_widget_get_can_default:1:0:1:
140736979032256:gtk_widget_get_receives_default:1:0:1:
140736979032512:gtk_widget_has_grab:1:0:1:
140736979032640:gtk_widget_get_name:1:0:1:
140736979032752:gtk_widget_get_state:1:0:1:
140736979032848:gtk_widget_get_visible:1:0:1:
140736979032944:gtk_widget_set_has_window:2:0:0:2,
140736979033072:gtk_widget_get_has_window:1:0:1:
140736979033824:gtk_widget_is_toplevel:1:0:1:
140736979034192:gtk_widget_get_realized:1:0:1:
140736979034560:gtk_widget_translate_coordinates:6:0:1:3,4,
140736979036368:gtk_widget_event:2:0:1:
140736979036608:gtk_widget_send_expose:2:0:1:
140736979036880:gtk_widget_set_realized:2:0:0:2,
140736979037008:gtk_widget_get_mapped:1:0:1:
140736979037328:gtk_widget_queue_draw_area:5:0:0:2,3,4,5,
140736979037856:gtk_widget_is_drawable:1:0:1:
140736979037968:gtk_widget_set_mapped:2:0:0:2,
140736979038576:gtk_widget_get_double_buffered:1:0:1:
140736979038672:gtk_widget_set_double_buffered:2:0:0:2,
140736979039264:gtk_widget_set_redraw_on_allocate:2:0:0:2,
140736979039392:gtk_widget_get_sensitive:1:0:1:
140736979039488:gtk_widget_is_sensitive:1:0:1:
140736979039984:gtk_widget_get_parent:1:0:1:
140736979040224:gtk_widget_has_rc_style:1:0:1:
140736979040576:gtk_widget_get_default_style:0:0:1:
140736979040912:gtk_widget_set_parent_window:2:0:0:
140736979041072:gtk_widget_get_parent_window:1:0:1:
140736979043168:gtk_widget_get_toplevel:1:0:1:
140736979043696:gtk_widget_is_focus:1:0:1:
140736979044288:gtk_widget_get_screen:1:0:1:
140736979044800:gtk_widget_get_display:1:0:1:
140736979045136:gtk_widget_has_screen:1:0:1:
140736979045248:gtk_widget_get_ancestor:2:0:1:
140736979045408:gtk_widget_get_colormap:1:0:1:
140736979045696:gtk_widget_get_settings:1:0:1:
140736979046496:gtk_widget_get_extension_events:1:0:1:
140736979047648:gtk_widget_get_direction:1:0:1:
140736979048256:gtk_widget_get_pango_context:1:0:1:
140736979051472:gtk_widget_size_allocate:2:0:0:
140736979053440:gtk_widget_unparent:1:0:0:
140736979055296:gtk_widget_class_install_style_property:2:0:0:
140736979056016:gtk_widget_style_get_valist:3:0:0:
140736979056736:gtk_widget_style_get:4:0:0:
140736979057376:gtk_widget_queue_resize:1:0:0:
140736979057984:gtk_widget_show:1:0:1:
140736979058384:gtk_widget_hide:1:0:1:
140736979058976:gtk_widget_set_can_focus:2:0:0:2,
140736979059808:gtk_widget_set_name:2:0:0:
140736979059984:gtk_widget_ensure_style:1:0:1:
140736979060096:gtk_widget_realize:1:0:0:
140736979060528:gtk_widget_map:1:0:0:
140736979060864:gtk_widget_set_child_visible:2:0:1:2,
140736979064240:gtk_widget_reset_rc_styles:1:0:0:
140736979064528:gtk_widget_set_parent:2:0:0:
140736979065248:gtk_widget_queue_draw:1:0:0:
140736979065856:gtk_widget_set_sensitive:2:0:0:2,
140736979066416:gtk_widget_region_intersect:2:0:1:
140736979066608:gtk_widget_path:4:0:1:
140736979067008:gtk_widget_class_path:4:0:1:
140736979067408:gtk_requisition_get_type:0:0:1:
140736979080544:gtk_widget_get_no_show_all:1:0:1:
140736979096656:gtk_window_get_type:0:0:1:
140736979126560:gtk_window_get_mnemonics_visible:1:0:1:
