4287968:assign_row:2:0:0:
4291984:make_current.isra.6:0:0:0:
4292112:update_window_line:0:0:0:
4300032:update_window:2:0:0:2,
4310064:prepare_desired_row:3:0:0:3,
4318496:do_pending_window_change:0:0:0:1,
4324720:decode_live_frame:1:0:0:
4326752:decode_any_frame:0:0:0:
4327728:decode_window_system_frame:1:0:0:
4330800:store_in_alist:0:0:0:
4344448:x_mouse_grabbed:0:0:0:
4344560:validate_x_resource_name:0:0:0:
4345648:display_x_get_resource:0:0:0:
4346240:x_get_arg:6:0:0:6,
4349184:frame_make_pointer_visible:0:0:0:
4359344:get_per_char_metric:0:0:0:
4359424:set_glyph_string_background_width:0:0:0:
4360608:get_it_property:2:0:0:
4364880:safe__call:4:0:0:1,
4366288:reseat_1:0:0:0:
4366672:init_glyph_string:0:0:0:5,
4369424:handle_line_prefix:1:0:0:
4370048:get_visually_first_element:1:0:0:
4371424:next_overlay_change:0:0:0:
4377904:calc_line_height_property:0:0:0:
4379744:get_glyph_face_and_encoding:4:0:0:
4379952:fill_glyph_string:0:0:0:
4386800:produce_special_glyphs:0:0:0:
4389296:append_space_for_newline:0:0:0:
4392128:bset_redisplay:1:0:0:
4392272:window_text_bottom_y:0:0:0:
4392688:window_box_width:2:0:0:2,
4393008:extend_face_to_end_of_line:0:0:0:
4395616:window_box_left_offset.part.30:2:0:0:2,
4395984:window_box_height:1:0:0:
4400256:window_box_left:2:0:0:2,
4400368:window_box:6:0:0:2,
4413104:safe_call1:2:0:0:
4413200:compute_display_string_pos:5:0:0:4,
4414288:lookup_glyphless_char_display:0:0:0:
4421648:row_hash:1:0:0:
4421776:compute_line_metrics:0:0:0:
4423344:load_overlay_strings:2:0:0:
4425760:get_overlay_strings_1:3:0:0:3,
4426272:handle_stop:1:0:0:
4426976:init_iterator:6:0:0:6,
4431904:set_iterator_to_next:0:0:0:2,
4441504:face_before_or_after_it_pos:0:0:0:
4443136:get_next_display_element:0:0:0:
4446992:display_string:6:0:0:
4449968:display_mode_element:6:0:0:2,3,4,
4461840:forward_to_next_line_start:3:0:0:
4466672:display_line:0:0:0:
4522992:x_get_glyph_overhangs:0:0:0:
4523280:draw_glyphs:6:0:0:2,4,
4546592:display_and_set_cursor:6:0:0:2,3,4,5,6,
4582384:get_glyph_string_clip_rects:3:0:0:3,
4592448:ensure_menu_items:1:0:0:1,
4592512:push_menu_pane:2:0:0:
4592624:push_menu_item:0:0:0:
4592800:single_keymap_panes:0:0:0:
4598336:xmalloc_widget_value:0:0:0:
4598384:free_menubar_widget_value_tree:1:0:0:
4599776:update_submenu_strings:1:0:0:
4608688:adjust_window_count:2:0:0:2,
4609056:candidate_window_p:0:0:0:
4615648:coordinates_in_window:3:0:0:2,3,
4622688:foreach_window.isra.29:3:0:0:
4623008:window_outdated:0:0:0:
4623056:decode_live_window:1:0:0:
4636416:decode_any_window:0:0:0:
4636800:wset_buffer:1:0:0:
4638560:window_display_table:1:0:0:
4665168:read_hex:0:0:0:
4690864:coding_set_source:0:0:0:
4691056:coding_set_destination:0:0:0:
4694320:get_translation_table:0:0:0:
4729520:consume_chars:0:0:0:
4733872:alloc_destination:3:0:0:
4734208:produce_chars:0:0:0:
4767904:decode_coding:0:0:0:
4770512:setup_coding_system:0:0:0:
4784144:code_conversion_save:2:0:0:1,2,
4786128:decode_coding_object:0:0:0:
4788224:encode_coding_object:0:0:0:
4795456:code_convert_string_norecord:0:0:0:
4795488:decode_file_name:0:0:0:
4795584:encode_file_name:0:0:0:
4819776:char_width:0:0:0:
4821216:char_string:0:0:0:
4823296:multibyte_char_to_unibyte_safe:1:0:0:1,
4824544:multibyte_chars_in_text:2:0:0:
4824896:parse_str_as_multibyte:4:0:0:
4826960:count_size_as_multibyte:0:0:0:
4829856:make_sub_char_table:3:0:0:1,2,
4830464:Fmake_char_table:2:0:0:
4831888:sub_char_table_ref:3:0:0:2,3,
4832064:sub_char_table_ref_and_range:6:0:0:2,6,
4833104:sub_char_table_set:4:0:0:2,4,
4833344:sub_char_table_set_range:5:0:0:2,3,5,
4835056:char_table_ref:2:0:0:2,
4835680:map_sub_char_table:6:0:0:
4838144:char_table_ref_and_range:0:0:0:
4839488:char_table_set:0:0:0:
4840064:char_table_set_range:0:0:0:
4840752:char_table_translate:0:0:0:2,
4840800:map_char_table:0:0:0:
4842528:bidi_set_sor_type:3:0:0:2,3,
4842720:bidi_line_init:1:0:0:
4842992:bidi_get_category:0:0:0:
4843088:bidi_explicit_dir_char:0:0:0:
4843328:bidi_cache_ensure_space:0:0:0:
4843936:bidi_at_paragraph_end:0:0:0:
4844080:bidi_fetch_char:5:0:0:
4846544:bidi_get_type.part.1:0:0:0:
4846848:bidi_resolve_explicit_1:0:0:0:
4848064:bidi_resolve_explicit:1:0:0:
4848640:bidi_resolve_weak:1:0:0:
4850224:bidi_cache_search.constprop.4:1:0:0:2,
4850496:bidi_cache_iterator_state:0:0:0:
4850992:bidi_resolve_neutral:1:0:0:
4851872:bidi_level_of_next_char:0:0:0:
4855120:bidi_init_it:4:0:0:3,
4855568:bidi_paragraph_init:3:0:0:1,3,
4857040:bidi_move_to_visually_next:1:0:0:
4892992:get_terminal:0:0:0:
4895280:lface_hash:1:0:0:
4895712:resolve_face_name:2:0:0:2,
4896000:lface_from_face_name_no_resolve:3:0:0:3,
4896112:lface_from_face_name:3:0:0:3,
4896160:get_lface_attributes_no_remap:0:0:0:
4897200:make_realized_face:1:0:0:
4897584:cache_face:0:0:0:
4900112:Finternal_make_lisp_face:0:0:0:
4907968:defined_color:3:0:0:
4908400:load_color2:0:0:0:
4908928:face_color_supported_p:0:0:0:
4909472:merge_face_ref:5:0:0:4,
4911120:merge_face_vectors:0:0:0:
4911744:get_lface_attributes:5:0:0:4,
4911984:merge_named_face:4:0:0:
4912320:face_attr_equal_p:2:0:0:
4912512:lface_equal_p:0:0:0:
4912688:x_free_colors:0:0:0:
4912768:free_realized_face:2:0:0:
4913312:realize_face:0:0:0:
4916144:realize_named_face:0:0:0:
4918480:lookup_face.isra.17:0:0:0:
4924432:lookup_named_face:3:0:0:3,
4925760:lookup_basic_face:2:0:0:2,
4926880:face_at_buffer_position:6:0:0:5,6,
4928128:face_at_string_position:6:0:0:6,
4931776:x_window_to_frame:0:0:0:
4932768:x_any_window_to_frame:2:0:0:2,
4935376:x_draw_glyph_string_foreground:0:0:0:
4936096:x_set_glyph_string_clipping:0:0:0:
4937072:x_set_glyph_string_gc:1:0:0:
4942976:x_clip_to_row.isra.17:5:0:0:4,
4947808:x_draw_glyph_string_background.part.21:0:0:0:
4950832:x_alloc_nearest_color:0:0:0:
4959744:x_top_window_to_frame:0:0:0:
4963488:x_had_errors_p:0:0:0:
4965376:handle_one_xevent:4:0:0:
4994160:check_x_display_info:1:0:0:
4994528:Fxw_display_color_p:1:0:0:
4997504:gamma_correct:2:0:0:
5035504:x_get_resource:5:0:0:4,
5035696:x_get_string_resource:0:0:0:
5046560:make_widget_for_menu_item:0:0:0:
5049776:xg_set_screen.isra.6:0:0:0:
5052336:get_utf8_string:1:0:0:
5053216:xg_create_one_menuitem.isra.17:0:0:0:
5053904:create_menus:0:0:0:6,
5056624:xg_update_menu_item.isra.18:0:0:0:
5059584:malloc_widget_value:0:0:0:
5059840:free_widget_value:1:0:0:
5059952:xg_check_special_colors:3:0:0:
5061376:xg_win_to_widget:2:0:0:
5110464:decode_timer:0:0:0:
5115376:timer_check:0:0:0:
5116480:readable_events:1:0:0:1,
5117360:parse_modifiers:1:0:0:
5118464:reorder_modifiers:1:0:0:
5118512:parse_solitary_modifier:1:0:0:
5120032:process_pending_signals:0:0:0:
5121360:gobble_input:0:0:0:
5121776:get_input_pending:1:0:0:1,
5128128:unblock_input:0:0:0:
5128320:menu_separator_name_p:0:0:0:
5129648:menu_item_eval_property:1:0:0:
5131728:parse_menu_item:2:0:0:2,
5135008:detect_input_pending_run_timers:0:0:0:
5154960:requeued_events_pending_p:0:0:0:
5166464:preferred_sequence_p:0:0:0:
5167840:get_keymap:0:0:0:2,3,
5168768:get_keyelt:2:0:0:2,
5169680:access_keymap_1:0:0:0:3,4,5,
5171184:map_keymap_internal:0:0:0:
5173584:Flookup_key:3:0:0:
5174224:map_keymap:1:0:0:5,
5175296:where_is_internal:0:0:0:
5176048:map_keymap_canonical:0:0:0:
5176112:current_minor_maps:0:0:0:
5176864:Fcurrent_active_maps:0:0:0:
5178320:Fcommand_remapping.part.6:0:0:0:
5178464:shadow_lookup:0:0:0:
5178688:Fwhere_is_internal:0:0:0:
5180192:push_key_description:2:0:0:1,
5180816:Fsingle_key_description:0:0:0:
5181504:Fkey_description:0:0:0:
5198352:emacs_open:0:0:0:2,3,
5206048:Fbuffer_live_p:1:0:0:
5206208:Fcurrent_buffer:0:0:0:
5206992:CHECK_OVERLAY:0:0:0:
5209744:modify_overlay:0:0:0:
5210656:record_buffer_markers:1:0:0:
5210800:fetch_buffer_markers:0:0:0:
5210944:Ferase_buffer:0:0:0:
5213104:Foverlay_get:0:0:0:
5213504:Fget_buffer:1:0:0:
5220704:buffer_local_value_1:0:0:0:
5221584:set_buffer_internal_1:1:0:0:
5221824:Fset_buffer:1:0:0:
5225728:set_buffer_temp:1:0:0:
5226128:overlays_at:0:0:0:2,
5227248:Fnext_overlay_change:0:0:0:
5228496:sort_overlays:0:0:0:
5231360:recenter_overlay_lists:0:0:0:
5234240:adjust_overlays_for_insert:0:0:0:
5234272:adjust_overlays_for_delete:0:0:0:
5235696:report_overlay_modification:0:0:0:
5237088:evaporate_overlays:0:0:0:
5249184:adjust_markers_for_insert:0:0:0:
5249440:adjust_markers_for_delete:0:0:0:
5250128:copy_text:0:0:0:
5251904:del_range_2:0:0:0:
5252448:prepare_to_modify_buffer_1:3:0:0:
5254016:invalidate_buffer_caches:3:0:0:
5254352:insert_from_gap:3:0:0:3,
5254672:prepare_to_modify_buffer:3:0:0:
5255248:insert_1_both:0:0:0:
5256096:signal_after_change:0:0:0:
5260448:del_range:0:0:0:
5261904:CHECK_MARKER:0:0:0:
5261952:Fmarker_buffer:1:0:0:
5262144:live_buffer:1:0:0:
5262288:buf_charpos_to_bytepos:2:0:0:
5264096:buf_bytepos_to_charpos:0:0:0:
5265904:unchain_marker:0:0:0:
5266032:set_marker_both:4:0:0:
5267664:marker_position:1:0:0:
5267696:marker_byte_position:0:0:0:
5281584:Ffind_file_name_handler:2:0:0:
5285904:file_name_as_directory.isra.11.part.12:0:0:0:
5286432:Fexpand_file_name:2:0:0:
5303136:expand_and_dir_to_file:2:0:0:
5335536:Fupcase:0:0:0:
5335552:Fdowncase:0:0:0:
5339152:buffer_display_table:0:0:0:
5344032:invalidate_current_column:0:0:0:
5370352:compile_pattern:5:0:0:4,5,
5379696:fast_string_match:0:0:0:
5379888:fast_string_match_ignore_case:0:0:0:
5379984:fast_looking_at:6:0:0:6,
5384896:skip_one_char:0:0:0:
5385024:analyse_first:4:0:0:4,
5386240:re_match_2_internal:0:0:0:
5412464:re_set_syntax:1:0:0:
5412480:re_set_whitespace_regexp:0:0:0:
5412976:re_iswctype:0:0:0:
5414672:re_compile_fastmap:1:0:0:
5414912:re_set_registers:0:0:0:
5414976:re_search_2:6:0:0:
5418000:re_search:0:0:0:
5418048:re_match_2:0:0:0:
5418720:re_compile_pattern:0:0:0:
5439120:record_insert:0:0:0:
5439344:record_delete:0:0:0:
5441104:mem_rotate_left:0:0:0:
5441216:mem_rotate_right:1:0:0:
5441440:xfree:0:0:0:
5441472:mem_delete:0:0:0:
5442112:vector_nbytes:0:0:0:
5442608:cleanup_vector:0:0:0:
5442688:mem_find:1:0:0:
5442784:lisp_align_free:0:0:0:
5442960:lisp_free:0:0:0:
5443040:live_cons_p.isra.14.part.15:0:0:0:
5443120:live_symbol_p.isra.16.part.17:0:0:0:
5443424:live_vector_p.isra.23:0:0:0:
5443744:free_cons:0:0:0:
5443792:make_byte_code:0:0:0:
5444256:xmalloc:1:0:0:
5444496:record_xmalloc:0:0:0:
5444528:mem_insert:3:0:0:3,
5445440:xrealloc:2:0:0:
5445584:xnrealloc:0:0:0:
5445824:lisp_malloc:2:0:0:2,
5445920:make_interval:0:0:0:
5446176:allocate_string_data:3:0:0:
5446592:make_uninit_multibyte_string:2:0:0:
5446864:make_multibyte_string:3:0:0:
5447056:make_specified_string:0:0:0:4,
5447264:make_uninit_string.part.25:1:0:0:
5447328:make_uninit_string:0:0:0:
5447360:make_unibyte_string:0:0:0:
5447424:make_string:0:0:0:
5448352:allocate_vectorlike.part.26:1:0:0:
5448832:allocate_pseudovector:3:0:0:1,2,3,
5449824:Fmake_symbol:0:0:0:
5450096:allocate_misc:1:0:0:1,
5450544:make_save_funcptr_ptr_obj:0:0:0:
5450864:lisp_align_malloc:2:0:0:2,
5451136:make_float:0:0:0:
5451360:Fcons:2:0:0:
5451584:list1:1:0:0:
5451600:list2:2:0:0:
5451872:Flist:2:0:0:
5451936:Fmake_list:0:0:0:
5452224:allocate_vector:1:0:0:
5452816:Fmake_vector:2:0:0:
5454224:purecopy:0:0:0:
5455232:mark_object:0:0:0:
5456992:mark_vectorlike:1:0:0:
5457088:mark_overlay:0:0:0:
5457280:mark_maybe_object:0:0:0:
5465120:mark_char_table:1:0:0:
5465312:survives_gc_p:0:0:0:
5470096:Fcar:0:0:0:
5470160:Fcdr:1:0:0:
5470224:Ffboundp:0:0:0:
5470384:Fsymbol_name:1:0:0:
5474208:store_symval_forwarding:2:0:0:
5476096:Fplus:0:0:0:
5476128:Ftimes:0:0:0:
5476384:Fsetcar:2:0:0:
5476464:Fsetcdr:2:0:0:
5476576:Faref:2:0:0:
5477200:Faset:0:0:0:
5479088:Flocal_variable_p:2:0:0:
5479696:do_symval_forwarding:1:0:0:
5479904:swap_in_symval_forwarding:2:0:0:
5480144:Fboundp:1:0:0:
5480320:default_value:1:0:0:
5481488:find_symbol_value:1:0:0:
5481648:Fsymbol_value:1:0:0:
5482288:set_internal:0:0:0:4,
5483264:Fset:0:0:0:
5483376:Fset_default:2:0:0:
5483856:Fmake_local_variable:0:0:0:
5484544:indirect_function:1:0:0:
5485072:Findirect_function:1:0:0:
5485200:arithcompare:0:0:0:3,
5501856:overlays_around:0:0:0:
5502240:Fget_pos_property:0:0:0:
5509776:update_buffer_properties:0:0:0:
5517904:Fwiden:0:0:0:
5537632:Fbuffer_string:0:0:0:
5547584:get_backtrace_frame:0:0:0:
5548048:Ffunctionp:0:0:0:
5550096:internal_condition_case_1:4:0:0:
5550720:internal_condition_case_n:0:0:0:
5551040:run_hook_with_args:3:0:0:
5551664:let_shadows_buffer_binding_p:1:0:0:
5551920:unbind_to:0:0:0:
5552576:apply_lambda:0:0:0:
5553040:eval_sub:1:0:0:
5555056:Fprogn:0:0:0:
5555136:funcall_lambda:0:0:0:
5556096:Ffuncall:2:0:0:
5557456:call1:0:0:0:
5560752:grow_specpdl:0:0:0:
5560992:record_in_backtrace:3:0:0:
5561056:specbind:2:0:0:
5561456:record_unwind_protect:0:0:0:
5563408:record_unwind_protect_ptr:0:0:0:
5566752:internal_lisp_condition_case:0:0:0:
5572640:Fplist_get:1:0:0:
5573888:Fget:2:0:0:
5573936:CHECK_HASH_TABLE:1:0:0:
5574768:Fnthcdr:0:0:0:
5574960:Fmemq:0:0:0:
5575152:Fassq:2:0:0:
5575456:Frassq:0:0:0:
5576112:Flength:1:0:0:
5576528:Fstring_equal:2:0:0:
5577504:concat:4:0:0:3,4,
5580560:Fconcat:0:0:0:
5580576:Fvconcat:0:0:0:
5580592:Fcopy_sequence:1:0:0:
5581680:Fcopy_alist:0:0:0:
5581888:Freverse:0:0:0:
5582064:Fnth:0:0:0:
5582272:Fnreverse:0:0:0:
5582448:Fnconc:2:0:0:
5582752:Fdelq:0:0:0:
5582960:Fplist_put:3:0:0:
5583264:Fput:0:0:0:
5584320:mapcar1:0:0:0:
5592304:sxhash.part.20:2:0:0:
5592944:concat2:0:0:0:
5592992:concat3:0:0:0:
5593056:string_char_to_byte:2:0:0:
5593360:Fcompare_strings:0:0:0:
5594608:Fsubstring:0:0:0:
5597680:string_byte_to_char:0:0:0:
5597984:string_to_multibyte:0:0:0:
5599056:assq_no_quit:2:0:0:
5599504:nconc2:0:0:0:
5599696:larger_vector:3:0:0:
5601792:hash_lookup:1:0:0:
5602064:Fgethash:0:0:0:
5602144:hash_put:0:0:0:
5602992:internal_equal:5:0:0:3,4,
5604528:Fequal:2:0:0:
5604576:Fmember:2:0:0:
5604864:Fassoc:2:0:0:
5605344:Frassoc:0:0:0:
5608160:Fputhash:0:0:0:
5608448:hash_string:0:0:0:
5611696:font_prop_validate:0:0:0:1,
5617952:font_intern_prop:0:0:0:
5618432:font_style_to_value:0:0:0:
5619824:font_style_symbolic:0:0:0:2,3,
5620000:Ffont_get:2:0:0:
5620352:find_font_encoding:0:0:0:
5621232:font_put_extra:0:0:0:
5627904:Ffont_spec:0:0:0:
5628448:font_unparse_xlfd:4:0:0:2,4,
5630464:Ffont_xlfd_name:0:0:0:
5631744:font_parse_family_registry:0:0:0:
5636768:font_get_frame_data:2:0:0:
5638288:copy_font_spec:1:0:0:
5638576:font_clear_prop:2:0:0:2,
5677856:unreadchar:0:0:0:
5678864:readchar:2:0:0:
5682704:read_escape:0:0:0:
5685520:openp:1:0:0:6,
5687456:string_to_number:0:0:0:
5688640:check_obarray:1:0:0:
5688736:oblookup:0:0:0:
5688960:Fintern:0:0:0:
5689232:intern_1:0:0:0:
5689856:read1:3:0:0:3,
5695184:read0:1:0:0:
5695728:read_list:2:0:0:1,
5722432:SETUP_SYNTAX_TABLE_FOR_OBJECT:3:0:0:
5769936:exec_byte_code:0:0:0:
5832800:getenv_internal_1:5:0:0:
5833248:getenv_internal:5:0:0:
5834208:egetenv:0:0:0:
5842256:find_cache_boundary:0:0:0:
5843520:revalidate_region_cache.isra.1:2:0:0:
5854304:balance_an_interval:1:0:0:
5855008:balance_possible_root_interval:1:0:0:
5856896:copy_properties:0:0:0:
5857136:intervals_equal:0:0:0:
5857760:balance_intervals:0:0:0:
5858112:find_interval:2:0:0:
5858320:next_interval:0:0:0:
5860832:lookup_char_property:0:0:0:
5861152:textget:0:0:0:
5861168:offset_intervals:0:0:0:
5867248:get_property_and_range:6:0:0:
5867824:get_local_map:0:0:0:
5869568:CHECK_STRING_OR_BUFFER:1:0:0:
5872224:interval_has_all_properties.isra.5:0:0:0:
5872496:validate_interval_range:4:0:0:4,
5873344:Ftext_properties_at:2:0:0:
5873520:Fget_text_property:3:0:0:
5873552:Fnext_property_change:0:0:0:
5874176:Fnext_char_property_change:0:0:0:
5874336:Fnext_single_property_change:0:0:0:
5880928:get_char_property_and_overlay:4:0:0:
5881776:Fget_char_property:3:0:0:
5881792:Fnext_single_char_property_change:4:0:0:
5884560:text_property_stickiness:0:0:0:
5885024:copy_text_properties:0:0:0:
5897952:find_composition:6:0:0:
5900384:update_compositions:0:0:0:
5904448:composition_compute_stop_pos:5:0:0:
5946928:xftfont_get_colors.isra.1:0:0:0:
5952480:make_fontset:3:0:0:
5957408:fontset_add:0:0:0:
5958320:free_realized_fontsets:0:0:0:
5958672:face_for_char:0:0:0:3,
5960272:make_fontset_for_ascii_face:0:0:0:
5960384:fs_query_fontset:0:0:0:
5960864:check_fontset_name:2:0:0:
5961056:Fset_fontset_font:0:0:0:
5968880:draw_fringe_bitmap_1:5:0:0:3,4,5,
5974848:draw_window_fringes:0:0:0:
5975104:update_window_fringes:0:0:0:
5987696:lookup_rgb_color:0:0:0:
5989616:image_spec_value:3:0:0:
5992752:lookup_image_type:1:0:0:
5996240:xpm_cache_color.isra.19:0:0:0:
6000240:valid_image_p:1:0:0:
6024512:c_strcasecmp:0:0:0:
6065264:gettime:1:0:0:
6072560:timespec_sub:0:0:0:
6075216:rpl_pthread_sigmask:0:0:0:
140737351932256::0:0:0:
140737351990432::1:0:0:
140737351932576::0:0:0:
140737351887536::0:0:0:
140737351994352::0:0:0:
140737351932432::0:0:0:
140737351990384::2:0:0:
140737351887504::0:0:0:
140737351992064::0:0:0:
140737351988528::0:0:0:
140737351993792::3:0:0:
140737351988816::4:0:0:
140737351993776::0:0:0:2,
140737351989840::0:0:0:2,
140737351952768::2:0:0:
140737351950208::0:0:0:
140737351989104::0:0:0:
140737351920752::6:0:0:3,4,5,
140737351954880::0:0:0:4,5,
140737351978304::0:0:0:
140737351988432::0:0:0:
140737351988304::0:0:0:
140737351988784::0:0:0:
140737351978064::0:0:0:
140737351908128::0:0:0:
140737351988464::0:0:0:
140737351910912::0:0:0:
140737351988896::0:0:0:
140737351993376::0:0:0:
140737351995024::3:0:0:
140737351994704::3:0:0:
140737351956032::0:0:0:
140737351955104::0:0:0:
140737351934160::0:0:0:
140737351927904::6:0:0:6,
140737351925488::6:0:0:
140737351925104::1:0:0:
140737351947360::2:0:0:2,
140737014886208:__hypot_finite:2:2:0:
140736995774656:gtk_gradient_new_radial:0:0:0:
140736995774816:gtk_gradient_add_color_stop:0:0:0:
140736995801600:gtk_icon_source_copy:1:0:0:
140736995802144:gtk_icon_set_ref:0:0:0:
140736995802688:gtk_icon_set_unref:0:0:0:
140736995802944:gtk_icon_factory_get_type:0:0:0:
140736995803200:gtk_icon_factory_add:0:0:0:
140736995805600:gtk_icon_set_new:0:0:0:
140736995806096:gtk_icon_set_add_source:0:0:0:
140736995858576:gtk_widget_get_default_style:0:0:0:
140736995859008:gtk_widget_ensure_style:0:0:0:
140736995862080:gtk_symbolic_color_ref:1:0:0:
140736995862144:gtk_symbolic_color_unref:0:0:0:
140736995862224:gtk_symbolic_color_get_type:0:0:0:
140736995876720:gtk_tearoff_menu_item_get_type:0:0:0:
140736995931840:gtk_accel_groups_from_object:1:0:0:
140736995938864:gtk_accelerator_get_default_mod_mask:0:0:0:
140736995940080:gtk_accel_label_get_type:0:0:0:
140736995940800:gtk_accel_label_set_accel_closure:0:0:0:
140736995941328:gtk_accel_label_set_accel_widget:0:0:0:
140736995951168:gtk_accessible_get_type:0:0:0:
140736995956368:gtk_adjustment_get_type:0:0:0:
140736995956720:gtk_adjustment_get_value:0:0:0:
140736995956816:gtk_adjustment_get_lower:0:0:0:
140736995957072:gtk_adjustment_get_upper:0:0:0:
140736995957840:gtk_adjustment_get_page_size:0:0:0:
140736996028416:gtk_bin_get_type:0:0:0:
140736996028592:gtk_bin_get_child:0:0:0:
140736996030176:gtk_identifier_get_type:0:0:0:
140736996034064:gtk_binding_entry_add_signal:6:0:0:
140736996040688:gtk_border_get_type:0:0:0:
140736996051504:gtk_box_get_type:0:0:0:
140736996102288:gtk_button_get_type:0:0:0:
140736996241936:gtk_check_menu_item_get_type:0:0:0:
140736996314880:gtk_container_get_type:0:0:0:
140736996323856:gtk_container_get_border_width:0:0:0:
140736996323952:gtk_container_add:0:0:0:
140736996324416:gtk_container_remove:2:0:0:
140736996324784:gtk_container_set_resize_mode:0:0:0:
140736996325232:gtk_container_get_resize_mode:0:0:0:
140736996326736:gtk_container_forall:3:0:0:
140736996327312:gtk_container_foreach:3:0:0:
140736996327776:gtk_container_get_focus_child:0:0:0:
140736996328560:gtk_container_get_children:0:0:0:
140736996332288:gtk_container_propagate_draw:0:0:0:
140736996414096:gtk_css_section_ref:0:0:0:
140736996414160:gtk_css_section_unref:1:0:0:
140736996414832:gtk_css_section_get_section_type:1:0:0:
140736996414896:gtk_css_section_get_parent:0:0:0:
140736996801216:gtk_image_get_type:0:0:0:
140736996850640:gtk_label_get_type:0:0:0:
140736996854320:gtk_label_set_mnemonic_widget:0:0:0:
140736996854784:gtk_label_set_text:0:0:0:
140736996855600:gtk_label_set_label:0:0:0:
140736996928144:gtk_get_debug_flags:0:0:0:
140736996929632:gtk_grab_remove:0:0:0:
140736996930656:gtk_get_event_widget:0:0:0:
140736997000048:gtk_menu_get_type:0:0:0:
140736997008400:gtk_menu_get_tearoff_state:0:0:0:
140736997008800:gtk_menu_attach_to_widget:0:0:0:
140736997033024:gtk_menu_item_get_type:0:0:0:
140736997042976:gtk_menu_shell_get_type:0:0:0:
140736997067264:gtk_misc_get_type:0:0:0:
140736997067440:gtk_misc_set_alignment:0:0:0:
140736997068608:gtk_misc_get_padding:0:0:0:
140736997146624:gtk_orientable_get_type:0:0:0:
140736997146784:gtk_orientable_get_orientation:0:0:0:
140736997264176:gtk_radio_menu_item_get_type:0:0:0:
140736997421696:gtk_separator_menu_item_get_type:0:0:0:
140736997432368:gtk_settings_get_for_screen:0:0:0:
140736997450240:gtk_widget_get_request_mode:0:0:0:
140736997450416:gtk_widget_get_preferred_height:0:0:0:
140736997453168:gtk_widget_get_preferred_width:0:0:0:
140736997453328:gtk_widget_get_preferred_width_for_height:0:0:0:
140736997453712:gtk_widget_get_preferred_height_and_baseline_for_width:0:0:0:
140736997454256:gtk_widget_get_preferred_size:3:0:0:
140736997508160:gtk_style_context_get_type:0:0:0:
140736997509216:gtk_style_context_new:0:0:0:
140736997510304:gtk_style_context_get_state:1:0:0:
140736997510704:gtk_style_context_save:0:0:0:
140736997510848:gtk_style_context_restore:0:0:0:
140736997511200:gtk_style_context_list_classes:0:0:0:
140736997516592:gtk_style_context_set_screen:0:0:0:
140736997517104:gtk_style_context_set_state:0:0:0:
140736997517392:gtk_style_context_get_property:0:0:0:
140736997517712:gtk_style_context_get_valist:0:0:0:
140736997518400:gtk_style_context_get:0:0:0:2,
140736997520080:gtk_style_context_get_style_valist:0:0:0:
140736997521008:gtk_style_context_get_style:0:0:0:
140736997521424:gtk_style_context_set_scale:0:0:0:
140736997521568:gtk_style_context_add_class:0:0:0:
140736997522736:gtk_style_context_set_parent:0:0:0:
140736997524160:gtk_style_context_get_background_color:0:0:0:
140736997524864:gtk_style_context_get_border:0:0:0:
140736997525152:gtk_style_context_get_padding:0:0:0:
140736997527632:gtk_render_background:0:0:0:
140736997527920:gtk_render_frame:0:0:0:
140736997541600:gtk_style_provider_get_type:0:0:0:
140736997541840:gtk_style_provider_get_style_property:0:0:0:
140736997803648:gtk_theming_engine_get_type:0:0:0:
140736997808640:gtk_theming_engine_get_junction_sides:0:0:0:
140736997838000:gtk_toolbar_get_type:0:0:0:
140736997855584:gtk_tool_item_get_type:0:0:0:
140736997857504:gtk_tool_item_get_homogeneous:0:0:0:
140736997857600:gtk_tool_item_get_is_important:0:0:0:
140736997858672:gtk_tool_item_get_visible_horizontal:0:0:0:
140736997891168:gtk_tooltip_get_type:0:0:0:
140736998141104:gtk_widget_get_type:0:0:0:
140736998141488:gtk_widget_freeze_child_notify:0:0:0:
140736998141808:gtk_widget_child_notify:0:0:0:
140736998142816:gtk_widget_queue_resize_no_redraw:0:0:0:
140736998143712:gtk_widget_list_accel_closures:0:0:0:
140736998144304:gtk_widget_set_accel_path:0:0:0:
140736998145456:gtk_widget_has_focus:0:0:0:
140736998146000:gtk_widget_has_grab:0:0:0:
140736998146416:gtk_widget_get_state_flags:0:0:0:
140736998146560:gtk_widget_get_state:0:0:0:
140736998146752:gtk_widget_get_visible:0:0:0:
140736998146992:gtk_widget_set_has_window:2:0:0:2,
140736998147120:gtk_widget_get_has_window:0:0:0:
140736998147760:gtk_widget_is_toplevel:0:0:0:
140736998147888:gtk_widget_get_realized:0:0:0:
140736998148224:gtk_widget_translate_coordinates:0:0:0:
140736998149824:gtk_widget_event:0:0:0:
140736998150464:gtk_widget_set_realized:2:0:0:2,
140736998150592:gtk_widget_get_mapped:1:0:0:
140736998150976:gtk_widget_queue_draw_region:0:0:0:
140736998151152:gtk_widget_queue_draw_area:0:0:0:
140736998151328:gtk_widget_is_drawable:0:0:0:
140736998151440:gtk_widget_set_mapped:2:0:0:2,
140736998152144:gtk_widget_set_redraw_on_allocate:0:0:0:
140736998152368:gtk_widget_is_sensitive:0:0:0:
140736998152880:gtk_widget_get_parent:0:0:0:
140736998153104:gtk_widget_set_parent_window:0:0:0:
140736998153424:gtk_widget_get_parent_window:0:0:0:
140736998154464:gtk_widget_get_child_visible:0:0:0:
140736998155696:gtk_widget_get_toplevel:0:0:0:
140736998155952:gtk_widget_get_screen:0:0:0:
140736998156272:gtk_widget_get_display:1:0:0:
140736998156608:gtk_widget_has_screen:1:0:0:
140736998157440:gtk_widget_is_focus:0:0:0:
140736998158544:gtk_widget_get_settings:0:0:0:
140736998160800:gtk_widget_get_direction:0:0:0:
140736998164432:gtk_widget_class_install_style_property:0:0:0:
140736998164592:gtk_widget_class_find_style_property:0:0:0:
140736998164736:gtk_requisition_get_type:0:0:0:
140736998181728:gtk_widget_size_allocate:0:0:0:
140736998182944:gtk_widget_get_no_show_all:0:0:0:
140736998183040:gtk_widget_show_all:0:0:0:
140736998184272:gtk_widget_get_allocation:0:0:0:
140736998184416:gtk_widget_queue_draw:0:0:0:
140736998184848:gtk_widget_queue_resize:0:0:0:
140736998189280:gtk_widget_set_allocation:2:0:0:
140736998189456:gtk_widget_get_allocated_width:0:0:0:
140736998189552:gtk_widget_get_allocated_height:0:0:0:
140736998189648:gtk_widget_get_allocated_baseline:0:0:0:
140736998190400:gtk_widget_set_window:0:0:0:
140736998191424:gtk_widget_get_window:0:0:0:
140736998193008:gtk_widget_get_frame_clock:0:0:0:
140736998197152:gtk_widget_get_scale_factor:0:0:0:
140736998197344:gtk_widget_realize:0:0:0:
140736998201696:gtk_widget_path_append_for_widget:0:0:0:
140736998201984:gtk_widget_get_path:0:0:0:
140736998202368:gtk_widget_get_style_context:0:0:0:
140736998207184:gtk_widget_unset_state_flags:0:0:0:
140736998209152:gtk_widget_style_get_valist:0:0:0:
140736998209872:gtk_widget_style_get:6:0:0:
140736998211200:gtk_widget_unparent:0:0:0:
140736998212528:gtk_widget_set_parent:2:0:0:
140736998216672:gtk_widget_path_ref:1:0:0:
140736998216976:gtk_widget_path_unref:0:0:0:
140736998217296:gtk_widget_path_new:0:0:0:
140736998217344:gtk_widget_path_copy:0:0:0:
140736998217504:gtk_widget_path_free:0:0:0:
140736998217552:gtk_widget_path_length:1:0:0:
140736998218656:gtk_widget_path_append_type:0:0:0:
140736998218800:gtk_widget_path_append_with_siblings:0:0:0:
140736998219072:gtk_widget_path_iter_get_siblings:2:0:0:2,
140736998219216:gtk_widget_path_iter_get_sibling_index:2:0:0:2,
140736998219360:gtk_widget_path_iter_get_object_type:0:0:0:
140736998219760:gtk_widget_path_iter_set_name:0:0:0:
140736998220272:gtk_widget_path_iter_add_class:0:0:0:
140736998222224:gtk_widget_path_iter_list_regions:0:0:0:
140736998222704:gtk_widget_path_iter_has_region:0:0:0:
140736998222912:gtk_widget_path_get_object_type:0:0:0:
140736998238976:gtk_window_get_type:0:0:0:
140736998247712:gtk_window_set_mnemonic_modifier:0:0:0:
140736998248272:gtk_window_get_focus:0:0:0:
140736998249104:gtk_window_set_attached_to:0:0:0:
140736998249328:gtk_window_get_attached_to:0:0:0:
140736998256976:gtk_window_resize_grip_is_visible:0:0:0:
140736998272176:gtk_window_set_resizable:0:0:0:
140736998275168:gtk_window_group_get_type:0:0:0:
140736998277120:gtk_window_group_get_current_grab:0:0:0:
140737007771232:gdk_threads_enter:0:0:0:
140737007771264:gdk_threads_leave:0:0:0:
140737007771664:gdk_threads_add_timeout_full:0:0:0:
140737007780848:gdk_device_get_type:0:0:0:
140737007782352:gdk_device_get_source:1:0:0:
140737007784448:gdk_device_get_device_type:0:0:0:
140737007786864:gdk_device_get_n_axes:0:0:0:
140737007791520:gdk_device_manager_get_type:0:0:0:
140737007791664:gdk_device_manager_get_display:0:0:0:
140737007791760:gdk_device_manager_list_devices:0:0:0:
140737007793920:gdk_display_get_type:0:0:0:
140737007794208:gdk_display_is_closed:0:0:0:
140737007794304:gdk_display_get_event:0:0:0:
140737007798064:gdk_display_get_device_manager:0:0:0:
140737007799168:gdk_display_get_default_screen:0:0:0:
140737007800000:gdk_display_flush:0:0:0:
140737007803184:gdk_display_manager_get:0:0:0:
140737007803424:gdk_display_get_default:0:0:0:
140737007803712:gdk_display_manager_list_displays:0:0:0:
140737007806848:gdk_event_free:0:0:0:
140737007808480:gdk_event_new:0:0:0:1,
140737007809584:gdk_event_get_time:1:0:0:
140737007809648:gdk_event_get_state:0:0:0:
140737007809808:gdk_event_get_coords:0:0:0:
140737007810192:gdk_event_get_root_coords:0:0:0:
140737007811104:gdk_event_set_device:0:0:0:
140737007811280:gdk_event_get_device:0:0:0:
140737007811552:gdk_event_set_source_device:0:0:0:
140737007811696:gdk_event_get_source_device:0:0:0:
140737007812496:gdk_event_set_screen:0:0:0:
140737007812656:gdk_event_get_event_sequence:0:0:0:
140737007817408:gdk_keyval_convert_case:3:0:0:
140737007822320:gdk_frame_clock_get_type:0:0:0:
140737007824096:gdk_frame_clock_get_timings:0:0:0:
140737007830336:gdk_atom_intern:0:0:0:
140737007830400:gdk_atom_intern_static_string:0:0:0:
140737007834032:gdk_screen_get_type:0:0:0:
140737007835232:gdk_screen_get_display:0:0:0:
140737007836144:gdk_screen_get_n_monitors:0:0:0:
140737007840880:gdk_visual_get_type:0:0:0:
140737007842304:gdk_visual_get_screen:0:0:0:
140737007846496:gdk_window_get_type:0:0:0:
140737007848416:gdk_window_get_screen:1:0:0:
140737007848512:gdk_window_get_display:1:0:0:
140737007849200:gdk_window_get_toplevel:0:0:0:
140737007850240:gdk_window_is_viewable:0:0:0:
140737007856288:gdk_window_coords_from_parent:0:0:0:
140737007878656:gdk_window_get_frame_clock:1:0:0:
140737007934224:gdk_x11_lookup_xdisplay:1:0:0:
140737007973456:gdk_x11_get_xatom_by_name_for_display:0:0:0:
140737007991536:gdk_x11_visual_get_type:0:0:0:
140737008013760:gdk_x11_window_get_type:0:0:0:4,
