4287968:assign_row:2:0:0:
4291984:make_current.isra.6:3:0:0:3,
4292112:update_window_line:3:0:0:2,
4310064:prepare_desired_row:3:0:0:3,
4324720:decode_live_frame:1:0:1:
4326752:decode_any_frame:1:0:1:
4327728:decode_window_system_frame:1:0:1:
4330800:store_in_alist:3:0:0:
4344448:x_mouse_grabbed:1:0:0:
4344560:validate_x_resource_name:0:0:0:
4345648:display_x_get_resource:5:0:1:
4346240:x_get_arg:6:0:1:6,
4349184:frame_make_pointer_visible:0:0:0:
4359344:get_per_char_metric:2:0:0:
4359424:set_glyph_string_background_width:2:0:0:2,
4360608:get_it_property:2:0:0:
4363824:define_frame_cursor1:3:0:0:
4364880:safe__call:4:0:0:1,
4366672:init_glyph_string:5:0:0:5,
4369424:handle_line_prefix:1:0:0:
4370048:get_visually_first_element:1:0:0:
4371424:next_overlay_change:1:0:0:
4377904:calc_line_height_property:2:0:0:
4379744:get_glyph_face_and_encoding:4:0:0:
4379952:fill_glyph_string:5:0:0:2,5,
4389296:append_space_for_newline:2:0:0:2,
4392128:bset_redisplay:1:0:0:
4392272:window_text_bottom_y:1:0:0:
4392688:window_box_width:2:0:0:3,
4393008:extend_face_to_end_of_line:1:0:0:
4395616:window_box_left_offset.part.30:2:0:0:2,
4395984:window_box_height:1:0:0:
4400256:window_box_left:2:0:0:2,
4400368:window_box:6:0:0:2,
4401936:remember_mouse_glyph:4:0:0:2,3,
4413104:safe_call1:4:0:0:
4413200:compute_display_string_pos:5:0:0:4,
4414288:lookup_glyphless_char_display:2:0:0:1,
4421648:row_hash:1:0:0:
4421776:compute_line_metrics:1:0:0:
4423344:load_overlay_strings:2:0:0:
4425760:get_overlay_strings_1:3:0:0:3,
4426272:handle_stop:1:0:0:
4431904:set_iterator_to_next:1:0:0:2,
4441504:face_before_or_after_it_pos:2:0:0:2,
4443136:get_next_display_element:1:0:0:
4446992:display_string:6:0:0:
4449968:display_mode_element:6:0:0:2,3,
4461840:forward_to_next_line_start:3:0:0:
4466672:display_line:1:0:0:
4522992:x_get_glyph_overhangs:4:0:0:
4523280:draw_glyphs:6:0:0:2,4,
4550400:clear_mouse_face:1:0:0:
4551472:note_mouse_highlight:3:0:0:2,3,
4582384:get_glyph_string_clip_rects:3:0:0:3,
4592448:ensure_menu_items:1:0:0:1,
4592512:push_menu_pane:2:0:0:
4592624:push_menu_item:6:0:0:
4592800:single_keymap_panes:4:0:0:4,
4598336:xmalloc_widget_value:0:0:0:
4598384:free_menubar_widget_value_tree:1:0:0:
4599776:update_submenu_strings:1:0:0:
4608560:popup_activated:0:0:0:
4609056:candidate_window_p:4:0:1:
4615648:coordinates_in_window:3:0:0:2,3,
4622688:foreach_window.isra.29:3:0:0:
4623056:decode_live_window:1:0:1:
4637680:window_relative_x_coord:3:0:0:2,3,
4638256:window_from_coordinates:4:0:0:2,3,
4665168:read_hex:3:0:1:
4690864:coding_set_source:1:0:0:
4691056:coding_set_destination:1:0:0:
4694320:get_translation_table:3:0:1:2,
4729520:consume_chars:3:0:0:3,
4733872:alloc_destination:3:0:1:
4734208:produce_chars:3:0:1:3,
4767904:decode_coding:1:0:0:
4770512:setup_coding_system:2:0:0:
4784144:code_conversion_save:2:0:1:1,2,
4786128:decode_coding_object:6:0:0:
4788224:encode_coding_object:6:0:0:
4795456:code_convert_string_norecord:3:0:0:3,
4795488:decode_file_name:1:0:1:
4795584:encode_file_name:1:0:1:
4819776:char_width:2:0:0:1,
4821216:char_string:2:0:0:
4823296:multibyte_char_to_unibyte_safe:1:0:1:1,
4824544:multibyte_chars_in_text:2:0:1:
4824896:parse_str_as_multibyte:4:0:0:
4826960:count_size_as_multibyte:2:0:1:
4829856:make_sub_char_table:3:0:1:1,2,
4830464:Fmake_char_table:2:0:1:
4831888:sub_char_table_ref:3:0:1:2,3,
4832064:sub_char_table_ref_and_range:6:0:1:2,6,
4833104:sub_char_table_set:4:0:1:2,4,
4833344:sub_char_table_set_range:5:0:0:2,3,5,
4835056:char_table_ref:2:0:1:2,
4835680:map_sub_char_table:6:0:1:
4838144:char_table_ref_and_range:4:0:1:2,
4839488:char_table_set:3:0:1:2,
4840064:char_table_set_range:4:0:0:2,3,
4840752:char_table_translate:2:0:1:2,
4840800:map_char_table:4:0:0:
4842528:bidi_set_sor_type:3:0:0:2,3,
4842720:bidi_line_init:1:0:0:
4842992:bidi_get_category:1:0:0:1,
4843088:bidi_explicit_dir_char:1:0:0:1,
4843328:bidi_cache_ensure_space:1:0:0:
4843936:bidi_at_paragraph_end:2:0:0:
4844080:bidi_fetch_char:5:0:0:
4846544:bidi_get_type.part.1:2:0:0:1,2,
4846848:bidi_resolve_explicit_1:1:0:0:
4848064:bidi_resolve_explicit:1:0:0:
4848640:bidi_resolve_weak:1:0:0:
4850224:bidi_cache_search.constprop.4:1:0:0:2,
4850496:bidi_cache_iterator_state:2:0:0:2,
4850992:bidi_resolve_neutral:1:0:0:
4851872:bidi_level_of_next_char:1:0:0:
4855120:bidi_init_it:4:0:0:3,
4855568:bidi_paragraph_init:3:0:0:1,3,
4857040:bidi_move_to_visually_next:1:0:0:
4892992:get_terminal:1:0:1:
4895280:lface_hash:1:0:1:
4895712:resolve_face_name:2:0:1:2,
4896000:lface_from_face_name_no_resolve:3:0:1:3,
4896112:lface_from_face_name:3:0:1:3,
4896160:get_lface_attributes_no_remap:4:0:0:4,
4897200:make_realized_face:1:0:1:
4897584:cache_face:3:0:0:3,
4900112:Finternal_make_lisp_face:2:0:1:
4907968:defined_color:3:0:1:
4908400:load_color2:5:0:1:4,
4908928:face_color_supported_p:3:0:1:3,
4909472:merge_face_ref:5:0:0:4,
4911120:merge_face_vectors:3:0:0:
4911744:get_lface_attributes:5:0:0:4,
4911984:merge_named_face:4:0:0:
4912320:face_attr_equal_p:2:0:0:
4912512:lface_equal_p:2:0:0:
4912688:x_free_colors:1:0:0:
4912768:free_realized_face:2:0:0:
4913312:realize_face:3:0:1:3,
4916144:realize_named_face:3:0:1:3,
4918480:lookup_face.isra.17:2:0:0:
4924432:lookup_named_face:3:0:0:3,
4925760:lookup_basic_face:2:0:0:2,
4926880:face_at_buffer_position:6:0:0:5,6,
4928128:face_at_string_position:6:0:0:6,
4931776:x_window_to_frame:2:0:0:2,
4932768:x_any_window_to_frame:2:0:1:2,
4933328:note_mouse_movement:2:0:0:
4935376:x_draw_glyph_string_foreground:1:0:0:
4936096:x_set_glyph_string_clipping:1:0:0:
4937072:x_set_glyph_string_gc:1:0:0:
4942976:x_clip_to_row.isra.17:5:0:0:4,
4947808:x_draw_glyph_string_background.part.21:2:0:0:2,
4950832:x_alloc_nearest_color:3:0:1:
4959744:x_top_window_to_frame:2:0:1:2,
4965376:handle_one_xevent:4:0:1:
4994160:check_x_display_info:1:0:1:
4994528:Fxw_display_color_p:1:0:1:
4997504:gamma_correct:2:0:0:
5035504:x_get_resource:5:0:1:4,
5035696:x_get_string_resource:3:0:1:
5046560:make_widget_for_menu_item:2:0:0:
5049776:xg_set_screen.isra.6:2:0:0:
5052336:get_utf8_string:1:0:0:
5053216:xg_create_one_menuitem.isra.17:4:0:0:
5053904:create_menus:6:0:0:6,
5056624:xg_update_menu_item.isra.18:4:0:0:
5059584:malloc_widget_value:0:0:0:
5059840:free_widget_value:1:0:0:
5059952:xg_check_special_colors:3:0:1:
5061376:xg_win_to_widget:2:0:0:
5070112:xg_event_is_for_scrollbar:2:0:0:
5117360:parse_modifiers:1:0:1:
5118464:reorder_modifiers:1:0:1:
5118512:parse_solitary_modifier:1:0:0:
5120032:process_pending_signals:0:0:0:
5121360:gobble_input:0:0:1:
5128128:unblock_input:0:0:0:
5128320:menu_separator_name_p:1:0:0:
5129648:menu_item_eval_property:1:0:0:
5131728:parse_menu_item:2:0:0:2,
5166464:preferred_sequence_p:1:0:0:
5167840:get_keymap:3:0:1:2,3,
5168768:get_keyelt:2:0:0:2,
5169680:access_keymap_1:5:0:0:3,4,5,
5171184:map_keymap_internal:4:0:0:
5173584:Flookup_key:3:0:0:
5174224:map_keymap:5:0:0:5,
5175296:where_is_internal:4:0:0:3,4,
5176048:map_keymap_canonical:4:0:0:
5176112:current_minor_maps:2:0:0:
5176864:Fcurrent_active_maps:2:0:0:
5178320:Fcommand_remapping.part.6:3:0:0:
5178464:shadow_lookup:4:0:0:4,
5178688:Fwhere_is_internal:5:0:0:
5180192:push_key_description:2:0:0:1,
5180816:Fsingle_key_description:2:0:0:
5181504:Fkey_description:2:0:0:
5198352:emacs_open:3:0:1:2,3,
5206048:Fbuffer_live_p:1:0:1:
5206208:Fcurrent_buffer:0:0:1:
5206992:CHECK_OVERLAY:1:0:0:
5209744:modify_overlay:3:0:0:
5210656:record_buffer_markers:1:0:0:
5210800:fetch_buffer_markers:1:0:0:
5210944:Ferase_buffer:0:0:0:
5213104:Foverlay_get:2:0:0:
5213504:Fget_buffer:1:0:1:
5221584:set_buffer_internal_1:1:0:0:
5221824:Fset_buffer:1:0:1:
5225728:set_buffer_temp:1:0:0:
5226128:overlays_at:6:0:1:2,
5227248:Fnext_overlay_change:1:0:0:
5228496:sort_overlays:3:0:1:
5231360:recenter_overlay_lists:2:0:0:
5234240:adjust_overlays_for_insert:2:0:0:
5234272:adjust_overlays_for_delete:2:0:0:
5235696:report_overlay_modification:6:0:0:3,
5237088:evaporate_overlays:1:0:0:
5249184:adjust_markers_for_insert:4:0:0:5,
5249440:adjust_markers_for_delete:4:0:0:
5250128:copy_text:5:0:1:4,5,
5251904:del_range_2:5:0:1:5,
5252448:prepare_to_modify_buffer_1:3:0:0:
5254016:invalidate_buffer_caches:3:0:0:
5254352:insert_from_gap:3:0:0:3,
5254672:prepare_to_modify_buffer:3:0:0:
5255248:insert_1_both:3:0:0:
5256096:signal_after_change:3:0:0:
5260448:del_range:2:0:0:
5261904:CHECK_MARKER:1:0:0:
5261952:Fmarker_buffer:1:0:1:
5262144:live_buffer:1:0:1:
5262288:buf_charpos_to_bytepos:2:0:1:
5264096:buf_bytepos_to_charpos:2:0:1:
5265904:unchain_marker:1:0:0:
5266032:set_marker_both:4:0:0:
5267664:marker_position:1:0:1:
5267696:marker_byte_position:1:0:1:
5281584:Ffind_file_name_handler:2:0:1:
5285904:file_name_as_directory.isra.11.part.12:3:0:1:
5286432:Fexpand_file_name:2:0:1:
5303136:expand_and_dir_to_file:2:0:0:
5335536:Fupcase:1:0:1:
5335552:Fdowncase:1:0:1:
5339152:buffer_display_table:0:0:0:
5344032:invalidate_current_column:0:0:0:
5370352:compile_pattern:5:0:1:4,5,
5379696:fast_string_match:2:0:1:
5379888:fast_string_match_ignore_case:2:0:1:
5379984:fast_looking_at:6:0:0:6,
5384896:skip_one_char:1:0:1:
5385024:analyse_first:4:0:1:4,
5386240:re_match_2_internal:6:0:1:
5412464:re_set_syntax:1:0:1:
5412480:re_set_whitespace_regexp:1:0:0:
5412976:re_iswctype:2:0:1:1,2,
5414672:re_compile_fastmap:1:0:0:
5414912:re_set_registers:5:0:0:3,
5414976:re_search_2:6:0:1:
5418000:re_search:6:0:1:
5418048:re_match_2:6:0:1:
5418720:re_compile_pattern:3:0:1:
5439120:record_insert:2:0:0:
5439344:record_delete:0:0:0:3,
5441104:mem_rotate_left:1:0:0:
5441216:mem_rotate_right:1:0:0:
5441440:xfree:1:0:0:
5441472:mem_delete:1:0:0:
5442112:vector_nbytes:1:0:1:
5442608:cleanup_vector:1:0:0:
5442688:mem_find:1:0:1:
5442784:lisp_align_free:1:0:0:
5442960:lisp_free:1:0:0:
5443040:live_cons_p.isra.14.part.15:2:0:1:
5443120:live_symbol_p.isra.16.part.17:2:0:1:
5443424:live_vector_p.isra.23:3:0:1:2,
5443744:free_cons:1:0:0:
5443792:make_byte_code:1:0:0:
5444256:xmalloc:1:0:1:
5444496:record_xmalloc:1:0:1:
5444528:mem_insert:3:0:0:3,
5445440:xrealloc:2:0:1:
5445584:xnrealloc:3:0:0:
5445824:lisp_malloc:2:0:1:2,
5445920:make_interval:0:0:0:
5446176:allocate_string_data:3:0:0:
5446592:make_uninit_multibyte_string:2:0:1:
5446864:make_multibyte_string:3:0:1:
5447056:make_specified_string:4:0:1:4,
5447264:make_uninit_string.part.25:1:0:1:
5447328:make_uninit_string:1:0:1:
5447360:make_unibyte_string:2:0:1:
5447424:make_string:2:0:1:
5448352:allocate_vectorlike.part.26:1:0:1:
5448832:allocate_pseudovector:3:0:1:1,2,3,
5449824:Fmake_symbol:1:0:1:
5450096:allocate_misc:1:0:1:1,
5450544:make_save_funcptr_ptr_obj:3:0:0:
5450864:lisp_align_malloc:2:0:0:2,
5451360:Fcons:2:0:1:
5451584:list1:1:0:1:
5451600:list2:2:0:1:
5451872:Flist:2:0:1:
5451936:Fmake_list:2:0:1:
5452224:allocate_vector:1:0:1:
5452816:Fmake_vector:2:0:1:
5454224:purecopy:1:0:1:
5455232:mark_object:1:0:1:
5456992:mark_vectorlike:1:0:0:
5457088:mark_overlay:1:0:0:
5457280:mark_maybe_object:1:0:1:
5465120:mark_char_table:1:0:1:
5465312:survives_gc_p:1:0:1:
5470096:Fcar:1:0:1:
5470160:Fcdr:1:0:1:
5470224:Ffboundp:1:0:1:
5470384:Fsymbol_name:1:0:1:
5474208:store_symval_forwarding:2:0:0:
5476384:Fsetcar:2:0:1:
5476464:Fsetcdr:2:0:1:
5476576:Faref:2:0:1:
5477200:Faset:3:0:0:
5479088:Flocal_variable_p:2:0:1:
5479696:do_symval_forwarding:1:0:1:
5479904:swap_in_symval_forwarding:2:0:0:
5480144:Fboundp:1:0:0:
5480320:default_value:1:0:1:
5481488:find_symbol_value:1:0:1:
5481648:Fsymbol_value:1:0:1:
5482288:set_internal:3:0:0:4,
5483264:Fset:2:0:1:
5483376:Fset_default:2:0:0:
5483856:Fmake_local_variable:1:0:1:
5484544:indirect_function:1:0:1:
5485072:Findirect_function:1:0:1:
5485200:arithcompare:3:0:1:3,
5501856:overlays_around:3:0:0:
5502240:Fget_pos_property:3:0:0:
5509776:update_buffer_properties:0:0:0:
5517904:Fwiden:0:0:0:
5537632:Fbuffer_string:0:0:1:
5547584:get_backtrace_frame:2:0:1:
5548048:Ffunctionp:1:0:1:
5550096:internal_condition_case_1:4:0:1:
5550720:internal_condition_case_n:5:0:0:
5551040:run_hook_with_args:3:0:1:
5551664:let_shadows_buffer_binding_p:1:0:1:
5551920:unbind_to:2:0:1:
5552576:apply_lambda:3:0:1:
5553040:eval_sub:1:0:1:
5555056:Fprogn:1:0:1:
5555136:funcall_lambda:3:0:1:
5556096:Ffuncall:2:0:1:
5557456:call1:2:0:1:
5560752:grow_specpdl:0:0:0:
5560992:record_in_backtrace:3:0:1:
5561056:specbind:2:0:0:
5561456:record_unwind_protect:2:0:0:
5563408:record_unwind_protect_ptr:2:0:0:
5566752:internal_lisp_condition_case:3:0:1:
5572640:Fplist_get:2:0:0:
5573888:Fget:2:0:1:
5573936:CHECK_HASH_TABLE:1:0:0:
5574768:Fnthcdr:2:0:1:
5574960:Fmemq:2:0:1:
5575152:Fassq:2:0:1:
5575456:Frassq:2:0:1:
5576112:Flength:1:0:1:
5576528:Fstring_equal:2:0:1:
5577504:concat:4:0:1:3,4,
5580560:Fconcat:2:0:1:
5580576:Fvconcat:2:0:1:
5580592:Fcopy_sequence:1:0:1:
5581680:Fcopy_alist:1:0:1:
5581888:Freverse:1:0:0:
5582064:Fnth:2:0:0:
5582272:Fnreverse:1:0:1:
5582448:Fnconc:2:0:1:
5582752:Fdelq:2:0:1:
5582960:Fplist_put:3:0:1:
5583264:Fput:3:0:0:
5584320:mapcar1:4:0:0:
5592304:sxhash.part.20:2:0:1:
5592944:concat2:2:0:1:
5592992:concat3:3:0:1:
5593056:string_char_to_byte:2:0:1:
5593360:Fcompare_strings:6:0:1:
5594608:Fsubstring:3:0:1:
5597680:string_byte_to_char:2:0:1:
5597984:string_to_multibyte:1:0:1:
5599056:assq_no_quit:2:0:1:
5599504:nconc2:2:0:1:
5599696:larger_vector:3:0:0:
5601792:hash_lookup:3:0:1:
5602064:Fgethash:3:0:1:
5602144:hash_put:4:0:0:
5602992:internal_equal:5:0:1:3,4,
5604528:Fequal:2:0:1:
5604576:Fmember:2:0:1:
5604864:Fassoc:2:0:1:
5605344:Frassoc:2:0:1:
5608160:Fputhash:3:0:0:
5608448:hash_string:2:0:1:
5611696:font_prop_validate:3:0:1:1,
5617952:font_intern_prop:3:0:1:3,
5618432:font_style_to_value:2:0:1:
5619824:font_style_symbolic:2:0:1:2,3,
5620000:Ffont_get:2:0:1:
5620352:find_font_encoding:1:0:1:
5621232:font_put_extra:3:0:0:
5627904:Ffont_spec:2:0:1:
5628448:font_unparse_xlfd:4:0:1:2,4,
5630464:Ffont_xlfd_name:2:0:1:
5631744:font_parse_family_registry:3:0:0:
5636768:font_get_frame_data:2:0:0:
5638288:copy_font_spec:1:0:1:
5638576:font_clear_prop:2:0:0:2,
5677856:unreadchar:2:0:0:2,
5678864:readchar:2:0:1:
5682704:read_escape:2:0:0:2,
5685520:openp:6:0:1:6,
5687456:string_to_number:3:0:1:2,3,
5688640:check_obarray:1:0:1:
5688736:oblookup:4:0:1:
5688960:Fintern:2:0:1:
5689232:intern_1:2:0:1:
5689856:read1:3:0:1:3,
5695184:read0:1:0:1:
5695728:read_list:2:0:1:1,
5722432:SETUP_SYNTAX_TABLE_FOR_OBJECT:3:0:0:
5769936:exec_byte_code:6:0:1:
5832800:getenv_internal_1:5:0:1:
5833248:getenv_internal:5:0:1:
5834208:egetenv:1:0:1:
5842256:find_cache_boundary:2:0:1:
5843520:revalidate_region_cache.isra.1:2:0:0:
5854304:balance_an_interval:1:0:0:
5855008:balance_possible_root_interval:1:0:0:
5856896:copy_properties:2:0:0:
5857136:intervals_equal:2:0:0:
5857760:balance_intervals:1:0:1:
5858112:find_interval:2:0:1:
5858320:next_interval:1:0:0:
5860832:lookup_char_property:3:0:0:3,
5861152:textget:2:0:1:
5861168:offset_intervals:3:0:0:
5867248:get_property_and_range:6:0:1:
5867824:get_local_map:3:0:0:
5869568:CHECK_STRING_OR_BUFFER:1:0:0:
5872224:interval_has_all_properties.isra.5:2:0:0:
5872496:validate_interval_range:4:0:1:4,
5873344:Ftext_properties_at:2:0:1:
5873520:Fget_text_property:3:0:0:
5873552:Fnext_property_change:3:0:1:
5874176:Fnext_char_property_change:2:0:0:
5874336:Fnext_single_property_change:4:0:0:
5880928:get_char_property_and_overlay:4:0:0:
5881776:Fget_char_property:3:0:1:
5881792:Fnext_single_char_property_change:4:0:0:
5884560:text_property_stickiness:3:0:0:
5885024:copy_text_properties:6:0:0:
5897952:find_composition:6:0:1:
5900384:update_compositions:2:0:0:3,
5904448:composition_compute_stop_pos:5:0:0:
5946928:xftfont_get_colors.isra.1:6:0:0:
5952480:make_fontset:3:0:1:
5957408:fontset_add:4:0:0:
5958320:free_realized_fontsets:1:0:0:
5958672:face_for_char:3:0:0:3,
5960272:make_fontset_for_ascii_face:2:0:1:2,
5960384:fs_query_fontset:2:0:1:2,
5960864:check_fontset_name:2:0:1:
5961056:Fset_fontset_font:5:0:0:
5968880:draw_fringe_bitmap_1:5:0:0:3,4,5,
5987696:lookup_rgb_color:4:0:0:2,3,4,
5989616:image_spec_value:3:0:0:
5992752:lookup_image_type:1:0:0:
5996240:xpm_cache_color.isra.19:3:0:0:3,
6000240:valid_image_p:1:0:0:
6024512:c_strcasecmp:2:0:1:
6065264:gettime:1:0:0:
140737351932256::1:0:0:
140737351990432::1:0:1:
140737351932576::6:0:1:3,5,
140737351887536::2:0:1:
140737351994352::3:0:1:
140737351932432::2:0:0:
140737351990384::2:0:1:5,
140737351887504::1:0:1:
140737351992064::3:0:1:
140737351988528::0:0:1:
140737351993792::3:0:1:
140737351988816::4:0:1:
140737351993776::3:0:0:2,
140737351989840::7:5:1:2,
140737351952768::2:0:1:
140737351950208::5:0:1:
140737351989104::1:0:1:
140737351920752::6:0:1:3,4,5,
140737351954880::2:0:1:
140737351978304::1:0:1:
140737351988432::0:0:1:
140737351988304::3:0:1:1,2,
140737351988784::0:0:1:
140737351978064::2:0:1:
140737351908128::5:0:1:
140737351988464::0:0:1:
140737351910912::6:0:1:2,6,
140737351988896::0:0:1:
140737351993376::3:0:0:
140737351995024::3:0:0:
140737351994704::3:0:0:
140737351956032::3:0:1:2,3,
140737351955104::6:0:1:3,6,
140737351934160::4:0:0:3,4,
140737351927904::6:0:1:6,
140737351925488::6:0:1:
140737351925104::1:0:1:
140737351947360::2:0:1:2,
140737014280000:__hypot_finite:0:0:0:
140736995770560:gtk_gradient_new_radial:0:0:1:
140736995770720:gtk_gradient_add_color_stop:2:0:0:
140736995797504:gtk_icon_source_copy:1:0:0:
140736995798048:gtk_icon_set_ref:1:0:0:
140736995798592:gtk_icon_set_unref:1:0:0:
140736995798848:gtk_icon_factory_get_type:0:0:0:
140736995799104:gtk_icon_factory_add:3:0:0:
140736995801504:gtk_icon_set_new:0:0:0:
140736995802000:gtk_icon_set_add_source:2:0:0:
140736995854480:gtk_widget_get_default_style:0:0:1:
140736995854912:gtk_widget_ensure_style:1:0:0:
140736995857984:gtk_symbolic_color_ref:1:0:1:
140736995858048:gtk_symbolic_color_unref:1:0:0:
140736995858128:gtk_symbolic_color_get_type:0:0:1:
140736995872624:gtk_tearoff_menu_item_get_type:0:0:0:
140736995927744:gtk_accel_groups_from_object:1:0:0:
140736995934768:gtk_accelerator_get_default_mod_mask:0:0:1:
140736995935984:gtk_accel_label_get_type:0:0:0:
140736995936704:gtk_accel_label_set_accel_closure:2:0:0:
140736995937232:gtk_accel_label_set_accel_widget:2:0:0:
140736995947072:gtk_accessible_get_type:0:0:1:
140736995952272:gtk_adjustment_get_type:0:0:1:
140736995952624:gtk_adjustment_get_value:1:0:0:
140736995952720:gtk_adjustment_get_lower:1:0:0:
140736995952976:gtk_adjustment_get_upper:1:0:0:
140736995953744:gtk_adjustment_get_page_size:1:0:0:
140736996024320:gtk_bin_get_type:0:0:1:
140736996024496:gtk_bin_get_child:1:0:0:
140736996026080:gtk_identifier_get_type:0:0:1:
140736996029968:gtk_binding_entry_add_signal:6:0:0:2,3,
140736996036592:gtk_border_get_type:0:0:1:
140736996047408:gtk_box_get_type:0:0:0:
140736996098192:gtk_button_get_type:0:0:1:
140736996237840:gtk_check_menu_item_get_type:0:0:0:
140736996310784:gtk_container_get_type:0:0:1:
140736996319760:gtk_container_get_border_width:1:0:0:
140736996319856:gtk_container_add:2:0:0:
140736996320320:gtk_container_remove:2:0:0:
140736996320688:gtk_container_set_resize_mode:2:0:0:2,
140736996321136:gtk_container_get_resize_mode:1:0:1:
140736996322640:gtk_container_forall:3:0:0:
140736996323216:gtk_container_foreach:3:0:0:
140736996323680:gtk_container_get_focus_child:1:0:0:
140736996324464:gtk_container_get_children:1:0:0:
140736996328192:gtk_container_propagate_draw:3:0:0:
140736996410000:gtk_css_section_ref:1:0:1:
140736996410064:gtk_css_section_unref:1:0:0:
140736996410736:gtk_css_section_get_section_type:1:0:1:
140736996410800:gtk_css_section_get_parent:1:0:1:
140736996797120:gtk_image_get_type:0:0:0:
140736996846544:gtk_label_get_type:0:0:0:
140736996850224:gtk_label_set_mnemonic_widget:2:0:0:
140736996850688:gtk_label_set_text:2:0:0:
140736996851504:gtk_label_set_label:2:0:0:
140736996924048:gtk_get_debug_flags:0:0:1:
140736996925536:gtk_grab_remove:1:0:0:
140736996926560:gtk_get_event_widget:1:0:0:
140736996926640:gtk_propagate_event:2:0:0:
140736996995952:gtk_menu_get_type:0:0:1:
140736997004304:gtk_menu_get_tearoff_state:1:0:0:
140736997004704:gtk_menu_attach_to_widget:3:0:0:
140736997028928:gtk_menu_item_get_type:0:0:1:
140736997038880:gtk_menu_shell_get_type:0:0:1:
140736997063168:gtk_misc_get_type:0:0:1:
140736997063344:gtk_misc_set_alignment:1:0:0:
140736997064512:gtk_misc_get_padding:3:0:0:
140736997142528:gtk_orientable_get_type:0:0:1:
140736997142688:gtk_orientable_get_orientation:1:0:1:
140736997260080:gtk_radio_menu_item_get_type:0:0:0:
140736997417600:gtk_separator_menu_item_get_type:0:0:0:
140736997428272:gtk_settings_get_for_screen:1:0:1:
140736997446144:gtk_widget_get_request_mode:1:0:1:
140736997446320:gtk_widget_get_preferred_height:3:0:0:
140736997449072:gtk_widget_get_preferred_width:3:0:0:
140736997449232:gtk_widget_get_preferred_width_for_height:4:0:0:2,
140736997449616:gtk_widget_get_preferred_height_and_baseline_for_width:6:0:0:2,
140736997450160:gtk_widget_get_preferred_size:3:0:0:
140736997504064:gtk_style_context_get_type:0:0:1:
140736997505120:gtk_style_context_new:0:0:1:
140736997506208:gtk_style_context_get_state:1:0:0:
140736997506608:gtk_style_context_save:1:0:0:
140736997506752:gtk_style_context_restore:1:0:0:
140736997507104:gtk_style_context_list_classes:1:0:1:
140736997512496:gtk_style_context_set_screen:2:0:0:
140736997513008:gtk_style_context_set_state:2:0:0:2,
140736997513296:gtk_style_context_get_property:4:0:0:3,
140736997513616:gtk_style_context_get_valist:3:0:0:2,
140736997514304:gtk_style_context_get:6:0:0:2,
140736997515984:gtk_style_context_get_style_valist:2:0:0:
140736997516912:gtk_style_context_get_style:6:0:0:
140736997517328:gtk_style_context_set_scale:2:0:0:2,
140736997517472:gtk_style_context_add_class:2:0:0:
140736997518640:gtk_style_context_set_parent:2:0:0:
140736997520064:gtk_style_context_get_background_color:3:0:0:2,
140736997520768:gtk_style_context_get_border:3:0:0:2,
140736997521056:gtk_style_context_get_padding:3:0:0:2,
140736997523536:gtk_render_background:2:0:0:
140736997523824:gtk_render_frame:2:0:0:
140736997537504:gtk_style_provider_get_type:0:0:1:
140736997537744:gtk_style_provider_get_style_property:5:0:1:3,
140736997799552:gtk_theming_engine_get_type:0:0:1:
140736997804544:gtk_theming_engine_get_junction_sides:1:0:0:
140736997833904:gtk_toolbar_get_type:0:0:0:
140736997851488:gtk_tool_item_get_type:0:0:0:
140736997853408:gtk_tool_item_get_homogeneous:1:0:0:
140736997853504:gtk_tool_item_get_is_important:1:0:0:
140736997854576:gtk_tool_item_get_visible_horizontal:1:0:0:
140736997887072:gtk_tooltip_get_type:0:0:1:
140736997887216:gtk_tooltip_set_markup:2:0:0:
140736997887504:gtk_tooltip_set_icon:2:0:0:
140736997888128:gtk_tooltip_set_custom:2:0:0:
140736997888544:gtk_tooltip_set_tip_area:2:0:0:
140736998137008:gtk_widget_get_type:0:0:1:
140736998137392:gtk_widget_freeze_child_notify:1:0:0:
140736998137712:gtk_widget_child_notify:2:0:0:
140736998138720:gtk_widget_queue_resize_no_redraw:1:0:0:
140736998139616:gtk_widget_list_accel_closures:1:0:0:
140736998140208:gtk_widget_set_accel_path:3:0:0:
140736998141360:gtk_widget_has_focus:1:0:1:
140736998141904:gtk_widget_has_grab:1:0:1:
140736998142320:gtk_widget_get_state_flags:1:0:1:
140736998142464:gtk_widget_get_state:1:0:1:
140736998142656:gtk_widget_get_visible:1:0:1:
140736998142896:gtk_widget_set_has_window:2:0:0:2,
140736998143024:gtk_widget_get_has_window:1:0:1:
140736998143664:gtk_widget_is_toplevel:1:0:1:
140736998143792:gtk_widget_get_realized:1:0:1:
140736998144128:gtk_widget_translate_coordinates:6:0:0:3,4,
140736998145728:gtk_widget_event:2:0:0:
140736998146368:gtk_widget_set_realized:2:0:0:2,
140736998146496:gtk_widget_get_mapped:1:0:1:
140736998146880:gtk_widget_queue_draw_region:2:0:0:
140736998147056:gtk_widget_queue_draw_area:5:0:0:2,3,4,5,
140736998147232:gtk_widget_is_drawable:1:0:1:
140736998147344:gtk_widget_set_mapped:2:0:0:2,
140736998148048:gtk_widget_set_redraw_on_allocate:2:0:0:2,
140736998148272:gtk_widget_is_sensitive:1:0:0:
140736998148784:gtk_widget_get_parent:1:0:1:
140736998149008:gtk_widget_set_parent_window:2:0:0:
140736998149328:gtk_widget_get_parent_window:1:0:0:
140736998150368:gtk_widget_get_child_visible:1:0:0:
140736998151600:gtk_widget_get_toplevel:1:0:1:
140736998151856:gtk_widget_get_screen:1:0:1:
140736998152176:gtk_widget_get_display:1:0:1:
140736998152512:gtk_widget_has_screen:1:0:0:
140736998153344:gtk_widget_is_focus:1:0:1:
140736998154448:gtk_widget_get_settings:1:0:0:
140736998156704:gtk_widget_get_direction:1:0:1:
140736998160336:gtk_widget_class_install_style_property:2:0:0:
140736998160496:gtk_widget_class_find_style_property:2:0:0:
140736998160640:gtk_requisition_get_type:0:0:1:
140736998177632:gtk_widget_size_allocate:2:0:0:
140736998178848:gtk_widget_get_no_show_all:1:0:0:
140736998178944:gtk_widget_show_all:1:0:0:
140736998180176:gtk_widget_get_allocation:2:0:0:
140736998180320:gtk_widget_queue_draw:1:0:0:
140736998180752:gtk_widget_queue_resize:1:0:0:
140736998185184:gtk_widget_set_allocation:2:0:0:
140736998185360:gtk_widget_get_allocated_width:1:0:0:
140736998185456:gtk_widget_get_allocated_height:1:0:0:
140736998185552:gtk_widget_get_allocated_baseline:1:0:0:
140736998186304:gtk_widget_set_window:2:0:0:
140736998187328:gtk_widget_get_window:1:0:1:
140736998188912:gtk_widget_get_frame_clock:1:0:1:
140736998193056:gtk_widget_get_scale_factor:1:0:1:
140736998193248:gtk_widget_realize:1:0:0:
140736998197600:gtk_widget_path_append_for_widget:2:0:0:
140736998197888:gtk_widget_get_path:1:0:0:
140736998198272:gtk_widget_get_style_context:1:0:1:
140736998203088:gtk_widget_unset_state_flags:2:0:0:2,
140736998205056:gtk_widget_style_get_valist:3:0:0:
140736998205776:gtk_widget_style_get:6:0:0:
140736998207104:gtk_widget_unparent:1:0:0:
140736998208432:gtk_widget_set_parent:2:0:0:
140736998212576:gtk_widget_path_ref:1:0:0:
140736998212880:gtk_widget_path_unref:1:0:0:
140736998213200:gtk_widget_path_new:0:0:1:
140736998213248:gtk_widget_path_copy:1:0:1:
140736998213408:gtk_widget_path_free:1:0:0:
140736998213456:gtk_widget_path_length:1:0:1:
140736998214560:gtk_widget_path_append_type:2:0:1:
140736998214704:gtk_widget_path_append_with_siblings:3:0:0:3,
140736998214976:gtk_widget_path_iter_get_siblings:2:0:1:2,
140736998215120:gtk_widget_path_iter_get_sibling_index:2:0:1:2,
140736998215264:gtk_widget_path_iter_get_object_type:2:0:1:2,
140736998215664:gtk_widget_path_iter_set_name:3:0:0:2,
140736998216176:gtk_widget_path_iter_add_class:3:0:0:2,
140736998218128:gtk_widget_path_iter_list_regions:2:0:1:2,
140736998218608:gtk_widget_path_iter_has_region:4:0:1:2,
140736998218816:gtk_widget_path_get_object_type:1:0:1:
140736998234880:gtk_window_get_type:0:0:1:
140736998243616:gtk_window_set_mnemonic_modifier:2:0:0:2,
140736998244176:gtk_window_get_focus:1:0:0:
140736998245008:gtk_window_set_attached_to:2:0:0:
140736998245232:gtk_window_get_attached_to:1:0:1:
140736998252880:gtk_window_resize_grip_is_visible:1:0:0:
140736998268080:gtk_window_set_resizable:2:0:0:2,
140736998271072:gtk_window_group_get_type:0:0:0:
140736998273024:gtk_window_group_get_current_grab:1:0:0:
140736998273440:gtk_window_group_get_current_device_grab:2:0:0:
140737007152736:gdk_threads_enter:0:0:0:
140737007152768:gdk_threads_leave:0:0:0:
140737007153168:gdk_threads_add_timeout_full:5:0:0:1,2,
140737007162352:gdk_device_get_type:0:0:1:
140737007163856:gdk_device_get_source:1:0:1:
140737007165952:gdk_device_get_device_type:1:0:0:
140737007168368:gdk_device_get_n_axes:1:0:0:
140737007173024:gdk_device_manager_get_type:0:0:1:
140737007173168:gdk_device_manager_get_display:1:0:1:
140737007173264:gdk_device_manager_list_devices:2:0:1:2,
140737007175424:gdk_display_get_type:0:0:1:
140737007175712:gdk_display_is_closed:1:0:1:
140737007175808:gdk_display_get_event:1:0:1:
140737007179568:gdk_display_get_device_manager:1:0:1:
140737007180672:gdk_display_get_default_screen:1:0:1:
140737007181504:gdk_display_flush:1:0:0:
140737007184688:gdk_display_manager_get:0:0:1:
140737007184928:gdk_display_get_default:0:0:1:
140737007185216:gdk_display_manager_list_displays:1:0:1:
140737007188352:gdk_event_free:1:0:0:
140737007189984:gdk_event_new:1:0:1:1,
140737007191088:gdk_event_get_time:1:0:0:
140737007191152:gdk_event_get_state:2:0:0:
140737007191312:gdk_event_get_coords:3:0:0:
140737007191696:gdk_event_get_root_coords:3:0:0:
140737007192608:gdk_event_set_device:2:0:0:
140737007192784:gdk_event_get_device:1:0:0:
140737007193056:gdk_event_set_source_device:2:0:0:
140737007193200:gdk_event_get_source_device:1:0:0:
140737007194000:gdk_event_set_screen:2:0:0:
140737007194160:gdk_event_get_event_sequence:1:0:0:
140737007198912:gdk_keyval_convert_case:3:0:0:
140737007203824:gdk_frame_clock_get_type:0:0:1:
140737007205200:gdk_frame_clock_get_frame_counter:1:0:0:
140737007205600:gdk_frame_clock_get_timings:2:0:0:
140737007206352:gdk_frame_clock_get_refresh_info:4:0:0:
140737007211840:gdk_atom_intern:1:0:1:
140737007211904:gdk_atom_intern_static_string:1:0:1:
140737007215536:gdk_screen_get_type:0:0:1:
140737007216736:gdk_screen_get_display:1:0:1:
140737007217648:gdk_screen_get_n_monitors:1:0:1:
140737007222384:gdk_visual_get_type:0:0:1:
140737007223808:gdk_visual_get_screen:1:0:1:
140737007228000:gdk_window_get_type:0:0:1:
140737007229920:gdk_window_get_screen:1:0:1:
140737007230016:gdk_window_get_display:1:0:1:
140737007230704:gdk_window_get_toplevel:1:0:1:
140737007231744:gdk_window_is_viewable:1:0:1:
140737007237792:gdk_window_coords_from_parent:3:0:0:
140737007260160:gdk_window_get_frame_clock:1:0:1:
140737007315728:gdk_x11_lookup_xdisplay:1:0:0:
140737007354960:gdk_x11_get_xatom_by_name_for_display:2:0:1:
140737007373040:gdk_x11_visual_get_type:0:0:1:
140737007395264:gdk_x11_window_get_type:0:0:1:
