do_scavenging_malloc -> blit_aa[1] - 1
do_scavenging_malloc -> blit_aa[4] - 1
do_scavenging_malloc -> fz_paint_span_with_color_4[2] - 1
do_scavenging_malloc -> fz_paint_span_with_color[2] - 1
do_scavenging_malloc -> fz_push_try[1] - 1
do_scavenging_malloc -> fz_free[2] - 1
do_scavenging_malloc -> fz_available[2] - 1
do_scavenging_malloc -> fz_read[2] - 1
do_scavenging_malloc -> pdf_array_get[2] - 0.99095
do_scavenging_malloc -> pdf_get_xref_entry[2] - 1
do_scavenging_malloc -> ft_char_index[1] - 1
do_scavenging_malloc -> fz_read_byte[2] - 1
do_scavenging_malloc -> fz_unread_byte[2] - 1
do_scavenging_malloc -> lex_white[2] - 1
do_scavenging_malloc -> lex_number[2] - 1
do_scavenging_malloc -> pdf_lex[2] - 1
do_scavenging_malloc -> FT_Get_Char_Index[1] - 1
do_scavenging_malloc -> FT_Stream_Seek[1] - 1
do_scavenging_malloc -> FT_Stream_ReadUShort[1] - 1
do_scavenging_malloc -> gray_find_cell[1] - 1
do_scavenging_malloc -> gray_record_cell[1] - 1
do_scavenging_malloc -> gray_set_cell[1] - 1
do_scavenging_malloc -> gray_render_scanline[1] - 1
do_scavenging_malloc -> gray_render_line[1] - 1
do_scavenging_malloc -> gray_render_conic[1] - 1
do_scavenging_malloc -> gray_hline[1] - 1
do_scavenging_malloc -> emitraw[1] - 1
do_scavenging_malloc -> emitraw[2] - 1
do_scavenging_malloc -> emit[1] - 1
do_scavenging_malloc -> emit[2] - 1
do_scavenging_malloc -> emitline[1] - 1
do_scavenging_malloc -> emitline[2] - 1
do_scavenging_malloc -> emitline[3] - 1
do_scavenging_malloc -> addstring[1] - 1
do_scavenging_malloc -> addstring[2] - 1
do_scavenging_malloc -> findlocal[1] - 1
do_scavenging_malloc -> findlocal[2] - 1
do_scavenging_malloc -> emitstring[1] - 1
do_scavenging_malloc -> emitstring[2] - 1
do_scavenging_malloc -> emitlocal[1] - 1
do_scavenging_malloc -> emitlocal[2] - 1
do_scavenging_malloc -> emitlocal[5] - 1
do_scavenging_malloc -> jsC_cexp[1] - 1
do_scavenging_malloc -> jsC_cexp[2] - 1
do_scavenging_malloc -> jsC_cexp[3] - 1
do_scavenging_malloc -> cstm[1] - 1
do_scavenging_malloc -> cstm[2] - 1
do_scavenging_malloc -> cstm[3] - 1
do_scavenging_malloc -> analyze[1] - 1
do_scavenging_malloc -> analyze[2] - 1
do_scavenging_malloc -> analyze[3] - 1
do_scavenging_malloc -> cvardecs[1] - 1
do_scavenging_malloc -> cvardecs[2] - 1
do_scavenging_malloc -> cvardecs[3] - 1
do_scavenging_malloc -> jsG_freeproperty[1] - 1
do_scavenging_malloc -> jsG_freeproperty[2] - 1
do_scavenging_malloc -> jsG_freeobject[1] - 1
do_scavenging_malloc -> jsG_freeobject[2] - 1
do_scavenging_malloc -> jsS_newstringnode[1] - 1
do_scavenging_malloc -> jsS_skew[1] - 1
do_scavenging_malloc -> jsS_split[1] - 1
do_scavenging_malloc -> jsS_insert[1] - 1
do_scavenging_malloc -> jsS_insert[2] - 0.924
do_scavenging_malloc -> jsS_freestringnode[1] - 1
do_scavenging_malloc -> jsS_freestringnode[2] - 1
do_scavenging_malloc -> js_intern[1] - 1
do_scavenging_malloc -> jsY_findkeyword[1] - 1
do_scavenging_malloc -> jsY_findkeyword[2] - 1
do_scavenging_malloc -> jsY_next[1] - 1
do_scavenging_malloc -> jsY_unescape[1] - 1
do_scavenging_malloc -> textinit[1] - 1
do_scavenging_malloc -> textpush[1] - 1
do_scavenging_malloc -> textend[1] - 1
do_scavenging_malloc -> lexnumber[1] - 1
do_scavenging_malloc -> jsY_lexx[1] - 1
do_scavenging_malloc -> jsY_lex[1] - 1
do_scavenging_malloc -> jsP_newnode[1] - 1
do_scavenging_malloc -> jsP_list[1] - 1
do_scavenging_malloc -> jsP_newstrnode[1] - 1
do_scavenging_malloc -> jsP_freejumps[1] - 1
do_scavenging_malloc -> jsP_next[1] - 1
do_scavenging_malloc -> checkfutureword[1] - 1
do_scavenging_malloc -> primary[1] - 1
do_scavenging_malloc -> newexp[1] - 1
do_scavenging_malloc -> callexp[1] - 1
do_scavenging_malloc -> postfix[1] - 1
do_scavenging_malloc -> unary[1] - 1
do_scavenging_malloc -> multiplicative[1] - 1
do_scavenging_malloc -> additive[1] - 1
do_scavenging_malloc -> shift[1] - 1
do_scavenging_malloc -> relational[1] - 1
do_scavenging_malloc -> equality[1] - 1
do_scavenging_malloc -> bitand[1] - 1
do_scavenging_malloc -> bitxor[1] - 1
do_scavenging_malloc -> bitor[1] - 1
do_scavenging_malloc -> logand[1] - 1
do_scavenging_malloc -> logor[1] - 1
do_scavenging_malloc -> conditional[1] - 1
do_scavenging_malloc -> assignment[1] - 1
do_scavenging_malloc -> expression[1] - 1
do_scavenging_malloc -> statement[1] - 1
do_scavenging_malloc -> jsP_foldconst[1] - 1
do_scavenging_malloc -> newproperty[1] - 1
do_scavenging_malloc -> newproperty[2] - 1
do_scavenging_malloc -> skew[1] - 1
do_scavenging_malloc -> split[1] - 1
do_scavenging_malloc -> insert[1] - 1
do_scavenging_malloc -> insert[2] - 1
do_scavenging_malloc -> jsV_newobject[1] - 1
do_scavenging_malloc -> jsV_newobject[3] - 0.924
do_scavenging_malloc -> jsV_setproperty[1] - 1
do_scavenging_malloc -> jsV_setproperty[2] - 1
do_scavenging_malloc -> js_malloc[1] - 1
do_scavenging_malloc -> js_free[1] - 1
do_scavenging_malloc -> js_free[2] - 1
do_scavenging_malloc -> js_pushobject[1] - 1
do_scavenging_malloc -> js_pushobject[2] - 1
do_scavenging_malloc -> stackidx[1] - 1
do_scavenging_malloc -> js_toobject[1] - 1
do_scavenging_malloc -> js_pop[1] - 1
do_scavenging_malloc -> jsR_defproperty[1] - 1
do_scavenging_malloc -> jsR_defproperty[2] - 1
do_scavenging_malloc -> js_defproperty[1] - 1
do_scavenging_malloc -> jsV_toobject[1] - 1
fz_malloc_array -> blit_aa[4] - 1
fz_malloc_array -> fz_paint_span_with_color_4[2] - 1
fz_malloc_array -> fz_paint_span_with_color[2] - 1
fz_malloc_array -> fz_free[2] - 0.986
fz_malloc_array -> ft_char_index[1] - 1
fz_malloc_array -> FT_Get_Char_Index[1] - 1
fz_malloc_array -> FT_Stream_Seek[1] - 1
fz_malloc_array -> FT_Stream_ReadUShort[1] - 1
fz_malloc_array -> gray_find_cell[1] - 1
fz_malloc_array -> gray_record_cell[1] - 1
fz_malloc_array -> gray_set_cell[1] - 1
fz_malloc_array -> gray_render_scanline[1] - 1
fz_malloc_array -> gray_render_line[1] - 1
fz_malloc_array -> gray_render_conic[1] - 1
fz_malloc_array -> gray_hline[1] - 1
fz_malloc_array -> emitraw[1] - 1
fz_malloc_array -> emitraw[2] - 1
fz_malloc_array -> emit[1] - 1
fz_malloc_array -> emit[2] - 1
fz_malloc_array -> emitline[1] - 1
fz_malloc_array -> emitline[2] - 1
fz_malloc_array -> emitline[3] - 1
fz_malloc_array -> addstring[1] - 1
fz_malloc_array -> addstring[2] - 1
fz_malloc_array -> findlocal[1] - 1
fz_malloc_array -> findlocal[2] - 1
fz_malloc_array -> emitstring[1] - 1
fz_malloc_array -> emitstring[2] - 1
fz_malloc_array -> emitlocal[1] - 1
fz_malloc_array -> emitlocal[2] - 1
fz_malloc_array -> emitlocal[5] - 1
fz_malloc_array -> jsC_cexp[1] - 1
fz_malloc_array -> jsC_cexp[2] - 1
fz_malloc_array -> jsC_cexp[3] - 1
fz_malloc_array -> cstm[1] - 1
fz_malloc_array -> cstm[2] - 1
fz_malloc_array -> cstm[3] - 1
fz_malloc_array -> analyze[1] - 1
fz_malloc_array -> analyze[2] - 1
fz_malloc_array -> analyze[3] - 1
fz_malloc_array -> cvardecs[1] - 1
fz_malloc_array -> cvardecs[2] - 1
fz_malloc_array -> cvardecs[3] - 1
fz_malloc_array -> jsG_freeproperty[1] - 1
fz_malloc_array -> jsG_freeproperty[2] - 1
fz_malloc_array -> jsG_freeobject[1] - 1
fz_malloc_array -> jsG_freeobject[2] - 1
fz_malloc_array -> jsS_newstringnode[1] - 1
fz_malloc_array -> jsS_skew[1] - 1
fz_malloc_array -> jsS_split[1] - 1
fz_malloc_array -> jsS_insert[1] - 1
fz_malloc_array -> jsS_insert[2] - 0.924
fz_malloc_array -> jsS_freestringnode[1] - 1
fz_malloc_array -> jsS_freestringnode[2] - 1
fz_malloc_array -> js_intern[1] - 1
fz_malloc_array -> jsY_findkeyword[1] - 1
fz_malloc_array -> jsY_findkeyword[2] - 1
fz_malloc_array -> jsY_next[1] - 1
fz_malloc_array -> jsY_unescape[1] - 1
fz_malloc_array -> textinit[1] - 1
fz_malloc_array -> textpush[1] - 1
fz_malloc_array -> textend[1] - 1
fz_malloc_array -> lexnumber[1] - 1
fz_malloc_array -> jsY_lexx[1] - 1
fz_malloc_array -> jsY_lex[1] - 1
fz_malloc_array -> jsP_newnode[1] - 1
fz_malloc_array -> jsP_newnode[3] - 1
fz_malloc_array -> jsP_newnode[4] - 1
fz_malloc_array -> jsP_list[1] - 1
fz_malloc_array -> jsP_newstrnode[1] - 1
fz_malloc_array -> jsP_freejumps[1] - 1
fz_malloc_array -> jsP_next[1] - 1
fz_malloc_array -> checkfutureword[1] - 1
fz_malloc_array -> primary[1] - 1
fz_malloc_array -> newexp[1] - 1
fz_malloc_array -> callexp[1] - 1
fz_malloc_array -> postfix[1] - 1
fz_malloc_array -> unary[1] - 1
fz_malloc_array -> multiplicative[1] - 1
fz_malloc_array -> additive[1] - 1
fz_malloc_array -> shift[1] - 1
fz_malloc_array -> relational[1] - 1
fz_malloc_array -> equality[1] - 1
fz_malloc_array -> bitand[1] - 1
fz_malloc_array -> bitxor[1] - 1
fz_malloc_array -> bitor[1] - 1
fz_malloc_array -> logand[1] - 1
fz_malloc_array -> logor[1] - 1
fz_malloc_array -> conditional[1] - 1
fz_malloc_array -> assignment[1] - 1
fz_malloc_array -> expression[1] - 1
fz_malloc_array -> statement[1] - 1
fz_malloc_array -> jsP_foldconst[1] - 1
fz_malloc_array -> newproperty[1] - 1
fz_malloc_array -> newproperty[2] - 1
fz_malloc_array -> skew[1] - 1
fz_malloc_array -> split[1] - 1
fz_malloc_array -> insert[1] - 1
fz_malloc_array -> insert[2] - 1
fz_malloc_array -> jsV_newobject[1] - 1
fz_malloc_array -> jsV_newobject[3] - 1
fz_malloc_array -> jsV_setproperty[1] - 1
fz_malloc_array -> jsV_setproperty[2] - 1
fz_malloc_array -> js_malloc[1] - 1
fz_malloc_array -> js_free[1] - 1
fz_malloc_array -> js_free[2] - 1
fz_malloc_array -> js_pushobject[1] - 1
fz_malloc_array -> js_pushobject[2] - 1
fz_malloc_array -> stackidx[1] - 1
fz_malloc_array -> js_toobject[1] - 1
fz_malloc_array -> js_pop[1] - 1
fz_malloc_array -> jsR_defproperty[1] - 1
fz_malloc_array -> jsR_defproperty[2] - 1
fz_malloc_array -> js_defproperty[1] - 1
fz_malloc_array -> jsV_toobject[1] - 1
gray_record_cell -> jsP_newnode[4] - 0.82
gray_render_scanline -> gray_find_cell[1] - 1
gray_render_scanline -> gray_record_cell[1] - 1
gray_render_scanline -> gray_set_cell[1] - 1
gray_render_scanline -> gray_render_scanline[1] - 1
gray_render_scanline -> gray_render_line[1] - 1
gray_render_scanline -> gray_render_conic[1] - 1
gray_render_scanline -> gray_hline[1] - 1
gray_render_scanline -> jsP_newnode[4] - 0.82
gray_render_line -> gray_find_cell[1] - 1
gray_render_line -> gray_record_cell[1] - 1
gray_render_line -> gray_set_cell[1] - 1
gray_render_line -> gray_render_scanline[1] - 1
gray_render_line -> gray_render_line[1] - 1
gray_render_line -> gray_render_conic[1] - 1
gray_render_line -> gray_hline[1] - 1
gray_render_conic -> gray_find_cell[1] - 1
gray_render_conic -> gray_record_cell[1] - 1
gray_render_conic -> gray_set_cell[1] - 1
gray_render_conic -> gray_render_scanline[1] - 1
gray_render_conic -> gray_render_line[1] - 1
gray_render_conic -> gray_render_conic[1] - 1
gray_render_conic -> gray_hline[1] - 1
jsS_skew -> jsS_skew[1] - 1
jsS_skew -> jsS_split[1] - 1
jsS_skew -> jsS_insert[2] - 0.924
jsS_skew -> jsS_freestringnode[2] - 0.810101
jsS_split -> jsS_skew[1] - 1
jsS_split -> jsS_split[1] - 1
jsS_split -> jsS_insert[2] - 0.924
jsS_insert -> jsS_skew[1] - 1
jsS_insert -> jsS_split[1] - 1
jsS_insert -> jsS_insert[2] - 0.924
jsS_insert -> jsS_freestringnode[2] - 1
js_intern -> addstring[3] - 1
js_intern -> findlocal[3] - 1
js_intern -> emitstring[4] - 1
js_intern -> jsP_newstrnode[3] - 1
js_intern -> checkfutureword[2] - 1
textend -> jsY_findkeyword[2] - 1
jsP_newnode -> blit_aa[4] - 1
jsP_newnode -> fz_paint_span_with_color_4[2] - 1
jsP_newnode -> fz_paint_span_with_color[2] - 1
jsP_newnode -> fz_free[2] - 0.946
jsP_newnode -> ft_char_index[1] - 1
jsP_newnode -> FT_Get_Char_Index[1] - 1
jsP_newnode -> FT_Stream_Seek[1] - 1
jsP_newnode -> FT_Stream_ReadUShort[1] - 1
jsP_newnode -> gray_find_cell[1] - 1
jsP_newnode -> gray_record_cell[1] - 1
jsP_newnode -> gray_set_cell[1] - 1
jsP_newnode -> gray_render_scanline[1] - 1
jsP_newnode -> gray_render_line[1] - 1
jsP_newnode -> gray_render_conic[1] - 1
jsP_newnode -> gray_hline[1] - 1
jsP_newnode -> emitline[3] - 1
jsP_newnode -> emitlocal[5] - 1
jsP_newnode -> jsC_cexp[3] - 1
jsP_newnode -> cstm[3] - 1
jsP_newnode -> analyze[3] - 1
jsP_newnode -> cvardecs[3] - 1
jsP_newnode -> jsP_list[1] - 1
jsP_newnode -> jsP_foldconst[1] - 1
jsP_newnode -> js_free[2] - 0.966
jsP_newstrnode -> blit_aa[4] - 1
jsP_newstrnode -> fz_paint_span_with_color_4[2] - 1
jsP_newstrnode -> fz_paint_span_with_color[2] - 1
jsP_newstrnode -> ft_char_index[1] - 1
jsP_newstrnode -> FT_Get_Char_Index[1] - 1
jsP_newstrnode -> gray_find_cell[1] - 1
jsP_newstrnode -> gray_record_cell[1] - 1
jsP_newstrnode -> gray_set_cell[1] - 1
jsP_newstrnode -> gray_render_scanline[1] - 1
jsP_newstrnode -> gray_render_line[1] - 1
jsP_newstrnode -> gray_render_conic[1] - 1
jsP_newstrnode -> gray_hline[1] - 1
jsP_newstrnode -> emitlocal[5] - 1
primary -> blit_aa[4] - 1
primary -> fz_paint_span_with_color_4[2] - 1
primary -> fz_paint_span_with_color[2] - 1
primary -> gray_find_cell[1] - 1
primary -> gray_record_cell[1] - 1
primary -> gray_set_cell[1] - 1
primary -> gray_render_scanline[1] - 1
primary -> gray_render_line[1] - 1
primary -> gray_render_conic[1] - 1
primary -> gray_hline[1] - 1
primary -> emitlocal[5] - 0.932
newexp -> blit_aa[4] - 1
newexp -> fz_paint_span_with_color_4[2] - 1
newexp -> fz_paint_span_with_color[2] - 1
newexp -> gray_find_cell[1] - 1
newexp -> gray_record_cell[1] - 1
newexp -> gray_set_cell[1] - 1
newexp -> gray_render_scanline[1] - 1
newexp -> gray_render_line[1] - 1
newexp -> gray_render_conic[1] - 1
newexp -> gray_hline[1] - 1
newexp -> emitlocal[5] - 0.932
callexp -> blit_aa[4] - 1
callexp -> fz_paint_span_with_color_4[2] - 1
callexp -> fz_paint_span_with_color[2] - 1
callexp -> gray_find_cell[1] - 1
callexp -> gray_record_cell[1] - 1
callexp -> gray_set_cell[1] - 1
callexp -> gray_render_scanline[1] - 1
callexp -> gray_render_line[1] - 1
callexp -> gray_render_conic[1] - 1
callexp -> gray_hline[1] - 1
postfix -> blit_aa[4] - 1
postfix -> fz_paint_span_with_color_4[2] - 1
postfix -> fz_paint_span_with_color[2] - 1
postfix -> gray_find_cell[1] - 1
postfix -> gray_record_cell[1] - 1
postfix -> gray_set_cell[1] - 1
postfix -> gray_render_scanline[1] - 1
postfix -> gray_render_line[1] - 1
postfix -> gray_render_conic[1] - 1
postfix -> gray_hline[1] - 1
unary -> blit_aa[4] - 1
unary -> fz_paint_span_with_color_4[2] - 1
unary -> fz_paint_span_with_color[2] - 1
unary -> gray_find_cell[1] - 1
unary -> gray_record_cell[1] - 1
unary -> gray_set_cell[1] - 1
unary -> gray_render_scanline[1] - 1
unary -> gray_render_line[1] - 1
unary -> gray_render_conic[1] - 1
unary -> gray_hline[1] - 1
multiplicative -> blit_aa[4] - 1
multiplicative -> fz_paint_span_with_color_4[2] - 1
multiplicative -> fz_paint_span_with_color[2] - 1
multiplicative -> gray_find_cell[1] - 1
multiplicative -> gray_record_cell[1] - 1
multiplicative -> gray_set_cell[1] - 1
multiplicative -> gray_render_scanline[1] - 1
multiplicative -> gray_render_line[1] - 1
multiplicative -> gray_render_conic[1] - 1
multiplicative -> gray_hline[1] - 1
additive -> blit_aa[4] - 1
additive -> fz_paint_span_with_color_4[2] - 1
additive -> fz_paint_span_with_color[2] - 1
additive -> gray_find_cell[1] - 1
additive -> gray_record_cell[1] - 1
additive -> gray_set_cell[1] - 1
additive -> gray_render_scanline[1] - 1
additive -> gray_render_line[1] - 1
additive -> gray_render_conic[1] - 1
additive -> gray_hline[1] - 1
shift -> blit_aa[4] - 1
shift -> fz_paint_span_with_color_4[2] - 1
shift -> fz_paint_span_with_color[2] - 1
shift -> gray_find_cell[1] - 1
shift -> gray_record_cell[1] - 1
shift -> gray_set_cell[1] - 1
shift -> gray_render_scanline[1] - 1
shift -> gray_render_line[1] - 1
shift -> gray_render_conic[1] - 1
shift -> gray_hline[1] - 1
relational -> blit_aa[4] - 1
relational -> fz_paint_span_with_color_4[2] - 1
relational -> fz_paint_span_with_color[2] - 1
relational -> gray_find_cell[1] - 1
relational -> gray_record_cell[1] - 1
relational -> gray_set_cell[1] - 1
relational -> gray_render_scanline[1] - 1
relational -> gray_render_line[1] - 1
relational -> gray_render_conic[1] - 1
relational -> gray_hline[1] - 1
equality -> blit_aa[4] - 1
equality -> fz_paint_span_with_color_4[2] - 1
equality -> fz_paint_span_with_color[2] - 1
equality -> gray_find_cell[1] - 1
equality -> gray_record_cell[1] - 1
equality -> gray_set_cell[1] - 1
equality -> gray_render_scanline[1] - 1
equality -> gray_render_line[1] - 1
equality -> gray_render_conic[1] - 1
equality -> gray_hline[1] - 1
bitand -> blit_aa[4] - 1
bitand -> fz_paint_span_with_color_4[2] - 1
bitand -> fz_paint_span_with_color[2] - 1
bitand -> gray_find_cell[1] - 1
bitand -> gray_record_cell[1] - 1
bitand -> gray_set_cell[1] - 1
bitand -> gray_render_scanline[1] - 1
bitand -> gray_render_line[1] - 1
bitand -> gray_render_conic[1] - 1
bitand -> gray_hline[1] - 1
bitxor -> blit_aa[4] - 1
bitxor -> fz_paint_span_with_color_4[2] - 1
bitxor -> fz_paint_span_with_color[2] - 1
bitxor -> gray_find_cell[1] - 1
bitxor -> gray_record_cell[1] - 1
bitxor -> gray_set_cell[1] - 1
bitxor -> gray_render_scanline[1] - 1
bitxor -> gray_render_line[1] - 1
bitxor -> gray_render_conic[1] - 1
bitxor -> gray_hline[1] - 1
bitor -> blit_aa[4] - 1
bitor -> fz_paint_span_with_color_4[2] - 1
bitor -> fz_paint_span_with_color[2] - 1
bitor -> gray_find_cell[1] - 1
bitor -> gray_record_cell[1] - 1
bitor -> gray_set_cell[1] - 1
bitor -> gray_render_scanline[1] - 1
bitor -> gray_render_line[1] - 1
bitor -> gray_render_conic[1] - 1
bitor -> gray_hline[1] - 1
logand -> blit_aa[4] - 1
logand -> fz_paint_span_with_color_4[2] - 1
logand -> fz_paint_span_with_color[2] - 1
logand -> gray_find_cell[1] - 1
logand -> gray_record_cell[1] - 1
logand -> gray_set_cell[1] - 1
logand -> gray_render_scanline[1] - 1
logand -> gray_render_line[1] - 1
logand -> gray_render_conic[1] - 1
logand -> gray_hline[1] - 1
logor -> blit_aa[4] - 1
logor -> fz_paint_span_with_color_4[2] - 1
logor -> fz_paint_span_with_color[2] - 1
logor -> gray_find_cell[1] - 1
logor -> gray_record_cell[1] - 1
logor -> gray_set_cell[1] - 1
logor -> gray_render_scanline[1] - 1
logor -> gray_render_line[1] - 1
logor -> gray_render_conic[1] - 1
logor -> gray_hline[1] - 1
conditional -> blit_aa[4] - 1
conditional -> fz_paint_span_with_color_4[2] - 1
conditional -> fz_paint_span_with_color[2] - 1
conditional -> gray_find_cell[1] - 1
conditional -> gray_record_cell[1] - 1
conditional -> gray_set_cell[1] - 1
conditional -> gray_render_scanline[1] - 1
conditional -> gray_render_line[1] - 1
conditional -> gray_render_conic[1] - 1
conditional -> gray_hline[1] - 1
assignment -> blit_aa[4] - 1
assignment -> fz_paint_span_with_color_4[2] - 1
assignment -> fz_paint_span_with_color[2] - 1
assignment -> gray_find_cell[1] - 1
assignment -> gray_record_cell[1] - 1
assignment -> gray_set_cell[1] - 1
assignment -> gray_render_scanline[1] - 1
assignment -> gray_render_line[1] - 1
assignment -> gray_render_conic[1] - 1
assignment -> gray_hline[1] - 1
statement -> emitline[3] - 1
statement -> cstm[3] - 1
newproperty -> jsG_freeproperty[2] - 1
newproperty -> skew[1] - 1
newproperty -> split[1] - 1
skew -> skew[1] - 0.966
skew -> split[1] - 1
skew -> insert[3] - 0.988
split -> skew[1] - 0.962
split -> split[1] - 0.984
insert -> jsG_freeproperty[2] - 1
insert -> skew[1] - 1
insert -> split[1] - 1
jsV_newobject -> jsG_freeobject[2] - 1
jsV_newobject -> newproperty[2] - 1
jsV_newobject -> insert[2] - 1
jsV_newobject -> jsV_newobject[3] - 0.924
jsV_newobject -> jsV_setproperty[2] - 1
jsV_newobject -> js_pushobject[2] - 1
jsV_newobject -> jsR_defproperty[2] - 1
jsV_setproperty -> jsG_freeproperty[2] - 1
jsV_setproperty -> skew[1] - 1
jsV_setproperty -> split[1] - 1
js_malloc -> blit_aa[4] - 1
js_malloc -> fz_paint_span_with_color_4[2] - 1
js_malloc -> fz_paint_span_with_color[2] - 1
js_malloc -> fz_free[2] - 0.982
js_malloc -> ft_char_index[1] - 1
js_malloc -> FT_Get_Char_Index[1] - 1
js_malloc -> FT_Stream_Seek[1] - 1
js_malloc -> FT_Stream_ReadUShort[1] - 1
js_malloc -> gray_find_cell[1] - 1
js_malloc -> gray_record_cell[1] - 1
js_malloc -> gray_set_cell[1] - 1
js_malloc -> gray_render_scanline[1] - 1
js_malloc -> gray_render_line[1] - 1
js_malloc -> gray_render_conic[1] - 1
js_malloc -> gray_hline[1] - 1
js_malloc -> emitraw[2] - 1
js_malloc -> emit[2] - 1
js_malloc -> emitline[2] - 1
js_malloc -> emitline[3] - 1
js_malloc -> addstring[2] - 1
js_malloc -> findlocal[2] - 1
js_malloc -> emitstring[2] - 1
js_malloc -> emitlocal[2] - 1
js_malloc -> emitlocal[5] - 1
js_malloc -> jsC_cexp[2] - 1
js_malloc -> jsC_cexp[3] - 1
js_malloc -> cstm[2] - 1
js_malloc -> cstm[3] - 1
js_malloc -> analyze[2] - 1
js_malloc -> analyze[3] - 1
js_malloc -> cvardecs[2] - 1
js_malloc -> cvardecs[3] - 1
js_malloc -> jsG_freeproperty[2] - 1
js_malloc -> jsG_freeobject[2] - 1
js_malloc -> jsS_skew[1] - 1
js_malloc -> jsS_split[1] - 1
js_malloc -> jsS_insert[2] - 0.924
js_malloc -> jsS_freestringnode[2] - 1
js_malloc -> jsY_findkeyword[2] - 1
js_malloc -> jsP_list[1] - 1
js_malloc -> jsP_foldconst[1] - 1
js_malloc -> newproperty[2] - 1
js_malloc -> skew[1] - 1
js_malloc -> split[1] - 1
js_malloc -> insert[2] - 1
js_malloc -> jsV_newobject[3] - 0.924
js_malloc -> jsV_setproperty[2] - 1
js_malloc -> js_free[2] - 1
js_malloc -> js_pushobject[2] - 1
js_malloc -> jsR_defproperty[2] - 1
stackidx -> jsR_defproperty[5] - 1
stackidx -> jsV_toobject[2] - 1
js_toobject -> jsG_freeobject[2] - 0.928
js_toobject -> newproperty[2] - 0.986
js_toobject -> insert[2] - 0.976
js_toobject -> jsV_newobject[3] - 0.924
js_toobject -> jsV_setproperty[2] - 0.986
js_toobject -> js_pushobject[2] - 0.926
js_toobject -> jsR_defproperty[2] - 0.986
jsV_toobject -> jsG_freeobject[2] - 0.928
jsV_toobject -> newproperty[2] - 0.986
jsV_toobject -> insert[2] - 0.976
jsV_toobject -> jsV_newobject[3] - 0.924
jsV_toobject -> jsV_setproperty[2] - 0.986
jsV_toobject -> js_pushobject[2] - 0.926
jsV_toobject -> jsR_defproperty[2] - 0.986
jsU_bsearch -> jsP_newnode[4] - 0.82
