140737351952752:_dl_debug_state:
140737017668320:g_closure_new_simple:INT,ADDR
140737017668480:g_closure_set_meta_marshal:ADDR,INT,ADDR
140737017668704:g_closure_add_marshal_guards:ADDR,ADDR,ADDR,ADDR,ADDR
140737017669952:g_closure_add_invalidate_notifier:ADDR,ADDR,ADDR
140737017670288:g_closure_ref:ADDR
140737017670560:g_closure_unref:ADDR
140737017670928:g_closure_invalidate:ADDR
140737017671312:g_closure_sink:INT
140737017671472:g_closure_remove_invalidate_notifier:ADDR,ADDR,ADDR
140737017673328:g_closure_set_marshal:ADDR,ADDR
140737017673584:g_cclosure_new:ADDR,ADDR,INT
140737017673712:g_cclosure_new_swap:ADDR,ADDR,INT
140737017673984:g_signal_type_cclosure_new:ADDR,INT
140737017679392:g_enum_get_value:ADDR,INT
140737017690720:g_object_ref:ADDR
140737017691152:g_object_unref:ADDR
140737017700064:g_object_newv:ADDR,INT,INT
140737017700720:g_object_new_valist:ADDR,ADDR,ADDR
140737017702608:g_object_set_valist:ADDR,ADDR,ADDR
140737017704160:g_object_get_valist:ADDR,ADDR,ADDR
140737017710336:g_object_get_qdata:INT,INT
140737017717296:g_param_spec_ref:ADDR
140737017718128:g_param_spec_ref_sink:ADDR
140737017718352:g_param_spec_internal:ADDR,ADDR,ADDR,ADDR,INT
140737017719408:g_param_spec_get_redirect_target:ADDR
140737017720352:g_param_value_validate:ADDR,ADDR
140737017722080:g_param_spec_pool_lookup:ADDR,ADDR,INT,INT
140737017723248:g_param_spec_pool_list:ADDR,ADDR,ADDR
140737017725088:g_param_spec_get_default_value:ADDR
140737017753968:g_signal_newv:ADDR,ADDR,INT,ADDR,INT,INT
140737017757968:g_signal_new_valist:ADDR,ADDR,INT,ADDR,INT,INT
140737017767360:g_signal_connect_data:ADDR,ADDR,ADDR,ADDR,INT,INT
140737017773136:g_signal_emit_valist:ADDR,INT,INT,ADDR
140737017777248:g_signal_emit:ADDR,INT,INT,ADDR,INT,INT
140737017794528:g_type_class_unref:ADDR
140737017794752:g_type_class_ref:INT
140737017796368:g_type_class_peek:ADDR
140737017796464:g_type_class_peek_static:ADDR
140737017796560:g_type_class_peek_parent:ADDR
140737017796800:g_type_interface_peek:ADDR,ADDR
140737017801536:g_type_from_name:ADDR
140737017802512:g_type_register_static:INT,ADDR,ADDR,INT
140737017803216:g_type_parent:INT
140737017803280:g_type_depth:ADDR
140737017803488:g_type_is_a:INT,INT
140737017804240:g_type_interfaces:ADDR,ADDR
140737017805520:g_type_test_flags:ADDR,INT
140737017805904:g_type_create_instance:ADDR
140737017807792:g_type_fundamental:ADDR
140737017810224:g_type_check_instance_is_a:ADDR,INT
140737017811600:g_type_check_class_is_a:ADDR,INT
140737017812960:g_type_check_instance:ADDR
140737017813168:g_type_check_is_value_type:INT
140737017813600:g_type_check_value:ADDR
140737017814016:g_type_check_value_holds:ADDR,INT
140737017814512:g_type_value_table_peek:INT
140737017818688:g_type_module_get_type:
140737017822304:g_value_init:ADDR,INT
140737017822560:g_value_reset:ADDR
140737017822688:g_value_unset:ADDR
140737017822992:g_value_register_transform_func:INT,INT,ADDR
140737017823520:g_value_type_compatible:INT,INT
140737017823904:g_value_set_instance:ADDR,ADDR
140737017824496:g_value_transform:ADDR,ADDR
140737014496928:g_array_append_vals:ADDR,ADDR,INT
140737014498784:g_ptr_array_set_free_func:ADDR,ADDR
140737014499456:g_ptr_array_remove_range:ADDR,INT,INT
140737014499776:g_ptr_array_set_size:ADDR,INT
140737014500224:g_ptr_array_add:ADDR,ADDR
140737014507232:g_bit_lock:ADDR,INT
140737014507392:g_bit_unlock:ADDR,INT
140737014507488:g_pointer_bit_lock:ADDR,INT
140737014507744:g_pointer_bit_unlock:ADDR,INT
140737014526816:g_bytes_unref:ADDR
140737014527120:g_bytes_get_data:ADDR,ADDR
140737014527184:g_bytes_get_size:ADDR
140737014527248:g_bytes_ref:ADDR
140737014529168:g_get_charset:INT
140737014559440:g_get_filename_charsets:ADDR
140737014561488:g_filename_display_name:ADDR
140737014565616:g_datalist_init:ADDR
140737014591728:g_error_new_valist:INT,INT,ADDR,ADDR
140737014592608:g_set_error:INT,INT,INT,ADDR,ADDR,INT
140737014592912:g_propagate_error:INT,ADDR
140737014595072:g_file_error_quark:
140737014595120:g_file_error_from_errno:
140737014605120:g_hash_table_lookup:ADDR,ADDR
140737014605872:g_hash_table_contains:ADDR,INT
140737014606208:g_hash_table_remove_all:ADDR
140737014607232:g_hash_table_size:ADDR
140737014635872:g_key_file_error_quark:
140737014641376:g_key_file_get_value:ADDR,ADDR,ADDR,ADDR
140737014641984:g_key_file_get_string:ADDR,ADDR,ADDR,INT
140737014656448:g_list_prepend:ADDR,ADDR
140737014657136:g_list_remove_link:ADDR,ADDR
140737014657792:g_list_nth:ADDR,INT
140737014658240:g_list_last:ADDR
140737014658272:g_list_append:INT,ADDR
140737014663056:g_main_context_ref:ADDR
140737014663984:g_main_context_default:
140737014664176:g_source_new:ADDR,INT
140737014664352:g_source_attach:ADDR,ADDR
140737014669152:g_get_current_time:ADDR
140737014669280:g_get_monotonic_time:
140737014669456:g_main_context_acquire:ADDR
140737014670640:g_main_context_prepare:ADDR,ADDR
140737014671456:g_main_context_query:ADDR,ADDR,ADDR,ADDR,INT
140737014671632:g_main_context_check:ADDR,INT,ADDR,INT
140737014672304:g_main_context_dispatch:ADDR
140737014695424:g_malloc:INT
140737014695504:g_malloc0:INT
140737014695584:g_realloc:INT,INT
140737014695680:g_free:ADDR
140737014696336:g_mem_is_system_malloc:
140737014736160:g_quark_to_string:INT
140737014736208:g_intern_string:ADDR
140737014738768:g_queue_pop_head:ADDR
140737014740304:g_queue_peek_head:ADDR
140737014784496:g_slice_alloc:INT
140737014785888:g_slice_alloc0:INT
140737014786000:g_slice_free1:INT,ADDR
140737014788080:g_slist_prepend:INT,ADDR
140737014788368:g_slist_remove:ADDR,ADDR
140737014788560:g_slist_remove_link:ADDR,ADDR
140737014789136:g_slist_find:INT,ADDR
140737014789424:g_slist_last:ADDR
140737014789680:g_slist_concat:ADDR,ADDR
140737014789776:g_slist_foreach:INT,ADDR,INT
140737014790896:g_strdup:ADDR
140737014790976:g_memdup:ADDR,INT
140737014791040:g_strndup:ADDR,INT
140737014791264:g_strdup_vprintf:ADDR,ADDR
140737014791312:g_strdup_printf:ADDR,ADDR,INT,INT,INT,INT
140737014791872:g_strtod:ADDR,ADDR
140737014792320:g_strerror:INT
140737014793488:g_ascii_tolower:INT
140737014793936:g_ascii_strcasecmp:ADDR,ADDR
140737014795952:g_strchug:ADDR
140737014796096:g_strchomp:ADDR
140737014798272:g_strstr_len:ADDR,INT,ADDR
140737014798512:g_strrstr:ADDR,ADDR
140737014800304:g_string_sized_new:INT
140737014800400:g_string_free:ADDR,INT
140737014801888:g_string_new:INT
140737014802384:g_string_insert_c:ADDR,INT,INT
140737014804464:g_string_erase:ADDR,INT,INT
140737014805264:g_string_append_vprintf:ADDR,ADDR,ADDR
140737014805680:g_string_append_printf:ADDR,ADDR,ADDR,ADDR,INT,INT
140737014825872:g_thread_self:
140737014850480:g_unichar_isalnum:INT
140737014857712:g_utf8_find_next_char:ADDR,INT
140737014858160:g_utf8_get_char:ADDR
140737014858832:g_unichar_to_utf8:INT,ADDR
140737014859072:g_utf8_strchr:ADDR,INT,INT
140737014859264:g_utf8_get_char_validated:ADDR,INT
140737014863536:g_utf8_validate:ADDR,INT,ADDR
140737014877520:g_variant_new_byte:INT
140737014880208:g_variant_get_byte:ADDR
140737014883360:g_variant_get_string:ADDR,INT
140737014890832:g_variant_builder_clear:ADDR
140737014891216:g_variant_builder_init:ADDR,ADDR
140737014892016:g_variant_builder_add_value:ADDR,ADDR
140737014892608:g_variant_builder_end:ADDR
140737014895648:g_variant_format_string_scan:ADDR,INT,ADDR
140737014898688:g_variant_format_string_scan_type:ADDR,INT,ADDR
140737014900368:g_variant_new_va:ADDR,INT,ADDR
140737014901072:g_variant_get_va:ADDR,ADDR,INT,ADDR
140737014904960:g_variant_new_from_bytes:ADDR,ADDR,INT
140737014905280:g_variant_unref:ADDR
140737014905872:g_variant_ref:ADDR
140737014905984:g_variant_ref_sink:ADDR
140737014906336:g_variant_get_size:ADDR
140737014906400:g_variant_get_data:ADDR
140737014906592:g_variant_n_children:ADDR
140737014906688:g_variant_get_child_value:ADDR,INT
140737014923120:g_variant_serialised_n_children:
140737014923616:g_variant_serialised_get_child:ADDR,INT
140737014925888:g_variant_serialiser_serialise:ADDR,INT,INT
140737014928832:g_variant_serialiser_is_string:ADDR,INT
140737014932192:g_variant_type_info_get_type_string:ADDR
140737014932256:g_variant_type_info_query:ADDR,ADDR,ADDR
140737014932400:g_variant_type_info_n_members:ADDR
140737014932432:g_variant_type_info_member_info:ADDR,INT
140737014932496:g_variant_type_info_ref:ADDR
140737014932624:g_variant_type_info_get:ADDR
140737014933696:g_variant_type_info_unref:ADDR
140737014934112:g_variant_type_string_scan:ADDR,INT,ADDR
140737014934496:g_variant_type_string_is_valid:ADDR
140737014934608:g_variant_type_get_string_length:ADDR
140737014934720:g_variant_type_copy:ADDR
140737014934832:g_variant_type_peek_string:ADDR
140737014934992:g_variant_type_is_definite:ADDR
140737014935152:g_variant_type_is_container:ADDR
140737014935264:g_variant_type_is_basic:ADDR
140737014935376:g_variant_type_is_maybe:ADDR
140737014935456:g_variant_type_is_array:ADDR
140737014935536:g_variant_type_is_tuple:ADDR
140737014935632:g_variant_type_is_dict_entry:ADDR
140737014936384:g_variant_type_element:ADDR
140737014936512:g_variant_type_first:ADDR
140737014936656:g_variant_type_next:ADDR
140737014936768:g_variant_type_n_items:ADDR
140737014936848:g_variant_type_key:ADDR
140737014937936:g_variant_type_new_dict_entry:ADDR,ADDR
140737014938160:g_variant_type_checked_:ADDR
140737014939872:g_vasprintf:ADDR,ADDR,ADDR
140737014942064:g_mutex_lock:ADDR
140737014942112:g_mutex_unlock:ADDR
140737014942160:g_mutex_trylock:ADDR
140737014942800:g_cond_broadcast:ADDR
140736985221536:webkit_web_settings_get_type:
140736974437632:gtk_accel_group_get_type:
140736974438672:gtk_accel_group_find:ADDR,ADDR,ADDR
140736974439344:gtk_accel_group_from_accel_closure:ADDR
140736974439904:gtk_accelerator_parse:ADDR,ADDR,ADDR
140736974441392:gtk_accelerator_name:INT,INT
140736974442960:gtk_accel_group_connect_by_path:ADDR,ADDR,ADDR
140736974444752:gtk_accelerator_get_default_mod_mask:
140736974445712:gtk_accel_label_get_type:
140736974446192:gtk_accel_label_set_accel_closure:ADDR,INT
140736974450512:gtk_accel_map_lookup_entry:ADDR,ADDR
140736974450800:gtk_accel_map_add_entry:ADDR,INT,INT
140736974458672:gtk_action_get_type:
140736974459760:gtk_action_create_menu_item:ADDR
140736974461008:gtk_action_get_name:ADDR
140736974461104:gtk_action_is_sensitive:ADDR
140736974461680:gtk_action_is_visible:ADDR
140736974462720:gtk_action_get_always_show_image:ADDR
140736974462816:gtk_action_get_label:ADDR
140736974464656:gtk_action_get_stock_id:ADDR
140736974466336:gtk_action_set_accel_path:ADDR,ADDR
140736974466448:gtk_action_get_accel_path:ADDR
140736974466560:gtk_action_get_accel_closure:ADDR
140736974466656:gtk_action_set_accel_group:ADDR,ADDR
140736974466832:gtk_action_connect_accelerator:ADDR
140736974468752:gtk_action_group_get_type:
140736974469904:gtk_action_group_get_sensitive:ADDR
140736974470192:gtk_action_group_get_visible:ADDR
140736974474368:gtk_activatable_get_type:
140736974475056:gtk_activatable_get_related_action:ADDR
140736974475584:gtk_activatable_get_use_action_appearance:ADDR,ADDR,INT,INT,ADDR,INT
140736974476848:gtk_adjustment_get_type:
140736974480832:gtk_alignment_get_type:
140736974509232:gtk_bin_get_type:
140736974515104:gtk_binding_entry_add_signal:ADDR,INT,INT,ADDR,INT,ADDR
140736974519760:gtk_box_get_type:
140736974551680:gtk_button_get_type:
140736974554800:gtk_button_set_relief:ADDR,INT
140736974641456:gtk_check_menu_item_get_type:
140736974713456:gtk_container_get_type:
140736974726416:gtk_container_get_children:ADDR
140736974753200:gtk_entry_get_type:
140736974799136:gtk_entry_buffer_get_type:
140736974979152:gtk_gc_get:INT,ADDR,ADDR,INT
140736975008192:gtk_icon_source_copy:ADDR
140736975008944:gtk_icon_set_ref:ADDR
140736975009440:gtk_icon_set_unref:ADDR
140736975009680:gtk_icon_factory_get_type:
140736975009904:gtk_icon_factory_add:ADDR,ADDR,ADDR
140736975013328:gtk_icon_set_new:
140736975013776:gtk_icon_set_add_source:ADDR,ADDR
140736975016480:gtk_icon_factory_lookup_default:ADDR
140736975028432:gtk_icon_theme_get_type:
140736975096928:gtk_image_get_type:
140736975104768:gtk_image_new_from_stock:ADDR,INT
140736975109760:gtk_image_menu_item_get_type:
140736975111584:gtk_image_menu_item_set_image:ADDR,ADDR
140736975112496:gtk_image_menu_item_get_image:ADDR
140736975158304:gtk_label_get_type:
140736975210528:gtk_grab_remove:ADDR
140736975236544:gtk_menu_get_type:
140736975274032:gtk_menu_item_get_type:
140736975278272:gtk_menu_item_get_submenu:ADDR
140736975281024:gtk_menu_item_set_accel_path:ADDR,ADDR
140736975285760:gtk_menu_shell_get_type:
140736975304128:gtk_misc_get_type:
140736975304272:gtk_misc_set_alignment:ADDR
140736975325280:gtk_notebook_get_type:
140736975369440:gtk_object_get_type:
140736975375488:gtk_orientable_get_type:
140736975448464:gtk_radio_action_get_type:
140736975475648:gtk_range_get_type:
140736975476640:gtk_range_get_adjustment:ADDR
140736975498720:gtk_rc_style_get_type:
140736975505408:gtk_rc_parse_state:ADDR,ADDR
140736975506048:gtk_rc_parse_color_full:ADDR,ADDR,ADDR
140736975518768:gtk_rc_get_style:ADDR
140736975599232:gtk_scrolled_window_get_type:
140736975608768:gtk_target_list_add:ADDR,INT,INT,INT
140736975624976:gtk_separator_menu_item_get_type:
140736975625680:gtk_separator_tool_item_get_type:
140736975632080:gtk_settings_get_type:
140736975632224:gtk_settings_get_for_screen:ADDR
140736975714448:gtk_style_get_type:
140736975717872:gtk_style_attach:ADDR,ADDR
140736975748064:gtk_border_get_type:
140736975762304:gtk_tearoff_menu_item_get_type:
140736975989088:gtk_toggle_action_get_type:
140736975998384:gtk_toolbar_get_type:
140736976026112:gtk_tool_button_get_type:
140736976032176:gtk_tool_item_get_type:
140736976032624:gtk_tool_item_get_icon_size:ADDR
140736976032912:gtk_tool_item_get_toolbar_style:ADDR
140736976033056:gtk_tool_item_get_relief_style:ADDR
140736976033200:gtk_tool_item_get_text_alignment:ADDR
140736976033504:gtk_tool_item_get_text_size_group:ADDR
140736976034192:gtk_tool_item_get_is_important:ADDR
140736976035392:gtk_tool_item_get_visible_horizontal:ADDR
140736976036544:gtk_tool_item_rebuild_menu:ADDR
140736976064912:gtk_tool_shell_get_type:
140736976179632:gtk_tree_view_get_type:
140736976264624:gtk_tree_view_column_get_type:
140736976322880:gtk_widget_get_type:
140736976323488:gtk_widget_child_notify:ADDR,ADDR
140736976326656:gtk_widget_list_accel_closures:ADDR
140736976328480:gtk_widget_get_can_focus:ADDR
140736976328576:gtk_widget_has_focus:ADDR
140736976329152:gtk_widget_has_grab:ADDR
140736976329280:gtk_widget_get_name:ADDR
140736976329392:gtk_widget_get_state:ADDR
140736976329488:gtk_widget_get_visible:ADDR
140736976329584:gtk_widget_set_has_window:ADDR,INT
140736976329712:gtk_widget_get_has_window:ADDR
140736976330464:gtk_widget_is_toplevel:ADDR
140736976330832:gtk_widget_get_realized:ADDR
140736976333648:gtk_widget_get_mapped:ADDR
140736976333968:gtk_widget_queue_draw_area:ADDR,ADDR,ADDR,INT,INT
140736976334496:gtk_widget_is_drawable:ADDR
140736976335216:gtk_widget_get_double_buffered:ADDR
140736976335904:gtk_widget_set_redraw_on_allocate:ADDR,INT
140736976336032:gtk_widget_get_sensitive:ADDR
140736976336128:gtk_widget_is_sensitive:ADDR
140736976336624:gtk_widget_get_parent:ADDR
140736976336864:gtk_widget_has_rc_style:ADDR
140736976337216:gtk_widget_get_default_style:
140736976337552:gtk_widget_set_parent_window:ADDR,INT
140736976337712:gtk_widget_get_parent_window:ADDR
140736976339808:gtk_widget_get_toplevel:ADDR
140736976340336:gtk_widget_is_focus:ADDR
140736976340928:gtk_widget_get_screen:ADDR
140736976341776:gtk_widget_has_screen:ADDR
140736976341888:gtk_widget_get_ancestor:ADDR,ADDR
140736976344288:gtk_widget_get_direction:ADDR
140736976348112:gtk_widget_size_allocate:ADDR,ADDR
140736976350080:gtk_widget_unparent:ADDR
140736976352656:gtk_widget_style_get_valist:ADDR,ADDR,ADDR
140736976353376:gtk_widget_style_get:ADDR,ADDR,ADDR,INT,ADDR,INT
140736976354624:gtk_widget_show:ADDR
140736976355024:gtk_widget_hide:ADDR
140736976355616:gtk_widget_set_can_focus:ADDR,INT
140736976356624:gtk_widget_ensure_style:ADDR
140736976356736:gtk_widget_realize:ADDR
140736976361168:gtk_widget_set_parent:ADDR,ADDR
140736976362496:gtk_widget_set_sensitive:ADDR,INT
140736976363056:gtk_widget_region_intersect:ADDR,ADDR
140736976364048:gtk_requisition_get_type:
140736976377184:gtk_widget_get_no_show_all:ADDR
140736976393296:gtk_window_get_type:
140736976423200:gtk_window_get_mnemonics_visible:ADDR
140736971267168:gdk_display_get_type:
140736971273808:gdk_drawable_get_type:
140736971275584:gdk_draw_line:ADDR,ADDR,INT,INT,INT,INT
140736971286288:gdk_event_new:ADDR
140736971291456:gdk_gc_get_type:
140736971328976:gdk_pixmap_get_type:
140736971341600:gdk_region_new:
140736971341824:gdk_region_rectangle:ADDR
140736971341952:gdk_region_copy:ADDR
140736971342048:gdk_region_get_clipbox:ADDR,ADDR
140736971342448:gdk_region_offset:ADDR,INT,INT
140736971343792:gdk_region_subtract:ADDR,ADDR
140736971344096:gdk_region_empty:ADDR
140736971344160:gdk_region_equal:ADDR,ADDR
140736971344800:gdk_region_rect_in:ADDR,ADDR
140736971367312:gdk_screen_get_type:
140736971381072:gdk_window_object_get_type:
140736971388880:gdk_window_is_viewable:ADDR
140736971438336:gdk_colormap_get_type:
140736971442288:gdk_colormap_alloc_colors:ADDR,ADDR,INT,INT,INT,ADDR
140736971524176:gdk_keyval_convert_case:INT,ADDR,INT
140736971537232:gdk_x11_atom_to_xatom_for_display:ADDR,INT
140736971564512:gdk_window_impl_x11_get_type:
140736968909888:gdk_pixbuf_get_type:
140736965034096:__isinf:
140736965034160:isnan:
140736965056560:getenv:ADDR
140736965061408:random:
140736965062016:random_r:ADDR,ADDR
140736965062176:srandom_r:ADDR,ADDR
140736965115120:_IO_vfprintf:ADDR,ADDR,ADDR
140736965137120:__printf_fp:ADDR,ADDR,ADDR
140736965158640:_IO_vfscanf:ADDR,ADDR,ADDR,INT
140736965274128:vsscanf:ADDR,ADDR,ADDR
140736965280256:vasprintf:ADDR,ADDR,ADDR
140736965286384:fgets_unlocked:ADDR,INT,ADDR
140736965311424:_IO_file_init:ADDR
140736965312160:_IO_file_fopen:ADDR,ADDR,ADDR
140736965315216:_IO_un_link:ADDR
140736965315824:_IO_link_in:ADDR
140736965316976:_IO_switch_to_get_mode:ADDR
140736965317888:_IO_setb:ADDR,ADDR,ADDR,INT
140736965320272:_IO_sputbackc:ADDR,INT
140736965372224:__strerror_r:INT,INT,INT
140736965372608:strlen:ADDR
140736965373056:strnlen:ADDR,INT
140736965385232:memchr:ADDR,INT,INT
140736965387712:memset:ADDR,INT,INT
140736965417136:rawmemchr:ADDR,INT
140736965417664:strchrnul:ADDR,INT
140736965418352:__argz_count:ADDR,INT
140736965419392:argz_stringify:ADDR,INT,INT
140736965776912:open:
140736965800576:sbrk:INT
140736965814720:mmap:INT,INT,INT,INT,ADDR
140736965814768:munmap:
140736965818336:tfind:ADDR,ADDR,ADDR
140736965898656:__vsnprintf_chk:ADDR,INT,INT,INT,ADDR,ADDR
140736966082672:_dl_mcount_wrapper_check:
140736961265520:xmlNextChar:ADDR
140736961286144:namePush:ADDR,ADDR
140736961286304:namePop:ADDR
140736961292320:xmlSkipBlankChars:ADDR
140736961298880:xmlParseName:ADDR
140736961311552:xmlParseAttribute:ADDR,ADDR
140736961312016:xmlParseStartTag:ADDR
140736961315712:xmlParseCharData:ADDR,INT
140736961751504:xmlStrndup:ADDR,INT
140736961751936:xmlStrEqual:ADDR,ADDR
140736961757968:xmlBufUse:ADDR
140736962081120:xmlDictLookup:ADDR,ADDR,INT
140736958235344:sqlite3_mutex_enter:ADDR
140736958235408:sqlite3_mutex_leave:ADDR
140736958236816:sqlite3_stricmp:ADDR,ADDR
140736958236928:sqlite3_strnicmp:ADDR,ADDR,INT
140736958244640:sqlite3_column_count:ADDR
140736958273920:sqlite3_free:INT
140736958329920:sqlite3_initialize:
140736958364368:sqlite3_vsnprintf:INT,ADDR,ADDR,ADDR
140736958364464:sqlite3_snprintf:INT,ADDR,ADDR,INT,INT,INT
140736958430496:sqlite3_overload_function:ADDR,ADDR,INT
140736958431440:sqlite3_column_text:ADDR,INT
140736958555072:sqlite3_finalize:ADDR
140736958614864:sqlite3_prepare:ADDR,ADDR,ADDR,ADDR,INT
140736958615376:sqlite3_prepare_v2:ADDR,ADDR,ADDR,ADDR,ADDR
140736958655536:sqlite3_step:ADDR
140736956027984:g_module_symbol:ADDR,ADDR,ADDR
140736951389568:soup_session_get_type:
140736951414736:soup_session_feature_get_type:
140736947587648:g_cancellable_is_cancelled:INT
140736947587680:g_cancellable_set_error_if_cancelled:INT,ADDR
140736947633488:g_file_get_type:
140736947677472:g_file_icon_get_type:
140736947684128:g_file_attribute_matcher_ref:ADDR
140736947684208:g_file_attribute_matcher_unref:ADDR
140736947684912:g_file_info_get_type:
140736947685584:g_file_info_set_attribute_mask:ADDR,ADDR
140736947694528:g_file_info_set_name:ADDR,ADDR
140736947696704:g_file_attribute_matcher_new:ADDR
140736947697792:g_file_attribute_matcher_enumerate_namespace:ADDR,ADDR
140736947697936:g_file_attribute_matcher_enumerate_next:ADDR
140736947719712:g_inet_address_get_type:
140736947725520:g_inet_address_mask_equal:ADDR,ADDR
140736947728432:g_initable_get_type:
140736947728896:g_initable_new_valist:ADDR,ADDR,ADDR,INT,INT
140736947729056:g_initable_new:ADDR,INT,INT,ADDR,ADDR,ADDR
140736947730832:g_input_stream_get_type:
140736947736624:g_io_error_quark:
140736947736672:g_io_error_from_errno:
140736947780112:g_output_stream_get_type:
140736947816160:g_simple_async_result_get_type:
140736947816352:g_simple_async_result_new:ADDR,ADDR,ADDR,ADDR
140736947816672:g_simple_async_result_get_source_tag:ADDR
140736947816768:g_simple_async_result_propagate_error:ADDR,ADDR
140736947819312:g_simple_async_result_complete:ADDR
140736947823168:g_socket_get_type:
140736947897584:g_tls_backend_get_type:
140736947924848:g_vfs_get_type:
140736948004048:g_content_type_guess:ADDR,INT,INT,INT
140736948163072:g_dbus_connection_get_type:
140736948199168:g_dbus_message_get_type:
140736939328704:cairo_move_to:ADDR
140736939328752:cairo_line_to:ADDR
140736939328800:cairo_curve_to:ADDR
140736939329504:cairo_close_path:ADDR
140736939361888:cairo_device_reference:INT
140736939362480:cairo_device_acquire:ADDR
140736939363376:cairo_font_face_reference:INT
140736939363424:cairo_font_face_destroy:INT
140736939423904:cairo_matrix_init_identity:ADDR
140736939424256:cairo_matrix_multiply:ADDR,ADDR,ADDR
140736939424832:cairo_matrix_transform_distance:ADDR,ADDR,ADDR
140736939424896:cairo_matrix_transform_point:ADDR,ADDR,ADDR
140736939425856:cairo_matrix_invert:ADDR
140736939513488:cairo_pattern_reference:ADDR
140736939513584:cairo_pattern_destroy:ADDR
140736939586592:cairo_region_destroy:INT
140736939595104:cairo_scaled_font_reference:INT
140736939595168:cairo_scaled_font_destroy:INT
140736939626336:cairo_surface_reference:ADDR
140736939627840:cairo_surface_destroy:ADDR
140736936850896:pango_font_description_new:
140736936852112:pango_font_description_get_set_fields:ADDR
140736936852176:pango_font_description_merge_static:ADDR,ADDR,INT
140736936855536:pango_font_get_type:
140736936864112:pango_find_map:ADDR,INT,INT
140736936865808:pango_attr_list_unref:INT
140736936866464:pango_attribute_init:ADDR,ADDR
140736936869200:pango_attr_list_new:
140736936870752:pango_attr_iterator_range:ADDR,INT,ADDR
140736936873552:pango_unichar_direction:INT
140736936880448:pango_context_get_type:
140736936882096:pango_context_get_base_dir:ADDR
140736936883888:pango_context_get_serial:ADDR
140736936884416:pango_coverage_unref:ADDR
140736936884576:pango_coverage_get:ADDR,INT
140736936887920:pango_engine_shape_get_type:
140736936888608:pango_font_map_get_type:
140736936891120:pango_fontset_get_type:
140736936903760:pango_layout_get_type:
140736936949536:pango_find_base_dir:ADDR,INT
140736928873408:_ZN3WTF10StringImpl5derefEv:ADDR
140736929112880:_ZN3JSC12opcodeLengthENS_8OpcodeIDE:INT
140736929113632:_ZN3JSC4Heap12writeBarrierEPKNS_6JSCellEPS1_:ADDR
140736929170416:_ZN3JSC25UnlinkedInstructionStream6Reader4nextEv:ADDR
140736929176752:_ZN3JSC17BytecodeGenerator11resolveTypeEv:ADDR
140736929182240:_ZN3JSC17BytecodeGenerator10emitOpcodeENS_8OpcodeIDE:ADDR,INT
140736929205216:_ZN3JSC17BytecodeGenerator11newRegisterEv:ADDR
140736929205648:_ZN3JSC17BytecodeGenerator12newTemporaryEv:ADDR
140736929211904:_ZN3JSC17BytecodeGenerator11addConstantERKNS_10IdentifierE:ADDR,ADDR
140736929268176:_ZN3WTF9HashTableIiNS_12KeyValuePairIiNS_6RefPtrIN3JSC22StaticPropertyAnalysisEEEEENS_24KeyValuePairKeyExtractorIS6_EENS_7IntHashIiEENS_7HashMapIiS5_SA_NS_29UnsignedWithZeroKeyHashTraitsIiEENS_10HashTraitsIS5_EEE18KeyValuePairTraitsESD_E4findINS_22IdentityHashTranslatorISA_EEiEENS_17HashTableIteratorIiS6_S8_SA_SH_SD_EERKT0_:ADDR
140736929832272:_ZN3JSC12X86Assembler23X86InstructionFormatter11oneByteOp64ENS0_15OneByteOpcodeIDEiNS_12X86Registers10RegisterIDE:ADDR,INT,INT,INT
140736929832832:_ZN3JSC12X86Assembler23X86InstructionFormatter11oneByteOp64ENS0_15OneByteOpcodeIDEiNS_12X86Registers10RegisterIDEi:ADDR,INT,INT,INT,INT
140736930255808:_ZN3JSC22AbstractMacroAssemblerINS_12X86AssemblerEE8JumpList6appendENS2_4JumpE:ADDR,INT
140736930629648:_ZN3JSC4Heap22incrementDeferralDepthEv:ADDR
140736930629712:_ZN3JSC4Heap22decrementDeferralDepthEv:ADDR
140736930629776:_ZN3JSC4Heap12writeBarrierEPKNS_6JSCellE:
140736930685872:_ZN3JSC17weakClearSlowCaseERPNS_8WeakImplE:ADDR
140736931003552:_ZN3JSC7JITCodeC1ENS0_7JITTypeE:ADDR,INT
140736931003744:_ZN3JSC13DirectJITCodeC1ENS_21MacroAssemblerCodeRefENS_7JITCode7JITTypeE:ADDR,ADDR,INT
140736931003824:_ZN3JSC7JITCode12hostFunctionENS_21MacroAssemblerCodeRefE:ADDR,ADDR
140736931005184:_ZN3JSC3JITC1EPNS_2VMEPNS_9CodeBlockE:ADDR,ADDR,INT
140736931050880:_ZN3JSC3JIT27privateCompileCTINativeCallEPNS_2VMEPFlPNS_9ExecStateEE:ADDR,ADDR,ADDR
140736931189632:_ZN3JSC9JITThunks7ctiStubEPNS_2VMEPFNS_21MacroAssemblerCodeRefES2_E:ADDR,ADDR,ADDR,ADDR
140736931190544:_ZN3JSC9JITThunks18ctiNativeConstructEPNS_2VME:ADDR,ADDR
140736931195424:_ZNK3WTF7HashMapISt4pairIPFlPN3JSC9ExecStateEES6_ENS2_4WeakINS2_16NativeExecutableEEENS_8PairHashIS6_S6_EENS_10HashTraitsIS7_EENSD_ISA_EEE3getERKS7_:ADDR,ADDR
140736931197552:_ZN3WTF7HashMapISt4pairIPFlPN3JSC9ExecStateEES6_ENS2_4WeakINS2_16NativeExecutableEEENS_8PairHashIS6_S6_EENS_10HashTraitsIS7_EENSD_ISA_EEE9inlineSetIRKS7_SA_EENS_18HashTableAddResultINS_17HashTableIteratorIS7_NS_12KeyValuePairIS7_SA_EENS_24KeyValuePairKeyExtractorISN_EESC_NSG_18KeyValuePairTraitsESE_EEEEOT_OT0_:ADDR,ADDR,ADDR,ADDR
140736931367904:_ZN3WTF15SegmentedVectorIN3JSC10IdentifierELm64ELm32EE4lastEv:ADDR
140736931435344:_ZN3JSC5LexerIhE3lexEPNS_7JSTokenEjb:ADDR,ADDR,INT,INT
140736931519984:_ZN3JSC6ParserINS_5LexerIhEEE10strictModeEv:ADDR
140736931685104:_ZN3JSC6ParserINS_5LexerIhEEE21parseMemberExpressionINS_10ASTBuilderEEENT_10ExpressionERS6_:ADDR,ADDR
140736931941024:_ZN3JSC8JSObject17putDirectInternalILNS0_7PutModeE1EEEbRNS_2VMENS_12PropertyNameENS_7JSValueEjRNS_15PutPropertySlotEPNS_6JSCellE:ADDR,ADDR,ADDR,ADDR,INT,ADDR
140736932263968:_ZN3JSC10Identifier3addEPNS_2VMEPKc:ADDR,ADDR,ADDR
140736932264976:_ZN3JSC15IdentifierTable3addIPKhNS_31IdentifierASCIIStringTranslatorEEEN3WTF18HashTableAddResultINS5_17HashTableIteratorIPNS5_10StringImplES9_NS5_17IdentityExtractorENS5_10StringHashENS5_10HashTraitsIS9_EESD_EEEET_:ADDR,ADDR,ADDR
140736932358688:_ZN3JSC10JSFunctionC2ERNS_2VMEPNS_14JSGlobalObjectEPNS_9StructureE:ADDR,ADDR,ADDR,ADDR
140736932359072:_ZN3JSC10JSFunction14finishCreationERNS_2VMEPNS_16NativeExecutableEiRKN3WTF6StringE:ADDR,ADDR,ADDR,INT,ADDR
140736932365392:_ZN3JSC10JSFunction6createERNS_2VMEPNS_14JSGlobalObjectEiRKN3WTF6StringEPFlPNS_9ExecStateEENS_9IntrinsicESC_:ADDR,ADDR,INT,ADDR,ADDR,INT
140736932421296:_ZN3JSC14JSGlobalObject10globalExecEv:ADDR
140736932450128:_ZN3JSC9Structure6createERNS_2VMEPNS_14JSGlobalObjectENS_7JSValueERKNS_8TypeInfoEPKNS_9ClassInfoEhj:ADDR,ADDR,ADDR,ADDR,ADDR
140736932517840:_ZN3JSC21getCallableObjectSlowEPNS_6JSCellE:ADDR
140736932531232:_ZN3JSC8JSObject20growOutOfLineStorageERNS_2VMEmm:ADDR,ADDR,INT,INT
140736932539136:_ZN3JSC8JSObject23putDirectNativeFunctionERNS_2VMEPNS_14JSGlobalObjectERKNS_12PropertyNameEjPFlPNS_9ExecStateEENS_9IntrinsicEj:ADDR,ADDR,ADDR,ADDR,INT,ADDR
140736932743504:_ZN3JSC7JSScope15abstractResolveEPNS_9ExecStateEPS0_RKNS_10IdentifierENS_8GetOrPutENS_11ResolveTypeE:ADDR,ADDR,ADDR,ADDR,INT,INT
140736932957776:_ZN3JSC13PropertyTableC1ERNS_2VMEj:ADDR,ADDR,INT
140736932958096:_ZN3JSC13PropertyTable6createERNS_2VMEj:ADDR,INT
140736933028528:_ZN3JSC12SmallStrings27createSingleCharacterStringEPNS_2VMEh:ADDR,ADDR,INT
140736933092928:_ZN3JSC9StructureC1ERNS_2VMEPKS0_:ADDR,ADDR,ADDR
140736933095648:_ZN3JSC9Structure3pinEv:ADDR
140736933096272:_ZN3JSC9Structure17createPropertyMapERKNS_25GCSafeConcurrentJITLockerERNS_2VMEj:ADDR,ADDR,ADDR,INT
140736933096624:_ZN3JSC9Structure16putSpecificValueERNS_2VMENS_12PropertyNameEjPNS_6JSCellE:ADDR,ADDR,ADDR,INT,ADDR
140736933098624:_ZNK3JSC9ClassInfo35hasStaticSetterOrReadonlyPropertiesERNS_2VME:ADDR,ADDR
140736933098704:_ZN3JSC9StructureC1ERNS_2VMEPNS_14JSGlobalObjectENS_7JSValueERKNS_8TypeInfoEPKNS_9ClassInfoEhj:ADDR,ADDR,INT,INT,ADDR,ADDR
140736933101520:_ZN3JSC9Structure38findStructuresAndMapForMaterializationERN3WTF6VectorIPS0_Lm8ENS1_15CrashOnOverflowEEERS3_RPNS_13PropertyTableE:ADDR,ADDR,ADDR,ADDR
140736933101760:_ZN3JSC9Structure22materializePropertyMapERNS_2VME:ADDR,ADDR
140736933104480:_ZN3JSC9Structure28addPropertyWithoutTransitionERNS_2VMENS_12PropertyNameEjPNS_6JSCellE:ADDR,ADDR,ADDR,INT,INT
140736933105424:_ZN3JSC9Structure3getERNS_2VMENS_12PropertyNameERjRPNS_6JSCellE:ADDR,ADDR,ADDR,ADDR,ADDR
140736933108992:_ZN3JSC9Structure32takePropertyTableOrCloneIfPinnedERNS_2VMEPS0_:ADDR,ADDR,ADDR
140736933113008:_ZN3JSC9Structure21addPropertyTransitionERNS_2VMEPS0_NS_12PropertyNameEjPNS_6JSCellERiNS_15PutPropertySlot7ContextE:ADDR,ADDR,ADDR,INT,ADDR,ADDR
140736933118096:_ZN3JSC24StructureTransitionTable3addERNS_2VMEPNS_9StructureE:ADDR,ADDR,ADDR
140736933129024:_ZN3JSC16SymbolTableEntry8copySlowERKS0_:ADDR,ADDR
140736933445392:_ZN3WTF19isCompilationThreadEv:
140736933447152:_ZN3WTF29cryptographicallyRandomNumberEv:
140736933461360:_ZN3WTF17TCMalloc_PageHeap17RegisterSizeClassEPNS_4SpanEm:ADDR,ADDR
140736933464384:_ZN3WTF25TCMalloc_Central_FreeList4InitEmm:ADDR,INT,INT
140736933467328:_ZN3WTF25TCMalloc_Central_FreeList14FetchFromSpansEv:ADDR
140736933468032:_ZN3WTF20TCMalloc_ThreadCache14PickNextSampleEm:ADDR,INT
140736933471296:_ZN3WTF10fastMallocEm:INT
140736933475168:_ZN3WTF16fastZeroedMallocEm:INT
140736933479280:_ZN3WTF8fastFreeEPv:ADDR
140736933553776:_ZN3WTF9HashTableIPvNS_12KeyValuePairIS1_PNS_13MetaAllocator13FreeSpaceNodeEEENS_24KeyValuePairKeyExtractorIS6_EENS_7PtrHashIS1_EENS_7HashMapIS1_S5_SA_NS_10HashTraitsIS1_EENSC_IS5_EEE18KeyValuePairTraitsESD_E4findINS_22IdentityHashTranslatorISA_EES1_EENS_17HashTableIteratorIS1_S6_S8_SA_SG_SD_EERKT0_:ADDR,ADDR
140736933638416:_ZN3WTF13CStringBuffer19createUninitializedEm:ADDR,INT
140736933643936:_ZN3WTF10StringImpl17createFromLiteralEPKcj:ADDR,ADDR,INT
140736933644000:_ZN3WTF10StringImpl17createFromLiteralEPKc:ADDR,ADDR
140736933644672:_ZN3WTF10StringImpl6createEPKhj:ADDR,ADDR,INT
140736933644832:_ZN3WTF10StringImpl6createEPKh:ADDR,ADDR
140736933658496:_ZN3WTF5equalEPKNS_10StringImplEPKhj:ADDR,ADDR,INT
140736933658976:_ZN3WTF5equalEPKNS_10StringImplEPKh:ADDR,ADDR
140736933659168:_ZN3WTF12equalNonNullEPKNS_10StringImplES2_:ADDR,ADDR
140736933663728:_ZNK3WTF10StringImpl12utf8ForRangeEjjNS_14ConversionModeE:ADDR,ADDR,INT,INT
140736933664128:_ZNK3WTF10StringImpl4utf8ENS_14ConversionModeE:ADDR,ADDR,INT
140736933664160:_ZN3WTF10StringImplD1Ev:ADDR
140736933669424:_ZNK3WTF10StringImpl12hashSlowCaseEv:ADDR
140736933671488:_ZN3WTF6StringC1EPKc:ADDR,ADDR
140736933695184:_ZN3WTF7Unicode19convertLatin1ToUTF8EPPKhS2_PPcS4_:ADDR,ADDR,ADDR,ADDR
140736920952944:__lll_unlock_wake:ADDR,INT,ADDR,INT,INT
140736914203584:hb_segment_properties_equal:ADDR,ADDR
140736914223264:hb_font_funcs_destroy:ADDR
140736914256960:hb_ot_layout_language_find_feature:ADDR,ADDR,INT,INT,ADDR,ADDR
140736914259744:hb_ot_layout_has_positioning:ADDR
140736878616768:FcBlanksAdd:ADDR,INT
140736878622512:FcDirCacheLoad:ADDR,ADDR,INT
140736878629392:FcConfigAddRule:ADDR,ADDR,INT
140736878636192:FcConfigFilename:ADDR
140736878638576:FcConfigGetSysRoot:ADDR
140736878653008:FcFileIsDir:ADDR
140736878654576:FcDirCacheRead:ADDR,INT,ADDR
140736878673488:FcFontSetAdd:ADDR,ADDR
140736878680208:FcLangSetHasLang:ADDR,ADDR
140736878682000:FcLangSetContains:ADDR,ADDR
140736878695024:FcNameGetObjectType:ADDR
140736878698672:FcPatternCreate:
140736878698736:FcValueDestroy:INT,ADDR
140736878698960:FcValueSave:INT,ADDR
140736878700272:FcPatternDestroy:ADDR
140736878710976:FcUcs4ToUtf8:INT,ADDR
140736878711824:FcStrCmpIgnoreCase:ADDR,ADDR
140736878713056:FcStrStrIgnoreCase:ADDR,ADDR
140736878714576:FcStrSetCreate:
140736878714640:FcStrSetMember:ADDR,ADDR
140736878715088:FcStrSetAdd:ADDR,ADDR
140736878715744:FcStrSetDestroy:ADDR
140736878715856:FcStrListCreate:ADDR
140736878716800:FcStrSetAddFilename:ADDR,ADDR
140736878716912:FcStrListNext:ADDR
140736878722000:FcConfigParseAndLoad:ADDR,ADDR,INT
140736875887184:FT_MSB:INT
140736875887376:FT_MulDiv:INT,INT,INT
140736875887952:FT_MulFix:
140736875888128:FT_DivFix:INT,INT
140736875889232:ft_corner_is_flat:INT,INT,INT,INT
140736875889360:FT_GlyphLoader_Rewind:ADDR
140736875892832:FT_Get_Next_Char:ADDR,INT,ADDR
140736875897504:FT_Outline_Check:ADDR
140736875897776:FT_Outline_Get_CBox:ADDR,ADDR
140736875898448:FT_Vector_Transform:ADDR,ADDR
140736875898656:FT_Outline_Get_Orientation:ADDR
140736875899152:FT_Stream_Seek:ADDR,INT
140736875899424:FT_Stream_Pos:ADDR
140736875899744:FT_Stream_GetUShort:ADDR
140736875899888:FT_Stream_GetULong:ADDR
140736875900144:FT_Stream_ReadUShort:ADDR,ADDR
140736875904096:ft_mem_qalloc:ADDR,INT,ADDR
140736875904160:ft_mem_alloc:ADDR,INT,ADDR
140736875905088:ft_mem_free:ADDR,INT
140736875905968:ft_glyphslot_free_bitmap:ADDR
140736875906096:FT_Load_Glyph:ADDR,INT,INT
140736875910768:FT_Stream_EnterFrame:ADDR,INT
140736875911088:FT_Stream_ExitFrame:ADDR
140736875911136:FT_Stream_ReadFields:ADDR,ADDR,ADDR
140736856556976:XRenderFindDisplay:ADDR
140736850765408:_XUpdateGCCache:ADDR,INT,ADDR
140736850898336:_XSend:ADDR,INT,INT
140736850899856:_XReply:ADDR,ADDR,INT,INT
140736850904048:_XSetLastRequestRead:ADDR,ADDR
140736850905776:_XIsEventCookie:ADDR,ADDR
140736850906192:_XDeq:ADDR,INT,ADDR
140736850908672:_XStoreEventCookie:ADDR,ADDR
140736850908896:_XEnq:ADDR,ADDR
140736850909472:_XVIDtoVisual:ADDR,INT
140736850909680:_XFreeEventCookies:ADDR
140736850909792:_XData32:ADDR,ADDR,INT
140736850910240:_XGetRequest:ADDR,INT,INT
140736850956752:_XlcParseCharSet:ADDR
140736850957136:_XlcAddCT:ADDR,ADDR
140736850958112:_XlcGetCharSet:ADDR
140736850958272:_XlcAddCharSet:ADDR
140736850958688:_XlcCreateDefaultCharSet:ADDR,ADDR
140736842190656:__hypot_finite:
140736837802752:pango_cairo_context_get_resolution:ADDR
140736833509664:pango_fc_font_get_type:
140736762284368:XmlGetUtf8InternalEncoding:
140736762284400:XmlInitEncoding:ADDR,ADDR,INT
140736762292000:XmlPrologStateInit:ADDR
140736455771952:murrine_rc_style_get_type:
140736455777744:murrine_style_get_type:
140734903387440:asn1_length_der:INT,INT,ADDR
140734903387600:asn1_octet_der:ADDR,INT,ADDR,ADDR
140734903393088:asn1_get_length_der:ADDR,INT,ADDR
140734903394640:asn1_get_tag_der:ADDR,INT,ADDR,ADDR,ADDR
140734903395152:asn1_get_length_ber:ADDR,INT,ADDR
140734903413936:asn1_find_node:ADDR,ADDR
140734372858544:rsvg_css_parse_color:ADDR,INT
140734372860912:rsvg_defs_lookup:ADDR,ADDR
140737351952752:_dl_debug_state:
140737017668320:g_closure_new_simple:INT,ADDR
140737017668480:g_closure_set_meta_marshal:ADDR,INT,ADDR
140737017668704:g_closure_add_marshal_guards:ADDR,ADDR,ADDR,ADDR,ADDR
140737017669952:g_closure_add_invalidate_notifier:ADDR,ADDR,ADDR
140737017670288:g_closure_ref:ADDR
140737017670560:g_closure_unref:ADDR
140737017670928:g_closure_invalidate:ADDR
140737017671312:g_closure_sink:INT
140737017671472:g_closure_remove_invalidate_notifier:ADDR,ADDR,ADDR
140737017673328:g_closure_set_marshal:ADDR,ADDR
140737017673584:g_cclosure_new:ADDR,ADDR,INT
140737017673712:g_cclosure_new_swap:ADDR,ADDR,INT
140737017673984:g_signal_type_cclosure_new:ADDR,INT
140737017679392:g_enum_get_value:ADDR,INT
140737017690720:g_object_ref:ADDR
140737017691152:g_object_unref:ADDR
140737017700064:g_object_newv:ADDR,INT,INT
140737017700720:g_object_new_valist:ADDR,ADDR,ADDR
140737017702608:g_object_set_valist:ADDR,ADDR,ADDR
140737017704160:g_object_get_valist:ADDR,ADDR,ADDR
140737017710336:g_object_get_qdata:INT,INT
140737017717296:g_param_spec_ref:ADDR
140737017718128:g_param_spec_ref_sink:ADDR
140737017718352:g_param_spec_internal:ADDR,ADDR,ADDR,ADDR,INT
140737017719408:g_param_spec_get_redirect_target:ADDR
140737017720352:g_param_value_validate:ADDR,ADDR
140737017722080:g_param_spec_pool_lookup:ADDR,ADDR,INT,INT
140737017723248:g_param_spec_pool_list:ADDR,ADDR,ADDR
140737017725088:g_param_spec_get_default_value:ADDR
140737017753968:g_signal_newv:ADDR,ADDR,INT,ADDR,INT,INT
140737017757968:g_signal_new_valist:ADDR,ADDR,INT,ADDR,INT,INT
140737017767360:g_signal_connect_data:ADDR,ADDR,ADDR,ADDR,INT,INT
140737017773136:g_signal_emit_valist:ADDR,INT,INT,ADDR
140737017777248:g_signal_emit:ADDR,INT,INT,ADDR,INT,INT
140737017794528:g_type_class_unref:ADDR
140737017794752:g_type_class_ref:INT
140737017796368:g_type_class_peek:ADDR
140737017796464:g_type_class_peek_static:ADDR
140737017796560:g_type_class_peek_parent:ADDR
140737017796800:g_type_interface_peek:ADDR,ADDR
140737017801536:g_type_from_name:ADDR
140737017802512:g_type_register_static:INT,ADDR,ADDR,INT
140737017803216:g_type_parent:INT
140737017803280:g_type_depth:ADDR
140737017803488:g_type_is_a:INT,INT
140737017804240:g_type_interfaces:ADDR,ADDR
140737017805520:g_type_test_flags:ADDR,INT
140737017805904:g_type_create_instance:ADDR
140737017807792:g_type_fundamental:ADDR
140737017810224:g_type_check_instance_is_a:ADDR,INT
140737017811600:g_type_check_class_is_a:ADDR,INT
140737017812960:g_type_check_instance:ADDR
140737017813168:g_type_check_is_value_type:INT
140737017813600:g_type_check_value:ADDR
140737017814016:g_type_check_value_holds:ADDR,INT
140737017814512:g_type_value_table_peek:INT
140737017818688:g_type_module_get_type:
140737017822304:g_value_init:ADDR,INT
140737017822560:g_value_reset:ADDR
140737017822688:g_value_unset:ADDR
140737017822992:g_value_register_transform_func:INT,INT,ADDR
140737017823520:g_value_type_compatible:INT,INT
140737017823904:g_value_set_instance:ADDR,ADDR
140737017824496:g_value_transform:ADDR,ADDR
140737014496928:g_array_append_vals:ADDR,ADDR,INT
140737014498784:g_ptr_array_set_free_func:ADDR,ADDR
140737014499456:g_ptr_array_remove_range:ADDR,INT,INT
140737014499776:g_ptr_array_set_size:ADDR,INT
140737014500224:g_ptr_array_add:ADDR,ADDR
140737014507232:g_bit_lock:ADDR,INT
140737014507392:g_bit_unlock:ADDR,INT
140737014507488:g_pointer_bit_lock:ADDR,INT
140737014507744:g_pointer_bit_unlock:ADDR,INT
140737014526816:g_bytes_unref:ADDR
140737014527120:g_bytes_get_data:ADDR,ADDR
140737014527184:g_bytes_get_size:ADDR
140737014527248:g_bytes_ref:ADDR
140737014529168:g_get_charset:INT
140737014559440:g_get_filename_charsets:ADDR
140737014561488:g_filename_display_name:ADDR
140737014565616:g_datalist_init:ADDR
140737014591728:g_error_new_valist:INT,INT,ADDR,ADDR
140737014592608:g_set_error:INT,INT,INT,ADDR,ADDR,INT
140737014592832:g_set_error_literal:INT
140737014592912:g_propagate_error:INT,ADDR
140737014595072:g_file_error_quark:
140737014595120:g_file_error_from_errno:
140737014605120:g_hash_table_lookup:ADDR,ADDR
140737014605872:g_hash_table_contains:ADDR,INT
140737014606208:g_hash_table_remove_all:ADDR
140737014607232:g_hash_table_size:ADDR
140737014635872:g_key_file_error_quark:
140737014641376:g_key_file_get_value:ADDR,ADDR,ADDR,ADDR
140737014641984:g_key_file_get_string:ADDR,ADDR,ADDR,INT
140737014656448:g_list_prepend:ADDR,ADDR
140737014657136:g_list_remove_link:ADDR,ADDR
140737014657792:g_list_nth:ADDR,INT
140737014658240:g_list_last:ADDR
140737014658272:g_list_append:INT,ADDR
140737014663056:g_main_context_ref:ADDR
140737014663984:g_main_context_default:
140737014664176:g_source_new:ADDR,INT
140737014664352:g_source_attach:ADDR,ADDR
140737014669152:g_get_current_time:ADDR
140737014669280:g_get_monotonic_time:
140737014669456:g_main_context_acquire:ADDR
140737014670640:g_main_context_prepare:ADDR,ADDR
140737014671456:g_main_context_query:ADDR,ADDR,ADDR,ADDR,INT
140737014671632:g_main_context_check:ADDR,INT,ADDR,INT
140737014672304:g_main_context_dispatch:ADDR
140737014695424:g_malloc:INT
140737014695504:g_malloc0:INT
140737014695584:g_realloc:INT,INT
140737014695680:g_free:ADDR
140737014696336:g_mem_is_system_malloc:
140737014736160:g_quark_to_string:INT
140737014736208:g_intern_string:ADDR
140737014738768:g_queue_pop_head:ADDR
140737014740304:g_queue_peek_head:ADDR
140737014784496:g_slice_alloc:INT
140737014785888:g_slice_alloc0:INT
140737014786000:g_slice_free1:INT,ADDR
140737014788080:g_slist_prepend:INT,ADDR
140737014788368:g_slist_remove:ADDR,ADDR
140737014788560:g_slist_remove_link:ADDR,ADDR
140737014789136:g_slist_find:INT,ADDR
140737014789424:g_slist_last:ADDR
140737014789680:g_slist_concat:ADDR,ADDR
140737014789776:g_slist_foreach:INT,ADDR,INT
140737014790896:g_strdup:ADDR
140737014790976:g_memdup:ADDR,INT
140737014791040:g_strndup:ADDR,INT
140737014791264:g_strdup_vprintf:ADDR,ADDR
140737014791312:g_strdup_printf:ADDR,ADDR,INT,INT,INT,INT
140737014791872:g_strtod:ADDR,ADDR
140737014792320:g_strerror:INT
140737014793488:g_ascii_tolower:INT
140737014793936:g_ascii_strcasecmp:ADDR,ADDR
140737014795952:g_strchug:ADDR
140737014796096:g_strchomp:ADDR
140737014798272:g_strstr_len:ADDR,INT,ADDR
140737014798512:g_strrstr:ADDR,ADDR
140737014800304:g_string_sized_new:INT
140737014800400:g_string_free:ADDR,INT
140737014801888:g_string_new:INT
140737014802384:g_string_insert_c:ADDR,INT,INT
140737014804464:g_string_erase:ADDR,INT,INT
140737014805264:g_string_append_vprintf:ADDR,ADDR,ADDR
140737014805680:g_string_append_printf:ADDR,ADDR,ADDR,ADDR,INT,INT
140737014825872:g_thread_self:
140737014850480:g_unichar_isalnum:INT
140737014857712:g_utf8_find_next_char:ADDR,INT
140737014858160:g_utf8_get_char:ADDR
140737014858832:g_unichar_to_utf8:INT,ADDR
140737014859072:g_utf8_strchr:ADDR,INT,INT
140737014859264:g_utf8_get_char_validated:ADDR,INT
140737014863536:g_utf8_validate:ADDR,INT,ADDR
140737014877520:g_variant_new_byte:INT
140737014880208:g_variant_get_byte:ADDR
140737014883360:g_variant_get_string:ADDR,INT
140737014890832:g_variant_builder_clear:ADDR
140737014891216:g_variant_builder_init:ADDR,ADDR
140737014892016:g_variant_builder_add_value:ADDR,ADDR
140737014892608:g_variant_builder_end:ADDR
140737014895648:g_variant_format_string_scan:ADDR,INT,ADDR
140737014898688:g_variant_format_string_scan_type:ADDR,INT,ADDR
140737014900368:g_variant_new_va:ADDR,INT,ADDR
140737014901072:g_variant_get_va:ADDR,ADDR,INT,ADDR
140737014904960:g_variant_new_from_bytes:ADDR,ADDR,INT
140737014905280:g_variant_unref:ADDR
140737014905872:g_variant_ref:ADDR
140737014905984:g_variant_ref_sink:ADDR
140737014906336:g_variant_get_size:ADDR
140737014906400:g_variant_get_data:ADDR
140737014906592:g_variant_n_children:ADDR
140737014906688:g_variant_get_child_value:ADDR,INT
140737014923120:g_variant_serialised_n_children:
140737014923616:g_variant_serialised_get_child:ADDR,INT
140737014925888:g_variant_serialiser_serialise:ADDR,INT,INT
140737014928832:g_variant_serialiser_is_string:ADDR,INT
140737014932192:g_variant_type_info_get_type_string:ADDR
140737014932256:g_variant_type_info_query:ADDR,ADDR,ADDR
140737014932400:g_variant_type_info_n_members:ADDR
140737014932432:g_variant_type_info_member_info:ADDR,INT
140737014932496:g_variant_type_info_ref:ADDR
140737014932624:g_variant_type_info_get:ADDR
140737014933696:g_variant_type_info_unref:ADDR
140737014934112:g_variant_type_string_scan:ADDR,INT,ADDR
140737014934496:g_variant_type_string_is_valid:ADDR
140737014934608:g_variant_type_get_string_length:ADDR
140737014934720:g_variant_type_copy:ADDR
140737014934832:g_variant_type_peek_string:ADDR
140737014934992:g_variant_type_is_definite:ADDR
140737014935152:g_variant_type_is_container:ADDR
140737014935264:g_variant_type_is_basic:ADDR
140737014935376:g_variant_type_is_maybe:ADDR
140737014935456:g_variant_type_is_array:ADDR
140737014935536:g_variant_type_is_tuple:ADDR
140737014935632:g_variant_type_is_dict_entry:ADDR
140737014936384:g_variant_type_element:ADDR
140737014936512:g_variant_type_first:ADDR
140737014936656:g_variant_type_next:ADDR
140737014936768:g_variant_type_n_items:ADDR
140737014936848:g_variant_type_key:ADDR
140737014937936:g_variant_type_new_dict_entry:ADDR,ADDR
140737014938160:g_variant_type_checked_:ADDR
140737014939872:g_vasprintf:ADDR,ADDR,ADDR
140737014942064:g_mutex_lock:ADDR
140737014942112:g_mutex_unlock:ADDR
140737014942160:g_mutex_trylock:ADDR
140737014942800:g_cond_broadcast:ADDR
140736985221536:webkit_web_settings_get_type:
140736985229632:webkit_web_view_get_type:
140736974437632:gtk_accel_group_get_type:
140736974438672:gtk_accel_group_find:ADDR,ADDR,ADDR
140736974439344:gtk_accel_group_from_accel_closure:ADDR
140736974439904:gtk_accelerator_parse:ADDR,ADDR,ADDR
140736974441392:gtk_accelerator_name:INT,INT
140736974442960:gtk_accel_group_connect_by_path:ADDR,ADDR,ADDR
140736974444752:gtk_accelerator_get_default_mod_mask:
140736974445712:gtk_accel_label_get_type:
140736974446192:gtk_accel_label_set_accel_closure:ADDR,INT
140736974446720:gtk_accel_label_set_accel_widget:INT,INT
140736974450512:gtk_accel_map_lookup_entry:ADDR,ADDR
140736974450800:gtk_accel_map_add_entry:ADDR,INT,INT
140736974458672:gtk_action_get_type:
140736974459376:gtk_action_block_activate:ADDR
140736974459472:gtk_action_unblock_activate:ADDR
140736974459760:gtk_action_create_menu_item:ADDR
140736974461008:gtk_action_get_name:ADDR
140736974461104:gtk_action_is_sensitive:ADDR
140736974461680:gtk_action_is_visible:ADDR
140736974462720:gtk_action_get_always_show_image:ADDR
140736974462816:gtk_action_get_label:ADDR
140736974464656:gtk_action_get_stock_id:ADDR
140736974466336:gtk_action_set_accel_path:ADDR,ADDR
140736974466448:gtk_action_get_accel_path:ADDR
140736974466560:gtk_action_get_accel_closure:ADDR
140736974466656:gtk_action_set_accel_group:ADDR,ADDR
140736974466832:gtk_action_connect_accelerator:ADDR
140736974466992:gtk_action_disconnect_accelerator:ADDR
140736974468752:gtk_action_group_get_type:
140736974469904:gtk_action_group_get_sensitive:ADDR
140736974470192:gtk_action_group_get_visible:ADDR
140736974474368:gtk_activatable_get_type:
140736974475056:gtk_activatable_get_related_action:ADDR
140736974475200:gtk_activatable_do_set_related_action:ADDR,ADDR
140736974475584:gtk_activatable_get_use_action_appearance:ADDR,ADDR,INT,INT,ADDR,INT
140736974476848:gtk_adjustment_get_type:
140736974480832:gtk_alignment_get_type:
140736974509232:gtk_bin_get_type:
140736974515104:gtk_binding_entry_add_signal:ADDR,INT,INT,ADDR,INT,ADDR
140736974519760:gtk_box_get_type:
140736974551680:gtk_button_get_type:
140736974554800:gtk_button_set_relief:ADDR,INT
140736974641456:gtk_check_menu_item_get_type:
140736974713456:gtk_container_get_type:
140736974726416:gtk_container_get_children:ADDR
140736974753200:gtk_entry_get_type:
140736974799136:gtk_entry_buffer_get_type:
140736974979152:gtk_gc_get:INT,ADDR,ADDR,INT
140736974988176:gtk_hbox_get_type:
140736975008192:gtk_icon_source_copy:ADDR
140736975008944:gtk_icon_set_ref:ADDR
140736975009440:gtk_icon_set_unref:ADDR
140736975009680:gtk_icon_factory_get_type:
140736975009904:gtk_icon_factory_add:ADDR,ADDR,ADDR
140736975013328:gtk_icon_set_new:
140736975013776:gtk_icon_set_add_source:ADDR,ADDR
140736975016480:gtk_icon_factory_lookup_default:ADDR
140736975028432:gtk_icon_theme_get_type:
140736975096928:gtk_image_get_type:
140736975104768:gtk_image_new_from_stock:ADDR,INT
140736975109760:gtk_image_menu_item_get_type:
140736975111584:gtk_image_menu_item_set_image:ADDR,ADDR
140736975112496:gtk_image_menu_item_get_image:ADDR
140736975158304:gtk_label_get_type:
140736975210528:gtk_grab_remove:ADDR
140736975212208:gtk_get_event_widget:ADDR
140736975236544:gtk_menu_get_type:
140736975274032:gtk_menu_item_get_type:
140736975278272:gtk_menu_item_get_submenu:ADDR
140736975281024:gtk_menu_item_set_accel_path:ADDR,ADDR
140736975285760:gtk_menu_shell_get_type:
140736975304128:gtk_misc_get_type:
140736975304272:gtk_misc_set_alignment:ADDR
140736975325280:gtk_notebook_get_type:
140736975369440:gtk_object_get_type:
140736975375488:gtk_orientable_get_type:
140736975448464:gtk_radio_action_get_type:
140736975475648:gtk_range_get_type:
140736975476640:gtk_range_get_adjustment:ADDR
140736975498720:gtk_rc_style_get_type:
140736975505408:gtk_rc_parse_state:ADDR,ADDR
140736975506048:gtk_rc_parse_color_full:ADDR,ADDR,ADDR
140736975518768:gtk_rc_get_style:ADDR
140736975599232:gtk_scrolled_window_get_type:
140736975608768:gtk_target_list_add:ADDR,INT,INT,INT
140736975624976:gtk_separator_menu_item_get_type:
140736975625680:gtk_separator_tool_item_get_type:
140736975632080:gtk_settings_get_type:
140736975632224:gtk_settings_get_for_screen:ADDR
140736975714448:gtk_style_get_type:
140736975717872:gtk_style_attach:ADDR,ADDR
140736975718448:gtk_style_detach:ADDR
140736975748064:gtk_border_get_type:
140736975762304:gtk_tearoff_menu_item_get_type:
140736975989088:gtk_toggle_action_get_type:
140736975998384:gtk_toolbar_get_type:
140736976026112:gtk_tool_button_get_type:
140736976032176:gtk_tool_item_get_type:
140736976032624:gtk_tool_item_get_icon_size:ADDR
140736976032912:gtk_tool_item_get_toolbar_style:ADDR
140736976033056:gtk_tool_item_get_relief_style:ADDR
140736976033200:gtk_tool_item_get_text_alignment:ADDR
140736976033504:gtk_tool_item_get_text_size_group:ADDR
140736976034096:gtk_tool_item_get_homogeneous:ADDR
140736976034192:gtk_tool_item_get_is_important:ADDR
140736976035392:gtk_tool_item_get_visible_horizontal:ADDR
140736976036544:gtk_tool_item_rebuild_menu:ADDR
140736976064912:gtk_tool_shell_get_type:
140736976179632:gtk_tree_view_get_type:
140736976264624:gtk_tree_view_column_get_type:
140736976312784:gtk_viewport_get_type:
140736976322880:gtk_widget_get_type:
140736976323488:gtk_widget_child_notify:ADDR,ADDR
140736976326656:gtk_widget_list_accel_closures:ADDR
140736976328480:gtk_widget_get_can_focus:ADDR
140736976328576:gtk_widget_has_focus:ADDR
140736976329152:gtk_widget_has_grab:ADDR
140736976329280:gtk_widget_get_name:ADDR
140736976329392:gtk_widget_get_state:ADDR
140736976329488:gtk_widget_get_visible:ADDR
140736976329584:gtk_widget_set_has_window:ADDR,INT
140736976329712:gtk_widget_get_has_window:ADDR
140736976330464:gtk_widget_is_toplevel:ADDR
140736976330832:gtk_widget_get_realized:ADDR
140736976331200:gtk_widget_translate_coordinates:ADDR,ADDR,INT,INT,ADDR,ADDR
140736976333520:gtk_widget_set_realized:ADDR,INT
140736976333648:gtk_widget_get_mapped:ADDR
140736976333968:gtk_widget_queue_draw_area:ADDR,ADDR,ADDR,INT,INT
140736976334496:gtk_widget_is_drawable:ADDR
140736976334608:gtk_widget_set_mapped:ADDR,INT
140736976335216:gtk_widget_get_double_buffered:ADDR
140736976335904:gtk_widget_set_redraw_on_allocate:ADDR,INT
140736976336032:gtk_widget_get_sensitive:ADDR
140736976336128:gtk_widget_is_sensitive:ADDR
140736976336624:gtk_widget_get_parent:ADDR
140736976336864:gtk_widget_has_rc_style:ADDR
140736976337216:gtk_widget_get_default_style:
140736976337552:gtk_widget_set_parent_window:ADDR,INT
140736976337712:gtk_widget_get_parent_window:ADDR
140736976339808:gtk_widget_get_toplevel:ADDR
140736976340336:gtk_widget_is_focus:ADDR
140736976340928:gtk_widget_get_screen:ADDR
140736976341776:gtk_widget_has_screen:ADDR
140736976341888:gtk_widget_get_ancestor:ADDR,ADDR
140736976343136:gtk_widget_get_extension_events:ADDR
140736976344288:gtk_widget_get_direction:ADDR
140736976348112:gtk_widget_size_allocate:ADDR,ADDR
140736976350080:gtk_widget_unparent:ADDR
140736976352656:gtk_widget_style_get_valist:ADDR,ADDR,ADDR
140736976353376:gtk_widget_style_get:ADDR,ADDR,ADDR,INT,ADDR,INT
140736976354624:gtk_widget_show:ADDR
140736976355024:gtk_widget_hide:ADDR
140736976355616:gtk_widget_set_can_focus:ADDR,INT
140736976356624:gtk_widget_ensure_style:ADDR
140736976356736:gtk_widget_realize:ADDR
140736976361168:gtk_widget_set_parent:ADDR,ADDR
140736976362496:gtk_widget_set_sensitive:ADDR,INT
140736976363056:gtk_widget_region_intersect:ADDR,ADDR
140736976364048:gtk_requisition_get_type:
140736976377184:gtk_widget_get_no_show_all:ADDR
140736976393296:gtk_window_get_type:
140736976423200:gtk_window_get_mnemonics_visible:ADDR
140736971262720:gdk_cairo_region:ADDR,ADDR
140736971267168:gdk_display_get_type:
140736971273808:gdk_drawable_get_type:
140736971275584:gdk_draw_line:ADDR,ADDR,INT,INT,INT,INT
140736971286288:gdk_event_new:ADDR
140736971287232:gdk_event_get_time:INT
140736971287296:gdk_event_get_state:INT,ADDR
140736971291456:gdk_gc_get_type:
140736971312608:gdk_pango_renderer_get_type:
140736971328976:gdk_pixmap_get_type:
140736971341600:gdk_region_new:
140736971341824:gdk_region_rectangle:ADDR
140736971341952:gdk_region_copy:ADDR
140736971342048:gdk_region_get_clipbox:ADDR,ADDR
140736971342448:gdk_region_offset:ADDR,INT,INT
140736971343792:gdk_region_subtract:ADDR,ADDR
140736971344096:gdk_region_empty:ADDR
140736971344160:gdk_region_equal:ADDR,ADDR
140736971344800:gdk_region_rect_in:ADDR,ADDR
140736971367312:gdk_screen_get_type:
140736971381072:gdk_window_object_get_type:
140736971388880:gdk_window_is_viewable:ADDR
140736971427488:gdk_window_impl_get_type:
140736971438336:gdk_colormap_get_type:
140736971442288:gdk_colormap_alloc_colors:ADDR,ADDR,INT,INT,INT,ADDR
140736971524176:gdk_keyval_convert_case:INT,ADDR,INT
140736971537232:gdk_x11_atom_to_xatom_for_display:ADDR,INT
140736971564512:gdk_window_impl_x11_get_type:
140736968909888:gdk_pixbuf_get_type:
140736965034096:__isinf:
140736965034160:isnan:
140736965056560:getenv:ADDR
140736965061408:random:
140736965062016:random_r:ADDR,ADDR
140736965062176:srandom_r:ADDR,ADDR
140736965115120:_IO_vfprintf:ADDR,ADDR,ADDR
140736965137120:__printf_fp:ADDR,ADDR,ADDR
140736965158640:_IO_vfscanf:ADDR,ADDR,ADDR,INT
140736965274128:vsscanf:ADDR,ADDR,ADDR
140736965280256:vasprintf:ADDR,ADDR,ADDR
140736965286384:fgets_unlocked:ADDR,INT,ADDR
140736965311424:_IO_file_init:ADDR
140736965312160:_IO_file_fopen:ADDR,ADDR,ADDR
140736965315216:_IO_un_link:ADDR
140736965315824:_IO_link_in:ADDR
140736965316976:_IO_switch_to_get_mode:ADDR
140736965317888:_IO_setb:ADDR,ADDR,ADDR,INT
140736965320272:_IO_sputbackc:ADDR,INT
140736965372224:__strerror_r:INT,INT,INT
140736965372608:strlen:ADDR
140736965373056:strnlen:ADDR,INT
140736965385232:memchr:ADDR,INT,INT
140736965387712:memset:ADDR,INT,INT
140736965417136:rawmemchr:ADDR,INT
140736965417664:strchrnul:ADDR,INT
140736965418352:__argz_count:ADDR,INT
140736965419392:argz_stringify:ADDR,INT,INT
140736965776912:open:
140736965800576:sbrk:INT
140736965814720:mmap:INT,INT,INT,INT,ADDR
140736965814768:munmap:
140736965818336:tfind:ADDR,ADDR,ADDR
140736965898656:__vsnprintf_chk:ADDR,INT,INT,INT,ADDR,ADDR
140736966082672:_dl_mcount_wrapper_check:
140736961265520:xmlNextChar:ADDR
140736961286144:namePush:ADDR,ADDR
140736961286304:namePop:ADDR
140736961292320:xmlSkipBlankChars:ADDR
140736961298880:xmlParseName:ADDR
140736961311552:xmlParseAttribute:ADDR,ADDR
140736961312016:xmlParseStartTag:ADDR
140736961315712:xmlParseCharData:ADDR,INT
140736961740592:xmlIsMainThread:
140736961751504:xmlStrndup:ADDR,INT
140736961751936:xmlStrEqual:ADDR,ADDR
140736961757968:xmlBufUse:ADDR
140736962081120:xmlDictLookup:ADDR,ADDR,INT
140736958235344:sqlite3_mutex_enter:ADDR
140736958235408:sqlite3_mutex_leave:ADDR
140736958236816:sqlite3_stricmp:ADDR,ADDR
140736958236928:sqlite3_strnicmp:ADDR,ADDR,INT
140736958244640:sqlite3_column_count:ADDR
140736958273920:sqlite3_free:INT
140736958329920:sqlite3_initialize:
140736958364368:sqlite3_vsnprintf:INT,ADDR,ADDR,ADDR
140736958364464:sqlite3_snprintf:INT,ADDR,ADDR,INT,INT,INT
140736958430128:sqlite3_create_function_v2:ADDR,ADDR,INT,INT,INT,ADDR
140736958430448:sqlite3_create_function:ADDR,ADDR,INT,INT,INT,ADDR
140736958430496:sqlite3_overload_function:ADDR,ADDR,INT
140736958431440:sqlite3_column_text:ADDR,INT
140736958555072:sqlite3_finalize:ADDR
140736958614864:sqlite3_prepare:ADDR,ADDR,ADDR,ADDR,INT
140736958615376:sqlite3_prepare_v2:ADDR,ADDR,ADDR,ADDR,ADDR
140736958655536:sqlite3_step:ADDR
140736956027984:g_module_symbol:ADDR,ADDR,ADDR
140736951389568:soup_session_get_type:
140736951414736:soup_session_feature_get_type:
140736947587648:g_cancellable_is_cancelled:INT
140736947587680:g_cancellable_set_error_if_cancelled:INT,ADDR
140736947633488:g_file_get_type:
140736947677472:g_file_icon_get_type:
140736947684128:g_file_attribute_matcher_ref:ADDR
140736947684208:g_file_attribute_matcher_unref:ADDR
140736947684912:g_file_info_get_type:
140736947685584:g_file_info_set_attribute_mask:ADDR,ADDR
140736947694528:g_file_info_set_name:ADDR,ADDR
140736947696704:g_file_attribute_matcher_new:ADDR
140736947697792:g_file_attribute_matcher_enumerate_namespace:ADDR,ADDR
140736947697936:g_file_attribute_matcher_enumerate_next:ADDR
140736947719712:g_inet_address_get_type:
140736947725520:g_inet_address_mask_equal:ADDR,ADDR
140736947728432:g_initable_get_type:
140736947728896:g_initable_new_valist:ADDR,ADDR,ADDR,INT,INT
140736947729056:g_initable_new:ADDR,INT,INT,ADDR,ADDR,ADDR
140736947730832:g_input_stream_get_type:
140736947736624:g_io_error_quark:
140736947736672:g_io_error_from_errno:
140736947780112:g_output_stream_get_type:
140736947816160:g_simple_async_result_get_type:
140736947816352:g_simple_async_result_new:ADDR,ADDR,ADDR,ADDR
140736947816672:g_simple_async_result_get_source_tag:ADDR
140736947816768:g_simple_async_result_propagate_error:ADDR,ADDR
140736947819312:g_simple_async_result_complete:ADDR
140736947823168:g_socket_get_type:
140736947897584:g_tls_backend_get_type:
140736947924848:g_vfs_get_type:
140736948004048:g_content_type_guess:ADDR,INT,INT,INT
140736948163072:g_dbus_connection_get_type:
140736948199168:g_dbus_message_get_type:
140736939328704:cairo_move_to:ADDR
140736939328752:cairo_line_to:ADDR
140736939328800:cairo_curve_to:ADDR
140736939329504:cairo_close_path:ADDR
140736939361888:cairo_device_reference:INT
140736939362304:cairo_device_destroy:ADDR
140736939362480:cairo_device_acquire:ADDR
140736939363376:cairo_font_face_reference:INT
140736939363424:cairo_font_face_destroy:INT
140736939368320:cairo_font_options_status:ADDR
140736939420256:cairo_format_stride_for_width:INT,INT
140736939423904:cairo_matrix_init_identity:ADDR
140736939424064:cairo_matrix_init_translate:ADDR
140736939424112:cairo_matrix_init_scale:ADDR
140736939424256:cairo_matrix_multiply:ADDR,ADDR,ADDR
140736939424448:cairo_matrix_translate:ADDR
140736939424832:cairo_matrix_transform_distance:ADDR,ADDR,ADDR
140736939424896:cairo_matrix_transform_point:ADDR,ADDR,ADDR
140736939425856:cairo_matrix_invert:ADDR
140736939512128:cairo_pattern_create_rgba:
140736939513488:cairo_pattern_reference:ADDR
140736939513584:cairo_pattern_destroy:ADDR
140736939585920:cairo_region_create_rectangles:ADDR,INT
140736939586512:cairo_region_reference:INT
140736939586592:cairo_region_destroy:INT
140736939586848:cairo_region_get_rectangle:ADDR,INT,ADDR
140736939595104:cairo_scaled_font_reference:INT
140736939595168:cairo_scaled_font_destroy:INT
140736939626336:cairo_surface_reference:ADDR
140736939627840:cairo_surface_destroy:ADDR
140736936850896:pango_font_description_new:
140736936852112:pango_font_description_get_set_fields:ADDR
140736936852176:pango_font_description_merge_static:ADDR,ADDR,INT
140736936855536:pango_font_get_type:
140736936859280:pango_glyph_string_get_width:ADDR
140736936864112:pango_find_map:ADDR,INT,INT
140736936865808:pango_attr_list_unref:INT
140736936866464:pango_attribute_init:ADDR,ADDR
140736936869200:pango_attr_list_new:
140736936870752:pango_attr_iterator_range:ADDR,INT,ADDR
140736936873552:pango_unichar_direction:INT
140736936880448:pango_context_get_type:
140736936882096:pango_context_get_base_dir:ADDR
140736936883888:pango_context_get_serial:ADDR
140736936884416:pango_coverage_unref:ADDR
140736936884576:pango_coverage_get:ADDR,INT
140736936887920:pango_engine_shape_get_type:
140736936888608:pango_font_map_get_type:
140736936891120:pango_fontset_get_type:
140736936902912:pango_layout_line_unref:ADDR
140736936903760:pango_layout_get_type:
140736936949536:pango_find_base_dir:ADDR,INT
140736928873408:_ZN3WTF10StringImpl5derefEv:ADDR
140736928992800:_ZN3JSC10Identifier3addIhEEN3WTF10PassRefPtrINS2_10StringImplEEEPNS_2VMEPKT_i:ADDR,ADDR,ADDR,INT
140736929050720:_ZN3JSC9CodeBlock24predictedMachineCodeSizeEv:ADDR
140736929112880:_ZN3JSC12opcodeLengthENS_8OpcodeIDE:INT
140736929113632:_ZN3JSC4Heap12writeBarrierEPKNS_6JSCellEPS1_:ADDR
140736929114448:_ZN3WTF6VectorIN3JSC12WriteBarrierINS1_18FunctionExecutableEEELm0ENS_15CrashOnOverflowEE11resizeToFitEm:ADDR,INT
140736929128768:_ZN3JSC16ExecutionCounter26applyMemoryUsageHeuristicsEiPNS_9CodeBlockE:INT,ADDR
140736929129296:_ZN3JSC16ExecutionCounter5resetEv:ADDR
140736929161168:_ZNK3JSC17UnlinkedCodeBlock12instructionsEv:ADDR
140736929165184:_ZN3JSC17UnlinkedCodeBlock17addExpressionInfoEjiiijj:ADDR,INT,INT,INT,INT,INT
140736929170416:_ZN3JSC25UnlinkedInstructionStream6Reader4nextEv:ADDR
140736929175168:_ZN3JSC5Label11setLocationEj:ADDR,INT
140736929176720:_ZN3JSC17BytecodeGenerator10isCapturedEi:ADDR,ADDR
140736929176752:_ZN3JSC17BytecodeGenerator11resolveTypeEv:ADDR
140736929179856:_ZN3JSC17BytecodeGenerator9emitLabelEPNS_5LabelE:ADDR,ADDR,ADDR
140736929182240:_ZN3JSC17BytecodeGenerator10emitOpcodeENS_8OpcodeIDE:ADDR,INT
140736929190496:_ZN3JSC17BytecodeGenerator18emitProfiledOpcodeENS_8OpcodeIDE:ADDR,INT
140736929198240:_ZN3JSC17BytecodeGenerator13emitDebugHookENS_11DebugHookIDEjjj:ADDR
140736929205216:_ZN3JSC17BytecodeGenerator11newRegisterEv:ADDR
140736929205648:_ZN3JSC17BytecodeGenerator12newTemporaryEv:ADDR
140736929209120:_ZN3JSC17BytecodeGenerator8newLabelEv:ADDR,ADDR
140736929211904:_ZN3JSC17BytecodeGenerator11addConstantERKNS_10IdentifierE:ADDR,ADDR
140736929228096:_ZN3JSC17BytecodeGenerator16addConstantValueENS_7JSValueE:ADDR,ADDR
140736929229344:_ZN3JSC17BytecodeGenerator8emitLoadEPNS_10RegisterIDENS_7JSValueE:ADDR,INT,INT
140736929234112:_ZN3JSC17BytecodeGenerator17addStringConstantERKNS_10IdentifierE:ADDR,ADDR
140736929237360:_ZN3JSC17BytecodeGenerator29createLazyRegisterIfNecessaryEPNS_10RegisterIDE:ADDR,ADDR
140736929237632:_ZN3JSC17BytecodeGenerator5localERKNS_10IdentifierE:ADDR,ADDR
140736929268176:_ZN3WTF9HashTableIiNS_12KeyValuePairIiNS_6RefPtrIN3JSC22StaticPropertyAnalysisEEEEENS_24KeyValuePairKeyExtractorIS6_EENS_7IntHashIiEENS_7HashMapIiS5_SA_NS_29UnsignedWithZeroKeyHashTraitsIiEENS_10HashTraitsIS5_EEE18KeyValuePairTraitsESD_E4findINS_22IdentityHashTranslatorISA_EEiEENS_17HashTableIteratorIiS6_S8_SA_SH_SD_EERKT0_:ADDR
140736929268432:_ZN3WTF6VectorIN3JSC5LabelELm32ENS_15CrashOnOverflowEE6shrinkEm:ADDR,INT
140736929272160:_ZN3WTF6VectorIN3JSC19UnlinkedInstructionELm0ENS_20UnsafeVectorOverflowEE14expandCapacityEm:ADDR,INT
140736929350832:_ZN3JSC17BytecodeGenerator18emitExpressionInfoERKNS_14JSTextPositionES3_S3_:ADDR,ADDR,ADDR,ADDR
140736929488800:_ZNK3JSC9Structure17outOfLineCapacityEv:ADDR
140736929831696:_ZN3JSC12X86Assembler23X86InstructionFormatter9oneByteOpENS0_15OneByteOpcodeIDEiNS_12X86Registers10RegisterIDE:ADDR,INT,INT,INT
140736929832272:_ZN3JSC12X86Assembler23X86InstructionFormatter11oneByteOp64ENS0_15OneByteOpcodeIDEiNS_12X86Registers10RegisterIDE:ADDR,INT,INT,INT
140736929832832:_ZN3JSC12X86Assembler23X86InstructionFormatter11oneByteOp64ENS0_15OneByteOpcodeIDEiNS_12X86Registers10RegisterIDEi:ADDR,INT,INT,INT,INT
140736929929392:_ZN3JSC10IdentifierD2Ev:
140736929934096:_ZNK3JSC7JSValue3getEPNS_9ExecStateENS_12PropertyNameERNS_12PropertySlotE:ADDR,ADDR,ADDR,ADDR
140736930223824:_ZN3JSC12X86Assembler23X86InstructionFormatter9twoByteOpENS0_15TwoByteOpcodeIDEiNS_12X86Registers10RegisterIDE:ADDR,INT,INT,INT
140736930255808:_ZN3JSC22AbstractMacroAssemblerINS_12X86AssemblerEE8JumpList6appendENS2_4JumpE:ADDR,INT
140736930596528:_ZNK3WTF9HashTableIPN3JSC11MarkedBlockES3_NS_17IdentityExtractorENS_15MarkedBlockHashENS_10HashTraitsIS3_EES7_E8containsINS_22IdentityHashTranslatorIS5_EES3_EEbRKT0_:ADDR,ADDR
140736930608992:_ZN3JSC9HandleSet12writeBarrierEPNS_7JSValueERKS1_:ADDR,ADDR,ADDR
140736930628672:_ZN3JSC4Heap11didAllocateEm:ADDR,INT
140736930629648:_ZN3JSC4Heap22incrementDeferralDepthEv:ADDR
140736930629712:_ZN3JSC4Heap22decrementDeferralDepthEv:ADDR
140736930629776:_ZN3JSC4Heap12writeBarrierEPKNS_6JSCellE:
140736930668800:_ZN3JSC15MarkedAllocator5resetEv:ADDR
140736930673136:_ZN3JSC11MarkedBlock5sweepENS0_9SweepModeE:ADDR,INT
140736930685872:_ZN3JSC17weakClearSlowCaseERPNS_8WeakImplE:ADDR
140736930687936:_ZN3JSC7WeakSet5sweepEv:ADDR
140736930869520:_ZN3JSC9ExecState13setCurrentVPCEPNS_11InstructionE:ADDR
140736930914752:_ZN3JSC19ExecutableAllocator24memoryPressureMultiplierEm:INT
140736931003552:_ZN3JSC7JITCodeC1ENS0_7JITTypeE:ADDR,INT
140736931003744:_ZN3JSC13DirectJITCodeC1ENS_21MacroAssemblerCodeRefENS_7JITCode7JITTypeE:ADDR,ADDR,INT
140736931003824:_ZN3JSC7JITCode12hostFunctionENS_21MacroAssemblerCodeRefE:ADDR,ADDR
140736931005184:_ZN3JSC3JITC1EPNS_2VMEPNS_9CodeBlockE:ADDR,ADDR,INT
140736931050880:_ZN3JSC3JIT27privateCompileCTINativeCallEPNS_2VMEPFlPNS_9ExecStateEE:ADDR,ADDR,ADDR
140736931189632:_ZN3JSC9JITThunks7ctiStubEPNS_2VMEPFNS_21MacroAssemblerCodeRefES2_E:ADDR,ADDR,ADDR,ADDR
140736931190544:_ZN3JSC9JITThunks18ctiNativeConstructEPNS_2VME:ADDR,ADDR
140736931195424:_ZNK3WTF7HashMapISt4pairIPFlPN3JSC9ExecStateEES6_ENS2_4WeakINS2_16NativeExecutableEEENS_8PairHashIS6_S6_EENS_10HashTraitsIS7_EENSD_ISA_EEE3getERKS7_:ADDR,ADDR
140736931197552:_ZN3WTF7HashMapISt4pairIPFlPN3JSC9ExecStateEES6_ENS2_4WeakINS2_16NativeExecutableEEENS_8PairHashIS6_S6_EENS_10HashTraitsIS7_EENSD_ISA_EEE9inlineSetIRKS7_SA_EENS_18HashTableAddResultINS_17HashTableIteratorIS7_NS_12KeyValuePairIS7_SA_EENS_24KeyValuePairKeyExtractorISN_EESC_NSG_18KeyValuePairTraitsESE_EEEEOT_OT0_:ADDR,ADDR,ADDR,ADDR
140736931345184:_ZN3JSC5LLInt8getByValEPNS_9ExecStateENS_7JSValueES3_:ADDR,ADDR,ADDR
140736931367904:_ZN3WTF15SegmentedVectorIN3JSC10IdentifierELm64ELm32EE4lastEv:ADDR
140736931398560:_ZN3WTF15SegmentedVectorIN3JSC10IdentifierELm64ELm32EE6appendIS2_EEvRKT_:ADDR,ADDR
140736931410576:_ZN3JSC10IdentifierC2EPNS_2VMEPKhi:ADDR,ADDR,ADDR,INT
140736931435344:_ZN3JSC5LexerIhE3lexEPNS_7JSTokenEjb:ADDR,ADDR,INT,INT
140736931452656:_ZN3JSC5LexerIhE19lexExpectIdentifierEPNS_7JSTokenEjb:ADDR,ADDR
140736931453680:_ZN3JSC13StatementNode6setLocEjjii:ADDR,INT,INT,INT,INT
140736931471696:_ZN3JSC10ASTBuilder14makeBinaryNodeERKNS_15JSTokenLocationEiSt4pairIPNS_14ExpressionNodeENS0_12BinaryOpInfoEES8_:ADDR,ADDR,INT,ADDR,ADDR
140736931513232:_ZN3JSC15JSTokenLocationC1ERKS0_:ADDR,ADDR
140736931519984:_ZN3JSC6ParserINS_5LexerIhEEE10strictModeEv:ADDR
140736931541680:_ZN3JSC5Scope11useVariableEPKNS_10IdentifierEb:ADDR,ADDR,INT
140736931628208:_ZN3JSC6ParserINS_5LexerIhEEE14parseStatementINS_13SyntaxCheckerEEENT_9StatementERS6_RPKNS_10IdentifierEPj:ADDR,ADDR,ADDR
140736931640576:_ZN3JSC6ParserINS_5LexerIhEEE21parseMemberExpressionINS_13SyntaxCheckerEEENT_10ExpressionERS6_:ADDR,ADDR
140736931648944:_ZN3JSC6ParserINS_5LexerIhEEE15parseExpressionINS_13SyntaxCheckerEEENT_10ExpressionERS6_:ADDR,ADDR
140736931685104:_ZN3JSC6ParserINS_5LexerIhEEE21parseMemberExpressionINS_10ASTBuilderEEENT_10ExpressionERS6_:ADDR,ADDR
140736931697936:_ZN3JSC6ParserINS_5LexerIhEEE15parseExpressionINS_10ASTBuilderEEENT_10ExpressionERS6_:ADDR,ADDR
140736931718784:_ZN3JSC6ParserINS_5LexerIhEEE14parseStatementINS_10ASTBuilderEEENT_9StatementERS6_RPKNS_10IdentifierEPj:ADDR,ADDR,ADDR
140736931941024:_ZN3JSC8JSObject17putDirectInternalILNS0_7PutModeE1EEEbRNS_2VMENS_12PropertyNameENS_7JSValueEjRNS_15PutPropertySlotEPNS_6JSCellE:ADDR,ADDR,ADDR,ADDR,INT,ADDR
140736932260864:_ZN3JSC10Identifier11addSlowCaseEPNS_2VMEPN3WTF10StringImplE:ADDR,ADDR,ADDR
140736932263968:_ZN3JSC10Identifier3addEPNS_2VMEPKc:ADDR,ADDR,ADDR
140736932264976:_ZN3JSC15IdentifierTable3addIPKhNS_31IdentifierASCIIStringTranslatorEEEN3WTF18HashTableAddResultINS5_17HashTableIteratorIPNS5_10StringImplES9_NS5_17IdentityExtractorENS5_10StringHashENS5_10HashTraitsIS9_EESD_EEEET_:ADDR,ADDR,ADDR
140736932269088:_ZN3JSC16InternalFunction14finishCreationERNS_2VMERKN3WTF6StringE:ADDR,ADDR,ADDR
140736932358688:_ZN3JSC10JSFunctionC2ERNS_2VMEPNS_14JSGlobalObjectEPNS_9StructureE:ADDR,ADDR,ADDR,ADDR
140736932359072:_ZN3JSC10JSFunction14finishCreationERNS_2VMEPNS_16NativeExecutableEiRKN3WTF6StringE:ADDR,ADDR,ADDR,INT,ADDR
140736932365392:_ZN3JSC10JSFunction6createERNS_2VMEPNS_14JSGlobalObjectEiRKN3WTF6StringEPFlPNS_9ExecStateEENS_9IntrinsicESC_:ADDR,ADDR,INT,ADDR,ADDR,INT
140736932421296:_ZN3JSC14JSGlobalObject10globalExecEv:ADDR
140736932450128:_ZN3JSC9Structure6createERNS_2VMEPNS_14JSGlobalObjectENS_7JSValueERKNS_8TypeInfoEPKNS_9ClassInfoEhj:ADDR,ADDR,ADDR,ADDR,ADDR
140736932451840:_ZN3JSC11SlotVisitor6appendINS_9StructureEEEvPNS_16WriteBarrierBaseIT_EE:ADDR,ADDR
140736932512656:_ZN3JSC12JSLockHolderD1Ev:ADDR
140736932517840:_ZN3JSC21getCallableObjectSlowEPNS_6JSCellE:ADDR
140736932531232:_ZN3JSC8JSObject20growOutOfLineStorageERNS_2VMEmm:ADDR,ADDR,INT,INT
140736932531680:_ZN3JSC8JSObject40putDirectNativeFunctionWithoutTransitionERNS_2VMEPNS_14JSGlobalObjectERKNS_12PropertyNameEjPFlPNS_9ExecStateEENS_9IntrinsicEj:ADDR,ADDR,ADDR,ADDR,INT,ADDR
140736932534656:_ZN3JSC8JSObject13visitChildrenEPNS_6JSCellERNS_11SlotVisitorE:ADDR,ADDR
140736932536736:_ZN3JSC8JSObject22getOwnPropertySlotSlowEPNS_9ExecStateENS_12PropertyNameERNS_12PropertySlotE:ADDR,ADDR,ADDR
140736932538688:_ZNK3JSC8JSObject11hasPropertyEPNS_9ExecStateENS_12PropertyNameE:ADDR,ADDR,ADDR
140736932539136:_ZN3JSC8JSObject23putDirectNativeFunctionERNS_2VMEPNS_14JSGlobalObjectERKNS_12PropertyNameEjPFlPNS_9ExecStateEENS_9IntrinsicEj:ADDR,ADDR,ADDR,ADDR,INT,ADDR
140736932558464:_ZN3JSC11SlotVisitor9copyLaterEPNS_6JSCellENS_9CopyTokenEPvm:ADDR,ADDR,INT,ADDR,INT
140736932743504:_ZN3JSC7JSScope15abstractResolveEPNS_9ExecStateEPS0_RKNS_10IdentifierENS_8GetOrPutENS_11ResolveTypeE:ADDR,ADDR,ADDR,ADDR,INT,INT
140736932747824:_ZN3JSC8JSString13visitChildrenEPNS_6JSCellERNS_11SlotVisitorE:ADDR,ADDR
140736932955824:_ZN3JSC17PropertyNameArray3addEPN3WTF10StringImplE:ADDR,ADDR
140736932957776:_ZN3JSC13PropertyTableC1ERNS_2VMEj:ADDR,ADDR,INT
140736932958096:_ZN3JSC13PropertyTable6createERNS_2VMEj:ADDR,INT
140736933028528:_ZN3JSC12SmallStrings27createSingleCharacterStringEPNS_2VMEh:ADDR,ADDR,INT
140736933085408:_ZN3JSC10IdentifierC2EPNS_2VMERKN3WTF6StringE:ADDR,ADDR
140736933092928:_ZN3JSC9StructureC1ERNS_2VMEPKS0_:ADDR,ADDR,ADDR
140736933095648:_ZN3JSC9Structure3pinEv:ADDR
140736933096272:_ZN3JSC9Structure17createPropertyMapERKNS_25GCSafeConcurrentJITLockerERNS_2VMEj:ADDR,ADDR,ADDR,INT
140736933096624:_ZN3JSC9Structure16putSpecificValueERNS_2VMENS_12PropertyNameEjPNS_6JSCellE:ADDR,ADDR,ADDR,INT,ADDR
140736933098624:_ZNK3JSC9ClassInfo35hasStaticSetterOrReadonlyPropertiesERNS_2VME:ADDR,ADDR
140736933098704:_ZN3JSC9StructureC1ERNS_2VMEPNS_14JSGlobalObjectENS_7JSValueERKNS_8TypeInfoEPKNS_9ClassInfoEhj:ADDR,ADDR,INT,INT,ADDR,ADDR
140736933101520:_ZN3JSC9Structure38findStructuresAndMapForMaterializationERN3WTF6VectorIPS0_Lm8ENS1_15CrashOnOverflowEEERS3_RPNS_13PropertyTableE:ADDR,ADDR,ADDR,ADDR
140736933101760:_ZN3JSC9Structure22materializePropertyMapERNS_2VME:ADDR,ADDR
140736933104480:_ZN3JSC9Structure28addPropertyWithoutTransitionERNS_2VMENS_12PropertyNameEjPNS_6JSCellE:ADDR,ADDR,ADDR,INT,INT
140736933105424:_ZN3JSC9Structure3getERNS_2VMENS_12PropertyNameERjRPNS_6JSCellE:ADDR,ADDR,ADDR,ADDR,ADDR
140736933108992:_ZN3JSC9Structure32takePropertyTableOrCloneIfPinnedERNS_2VMEPS0_:ADDR,ADDR,ADDR
140736933113008:_ZN3JSC9Structure21addPropertyTransitionERNS_2VMEPS0_NS_12PropertyNameEjPNS_6JSCellERiNS_15PutPropertySlot7ContextE:ADDR,ADDR,ADDR,INT,ADDR,ADDR
140736933118096:_ZN3JSC24StructureTransitionTable3addERNS_2VMEPNS_9StructureE:ADDR,ADDR,ADDR
140736933129024:_ZN3JSC16SymbolTableEntry8copySlowERKS0_:ADDR,ADDR
140736933445392:_ZN3WTF19isCompilationThreadEv:
140736933447152:_ZN3WTF29cryptographicallyRandomNumberEv:
140736933461360:_ZN3WTF17TCMalloc_PageHeap17RegisterSizeClassEPNS_4SpanEm:ADDR,ADDR
140736933464384:_ZN3WTF25TCMalloc_Central_FreeList4InitEmm:ADDR,INT,INT
140736933467152:_ZN3WTF25TCMalloc_Central_FreeList11InsertRangeENS_11HardenedSLLES1_i:ADDR,ADDR,ADDR,INT
140736933467328:_ZN3WTF25TCMalloc_Central_FreeList14FetchFromSpansEv:ADDR
140736933468032:_ZN3WTF20TCMalloc_ThreadCache14PickNextSampleEm:ADDR,INT
140736933471296:_ZN3WTF10fastMallocEm:INT
140736933475168:_ZN3WTF16fastZeroedMallocEm:INT
140736933479280:_ZN3WTF8fastFreeEPv:ADDR
140736933529328:_ZN3WTF13MetaAllocator17currentStatisticsEv:ADDR,ADDR
140736933553776:_ZN3WTF9HashTableIPvNS_12KeyValuePairIS1_PNS_13MetaAllocator13FreeSpaceNodeEEENS_24KeyValuePairKeyExtractorIS6_EENS_7PtrHashIS1_EENS_7HashMapIS1_S5_SA_NS_10HashTraitsIS1_EENSC_IS5_EEE18KeyValuePairTraitsESD_E4findINS_22IdentityHashTranslatorISA_EES1_EENS_17HashTableIteratorIS1_S6_S8_SA_SG_SD_EERKT0_:ADDR,ADDR
140736933556336:_ZN3WTF8pageSizeEv:
140736933569584:_ZN3JSC15IdentifierTable3addEPN3WTF10StringImplE:ADDR,ADDR,ADDR
140736933638416:_ZN3WTF13CStringBuffer19createUninitializedEm:ADDR,INT
140736933643936:_ZN3WTF10StringImpl17createFromLiteralEPKcj:ADDR,ADDR,INT
140736933644000:_ZN3WTF10StringImpl17createFromLiteralEPKc:ADDR,ADDR
140736933644672:_ZN3WTF10StringImpl6createEPKhj:ADDR,ADDR,INT
140736933644832:_ZN3WTF10StringImpl6createEPKh:ADDR,ADDR
140736933658496:_ZN3WTF5equalEPKNS_10StringImplEPKhj:ADDR,ADDR,INT
140736933658976:_ZN3WTF5equalEPKNS_10StringImplEPKh:ADDR,ADDR
140736933659168:_ZN3WTF12equalNonNullEPKNS_10StringImplES2_:ADDR,ADDR
140736933663728:_ZNK3WTF10StringImpl12utf8ForRangeEjjNS_14ConversionModeE:ADDR,ADDR,INT,INT
140736933664128:_ZNK3WTF10StringImpl4utf8ENS_14ConversionModeE:ADDR,ADDR,INT
140736933664160:_ZN3WTF10StringImplD1Ev:ADDR
140736933669424:_ZNK3WTF10StringImpl12hashSlowCaseEv:ADDR
140736933671488:_ZN3WTF6StringC1EPKc:ADDR,ADDR
140736933690944:_ZN3WTF6String8fromUTF8EPKhm:ADDR,ADDR,INT
140736933695184:_ZN3WTF7Unicode19convertLatin1ToUTF8EPPKhS2_PPcS4_:ADDR,ADDR,ADDR,ADDR
140736920952944:__lll_unlock_wake:ADDR,INT,ADDR,INT,INT
140736914203584:hb_segment_properties_equal:ADDR,ADDR
140736914218864:hb_face_make_immutable:ADDR
140736914223264:hb_font_funcs_destroy:ADDR
140736914256960:hb_ot_layout_language_find_feature:ADDR,ADDR,INT,INT,ADDR,ADDR
140736914259744:hb_ot_layout_has_positioning:ADDR
140736892840192:atk_object_get_type:
140736892852304:atk_relation_set_get_type:
140736878616768:FcBlanksAdd:ADDR,INT
140736878622512:FcDirCacheLoad:ADDR,ADDR,INT
140736878629392:FcConfigAddRule:ADDR,ADDR,INT
140736878636192:FcConfigFilename:ADDR
140736878638576:FcConfigGetSysRoot:ADDR
140736878653008:FcFileIsDir:ADDR
140736878654576:FcDirCacheRead:ADDR,INT,ADDR
140736878673488:FcFontSetAdd:ADDR,ADDR
140736878680208:FcLangSetHasLang:ADDR,ADDR
140736878682000:FcLangSetContains:ADDR,ADDR
140736878695024:FcNameGetObjectType:ADDR
140736878698672:FcPatternCreate:
140736878698736:FcValueDestroy:INT,ADDR
140736878698960:FcValueSave:INT,ADDR
140736878700272:FcPatternDestroy:ADDR
140736878710976:FcUcs4ToUtf8:INT,ADDR
140736878711824:FcStrCmpIgnoreCase:ADDR,ADDR
140736878713056:FcStrStrIgnoreCase:ADDR,ADDR
140736878714576:FcStrSetCreate:
140736878714640:FcStrSetMember:ADDR,ADDR
140736878715088:FcStrSetAdd:ADDR,ADDR
140736878715744:FcStrSetDestroy:ADDR
140736878715856:FcStrListCreate:ADDR
140736878716800:FcStrSetAddFilename:ADDR,ADDR
140736878716912:FcStrListNext:ADDR
140736878722000:FcConfigParseAndLoad:ADDR,ADDR,INT
140736875887184:FT_MSB:INT
140736875887376:FT_MulDiv:INT,INT,INT
140736875887952:FT_MulFix:
140736875888128:FT_DivFix:INT,INT
140736875889232:ft_corner_is_flat:INT,INT,INT,INT
140736875889360:FT_GlyphLoader_Rewind:ADDR
140736875892832:FT_Get_Next_Char:ADDR,INT,ADDR
140736875894816:FT_Lookup_Renderer:ADDR,ADDR,ADDR
140736875897504:FT_Outline_Check:ADDR
140736875897776:FT_Outline_Get_CBox:ADDR,ADDR
140736875897920:FT_Outline_Translate:ADDR,INT,INT
140736875898448:FT_Vector_Transform:ADDR,ADDR
140736875898656:FT_Outline_Get_Orientation:ADDR
140736875899152:FT_Stream_Seek:ADDR,INT
140736875899424:FT_Stream_Pos:ADDR
140736875899744:FT_Stream_GetUShort:ADDR
140736875899888:FT_Stream_GetULong:ADDR
140736875900144:FT_Stream_ReadUShort:ADDR,ADDR
140736875904096:ft_mem_qalloc:ADDR,INT,ADDR
140736875904160:ft_mem_alloc:ADDR,INT,ADDR
140736875905088:ft_mem_free:ADDR,INT
140736875905968:ft_glyphslot_free_bitmap:ADDR
140736875906096:FT_Load_Glyph:ADDR,INT,INT
140736875910768:FT_Stream_EnterFrame:ADDR,INT
140736875911088:FT_Stream_ExitFrame:ADDR
140736875911136:FT_Stream_ReadFields:ADDR,ADDR,ADDR
140736856556976:XRenderFindDisplay:ADDR
140736856558240:XRenderQueryFormats:ADDR
140736850765408:_XUpdateGCCache:ADDR,INT,ADDR
140736850785728:_XFreeExtData:INT
140736850898336:_XSend:ADDR,INT,INT
140736850899856:_XReply:ADDR,ADDR,INT,INT
140736850904048:_XSetLastRequestRead:ADDR,ADDR
140736850905776:_XIsEventCookie:ADDR,ADDR
140736850906192:_XDeq:ADDR,INT,ADDR
140736850908672:_XStoreEventCookie:ADDR,ADDR
140736850908896:_XEnq:ADDR,ADDR
140736850909472:_XVIDtoVisual:ADDR,INT
140736850909680:_XFreeEventCookies:ADDR
140736850909792:_XData32:ADDR,ADDR,INT
140736850910240:_XGetRequest:ADDR,INT,INT
140736850956752:_XlcParseCharSet:ADDR
140736850957136:_XlcAddCT:ADDR,ADDR
140736850958112:_XlcGetCharSet:ADDR
140736850958272:_XlcAddCharSet:ADDR
140736850958688:_XlcCreateDefaultCharSet:ADDR,ADDR
140736842190656:__hypot_finite:
140736837802752:pango_cairo_context_get_resolution:ADDR
140736837804560:pango_cairo_font_get_type:
140736833509664:pango_fc_font_get_type:
140736762284368:XmlGetUtf8InternalEncoding:
140736762284400:XmlInitEncoding:ADDR,ADDR,INT
140736762292000:XmlPrologStateInit:ADDR
140736455771952:murrine_rc_style_get_type:
140736455777744:murrine_style_get_type:
140734903387440:asn1_length_der:INT,INT,ADDR
140734903387600:asn1_octet_der:ADDR,INT,ADDR,ADDR
140734903393088:asn1_get_length_der:ADDR,INT,ADDR
140734903394640:asn1_get_tag_der:ADDR,INT,ADDR,ADDR,ADDR
140734903395152:asn1_get_length_ber:ADDR,INT,ADDR
140734903413936:asn1_find_node:ADDR,ADDR
140734372858544:rsvg_css_parse_color:ADDR,INT
140734372860912:rsvg_defs_lookup:ADDR,ADDR
140734372996000:rsvg_handle_get_type:
