140737351952752:_dl_debug_state:VOID,
140737020424928:g_closure_new_simple:ADDR(39.58),INT(0),ADDR(0.78)
140737020425088:g_closure_set_meta_marshal:VOID,ADDR(1),INT(0),ADDR(1)
140737020425312:g_closure_add_marshal_guards:INT(0),ADDR(1),ADDR(1),ADDR(1),ADDR(1),ADDR(1)
140737020426560:g_closure_add_invalidate_notifier:ADDR(0.14),ADDR(1),ADDR(1),ADDR(1)
140737020426896:g_closure_ref:ADDR(353.1),ADDR(1)
140737020427168:g_closure_unref:ADDR(0.0980392),ADDR(1)
140737020427536:g_closure_invalidate:INT(0),ADDR(0.787402)
140737020427920:g_closure_sink:ADDR(0.015625),ADDR(0.223214)
140737020428080:g_closure_remove_invalidate_notifier:ADDR(1.74),ADDR(1),ADDR(1),ADDR(1)
140737020429936:g_closure_set_marshal:ADDR(33.06),ADDR(1),ADDR(1)
140737020430192:g_cclosure_new:ADDR(26.46),ADDR(0.98),ADDR(0.74),INT(0)
140737020430320:g_cclosure_new_swap:ADDR(4.38),ADDR(1),ADDR(1),INT(0)
140737020430592:g_signal_type_cclosure_new:ADDR(6.3),ADDR(0.98),INT(0)
140737020436000:g_enum_get_value:ADDR(9.38),ADDR(1),INT(0)
140737020447328:g_object_ref:ADDR(959.4),ADDR(1)
140737020447760:g_object_unref:INT(0),ADDR(1)
140737020456672:g_object_newv:ADDR(39.2),ADDR(1),INT(0),INT(0)
140737020457328:g_object_new_valist:ADDR(15.44),ADDR(1),ADDR(0.98),ADDR(1)
140737020459216:g_object_set_valist:VOID,ADDR(1),ADDR(1),ADDR(1)
140737020460768:g_object_get_valist:VOID,ADDR(1),ADDR(1),ADDR(1)
140737020466944:g_object_get_qdata:INT(0),ADDR(0.0317864),INT(0)
140737020473904:g_param_spec_ref:ADDR(39.24),ADDR(1)
140737020474736:g_param_spec_ref_sink:ADDR(21.86),ADDR(1)
140737020474960:g_param_spec_internal:ADDR(22.32),ADDR(1),ADDR(1),ADDR(1),ADDR(1),INT(0)
140737020476016:g_param_spec_get_redirect_target:ADDR(35.84),ADDR(1)
140737020476960:g_param_value_validate:INT(0),ADDR(1),ADDR(1)
140737020478688:g_param_spec_pool_lookup:ADDR(377.64),ADDR(1),ADDR(1),ADDR(0.64),INT(0)
140737020479856:g_param_spec_pool_list:ADDR(2.64),ADDR(1),ADDR(1),ADDR(1)
140737020481696:g_param_spec_get_default_value:ADDR(27.34),ADDR(1)
140737020510576:g_signal_newv:INT(0),ADDR(1),ADDR(0.98),INT(0),ADDR(0.84),ADDR(0.24),INT(0)
140737020514576:g_signal_new_valist:INT(0),ADDR(1),ADDR(0.98),INT(0),ADDR(0.84),ADDR(0.24),INT(0)
140737020523968:g_signal_connect_data:INT(0),ADDR(1),ADDR(0.98),ADDR(0.98),ADDR(0.74),INT(0),INT(0)
140737020529744:g_signal_emit_valist:INT(0),ADDR(1),INT(0),INT(0),ADDR(1)
140737020533856:g_signal_emit:VOID,ADDR(1),INT(0),INT(0),ADDR(0.9)
140737020551136:g_type_class_unref:ADDR(33.66),ADDR(1)
140737020551360:g_type_class_ref:ADDR(96.2745),ADDR(0.666667)
140737020552976:g_type_class_peek:ADDR(156.72),ADDR(1)
140737020553072:g_type_class_peek_static:ADDR(48.48),ADDR(1)
140737020553168:g_type_class_peek_parent:ADDR(11.56),ADDR(1)
140737020553408:g_type_interface_peek:ADDR(43.2),ADDR(1),ADDR(1)
140737020558144:g_type_from_name:ADDR(439.04),ADDR(1)
140737020559120:g_type_register_static:ADDR(10.6),ADDR(0.24),ADDR(1),ADDR(1),INT(0)
140737020559824:g_type_parent:ADDR(637.04),ADDR(0.68)
140737020559888:g_type_depth:INT(0),ADDR(1)
140737020560096:g_type_is_a:INT(0),ADDR(0.6),ADDR(0.54)
140737020560848:g_type_interfaces:ADDR(10.02),ADDR(0.98),ADDR(1)
140737020562128:g_type_test_flags:INT(0),ADDR(0.96),INT(0)
140737020562512:g_type_create_instance:ADDR(76.96),ADDR(1)
140737020564400:g_type_fundamental:INT(0),ADDR(0.96)
140737020566832:g_type_check_instance_is_a:INT(0),ADDR(1),ADDR(0.32)
140737020568208:g_type_check_class_is_a:INT(0),ADDR(1),INT(0)
140737020569568:g_type_check_instance:INT(0),ADDR(1)
140737020569776:g_type_check_is_value_type:INT(0),ADDR(0.5)
140737020570208:g_type_check_value:INT(0),ADDR(1)
140737020570624:g_type_check_value_holds:INT(0),ADDR(1),ADDR(0.1)
140737020571120:g_type_value_table_peek:ADDR(2407.32),ADDR(0.52)
140737020575296:g_type_module_get_type:ADDR(2.76)
140737020578912:g_value_init:ADDR(308.48),ADDR(1),ADDR(0.56)
140737020579168:g_value_reset:ADDR(16.34),ADDR(1)
140737020579296:g_value_unset:VOID,ADDR(1)
140737020579600:g_value_register_transform_func:VOID,INT(0),INT(0),ADDR(1)
140737020580128:g_value_type_compatible:INT(0),ADDR(0.64),ADDR(0.64)
140737020580512:g_value_set_instance:VOID,ADDR(1),ADDR(1)
140737020581104:g_value_transform:INT(0),ADDR(1),ADDR(1)
140737017253536:g_array_append_vals:ADDR(183.66),ADDR(1),ADDR(1),INT(0)
140737017255392:g_ptr_array_set_free_func:VOID,ADDR(1),ADDR(1)
140737017256064:g_ptr_array_remove_range:ADDR(2.92),ADDR(1),INT(0),INT(0)
140737017256384:g_ptr_array_set_size:VOID,ADDR(1),INT(0)
140737017256832:g_ptr_array_add:VOID,ADDR(1),ADDR(1)
140737017263840:g_bit_lock:VOID,ADDR(1),INT(0)
140737017264000:g_bit_unlock:VOID,ADDR(1),INT(0)
140737017264096:g_pointer_bit_lock:VOID,ADDR(1),INT(0)
140737017264352:g_pointer_bit_unlock:VOID,ADDR(1),INT(0)
140737017283424:g_bytes_unref:ADDR(9.03774),ADDR(1)
140737017283728:g_bytes_get_data:ADDR(7.24),ADDR(1),ADDR(1)
140737017283792:g_bytes_get_size:INT(0),ADDR(1)
140737017283856:g_bytes_ref:ADDR(31.3),ADDR(1)
140737017285776:g_get_charset:INT(0),ADDR(0.54)
140737017316048:g_get_filename_charsets:INT(0),ADDR(1)
140737017318096:g_filename_display_name:ADDR(3.94),ADDR(1)
140737017322224:g_datalist_init:VOID,ADDR(1)
140737017348336:g_error_new_valist:ADDR(25.26),INT(0),INT(0),ADDR(1),ADDR(1)
140737017349216:g_set_error:VOID,ADDR(0.32),INT(0),INT(0),ADDR(1),ADDR(1)
140737017349440:g_set_error_literal:VOID,ADDR(0.22)
140737017349520:g_propagate_error:VOID,ADDR(0.44),ADDR(1)
140737017351680:g_file_error_quark:INT(0)
140737017351728:g_file_error_from_errno:INT(0),INT(0)
140737017361728:g_hash_table_lookup:ADDR(1405.56),ADDR(1),ADDR(1)
140737017362480:g_hash_table_contains:INT(0),ADDR(1),INT(0)
140737017362816:g_hash_table_remove_all:VOID,ADDR(1)
140737017363840:g_hash_table_size:INT(0),ADDR(1)
140737017392480:g_key_file_error_quark:INT(0)
140737017397984:g_key_file_get_value:INT(0),ADDR(1),ADDR(1),ADDR(1),ADDR(1)
140737017398592:g_key_file_get_string:ADDR(19.28),ADDR(1),ADDR(1),ADDR(1),ADDR(0.02)
140737017413056:g_list_prepend:ADDR(92.3),ADDR(0.72),ADDR(1)
140737017413744:g_list_remove_link:ADDR(36.46),ADDR(1),ADDR(1)
140737017414400:g_list_nth:ADDR(2.1),ADDR(1),INT(0)
140737017414848:g_list_last:ADDR(31.74),ADDR(1)
140737017414880:g_list_append:ADDR(18.64),ADDR(0.66),ADDR(1)
140737017419664:g_main_context_ref:ADDR(3.28),ADDR(1)
140737017420592:g_main_context_default:ADDR(6.34)
140737017420784:g_source_new:ADDR(3.54),ADDR(1),INT(0)
140737017420960:g_source_attach:INT(0),ADDR(1),ADDR(0.88)
140737017424128:g_main_context_find_source_by_id:ADDR(1.12),INT(0),INT(0)
140737017425760:g_get_current_time:VOID,ADDR(1)
140737017425888:g_get_monotonic_time:INT(0)
140737017426064:g_main_context_acquire:INT(0),ADDR(1)
140737017427248:g_main_context_prepare:INT(0),ADDR(1),ADDR(1)
140737017428064:g_main_context_query:INT(0),ADDR(1),INT(0),ADDR(1),ADDR(1),INT(0)
140737017428240:g_main_context_check:INT(0),ADDR(1),INT(0),ADDR(1),INT(0)
140737017428912:g_main_context_dispatch:INT(0),ADDR(1)
140737017433056:g_idle_source_new:ADDR(2.36)
140737017452032:g_malloc:ADDR(1575.54),INT(0)
140737017452112:g_malloc0:ADDR(241.02),INT(0)
140737017452192:g_realloc:ADDR(992.56),ADDR(0.3),INT(0)
140737017452288:g_free:VOID,ADDR(0.957143)
140737017452944:g_mem_is_system_malloc:INT(0)
140737017492768:g_quark_to_string:ADDR(186.84),INT(0)
140737017492816:g_intern_string:ADDR(34.8),ADDR(1)
140737017495376:g_queue_pop_head:ADDR(1.48),ADDR(1)
140737017496912:g_queue_peek_head:ADDR(2.88),ADDR(1)
140737017541104:g_slice_alloc:ADDR(1626.52),INT(0)
140737017542496:g_slice_alloc0:ADDR(272.36),INT(0)
140737017542608:g_slice_free1:VOID,INT(0),ADDR(1)
140737017544688:g_slist_prepend:ADDR(490.26),ADDR(0.22),ADDR(1)
140737017544976:g_slist_remove:ADDR(9.6),ADDR(1),ADDR(1)
140737017545168:g_slist_remove_link:ADDR(225.5),ADDR(1),ADDR(1)
140737017545744:g_slist_find:ADDR(23.6),ADDR(0.12),ADDR(1)
140737017546032:g_slist_last:ADDR(245.2),ADDR(1)
140737017546288:g_slist_concat:ADDR(318.58),ADDR(1),ADDR(0.78)
140737017546384:g_slist_foreach:VOID,ADDR(0.12),ADDR(1),INT(0)
140737017547504:g_strdup:ADDR(459.36),ADDR(0.94)
140737017547584:g_memdup:ADDR(46.58),ADDR(0.98),INT(0)
140737017547648:g_strndup:ADDR(165.16),ADDR(1),INT(0)
140737017547872:g_strdup_vprintf:ADDR(39),ADDR(1),ADDR(1)
140737017547920:g_strdup_printf:ADDR(13.58),ADDR(1),ADDR(0.86),ADDR(0.44),ADDR(0.28)
140737017548480:g_strtod:ADDR(2.28),ADDR(1),ADDR(1)
140737017548928:g_strerror:ADDR(5.14),INT(0)
140737017550096:g_ascii_tolower:INT(0),INT(0)
140737017550544:g_ascii_strcasecmp:INT(0),ADDR(1),ADDR(1)
140737017552560:g_strchug:ADDR(35.64),ADDR(1)
140737017552704:g_strchomp:ADDR(35.7),ADDR(1)
140737017554880:g_strstr_len:ADDR(6.92),ADDR(1),INT(0),ADDR(1)
140737017555120:g_strrstr:ADDR(8.28),ADDR(1),ADDR(1)
140737017556912:g_string_sized_new:ADDR(276.82),INT(0)
140737017557008:g_string_free:ADDR(117.98),ADDR(1),INT(0)
140737017558496:g_string_new:ADDR(3.29015),INT(0.00321199)
140737017558992:g_string_insert_c:ADDR(116.32),ADDR(1),INT(0),INT(0)
140737017561072:g_string_erase:ADDR(49.3),ADDR(1),INT(0),INT(0)
140737017561872:g_string_append_vprintf:VOID,ADDR(1),ADDR(1),ADDR(1)
140737017562288:g_string_append_printf:VOID,ADDR(1),ADDR(1),ADDR(0.84),ADDR(0.96)
140737017582480:g_thread_self:ADDR(8.68)
140737017607088:g_unichar_isalnum:INT(0),INT(0)
140737017614320:g_utf8_find_next_char:ADDR(683.72),ADDR(1),INT(0)
140737017614768:g_utf8_get_char:INT(0),ADDR(1)
140737017615440:g_unichar_to_utf8:INT(0),INT(0),ADDR(1)
140737017615680:g_utf8_strchr:ADDR(36.92),ADDR(1),INT(0),INT(0)
140737017615872:g_utf8_get_char_validated:INT(0),ADDR(1),INT(0)
140737017620144:g_utf8_validate:INT(0),ADDR(1),INT(0),ADDR(0.8)
140737017634128:g_variant_new_byte:ADDR(2.24),INT(0)
140737017636816:g_variant_get_byte:INT(0),ADDR(1)
140737017639968:g_variant_get_string:ADDR(3.2),ADDR(1),ADDR(0.64)
140737017647440:g_variant_builder_clear:VOID,ADDR(1)
140737017647824:g_variant_builder_init:VOID,ADDR(1),ADDR(1)
140737017648624:g_variant_builder_add_value:VOID,ADDR(1),ADDR(1)
140737017649216:g_variant_builder_end:ADDR(3.18),ADDR(1)
140737017652256:g_variant_format_string_scan:INT(0),ADDR(1),INT(0),ADDR(1)
140737017655296:g_variant_format_string_scan_type:ADDR(4.24),ADDR(1),INT(0),ADDR(1)
140737017656976:g_variant_new_va:ADDR(1.5),ADDR(1),INT(0),ADDR(1)
140737017657680:g_variant_get_va:VOID,ADDR(1),ADDR(1),INT(0),ADDR(1)
140737017661568:g_variant_new_from_bytes:ADDR(7.1),ADDR(1),ADDR(1),INT(0)
140737017661888:g_variant_unref:VOID,ADDR(1)
140737017662480:g_variant_ref:ADDR(19.42),ADDR(1)
140737017662592:g_variant_ref_sink:ADDR(22.84),ADDR(1)
140737017662944:g_variant_get_size:INT(0),ADDR(1)
140737017663008:g_variant_get_data:ADDR(6.88),ADDR(1)
140737017663200:g_variant_n_children:INT(0),ADDR(1)
140737017663296:g_variant_get_child_value:ADDR(12.74),ADDR(1),INT(0)
140737017679728:g_variant_serialised_n_children:INT(0)
140737017680224:g_variant_serialised_get_child:ADDR(3.46),ADDR(1),INT(0)
140737017682496:g_variant_serialiser_serialise:INT(0),ADDR(1),ADDR(0.54),INT(0)
140737017685440:g_variant_serialiser_is_string:INT(0),ADDR(1),INT(0)
140737017688800:g_variant_type_info_get_type_string:ADDR(52.12),ADDR(1)
140737017688864:g_variant_type_info_query:VOID,ADDR(1),ADDR(1),ADDR(1)
140737017689008:g_variant_type_info_n_members:INT(0),ADDR(1)
140737017689040:g_variant_type_info_member_info:ADDR(7.68),ADDR(1),INT(0)
140737017689104:g_variant_type_info_ref:ADDR(6.58),ADDR(1)
140737017689232:g_variant_type_info_get:ADDR(15.92),ADDR(1)
140737017690304:g_variant_type_info_unref:ADDR(13.16),ADDR(1)
140737017690720:g_variant_type_string_scan:INT(0),ADDR(1),INT(0),ADDR(1)
140737017691104:g_variant_type_string_is_valid:INT(0),ADDR(1)
140737017691216:g_variant_type_get_string_length:INT(0),ADDR(1)
140737017691328:g_variant_type_copy:ADDR(6.2),ADDR(1)
140737017691440:g_variant_type_peek_string:ADDR(132.88),ADDR(1)
140737017691600:g_variant_type_is_definite:INT(0),ADDR(1)
140737017691760:g_variant_type_is_container:INT(0),ADDR(1)
140737017691872:g_variant_type_is_basic:INT(0),ADDR(1)
140737017691984:g_variant_type_is_maybe:INT(0),ADDR(1)
140737017692064:g_variant_type_is_array:INT(0),ADDR(1)
140737017692144:g_variant_type_is_tuple:INT(0),ADDR(1)
140737017692240:g_variant_type_is_dict_entry:INT(0),ADDR(1)
140737017692992:g_variant_type_element:ADDR(2.42),ADDR(1)
140737017693120:g_variant_type_first:ADDR(3.64),ADDR(1)
140737017693264:g_variant_type_next:ADDR(9.56),ADDR(1)
140737017693376:g_variant_type_n_items:INT(0),ADDR(1)
140737017693456:g_variant_type_key:ADDR(3.3),ADDR(1)
140737017694544:g_variant_type_new_dict_entry:ADDR(2.24),ADDR(1),ADDR(1)
140737017694768:g_variant_type_checked_:ADDR(6.06),ADDR(1)
140737017696480:g_vasprintf:INT(0),ADDR(1),ADDR(1),ADDR(1)
140737017698672:g_mutex_lock:VOID,
140737017698720:g_mutex_unlock:VOID,
140737017698768:g_mutex_trylock:INT(0)
140737017699408:g_cond_broadcast:VOID,
140736987934688:webkit_web_frame_get_type:ADDR(1.26)
140736987974048:webkit_web_settings_get_type:ADDR(12.78)
140736987982144:webkit_web_view_get_type:ADDR(7.18)
140736977202432:gtk_accel_group_get_type:ADDR(10.44)
140736977203472:gtk_accel_group_find:ADDR(1.92),ADDR(1),ADDR(1),ADDR(1)
140736977204144:gtk_accel_group_from_accel_closure:ADDR(3.84),ADDR(1)
140736977204704:gtk_accelerator_parse:VOID,ADDR(1),ADDR(1),ADDR(1)
140736977206192:gtk_accelerator_name:ADDR(122.56),INT(0),INT(0)
140736977207760:gtk_accel_group_connect_by_path:VOID,ADDR(1),ADDR(1),ADDR(1)
140736977209552:gtk_accelerator_get_default_mod_mask:INT(0)
140736977210512:gtk_accel_label_get_type:ADDR(39.78)
140736977210992:gtk_accel_label_set_accel_closure:VOID,ADDR(1),ADDR(0.3)
140736977211520:gtk_accel_label_set_accel_widget:VOID,ADDR(0.485437),ADDR(0.257282)
140736977215312:gtk_accel_map_lookup_entry:INT(0),ADDR(1),ADDR(1)
140736977215600:gtk_accel_map_add_entry:VOID,ADDR(1),INT(0),INT(0)
140736977223472:gtk_action_get_type:ADDR(74.32)
140736977224176:gtk_action_block_activate:VOID,ADDR(1)
140736977224272:gtk_action_unblock_activate:VOID,ADDR(1)
140736977224560:gtk_action_create_menu_item:ADDR(1.94),ADDR(1)
140736977225808:gtk_action_get_name:ADDR(4.4),ADDR(1)
140736977225904:gtk_action_is_sensitive:INT(0),ADDR(1)
140736977226480:gtk_action_is_visible:INT(0),ADDR(1)
140736977227520:gtk_action_get_always_show_image:INT(0),ADDR(1)
140736977227616:gtk_action_get_label:ADDR(1.94),ADDR(1)
140736977229456:gtk_action_get_stock_id:ADDR(1.22),ADDR(1)
140736977231136:gtk_action_set_accel_path:VOID,ADDR(1),ADDR(1)
140736977231248:gtk_action_get_accel_path:INT(0),ADDR(0.787402)
140736977231360:gtk_action_get_accel_closure:ADDR(1.92),ADDR(1)
140736977231456:gtk_action_set_accel_group:VOID,ADDR(1),ADDR(1)
140736977231632:gtk_action_connect_accelerator:VOID,ADDR(1)
140736977231792:gtk_action_disconnect_accelerator:ADDR(0.0491803),ADDR(1)
140736977233552:gtk_action_group_get_type:ADDR(30.28)
140736977234704:gtk_action_group_get_sensitive:INT(0),ADDR(1)
140736977234992:gtk_action_group_get_visible:INT(0),ADDR(1)
140736977239168:gtk_activatable_get_type:ADDR(13.66)
140736977239856:gtk_activatable_get_related_action:ADDR(2.76),ADDR(1)
140736977240000:gtk_activatable_do_set_related_action:VOID,ADDR(0.900901),ADDR(0.900901)
140736977240384:gtk_activatable_get_use_action_appearance:INT(0)
140736977241648:gtk_adjustment_get_type:ADDR(4.26)
140736977245632:gtk_alignment_get_type:ADDR(2.6)
140736977274032:gtk_bin_get_type:ADDR(3.08)
140736977279904:gtk_binding_entry_add_signal:VOID,ADDR(1),INT(0),INT(0),ADDR(1),INT(0),ADDR(0.76)
140736977284560:gtk_box_get_type:ADDR(17.46)
140736977316480:gtk_button_get_type:ADDR(15.72)
140736977319600:gtk_button_set_relief:VOID,ADDR(1),INT(0)
140736977406256:gtk_check_menu_item_get_type:ADDR(1.18)
140736977478256:gtk_container_get_type:ADDR(278.82)
140736977491216:gtk_container_get_children:ADDR(1.64),ADDR(1)
140736977504160:gtk_editable_get_type:ADDR(1.14)
140736977518000:gtk_entry_get_type:ADDR(21.68)
140736977563936:gtk_entry_buffer_get_type:ADDR(4.22)
140736977743952:gtk_gc_get:ADDR(25.22),INT(0),ADDR(1),ADDR(1),INT(0)
140736977752976:gtk_hbox_get_type:ADDR(1.28)
140736977772992:gtk_icon_source_copy:ADDR(2.82),ADDR(1)
140736977773744:gtk_icon_set_ref:ADDR(2.5),ADDR(1)
140736977774240:gtk_icon_set_unref:VOID,ADDR(1)
140736977774480:gtk_icon_factory_get_type:ADDR(10.88)
140736977774704:gtk_icon_factory_add:VOID,ADDR(1),ADDR(1),ADDR(1)
140736977778128:gtk_icon_set_new:ADDR(2.5)
140736977778576:gtk_icon_set_add_source:VOID,ADDR(1),ADDR(1)
140736977781280:gtk_icon_factory_lookup_default:ADDR(0.597403),ADDR(1)
140736977793232:gtk_icon_theme_get_type:ADDR(1.78)
140736977861728:gtk_image_get_type:ADDR(30.08)
140736977869568:gtk_image_new_from_stock:ADDR(2.24),ADDR(1),INT(0)
140736977874560:gtk_image_menu_item_get_type:ADDR(18.98)
140736977876384:gtk_image_menu_item_set_image:VOID,ADDR(1),ADDR(0.9875)
140736977877296:gtk_image_menu_item_get_image:ADDR(3.06),ADDR(1)
140736977879488:gtk_im_context_get_type:ADDR(1.24)
140736977923104:gtk_label_get_type:ADDR(62.64)
140736977975328:gtk_grab_remove:VOID,ADDR(1)
140736977977008:gtk_get_event_widget:ADDR(1.88),ADDR(1)
140736978001344:gtk_menu_get_type:ADDR(17.98)
140736978038832:gtk_menu_item_get_type:ADDR(59.22)
140736978043072:gtk_menu_item_get_submenu:ADDR(0.64),ADDR(1)
140736978045824:gtk_menu_item_set_accel_path:ADDR(1.92),ADDR(1),ADDR(1)
140736978050560:gtk_menu_shell_get_type:ADDR(17.84)
140736978068928:gtk_misc_get_type:ADDR(9.88)
140736978069072:gtk_misc_set_alignment:INT(0),ADDR(0.925926),FLOAT,FLOAT
140736978090080:gtk_notebook_get_type:ADDR(8.22)
140736978134240:gtk_object_get_type:ADDR(88.1)
140736978140288:gtk_orientable_get_type:ADDR(2.04)
140736978213264:gtk_radio_action_get_type:ADDR(1)
140736978240448:gtk_range_get_type:ADDR(2.2)
140736978241440:gtk_range_get_adjustment:ADDR(1.62),ADDR(1)
140736978263520:gtk_rc_style_get_type:ADDR(27.22)
140736978270208:gtk_rc_parse_state:INT(0),ADDR(1),ADDR(1)
140736978270848:gtk_rc_parse_color_full:INT(0),ADDR(1),ADDR(1),ADDR(1)
140736978283568:gtk_rc_get_style:ADDR(2.32),ADDR(1)
140736978364032:gtk_scrolled_window_get_type:ADDR(4.72)
140736978373568:gtk_target_list_add:VOID,ADDR(1),INT(0),INT(0),INT(0)
140736978389776:gtk_separator_menu_item_get_type:ADDR(7.88)
140736978390480:gtk_separator_tool_item_get_type:ADDR(9.72)
140736978396880:gtk_settings_get_type:ADDR(2.5)
140736978397024:gtk_settings_get_for_screen:ADDR(21.74),ADDR(1)
140736978479248:gtk_style_get_type:ADDR(81.98)
140736978482672:gtk_style_attach:ADDR(1.96),ADDR(1),ADDR(1)
140736978483248:gtk_style_detach:INT(0),ADDR(1)
140736978512864:gtk_border_get_type:ADDR(1.84)
140736978527104:gtk_tearoff_menu_item_get_type:ADDR(6.46)
140736978753888:gtk_toggle_action_get_type:ADDR(2.64)
140736978763184:gtk_toolbar_get_type:ADDR(34.16)
140736978790912:gtk_tool_button_get_type:ADDR(3.1)
140736978796976:gtk_tool_item_get_type:ADDR(33.76)
140736978797424:gtk_tool_item_get_icon_size:INT(0),ADDR(1)
140736978797712:gtk_tool_item_get_toolbar_style:INT(0),ADDR(1)
140736978797856:gtk_tool_item_get_relief_style:INT(0),ADDR(1)
140736978798000:gtk_tool_item_get_text_alignment:VOID,ADDR(1)
140736978798304:gtk_tool_item_get_text_size_group:INT(0),ADDR(1)
140736978798896:gtk_tool_item_get_homogeneous:INT(0),ADDR(1)
140736978798992:gtk_tool_item_get_is_important:INT(0),ADDR(1)
140736978800192:gtk_tool_item_get_visible_horizontal:INT(0),ADDR(1)
140736978801344:gtk_tool_item_rebuild_menu:VOID,ADDR(1)
140736978829712:gtk_tool_shell_get_type:ADDR(22.26)
140736978944432:gtk_tree_view_get_type:ADDR(2.16)
140736979029424:gtk_tree_view_column_get_type:ADDR(1.22)
140736979077584:gtk_viewport_get_type:ADDR(1.36)
140736979087680:gtk_widget_get_type:ADDR(2030.72)
140736979088288:gtk_widget_child_notify:VOID,ADDR(1),ADDR(1)
140736979091456:gtk_widget_list_accel_closures:INT(0),ADDR(1)
140736979093280:gtk_widget_get_can_focus:INT(0),ADDR(1)
140736979093376:gtk_widget_has_focus:INT(0),ADDR(1)
140736979093696:gtk_widget_get_receives_default:INT(0),ADDR(1)
140736979093952:gtk_widget_has_grab:INT(0),ADDR(1)
140736979094080:gtk_widget_get_name:ADDR(1.30159),ADDR(1)
140736979094192:gtk_widget_get_state:INT(0),ADDR(1)
140736979094288:gtk_widget_get_visible:INT(0),ADDR(1)
140736979094384:gtk_widget_set_has_window:VOID,ADDR(1),INT(0)
140736979094512:gtk_widget_get_has_window:INT(0),ADDR(1)
140736979095264:gtk_widget_is_toplevel:INT(0),ADDR(1)
140736979095632:gtk_widget_get_realized:INT(0),ADDR(1)
140736979096000:gtk_widget_translate_coordinates:INT(0),ADDR(1),ADDR(1),INT(0),INT(0),ADDR(1),ADDR(1)
140736979098320:gtk_widget_set_realized:VOID,ADDR(1),INT(0)
140736979098448:gtk_widget_get_mapped:INT(0),ADDR(1)
140736979098768:gtk_widget_queue_draw_area:VOID,ADDR(1),INT(0),INT(0),INT(0),INT(0)
140736979099296:gtk_widget_is_drawable:INT(0),ADDR(1)
140736979099408:gtk_widget_set_mapped:VOID,ADDR(1),INT(0)
140736979100016:gtk_widget_get_double_buffered:INT(0),ADDR(1)
140736979100704:gtk_widget_set_redraw_on_allocate:VOID,ADDR(1),INT(0)
140736979100832:gtk_widget_get_sensitive:INT(0),ADDR(1)
140736979100928:gtk_widget_is_sensitive:INT(0),ADDR(1)
140736979101424:gtk_widget_get_parent:ADDR(5.48),ADDR(1)
140736979101664:gtk_widget_has_rc_style:INT(0),ADDR(1)
140736979102016:gtk_widget_get_default_style:ADDR(44.26)
140736979102352:gtk_widget_set_parent_window:VOID,ADDR(1),INT(0)
140736979102512:gtk_widget_get_parent_window:ADDR(2.04),ADDR(1)
140736979104608:gtk_widget_get_toplevel:ADDR(123.94),ADDR(1)
140736979105136:gtk_widget_is_focus:INT(0),ADDR(1)
140736979105728:gtk_widget_get_screen:ADDR(38.1),ADDR(1)
140736979106576:gtk_widget_has_screen:INT(0),ADDR(1)
140736979106688:gtk_widget_get_ancestor:ADDR(1.72),ADDR(1),ADDR(1)
140736979107936:gtk_widget_get_extension_events:INT(0),ADDR(1)
140736979109088:gtk_widget_get_direction:INT(0),ADDR(1)
140736979109696:gtk_widget_get_pango_context:ADDR(1.22),ADDR(1)
140736979112912:gtk_widget_size_allocate:VOID,ADDR(1),ADDR(1)
140736979114880:gtk_widget_unparent:VOID,ADDR(1)
140736979117456:gtk_widget_style_get_valist:VOID,ADDR(1),ADDR(1),ADDR(1)
140736979118176:gtk_widget_style_get:VOID,ADDR(1),ADDR(1),ADDR(1),ADDR(0.1),ADDR(1),ADDR(0.24)
140736979119424:gtk_widget_show:INT(0),ADDR(1)
140736979119824:gtk_widget_hide:INT(0),ADDR(1)
140736979120416:gtk_widget_set_can_focus:VOID,ADDR(1),INT(0)
140736979121424:gtk_widget_ensure_style:INT(0),ADDR(1)
140736979121536:gtk_widget_realize:VOID,ADDR(1)
140736979125968:gtk_widget_set_parent:VOID,ADDR(1),ADDR(1)
140736979126688:gtk_widget_queue_draw:VOID,ADDR(1)
140736979127296:gtk_widget_set_sensitive:VOID,ADDR(1),INT(0)
140736979127856:gtk_widget_region_intersect:ADDR(5.16),ADDR(1),ADDR(1)
140736979128848:gtk_requisition_get_type:ADDR(1.8)
140736979141984:gtk_widget_get_no_show_all:INT(0),ADDR(1)
140736979158096:gtk_window_get_type:ADDR(84.94)
