140737016857312:g_closure_new_simple:INT(0),ADDR(0.77)
140737016857472:g_closure_set_meta_marshal:ADDR(0.99),INT(0),ADDR(0.99)
140737016857696:g_closure_add_marshal_guards:ADDR(0.99),ADDR(0.99),ADDR(0.99),ADDR(0.99),ADDR(0.99)
140737016858944:g_closure_add_invalidate_notifier:ADDR(0.99),ADDR(0.99),ADDR(0.99)
140737016859280:g_closure_ref:ADDR(0.99)
140737016859552:g_closure_unref:ADDR(0.99)
140737016859920:g_closure_invalidate:ADDR(0.779528)
140737016860304:g_closure_sink:ADDR(0.220982)
140737016860464:g_closure_remove_invalidate_notifier:ADDR(0.99),ADDR(0.99),ADDR(0.99)
140737016862320:g_closure_set_marshal:ADDR(0.99),ADDR(0.99)
140737016862576:g_cclosure_new:ADDR(0.98),ADDR(0.78),INT(0)
140737016862704:g_cclosure_new_swap:ADDR(0.99),ADDR(0.99),INT(0)
140737016862976:g_signal_type_cclosure_new:ADDR(0.98),INT(0)
140737016868384:g_enum_get_value:ADDR(0.99),INT(0.02)
140737016879712:g_object_ref:ADDR(0.99)
140737016880144:g_object_unref:ADDR(0.99)
140737016889056:g_object_newv:ADDR(0.99),INT(0),INT(0)
140737016889712:g_object_new_valist:ADDR(0.99),ADDR(0.98),ADDR(0.99)
140737016891600:g_object_set_valist:ADDR(0.99),ADDR(0.99),ADDR(0.99)
140737016893152:g_object_get_valist:ADDR(0.99),ADDR(0.99),ADDR(0.99)
140737016899328:g_object_get_qdata:INT(0.0314685),INT(0)
140737016906288:g_param_spec_ref:ADDR(0.99)
140737016907120:g_param_spec_ref_sink:ADDR(0.99)
140737016907344:g_param_spec_internal:ADDR(0.99),ADDR(0.99),ADDR(0.99),ADDR(0.99),INT(0)
140737016908400:g_param_spec_get_redirect_target:ADDR(0.99)
140737016909344:g_param_value_validate:ADDR(0.99),ADDR(0.99)
140737016911072:g_param_spec_pool_lookup:ADDR(0.99),ADDR(0.99),ADDR(0.61),INT(0)
140737016912240:g_param_spec_pool_list:ADDR(0.99),ADDR(0.99),ADDR(0.99)
140737016914080:g_param_spec_get_default_value:ADDR(0.99)
140737016942960:g_signal_newv:ADDR(0.99),ADDR(0.98),INT(0),ADDR(0.82),ADDR(0.25),INT(0)
140737016946960:g_signal_new_valist:ADDR(0.99),ADDR(0.98),INT(0),ADDR(0.82),ADDR(0.25),INT(0)
140737016956352:g_signal_connect_data:ADDR(0.99),ADDR(0.98),ADDR(0.98),ADDR(0.71),INT(0),INT(0)
140737016962128:g_signal_emit_valist:ADDR(0.99),INT(0),INT(0),ADDR(0.99)
140737016966240:g_signal_emit:ADDR(0.99),INT(0),INT(0),ADDR(0.94),ADDR(0.05),INT(0.03)
140737016983520:g_type_class_unref:ADDR(0.99)
140737016983744:g_type_class_ref:ADDR(0.73)
140737016985360:g_type_class_peek:ADDR(0.99)
140737016985456:g_type_class_peek_static:ADDR(0.99)
140737016985552:g_type_class_peek_parent:ADDR(0.99)
140737016985792:g_type_interface_peek:ADDR(0.99),ADDR(0.99)
140737016990528:g_type_from_name:ADDR(0.99)
140737016991504:g_type_register_static:ADDR(0.27),ADDR(0.99),ADDR(0.99),INT(0)
140737016992208:g_type_parent:ADDR(0.59)
140737016992272:g_type_depth:ADDR(0.99)
140737016992480:g_type_is_a:ADDR(0.67),ADDR(0.45)
140737016993232:g_type_interfaces:ADDR(0.98),ADDR(0.99)
140737016994512:g_type_test_flags:ADDR(0.97),INT(0)
140737016994896:g_type_create_instance:ADDR(0.99)
140737016996784:g_type_fundamental:ADDR(0.97)
140737016999216:g_type_check_instance_is_a:ADDR(0.99),ADDR(0.27)
140737017000592:g_type_check_class_is_a:ADDR(0.99),INT(0)
140737017001952:g_type_check_instance:ADDR(0.99)
140737017002160:g_type_check_is_value_type:ADDR(0.57)
140737017002592:g_type_check_value:ADDR(0.99)
140737017003008:g_type_check_value_holds:ADDR(0.99),ADDR(0.05)
140737017003504:g_type_value_table_peek:ADDR(0.54)
140737017007680:g_type_module_get_type:
140737017011296:g_value_init:ADDR(0.99),ADDR(0.36)
140737017011552:g_value_reset:ADDR(0.99)
140737017011680:g_value_unset:ADDR(0.99)
140737017011984:g_value_register_transform_func:INT(0),INT(0),ADDR(0.99)
140737017012512:g_value_type_compatible:ADDR(0.71),ADDR(0.71)
140737017012896:g_value_set_instance:ADDR(0.99),ADDR(0.99)
140737017013488:g_value_transform:ADDR(0.99),ADDR(0.99)
140737013685920:g_array_append_vals:ADDR(0.99),ADDR(0.99),INT(0)
140737013687776:g_ptr_array_set_free_func:ADDR(0.99),ADDR(0.99)
140737013688768:g_ptr_array_set_size:ADDR(0.99),INT(0)
140737013689216:g_ptr_array_add:ADDR(0.99),ADDR(0.97),ADDR(0.32),ADDR(0.31)
140737013696224:g_bit_lock:ADDR(0.99),INT(0)
140737013696384:g_bit_unlock:ADDR(0.99),INT(0)
140737013696480:g_pointer_bit_lock:ADDR(0.99),INT(0)
140737013696736:g_pointer_bit_unlock:ADDR(0.99),INT(0)
140737013715808:g_bytes_unref:ADDR(0.99)
140737013716112:g_bytes_get_data:ADDR(0.99),ADDR(0.98)
140737013716176:g_bytes_get_size:ADDR(0.99)
140737013716240:g_bytes_ref:ADDR(0.99)
140737013718160:g_get_charset:ADDR(0.51)
140737013748432:g_get_filename_charsets:ADDR(0.99)
140737013780720:g_error_new_valist:INT(0),INT(0),ADDR(0.99),ADDR(0.99)
140737013781600:g_set_error:ADDR(0.42),INT(0),INT(0),ADDR(0.99),ADDR(0.99),ADDR(0.55)
140737013781904:g_propagate_error:ADDR(0.71),ADDR(0.99)
140737013794112:g_hash_table_lookup:ADDR(0.99),ADDR(0.99)
140737013794864:g_hash_table_contains:ADDR(0.99),INT(0)
140737013795200:g_hash_table_remove_all:ADDR(0.99)
140737013796224:g_hash_table_size:ADDR(0.99)
140737013824864:g_key_file_error_quark:
140737013830368:g_key_file_get_value:ADDR(0.99),ADDR(0.99),ADDR(0.99),ADDR(0.99)
140737013830976:g_key_file_get_string:ADDR(0.99),ADDR(0.99),ADDR(0.99),INT(0.03)
140737013845440:g_list_prepend:ADDR(0.74),ADDR(0.99)
140737013846128:g_list_remove_link:ADDR(0.99),ADDR(0.99)
140737013846784:g_list_nth:ADDR(0.99),INT(0)
140737013847232:g_list_last:ADDR(0.99)
140737013847264:g_list_append:ADDR(0.75),ADDR(0.99)
140737013852048:g_main_context_ref:ADDR(1)
140737013852976:g_main_context_default:
140737013853168:g_source_new:ADDR(0.99),INT(0)
140737013853344:g_source_attach:ADDR(0.99),ADDR(0.76)
140737013858272:g_get_monotonic_time:
140737013858448:g_main_context_acquire:ADDR(0.99)
140737013859632:g_main_context_prepare:ADDR(0.99),ADDR(0.99)
140737013860448:g_main_context_query:ADDR(0.99),ADDR(0.54),ADDR(0.99),ADDR(0.99),INT(0)
140737013860624:g_main_context_check:ADDR(0.99),ADDR(0.5),ADDR(0.99),INT(0)
140737013861296:g_main_context_dispatch:ADDR(0.99)
140737013884416:g_malloc:INT(0)
140737013884496:g_malloc0:INT(0)
140737013884576:g_realloc:ADDR(0.36),INT(0)
140737013884672:g_free:ADDR(0.894231)
140737013885328:g_mem_is_system_malloc:
140737013925152:g_quark_to_string:INT(0)
140737013925200:g_intern_string:ADDR(0.99)
140737013929296:g_queue_peek_head:ADDR(0.99)
140737013973488:g_slice_alloc:INT(0)
140737013974880:g_slice_alloc0:INT(0)
140737013974992:g_slice_free1:INT(0),ADDR(0.99)
140737013977072:g_slist_prepend:ADDR(0.24),ADDR(0.99)
140737013977360:g_slist_remove:ADDR(0.99),ADDR(0.99)
140737013977552:g_slist_remove_link:ADDR(0.99),ADDR(0.99)
140737013978128:g_slist_find:ADDR(0.26),ADDR(0.99)
140737013978416:g_slist_last:ADDR(0.99)
140737013978672:g_slist_concat:ADDR(0.99),ADDR(0.83)
140737013978768:g_slist_foreach:ADDR(0.06),ADDR(0.99),INT(0)
140737013979888:g_strdup:ADDR(0.88)
140737013979968:g_memdup:ADDR(0.98),INT(0)
140737013980032:g_strndup:ADDR(0.99),INT(0)
140737013980256:g_strdup_vprintf:ADDR(0.99),ADDR(0.99)
140737013980304:g_strdup_printf:ADDR(0.99),ADDR(0.79),ADDR(0.69),ADDR(0.23),ADDR(0.6),ADDR(0.56)
140737013980864:g_strtod:ADDR(0.99),ADDR(0.99)
140737013981312:g_strerror:INT(0)
140737013982480:g_ascii_tolower:INT(0)
140737013982928:g_ascii_strcasecmp:ADDR(0.99),ADDR(0.99)
140737013984944:g_strchug:ADDR(0.99)
140737013985088:g_strchomp:ADDR(0.99)
140737013987264:g_strstr_len:ADDR(0.99),INT(0),ADDR(0.99)
140737013987504:g_strrstr:ADDR(0.99),ADDR(0.99)
140737013989296:g_string_sized_new:INT(0)
140737013989392:g_string_free:ADDR(0.99),INT(0)
140737013990880:g_string_new:INT(0.00321199)
140737013991376:g_string_insert_c:ADDR(0.99),INT(0),INT(0)
140737013993456:g_string_erase:ADDR(0.99),INT(0),INT(0)
140737013994256:g_string_append_vprintf:ADDR(0.99),ADDR(0.99),ADDR(0.99)
140737013994672:g_string_append_printf:ADDR(0.99),ADDR(0.99),ADDR(0.91),ADDR(0.97),ADDR(0.22),ADDR(0.7)
140737014014864:g_thread_self:
140737014039472:g_unichar_isalnum:INT(0)
140737014046704:g_utf8_find_next_char:ADDR(0.99),INT(0)
140737014047152:g_utf8_get_char:ADDR(0.99)
140737014047824:g_unichar_to_utf8:INT(0),ADDR(0.99)
140737014048064:g_utf8_strchr:ADDR(0.99),INT(0),INT(0)
140737014048256:g_utf8_get_char_validated:ADDR(0.99),INT(0)
140737014052528:g_utf8_validate:ADDR(0.99),INT(0),ADDR(0.78)
140737014066512:g_variant_new_byte:INT(0)
140737014069200:g_variant_get_byte:ADDR(0.99)
140737014072352:g_variant_get_string:ADDR(0.99),ADDR(0.38)
140737014079824:g_variant_builder_clear:ADDR(0.99)
140737014080208:g_variant_builder_init:ADDR(0.99),ADDR(0.99)
140737014081008:g_variant_builder_add_value:ADDR(0.99),ADDR(0.99)
140737014081600:g_variant_builder_end:ADDR(0.99)
140737014084640:g_variant_format_string_scan:ADDR(0.99),INT(0),ADDR(0.99)
140737014087680:g_variant_format_string_scan_type:ADDR(0.99),INT(0),ADDR(0.99)
140737014093952:g_variant_new_from_bytes:ADDR(0.99),ADDR(0.99),INT(0)
140737014094272:g_variant_unref:ADDR(0.99)
140737014094864:g_variant_ref:ADDR(0.99)
140737014094976:g_variant_ref_sink:ADDR(0.99)
140737014095328:g_variant_get_size:ADDR(0.99)
140737014095392:g_variant_get_data:ADDR(0.99)
140737014095584:g_variant_n_children:ADDR(0.99)
140737014095680:g_variant_get_child_value:ADDR(0.99),INT(0)
140737014112112:g_variant_serialised_n_children:
140737014112608:g_variant_serialised_get_child:ADDR(0.99),INT(0)
140737014117824:g_variant_serialiser_is_string:ADDR(0.99),INT(0)
140737014121184:g_variant_type_info_get_type_string:ADDR(0.99)
140737014121248:g_variant_type_info_query:ADDR(0.99),ADDR(0.98),ADDR(0.98)
140737014121392:g_variant_type_info_n_members:ADDR(0.99)
140737014121424:g_variant_type_info_member_info:ADDR(0.99),INT(0)
140737014121488:g_variant_type_info_ref:ADDR(0.99)
140737014121616:g_variant_type_info_get:ADDR(0.980198)
140737014122688:g_variant_type_info_unref:ADDR(0.99)
140737014123104:g_variant_type_string_scan:ADDR(0.970588),INT(0),ADDR(0.970588)
140737014123488:g_variant_type_string_is_valid:ADDR(0.99)
140737014123600:g_variant_type_get_string_length:ADDR(0.99)
140737014123712:g_variant_type_copy:ADDR(0.99)
140737014123824:g_variant_type_peek_string:ADDR(0.99)
140737014123984:g_variant_type_is_definite:ADDR(0.99)
140737014124144:g_variant_type_is_container:ADDR(0.99)
140737014124528:g_variant_type_is_tuple:ADDR(0.99)
140737014124624:g_variant_type_is_dict_entry:ADDR(0.99)
140737014125376:g_variant_type_element:ADDR(0.99)
140737014125504:g_variant_type_first:ADDR(0.99)
140737014125648:g_variant_type_next:ADDR(0.99)
140737014125840:g_variant_type_key:ADDR(0.99)
140737014126928:g_variant_type_new_dict_entry:ADDR(0.99),ADDR(0.99)
140737014127152:g_variant_type_checked_:ADDR(0.99)
140737014128864:g_vasprintf:ADDR(0.99),ADDR(0.99),ADDR(0.99)
140737014131056:g_mutex_lock:ADDR(0.99)
140737014131104:g_mutex_unlock:ADDR(0.99)
140737014131152:g_mutex_trylock:ADDR(0.99)
140737014131792:g_cond_broadcast:ADDR(0.99)
140736984410528:webkit_web_settings_get_type:
140736973626624:gtk_accel_group_get_type:
140736973628336:gtk_accel_group_from_accel_closure:ADDR(0.99)
140736973630384:gtk_accelerator_name:INT(0),INT(0)
140736973631952:gtk_accel_group_connect_by_path:ADDR(0.99),ADDR(0.99),ADDR(0.99)
140736973633744:gtk_accelerator_get_default_mod_mask:
140736973634704:gtk_accel_label_get_type:
140736973635184:gtk_accel_label_set_accel_closure:ADDR(0.99),ADDR(0.3)
140736973639504:gtk_accel_map_lookup_entry:ADDR(0.99),ADDR(0.99)
140736973639792:gtk_accel_map_add_entry:ADDR(0.99),INT(0),INT(0)
140736973647664:gtk_action_get_type:
140736973650000:gtk_action_get_name:ADDR(0.99)
140736973650096:gtk_action_is_sensitive:ADDR(0.99)
140736973650672:gtk_action_is_visible:ADDR(0.99)
140736973653648:gtk_action_get_stock_id:ADDR(0.99)
140736973655328:gtk_action_set_accel_path:ADDR(0.99),ADDR(0.99)
140736973655440:gtk_action_get_accel_path:ADDR(0.779528)
140736973655648:gtk_action_set_accel_group:ADDR(0.99),ADDR(0.99)
140736973655824:gtk_action_connect_accelerator:ADDR(0.99)
140736973657744:gtk_action_group_get_type:
140736973658896:gtk_action_group_get_sensitive:ADDR(0.99)
140736973659184:gtk_action_group_get_visible:ADDR(0.99)
140736973663360:gtk_activatable_get_type:
140736973664048:gtk_activatable_get_related_action:ADDR(0.99)
140736973664576:gtk_activatable_get_use_action_appearance:ADDR(0.99),ADDR(0.99),INT(0),INT(0),ADDR(0.99),INT(0)
140736973665840:gtk_adjustment_get_type:
140736973704096:gtk_binding_entry_add_signal:ADDR(0.99),INT(0),INT(0),ADDR(0.99),INT(0),ADDR(0.56)
140736973708752:gtk_box_get_type:
140736973740672:gtk_button_get_type:
140736973743792:gtk_button_set_relief:ADDR(0.99),INT(0)
140736973902448:gtk_container_get_type:
140736973942192:gtk_entry_get_type:
140736973988128:gtk_entry_buffer_get_type:
140736974168144:gtk_gc_get:INT(0),ADDR(0.99),ADDR(0.99),INT(0)
140736974197184:gtk_icon_source_copy:ADDR(0.99)
140736974197936:gtk_icon_set_ref:ADDR(0.99)
140736974198432:gtk_icon_set_unref:ADDR(0.99)
140736974198672:gtk_icon_factory_get_type:
140736974198896:gtk_icon_factory_add:ADDR(0.99),ADDR(0.99),ADDR(0.99)
140736974202320:gtk_icon_set_new:
140736974202768:gtk_icon_set_add_source:ADDR(0.99),ADDR(0.99)
140736974205472:gtk_icon_factory_lookup_default:ADDR(0.980198)
140736974285920:gtk_image_get_type:
140736974298752:gtk_image_menu_item_get_type:
140736974301488:gtk_image_menu_item_get_image:ADDR(0.99)
140736974347296:gtk_label_get_type:
140736974399520:gtk_grab_remove:ADDR(0.99)
140736974425536:gtk_menu_get_type:
140736974463024:gtk_menu_item_get_type:
140736974467264:gtk_menu_item_get_submenu:ADDR(0.99)
140736974474752:gtk_menu_shell_get_type:
140736974493120:gtk_misc_get_type:
140736974493264:gtk_misc_set_alignment:ADDR(0.916667)
140736974514272:gtk_notebook_get_type:
140736974558432:gtk_object_get_type:
140736974687712:gtk_rc_style_get_type:
140736974694400:gtk_rc_parse_state:ADDR(0.99),ADDR(0.99)
140736974695040:gtk_rc_parse_color_full:ADDR(0.99),ADDR(0.99),ADDR(0.99)
140736974813968:gtk_separator_menu_item_get_type:
140736974814672:gtk_separator_tool_item_get_type:
140736974821216:gtk_settings_get_for_screen:ADDR(0.99)
140736974903440:gtk_style_get_type:
140736974951296:gtk_tearoff_menu_item_get_type:
140736975178080:gtk_toggle_action_get_type:
140736975187376:gtk_toolbar_get_type:
140736975215104:gtk_tool_button_get_type:
140736975221168:gtk_tool_item_get_type:
140736975221616:gtk_tool_item_get_icon_size:ADDR(0.99)
140736975221904:gtk_tool_item_get_toolbar_style:ADDR(0.99)
140736975222048:gtk_tool_item_get_relief_style:ADDR(0.99)
140736975222192:gtk_tool_item_get_text_alignment:ADDR(0.980198)
140736975225536:gtk_tool_item_rebuild_menu:ADDR(0.99)
140736975253904:gtk_tool_shell_get_type:
140736975511872:gtk_widget_get_type:
140736975512480:gtk_widget_child_notify:ADDR(0.99),ADDR(0.99)
140736975515648:gtk_widget_list_accel_closures:ADDR(0.99)
140736975517472:gtk_widget_get_can_focus:ADDR(0.99)
140736975518144:gtk_widget_has_grab:ADDR(0.99)
140736975518272:gtk_widget_get_name:ADDR(0.773438)
140736975518384:gtk_widget_get_state:ADDR(0.99)
140736975518480:gtk_widget_get_visible:ADDR(0.99)
140736975518576:gtk_widget_set_has_window:ADDR(0.99),INT(0)
140736975518704:gtk_widget_get_has_window:ADDR(0.99)
140736975519456:gtk_widget_is_toplevel:ADDR(0.99)
140736975519824:gtk_widget_get_realized:ADDR(0.99)
140736975522640:gtk_widget_get_mapped:ADDR(0.99)
140736975523488:gtk_widget_is_drawable:ADDR(0.99)
140736975524208:gtk_widget_get_double_buffered:ADDR(0.99)
140736975525024:gtk_widget_get_sensitive:ADDR(0.99)
140736975525120:gtk_widget_is_sensitive:ADDR(0.99)
140736975525616:gtk_widget_get_parent:ADDR(0.99)
140736975525856:gtk_widget_has_rc_style:ADDR(0.99)
140736975526208:gtk_widget_get_default_style:
140736975526544:gtk_widget_set_parent_window:ADDR(0.99),INT(0)
140736975528800:gtk_widget_get_toplevel:ADDR(0.99)
140736975529328:gtk_widget_is_focus:ADDR(0.99)
140736975529920:gtk_widget_get_screen:ADDR(0.970588)
140736975530768:gtk_widget_has_screen:ADDR(0.99)
140736975533280:gtk_widget_get_direction:ADDR(0.99)
140736975539072:gtk_widget_unparent:ADDR(0.99)
140736975541648:gtk_widget_style_get_valist:ADDR(0.99),ADDR(0.99),ADDR(0.99)
140736975542368:gtk_widget_style_get:ADDR(0.99),ADDR(0.99),ADDR(0.99),ADDR(0.06),ADDR(0.99),ADDR(0.32)
140736975543616:gtk_widget_show:ADDR(0.868421)
140736975544608:gtk_widget_set_can_focus:ADDR(0.99),INT(0)
140736975545616:gtk_widget_ensure_style:ADDR(0.970588)
140736975550160:gtk_widget_set_parent:ADDR(0.99),ADDR(0.99)
140736975551488:gtk_widget_set_sensitive:ADDR(0.99),INT(0)
140736975566176:gtk_widget_get_no_show_all:ADDR(0.99)
140736975582288:gtk_window_get_type:
140736970456160:gdk_display_get_type:
140736970462800:gdk_drawable_get_type:
140736970464576:gdk_draw_line:ADDR(0.99),ADDR(0.99),INT(0),INT(0),INT(0),INT(0)
140736970475280:gdk_event_new:INT(0.47)
140736970480448:gdk_gc_get_type:
140736970517968:gdk_pixmap_get_type:
140736970530592:gdk_region_new:
140736970530816:gdk_region_rectangle:ADDR(0.99)
140736970530944:gdk_region_copy:ADDR(0.99)
140736970531440:gdk_region_offset:ADDR(0.99),INT(0.52),INT(0.54)
140736970533088:gdk_region_empty:ADDR(0.99)
140736970533152:gdk_region_equal:ADDR(0.99),ADDR(0.99)
140736970556304:gdk_screen_get_type:
140736970570064:gdk_window_object_get_type:
140736970577872:gdk_window_is_viewable:ADDR(0.99)
140736970627328:gdk_colormap_get_type:
140736970631280:gdk_colormap_alloc_colors:ADDR(0.99),ADDR(0.99),INT(0),INT(0),INT(0),ADDR(0.99)
140736970713168:gdk_keyval_convert_case:INT(0),ADDR(0.99),INT(0)
140736970726224:gdk_x11_atom_to_xatom_for_display:ADDR(0.99),INT(0)
140736970753504:gdk_window_impl_x11_get_type:
140736968098880:gdk_pixbuf_get_type:
140736964223088:__isinf:
140736964223152:isnan:
140736964245552:getenv:ADDR(0.99)
140736964251008:random_r:ADDR(0.99),ADDR(0.99)
140736964304112:_IO_vfprintf:ADDR(0.99),ADDR(0.99),ADDR(0.99)
140736964326112:__printf_fp:ADDR(0.99),ADDR(0.99),ADDR(0.99)
140736964347632:_IO_vfscanf:ADDR(0.99),ADDR(0.99),ADDR(0.99),INT(0)
140736964463120:vsscanf:ADDR(0.99),ADDR(0.99),ADDR(0.99)
140736964475376:fgets_unlocked:ADDR(0.99),INT(0),ADDR(0.99)
140736964500416:_IO_file_init:ADDR(0.99)
140736964501152:_IO_file_fopen:ADDR(0.99),ADDR(0.98),ADDR(0.99)
140736964504208:_IO_un_link:ADDR(0.99)
140736964504816:_IO_link_in:ADDR(0.99)
140736964505968:_IO_switch_to_get_mode:ADDR(0.99)
140736964506880:_IO_setb:ADDR(0.99),ADDR(0.93),ADDR(0.93),INT(0)
140736964509264:_IO_sputbackc:ADDR(0.99),INT(0)
140736964561216:__strerror_r:INT(0),INT(0),INT(0)
140736964561600:strlen:ADDR(0.97)
140736964562048:strnlen:ADDR(0.99),INT(0)
140736964574224:memchr:ADDR(0.75),INT(0),INT(0)
140736964576704:memset:ADDR(0.99),INT(0),INT(0),INT(0.01),ADDR(0.99)
140736964606128:rawmemchr:ADDR(0.99),INT(0)
140736964606656:strchrnul:ADDR(0.97),INT(0)
140736964607344:__argz_count:ADDR(0.99),INT(0)
140736964608384:argz_stringify:ADDR(0.99),INT(0),INT(0)
140736964965904:open:
140736965003712:mmap:ADDR(0.13),ADDR(0.14),INT(0),INT(0)
140736965007328:tfind:ADDR(0.99),ADDR(0.99),ADDR(0.99)
140736965087648:__vsnprintf_chk:ADDR(0.99),INT(0),INT(0),INT(0),ADDR(0.99),ADDR(0.99)
140736965271664:_dl_mcount_wrapper_check:
140736960454512:xmlNextChar:ADDR(0.99)
140736960481312:xmlSkipBlankChars:ADDR(0.99)
140736960487872:xmlParseName:ADDR(0.99)
140736960500544:xmlParseAttribute:ADDR(0.99),ADDR(0.99)
140736960501008:xmlParseStartTag:ADDR(0.99)
140736960504704:xmlParseCharData:ADDR(0.99),INT(0)
140736960940496:xmlStrndup:ADDR(0.99),INT(0)
140736960940928:xmlStrEqual:ADDR(0.99),ADDR(0.99)
140736960946960:xmlBufUse:ADDR(0.99)
140736961270112:xmlDictLookup:ADDR(0.99),ADDR(0.99),INT(0)
140736957424336:sqlite3_mutex_enter:ADDR(0.585799)
140736957424400:sqlite3_mutex_leave:ADDR(0.589286)
140736957425808:sqlite3_stricmp:ADDR(0.99),ADDR(0.99)
140736957425920:sqlite3_strnicmp:ADDR(0.99),ADDR(0.99),INT(0)
140736957433632:sqlite3_column_count:ADDR(0.99)
140736957462912:sqlite3_free:ADDR(0.693069)
140736957518912:sqlite3_initialize:
140736957620432:sqlite3_column_text:ADDR(0.99),INT(0)
140736957744064:sqlite3_finalize:ADDR(0.99)
140736957844528:sqlite3_step:ADDR(0.99)
140736946776640:g_cancellable_is_cancelled:ADDR(0.41)
140736946776672:g_cancellable_set_error_if_cancelled:ADDR(0.4),ADDR(0.96)
140736946822480:g_file_get_type:
140736946873200:g_file_attribute_matcher_unref:ADDR(0.970297)
140736946873904:g_file_info_get_type:
140736946908704:g_inet_address_get_type:
140736946917424:g_initable_get_type:
140736946917888:g_initable_new_valist:ADDR(0.99),ADDR(0.98),ADDR(0.99),INT(0),ADDR(0.84)
140736946918048:g_initable_new:ADDR(0.99),INT(0),ADDR(0.84),ADDR(0.98),ADDR(0.96),ADDR(0.96)
140736947005152:g_simple_async_result_get_type:
140736947012160:g_socket_get_type:
140736947086576:g_tls_backend_get_type:
140736947388160:g_dbus_message_get_type:
140736938517696:cairo_move_to:ADDR(0.99)
140736938517744:cairo_line_to:ADDR(0.99)
140736938517792:cairo_curve_to:ADDR(0.99)
140736938518496:cairo_close_path:ADDR(0.99)
140736938612896:cairo_matrix_init_identity:ADDR(0.99)
140736938613248:cairo_matrix_multiply:ADDR(0.99),ADDR(0.99),ADDR(0.99)
140736938613824:cairo_matrix_transform_distance:ADDR(0.99),ADDR(0.99),ADDR(0.99)
140736938613888:cairo_matrix_transform_point:ADDR(0.99),ADDR(0.99),ADDR(0.99)
140736938614848:cairo_matrix_invert:ADDR(0.99)
140736938702480:cairo_pattern_reference:ADDR(0.99)
140736938702576:cairo_pattern_destroy:ADDR(0.99)
140736938775584:cairo_region_destroy:ADDR(0.19)
140736938784096:cairo_scaled_font_reference:INT(0)
140736938784160:cairo_scaled_font_destroy:ADDR(0.07)
140736938815328:cairo_surface_reference:ADDR(0.99)
140736938816832:cairo_surface_destroy:ADDR(0.72)
140736936042112:pango_font_description_copy_static:ADDR(0.99)
140736936044528:pango_font_get_type:
140736936054800:pango_attr_list_unref:ADDR(0.507692)
140736936055456:pango_attribute_init:ADDR(0.99),ADDR(0.99)
140736936058192:pango_attr_list_new:
140736936069440:pango_context_get_type:
140736936072880:pango_context_get_serial:ADDR(0.99)
140736936073568:pango_coverage_get:ADDR(0.99),INT(0)
140736936077600:pango_font_map_get_type:
140736936080112:pango_fontset_get_type:
140736936092752:pango_layout_get_type:
140736928301872:_ZN3JSC12opcodeLengthENS_8OpcodeIDE:INT(0)
140736928302624:_ZN3JSC4Heap12writeBarrierEPKNS_6JSCellEPS1_:ADDR(0.99)
140736928359408:_ZN3JSC25UnlinkedInstructionStream6Reader4nextEv:ADDR(0.99)
140736928371232:_ZN3JSC17BytecodeGenerator10emitOpcodeENS_8OpcodeIDE:ADDR(0.99),INT(0)
140736929818640:_ZN3JSC4Heap22incrementDeferralDepthEv:ADDR(0.99)
140736929818704:_ZN3JSC4Heap22decrementDeferralDepthEv:ADDR(0.99)
140736929818768:_ZN3JSC4Heap12writeBarrierEPKNS_6JSCellE:
140736929874864:_ZN3JSC17weakClearSlowCaseERPNS_8WeakImplE:ADDR(0.99)
140736930192544:_ZN3JSC7JITCodeC1ENS0_7JITTypeE:ADDR(0.99),INT(0)
140736930192736:_ZN3JSC13DirectJITCodeC1ENS_21MacroAssemblerCodeRefENS_7JITCode7JITTypeE:ADDR(0.99),ADDR(0.99),INT(0)
140736930192816:_ZN3JSC7JITCode12hostFunctionENS_21MacroAssemblerCodeRefE:ADDR(0.99),ADDR(0.99)
140736930194176:_ZN3JSC3JITC1EPNS_2VMEPNS_9CodeBlockE:ADDR(0.99),ADDR(0.99),INT(0)
140736930239872:_ZN3JSC3JIT27privateCompileCTINativeCallEPNS_2VMEPFlPNS_9ExecStateEE:ADDR(0.99),ADDR(0.99),ADDR(0.99)
140736930378624:_ZN3JSC9JITThunks7ctiStubEPNS_2VMEPFNS_21MacroAssemblerCodeRefES2_E:ADDR(0.99),ADDR(0.99),ADDR(0.99),ADDR(0.99)
140736930379536:_ZN3JSC9JITThunks18ctiNativeConstructEPNS_2VME:ADDR(0.99),ADDR(0.99)
140736930384416:_ZNK3WTF7HashMapISt4pairIPFlPN3JSC9ExecStateEES6_ENS2_4WeakINS2_16NativeExecutableEEENS_8PairHashIS6_S6_EENS_10HashTraitsIS7_EENSD_ISA_EEE3getERKS7_:ADDR(0.99),ADDR(0.99)
140736930386544:_ZN3WTF7HashMapISt4pairIPFlPN3JSC9ExecStateEES6_ENS2_4WeakINS2_16NativeExecutableEEENS_8PairHashIS6_S6_EENS_10HashTraitsIS7_EENSD_ISA_EEE9inlineSetIRKS7_SA_EENS_18HashTableAddResultINS_17HashTableIteratorIS7_NS_12KeyValuePairIS7_SA_EENS_24KeyValuePairKeyExtractorISN_EESC_NSG_18KeyValuePairTraitsESE_EEEEOT_OT0_:ADDR(0.99),ADDR(0.99),ADDR(0.99),ADDR(0.99)
140736930624336:_ZN3JSC5LexerIhE3lexEPNS_7JSTokenEjb:ADDR(0.99),ADDR(0.99),INT(0),INT(0)
140736930708976:_ZN3JSC6ParserINS_5LexerIhEEE10strictModeEv:ADDR(0.99)
140736931452960:_ZN3JSC10Identifier3addEPNS_2VMEPKc:ADDR(0.99),ADDR(0.99),ADDR(0.99)
140736931453968:_ZN3JSC15IdentifierTable3addIPKhNS_31IdentifierASCIIStringTranslatorEEEN3WTF18HashTableAddResultINS5_17HashTableIteratorIPNS5_10StringImplES9_NS5_17IdentityExtractorENS5_10StringHashENS5_10HashTraitsIS9_EESD_EEEET_:ADDR(0.99),ADDR(0.99),ADDR(0.99)
140736931547680:_ZN3JSC10JSFunctionC2ERNS_2VMEPNS_14JSGlobalObjectEPNS_9StructureE:ADDR(0.99),ADDR(0.99),ADDR(0.99),ADDR(0.99)
140736931548064:_ZN3JSC10JSFunction14finishCreationERNS_2VMEPNS_16NativeExecutableEiRKN3WTF6StringE:ADDR(0.99),ADDR(0.99),ADDR(0.99),INT(0),ADDR(0.99)
140736931554384:_ZN3JSC10JSFunction6createERNS_2VMEPNS_14JSGlobalObjectEiRKN3WTF6StringEPFlPNS_9ExecStateEENS_9IntrinsicESC_:ADDR(0.99),ADDR(0.99),INT(0),ADDR(0.99),ADDR(0.99),INT(0)
140736931706832:_ZN3JSC21getCallableObjectSlowEPNS_6JSCellE:ADDR(0.99)
140736931720224:_ZN3JSC8JSObject20growOutOfLineStorageERNS_2VMEmm:ADDR(0.99),ADDR(0.99),INT(0),INT(0)
140736932217520:_ZN3JSC12SmallStrings27createSingleCharacterStringEPNS_2VMEh:ADDR(0.99),ADDR(0.99),INT(0)
140736932281920:_ZN3JSC9StructureC1ERNS_2VMEPKS0_:ADDR(0.99),ADDR(0.99),ADDR(0.99)
140736932284640:_ZN3JSC9Structure3pinEv:ADDR(0.99)
140736932285616:_ZN3JSC9Structure16putSpecificValueERNS_2VMENS_12PropertyNameEjPNS_6JSCellE:ADDR(0.99),ADDR(0.99),ADDR(0.99),INT(0),ADDR(0.83)
140736932287616:_ZNK3JSC9ClassInfo35hasStaticSetterOrReadonlyPropertiesERNS_2VME:ADDR(0.99),ADDR(0.99)
140736932287696:_ZN3JSC9StructureC1ERNS_2VMEPNS_14JSGlobalObjectENS_7JSValueERKNS_8TypeInfoEPKNS_9ClassInfoEhj:ADDR(0.99),ADDR(0.99),ADDR(0.68),ADDR(0.61),ADDR(0.99),ADDR(0.99)
140736932293472:_ZN3JSC9Structure28addPropertyWithoutTransitionERNS_2VMENS_12PropertyNameEjPNS_6JSCellE:ADDR(0.99),ADDR(0.99),ADDR(0.99),INT(0),ADDR(0.5)
140736932294416:_ZN3JSC9Structure3getERNS_2VMENS_12PropertyNameERjRPNS_6JSCellE:ADDR(0.99),ADDR(0.99),ADDR(0.99),ADDR(0.99),ADDR(0.99)
140736932297984:_ZN3JSC9Structure32takePropertyTableOrCloneIfPinnedERNS_2VMEPS0_:ADDR(0.99),ADDR(0.99),ADDR(0.99)
140736932302000:_ZN3JSC9Structure21addPropertyTransitionERNS_2VMEPS0_NS_12PropertyNameEjPNS_6JSCellERiNS_15PutPropertySlot7ContextE:ADDR(0.99),ADDR(0.99),ADDR(0.99),INT(0),ADDR(0.83),ADDR(0.99)
140736932307088:_ZN3JSC24StructureTransitionTable3addERNS_2VMEPNS_9StructureE:ADDR(0.99),ADDR(0.99),ADDR(0.99)
140736932634384:_ZN3WTF19isCompilationThreadEv:
140736932636144:_ZN3WTF29cryptographicallyRandomNumberEv:
140736932656320:_ZN3WTF25TCMalloc_Central_FreeList14FetchFromSpansEv:ADDR(0.99)
140736932657024:_ZN3WTF20TCMalloc_ThreadCache14PickNextSampleEm:ADDR(0.99),INT(0)
140736932660288:_ZN3WTF10fastMallocEm:INT(0)
140736932664160:_ZN3WTF16fastZeroedMallocEm:INT(0)
140736932668272:_ZN3WTF8fastFreeEPv:ADDR(0.89)
140736932827408:_ZN3WTF13CStringBuffer19createUninitializedEm:ADDR(0.99),INT(0)
140736932832928:_ZN3WTF10StringImpl17createFromLiteralEPKcj:ADDR(0.99),ADDR(0.99),INT(0)
140736932832992:_ZN3WTF10StringImpl17createFromLiteralEPKc:ADDR(0.99),ADDR(0.99)
140736932833664:_ZN3WTF10StringImpl6createEPKhj:ADDR(0.99),ADDR(0.99),INT(0)
140736932833824:_ZN3WTF10StringImpl6createEPKh:ADDR(0.99),ADDR(0.99)
140736932847488:_ZN3WTF5equalEPKNS_10StringImplEPKhj:ADDR(0.99),ADDR(0.99),INT(0)
140736932847968:_ZN3WTF5equalEPKNS_10StringImplEPKh:ADDR(0.99),ADDR(0.99)
140736932848160:_ZN3WTF12equalNonNullEPKNS_10StringImplES2_:ADDR(0.99),ADDR(0.99)
140736932853152:_ZN3WTF10StringImplD1Ev:ADDR(0.99)
140736932858416:_ZNK3WTF10StringImpl12hashSlowCaseEv:ADDR(0.99)
140736932860480:_ZN3WTF6StringC1EPKc:ADDR(0.99),ADDR(0.99)
140736913445952:hb_ot_layout_language_find_feature:ADDR(0.99),INT(0.99),INT(0),INT(0),INT(0.99),ADDR(0.99)
140736877818384:FcConfigAddRule:ADDR(0.99),ADDR(0.99),INT(0)
140736877862480:FcFontSetAdd:ADDR(0.99),ADDR(0.99)
140736877869200:FcLangSetHasLang:ADDR(0.99),ADDR(0.99)
140736877884016:FcNameGetObjectType:ADDR(0.99)
140736877887728:FcValueDestroy:INT(0),ADDR(0.291176)
140736877887952:FcValueSave:INT(0),ADDR(0.91)
140736877900816:FcStrCmpIgnoreCase:ADDR(0.99),ADDR(0.99)
140736877902048:FcStrStrIgnoreCase:ADDR(0.99),ADDR(0.99)
140736877903632:FcStrSetMember:ADDR(0.99),ADDR(0.99)
140736877904080:FcStrSetAdd:ADDR(0.99),ADDR(0.99)
140736877904736:FcStrSetDestroy:ADDR(0.99)
140736877904848:FcStrListCreate:ADDR(0.99)
140736877905904:FcStrListNext:ADDR(0.99)
140736875076176:FT_MSB:INT(0)
140736875076368:FT_MulDiv:INT(0),INT(0),INT(0)
140736875076944:FT_MulFix:
140736875077120:FT_DivFix:INT(0),INT(0)
140736875078224:ft_corner_is_flat:INT(0),INT(0),INT(0),INT(0)
140736875078352:FT_GlyphLoader_Rewind:ADDR(0.99)
140736875081824:FT_Get_Next_Char:ADDR(0.99),INT(0),ADDR(0.99)
140736875086496:FT_Outline_Check:ADDR(0.99)
140736875086768:FT_Outline_Get_CBox:ADDR(0.99),ADDR(0.99)
140736875087440:FT_Vector_Transform:ADDR(0.99),ADDR(0.99)
140736875087648:FT_Outline_Get_Orientation:ADDR(0.99)
140736875088144:FT_Stream_Seek:ADDR(0.99),INT(0)
140736875088416:FT_Stream_Pos:ADDR(0.99)
140736875088736:FT_Stream_GetUShort:ADDR(0.99)
140736875088880:FT_Stream_GetULong:ADDR(0.99)
140736875089136:FT_Stream_ReadUShort:ADDR(0.99),ADDR(0.99)
140736875093088:ft_mem_qalloc:ADDR(0.99),INT(0),ADDR(0.99)
140736875093152:ft_mem_alloc:ADDR(0.99),INT(0),ADDR(0.99)
140736875094080:ft_mem_free:ADDR(0.99),INT(0)
140736875094960:ft_glyphslot_free_bitmap:ADDR(0.99)
140736875095088:FT_Load_Glyph:ADDR(0.980198),INT(0),INT(0)
140736875099760:FT_Stream_EnterFrame:ADDR(0.99),INT(0)
140736875100080:FT_Stream_ExitFrame:ADDR(0.99)
140736855745968:XRenderFindDisplay:ADDR(0.99)
140736850087328:_XSend:ADDR(0.99),ADDR(0.17),INT(0)
140736850094768:_XIsEventCookie:ADDR(0.99),ADDR(0.99)
140736850098464:_XVIDtoVisual:ADDR(0.99),INT(0)
140736850098784:_XData32:ADDR(0.99),ADDR(0.99),INT(0)
140736850099232:_XGetRequest:ADDR(0.99),INT(0),INT(0)
140736850147104:_XlcGetCharSet:ADDR(0.99)
140736841379648:__hypot_finite:
140736836991744:pango_cairo_context_get_resolution:ADDR(0.99)
140736761473392:XmlInitEncoding:ADDR(0.99),ADDR(0.99),ADDR(0.49)
140736452081456:murrine_rc_style_get_type:
140734898955568:asn1_length_der:INT(0),ADDR(0.49),ADDR(0.99)
140734898955728:asn1_octet_der:ADDR(0.99),INT(0),ADDR(0.99),ADDR(0.99)
140734898961216:asn1_get_length_der:ADDR(0.99),INT(0),ADDR(0.99)
140734898962768:asn1_get_tag_der:ADDR(0.99),INT(0),ADDR(0.99),ADDR(0.99),ADDR(0.99)
140734898963280:asn1_get_length_ber:ADDR(0.99),INT(0),ADDR(0.99)
140734898982064:asn1_find_node:ADDR(0.99),ADDR(0.99)
140734368008880:rsvg_css_parse_color:ADDR(0.99),ADDR(0.15)
140734368011248:rsvg_defs_lookup:ADDR(0.99),ADDR(0.99)
140737016857312:g_closure_new_simple:INT(0),ADDR(0.77)
140737016857472:g_closure_set_meta_marshal:ADDR(0.99),INT(0),ADDR(0.99)
140737016857696:g_closure_add_marshal_guards:ADDR(0.99),ADDR(0.99),ADDR(0.99),ADDR(0.99),ADDR(0.99)
140737016858944:g_closure_add_invalidate_notifier:ADDR(0.99),ADDR(0.99),ADDR(0.99)
140737016859280:g_closure_ref:ADDR(0.99)
140737016859552:g_closure_unref:ADDR(0.99)
140737016859920:g_closure_invalidate:ADDR(0.779528)
140737016860304:g_closure_sink:ADDR(0.220982)
140737016860464:g_closure_remove_invalidate_notifier:ADDR(0.99),ADDR(0.99),ADDR(0.99)
140737016862320:g_closure_set_marshal:ADDR(0.99),ADDR(0.99)
140737016862576:g_cclosure_new:ADDR(0.98),ADDR(0.78),INT(0)
140737016862704:g_cclosure_new_swap:ADDR(0.99),ADDR(0.99),INT(0)
140737016862976:g_signal_type_cclosure_new:ADDR(0.98),INT(0)
140737016868384:g_enum_get_value:ADDR(0.99),INT(0.02)
140737016879712:g_object_ref:ADDR(0.99)
140737016880144:g_object_unref:ADDR(0.99)
140737016889056:g_object_newv:ADDR(0.99),INT(0),INT(0)
140737016889712:g_object_new_valist:ADDR(0.99),ADDR(0.98),ADDR(0.99)
140737016891600:g_object_set_valist:ADDR(0.99),ADDR(0.99),ADDR(0.99)
140737016893152:g_object_get_valist:ADDR(0.99),ADDR(0.99),ADDR(0.99)
140737016899328:g_object_get_qdata:INT(0.0314685),INT(0)
140737016906288:g_param_spec_ref:ADDR(0.99)
140737016907120:g_param_spec_ref_sink:ADDR(0.99)
140737016907344:g_param_spec_internal:ADDR(0.99),ADDR(0.99),ADDR(0.99),ADDR(0.99),INT(0)
140737016908400:g_param_spec_get_redirect_target:ADDR(0.99)
140737016909344:g_param_value_validate:ADDR(0.99),ADDR(0.99)
140737016911072:g_param_spec_pool_lookup:ADDR(0.99),ADDR(0.99),ADDR(0.61),INT(0)
140737016912240:g_param_spec_pool_list:ADDR(0.99),ADDR(0.99),ADDR(0.99)
140737016914080:g_param_spec_get_default_value:ADDR(0.99)
140737016942960:g_signal_newv:ADDR(0.99),ADDR(0.98),INT(0),ADDR(0.82),ADDR(0.25),INT(0)
140737016946960:g_signal_new_valist:ADDR(0.99),ADDR(0.98),INT(0),ADDR(0.82),ADDR(0.25),INT(0)
140737016956352:g_signal_connect_data:ADDR(0.99),ADDR(0.98),ADDR(0.98),ADDR(0.71),INT(0),INT(0)
140737016962128:g_signal_emit_valist:ADDR(0.99),INT(0),INT(0),ADDR(0.99)
140737016966240:g_signal_emit:ADDR(0.99),INT(0),INT(0),ADDR(0.94),ADDR(0.05),INT(0.03)
140737016983520:g_type_class_unref:ADDR(0.99)
140737016983744:g_type_class_ref:ADDR(0.73)
140737016985360:g_type_class_peek:ADDR(0.99)
140737016985456:g_type_class_peek_static:ADDR(0.99)
140737016985552:g_type_class_peek_parent:ADDR(0.99)
140737016985792:g_type_interface_peek:ADDR(0.99),ADDR(0.99)
140737016990528:g_type_from_name:ADDR(0.99)
140737016991504:g_type_register_static:ADDR(0.27),ADDR(0.99),ADDR(0.99),INT(0)
140737016992208:g_type_parent:ADDR(0.59)
140737016992272:g_type_depth:ADDR(0.99)
140737016992480:g_type_is_a:ADDR(0.67),ADDR(0.45)
140737016993232:g_type_interfaces:ADDR(0.98),ADDR(0.99)
140737016994512:g_type_test_flags:ADDR(0.97),INT(0)
140737016994896:g_type_create_instance:ADDR(0.99)
140737016996784:g_type_fundamental:ADDR(0.97)
140737016999216:g_type_check_instance_is_a:ADDR(0.99),ADDR(0.27)
140737017000592:g_type_check_class_is_a:ADDR(0.99),INT(0)
140737017001952:g_type_check_instance:ADDR(0.99)
140737017002160:g_type_check_is_value_type:ADDR(0.57)
140737017002592:g_type_check_value:ADDR(0.99)
140737017003008:g_type_check_value_holds:ADDR(0.99),ADDR(0.05)
140737017003504:g_type_value_table_peek:ADDR(0.54)
140737017007680:g_type_module_get_type:
140737017011296:g_value_init:ADDR(0.99),ADDR(0.36)
140737017011552:g_value_reset:ADDR(0.99)
140737017011680:g_value_unset:ADDR(0.99)
140737017011984:g_value_register_transform_func:INT(0),INT(0),ADDR(0.99)
140737017012512:g_value_type_compatible:ADDR(0.71),ADDR(0.71)
140737017012896:g_value_set_instance:ADDR(0.99),ADDR(0.99)
140737017013488:g_value_transform:ADDR(0.99),ADDR(0.99)
140737013685920:g_array_append_vals:ADDR(0.99),ADDR(0.99),INT(0)
140737013687776:g_ptr_array_set_free_func:ADDR(0.99),ADDR(0.99)
140737013688448:g_ptr_array_remove_range:ADDR(0.99),INT(0),INT(0)
140737013688768:g_ptr_array_set_size:ADDR(0.99),INT(0)
140737013689216:g_ptr_array_add:ADDR(0.99),ADDR(0.97),ADDR(0.32),ADDR(0.31)
140737013696224:g_bit_lock:ADDR(0.99),INT(0)
140737013696384:g_bit_unlock:ADDR(0.99),INT(0)
140737013696480:g_pointer_bit_lock:ADDR(0.99),INT(0)
140737013696736:g_pointer_bit_unlock:ADDR(0.99),INT(0)
140737013715808:g_bytes_unref:ADDR(0.99)
140737013716112:g_bytes_get_data:ADDR(0.99),ADDR(0.98)
140737013716176:g_bytes_get_size:ADDR(0.99)
140737013716240:g_bytes_ref:ADDR(0.99)
140737013718160:g_get_charset:ADDR(0.51)
140737013748432:g_get_filename_charsets:ADDR(0.99)
140737013750480:g_filename_display_name:ADDR(0.99)
140737013780720:g_error_new_valist:INT(0),INT(0),ADDR(0.99),ADDR(0.99)
140737013781600:g_set_error:ADDR(0.42),INT(0),INT(0),ADDR(0.99),ADDR(0.99),ADDR(0.55)
140737013781824:g_set_error_literal:ADDR(0.11)
140737013781904:g_propagate_error:ADDR(0.71),ADDR(0.99)
140737013784064:g_file_error_quark:
140737013784112:g_file_error_from_errno:
140737013794112:g_hash_table_lookup:ADDR(0.99),ADDR(0.99)
140737013794864:g_hash_table_contains:ADDR(0.99),INT(0)
140737013795200:g_hash_table_remove_all:ADDR(0.99)
140737013796224:g_hash_table_size:ADDR(0.99)
140737013824864:g_key_file_error_quark:
140737013830368:g_key_file_get_value:ADDR(0.99),ADDR(0.99),ADDR(0.99),ADDR(0.99)
140737013830976:g_key_file_get_string:ADDR(0.99),ADDR(0.99),ADDR(0.99),INT(0.03)
140737013845440:g_list_prepend:ADDR(0.74),ADDR(0.99)
140737013846128:g_list_remove_link:ADDR(0.99),ADDR(0.99)
140737013846784:g_list_nth:ADDR(0.99),INT(0)
140737013847232:g_list_last:ADDR(0.99)
140737013847264:g_list_append:ADDR(0.75),ADDR(0.99)
140737013852048:g_main_context_ref:ADDR(1)
140737013852976:g_main_context_default:
140737013853168:g_source_new:ADDR(0.99),INT(0)
140737013853344:g_source_attach:ADDR(0.99),ADDR(0.76)
140737013856512:g_main_context_find_source_by_id:INT(0),INT(0)
140737013858144:g_get_current_time:ADDR(0.99)
140737013858272:g_get_monotonic_time:
140737013858448:g_main_context_acquire:ADDR(0.99)
140737013859632:g_main_context_prepare:ADDR(0.99),ADDR(0.99)
140737013860448:g_main_context_query:ADDR(0.99),ADDR(0.54),ADDR(0.99),ADDR(0.99),INT(0)
140737013860624:g_main_context_check:ADDR(0.99),ADDR(0.5),ADDR(0.99),INT(0)
140737013861296:g_main_context_dispatch:ADDR(0.99)
140737013865440:g_idle_source_new:
140737013884416:g_malloc:INT(0)
140737013884496:g_malloc0:INT(0)
140737013884576:g_realloc:ADDR(0.36),INT(0)
140737013884672:g_free:ADDR(0.894231)
140737013885328:g_mem_is_system_malloc:
140737013925152:g_quark_to_string:INT(0)
140737013925200:g_intern_string:ADDR(0.99)
140737013929296:g_queue_peek_head:ADDR(0.99)
140737013973488:g_slice_alloc:INT(0)
140737013974880:g_slice_alloc0:INT(0)
140737013974992:g_slice_free1:INT(0),ADDR(0.99)
140737013977072:g_slist_prepend:ADDR(0.24),ADDR(0.99)
140737013977360:g_slist_remove:ADDR(0.99),ADDR(0.99)
140737013977552:g_slist_remove_link:ADDR(0.99),ADDR(0.99)
140737013978128:g_slist_find:ADDR(0.26),ADDR(0.99)
140737013978416:g_slist_last:ADDR(0.99)
140737013978672:g_slist_concat:ADDR(0.99),ADDR(0.83)
140737013978768:g_slist_foreach:ADDR(0.06),ADDR(0.99),INT(0)
140737013979888:g_strdup:ADDR(0.88)
140737013979968:g_memdup:ADDR(0.98),INT(0)
140737013980032:g_strndup:ADDR(0.99),INT(0)
140737013980256:g_strdup_vprintf:ADDR(0.99),ADDR(0.99)
140737013980304:g_strdup_printf:ADDR(0.99),ADDR(0.79),ADDR(0.69),ADDR(0.23),ADDR(0.6),ADDR(0.56)
140737013980864:g_strtod:ADDR(0.99),ADDR(0.99)
140737013981312:g_strerror:INT(0)
140737013982480:g_ascii_tolower:INT(0)
140737013982928:g_ascii_strcasecmp:ADDR(0.99),ADDR(0.99)
140737013984944:g_strchug:ADDR(0.99)
140737013985088:g_strchomp:ADDR(0.99)
140737013987264:g_strstr_len:ADDR(0.99),INT(0),ADDR(0.99)
140737013987504:g_strrstr:ADDR(0.99),ADDR(0.99)
140737013989296:g_string_sized_new:INT(0)
140737013989392:g_string_free:ADDR(0.99),INT(0)
140737013990880:g_string_new:INT(0.00321199)
140737013991376:g_string_insert_c:ADDR(0.99),INT(0),INT(0)
140737013993456:g_string_erase:ADDR(0.99),INT(0),INT(0)
140737013994256:g_string_append_vprintf:ADDR(0.99),ADDR(0.99),ADDR(0.99)
140737013994672:g_string_append_printf:ADDR(0.99),ADDR(0.99),ADDR(0.91),ADDR(0.97),ADDR(0.22),ADDR(0.7)
140737014014864:g_thread_self:
140737014039472:g_unichar_isalnum:INT(0)
140737014046704:g_utf8_find_next_char:ADDR(0.99),INT(0)
140737014047152:g_utf8_get_char:ADDR(0.99)
140737014047824:g_unichar_to_utf8:INT(0),ADDR(0.99)
140737014048064:g_utf8_strchr:ADDR(0.99),INT(0),INT(0)
140737014048256:g_utf8_get_char_validated:ADDR(0.99),INT(0)
140737014052528:g_utf8_validate:ADDR(0.99),INT(0),ADDR(0.78)
140737014066512:g_variant_new_byte:INT(0)
140737014069200:g_variant_get_byte:ADDR(0.99)
140737014072352:g_variant_get_string:ADDR(0.99),ADDR(0.38)
140737014079824:g_variant_builder_clear:ADDR(0.99)
140737014080208:g_variant_builder_init:ADDR(0.99),ADDR(0.99)
140737014081008:g_variant_builder_add_value:ADDR(0.99),ADDR(0.99)
140737014081600:g_variant_builder_end:ADDR(0.99)
140737014084640:g_variant_format_string_scan:ADDR(0.99),INT(0),ADDR(0.99)
140737014087680:g_variant_format_string_scan_type:ADDR(0.99),INT(0),ADDR(0.99)
140737014093952:g_variant_new_from_bytes:ADDR(0.99),ADDR(0.99),INT(0)
140737014094272:g_variant_unref:ADDR(0.99)
140737014094864:g_variant_ref:ADDR(0.99)
140737014094976:g_variant_ref_sink:ADDR(0.99)
140737014095328:g_variant_get_size:ADDR(0.99)
140737014095392:g_variant_get_data:ADDR(0.99)
140737014095584:g_variant_n_children:ADDR(0.99)
140737014095680:g_variant_get_child_value:ADDR(0.99),INT(0)
140737014112112:g_variant_serialised_n_children:
140737014112608:g_variant_serialised_get_child:ADDR(0.99),INT(0)
140737014117824:g_variant_serialiser_is_string:ADDR(0.99),INT(0)
140737014121184:g_variant_type_info_get_type_string:ADDR(0.99)
140737014121248:g_variant_type_info_query:ADDR(0.99),ADDR(0.98),ADDR(0.98)
140737014121392:g_variant_type_info_n_members:ADDR(0.99)
140737014121424:g_variant_type_info_member_info:ADDR(0.99),INT(0)
140737014121488:g_variant_type_info_ref:ADDR(0.99)
140737014121616:g_variant_type_info_get:ADDR(0.980198)
140737014122688:g_variant_type_info_unref:ADDR(0.99)
140737014123104:g_variant_type_string_scan:ADDR(0.970588),INT(0),ADDR(0.970588)
140737014123488:g_variant_type_string_is_valid:ADDR(0.99)
140737014123600:g_variant_type_get_string_length:ADDR(0.99)
140737014123712:g_variant_type_copy:ADDR(0.99)
140737014123824:g_variant_type_peek_string:ADDR(0.99)
140737014123984:g_variant_type_is_definite:ADDR(0.99)
140737014124144:g_variant_type_is_container:ADDR(0.99)
140737014124528:g_variant_type_is_tuple:ADDR(0.99)
140737014124624:g_variant_type_is_dict_entry:ADDR(0.99)
140737014125376:g_variant_type_element:ADDR(0.99)
140737014125504:g_variant_type_first:ADDR(0.99)
140737014125648:g_variant_type_next:ADDR(0.99)
140737014125840:g_variant_type_key:ADDR(0.99)
140737014126928:g_variant_type_new_dict_entry:ADDR(0.99),ADDR(0.99)
140737014127152:g_variant_type_checked_:ADDR(0.99)
140737014128864:g_vasprintf:ADDR(0.99),ADDR(0.99),ADDR(0.99)
140737014131056:g_mutex_lock:ADDR(0.99)
140737014131104:g_mutex_unlock:ADDR(0.99)
140737014131152:g_mutex_trylock:ADDR(0.99)
140737014131792:g_cond_broadcast:ADDR(0.99)
140736984410528:webkit_web_settings_get_type:
140736984418624:webkit_web_view_get_type:
140736973626624:gtk_accel_group_get_type:
140736973628336:gtk_accel_group_from_accel_closure:ADDR(0.99)
140736973630384:gtk_accelerator_name:INT(0),INT(0)
140736973631952:gtk_accel_group_connect_by_path:ADDR(0.99),ADDR(0.99),ADDR(0.99)
140736973633744:gtk_accelerator_get_default_mod_mask:
140736973634704:gtk_accel_label_get_type:
140736973635184:gtk_accel_label_set_accel_closure:ADDR(0.99),ADDR(0.3)
140736973635712:gtk_accel_label_set_accel_widget:ADDR(0.480583),ADDR(0.252427)
140736973639504:gtk_accel_map_lookup_entry:ADDR(0.99),ADDR(0.99)
140736973639792:gtk_accel_map_add_entry:ADDR(0.99),INT(0),INT(0)
140736973647664:gtk_action_get_type:
140736973648368:gtk_action_block_activate:ADDR(0.99)
140736973648464:gtk_action_unblock_activate:ADDR(0.99)
140736973650000:gtk_action_get_name:ADDR(0.99)
140736973650096:gtk_action_is_sensitive:ADDR(0.99)
140736973650672:gtk_action_is_visible:ADDR(0.99)
140736973653648:gtk_action_get_stock_id:ADDR(0.99)
140736973655328:gtk_action_set_accel_path:ADDR(0.99),ADDR(0.99)
140736973655440:gtk_action_get_accel_path:ADDR(0.779528)
140736973655648:gtk_action_set_accel_group:ADDR(0.99),ADDR(0.99)
140736973655824:gtk_action_connect_accelerator:ADDR(0.99)
140736973657744:gtk_action_group_get_type:
140736973658896:gtk_action_group_get_sensitive:ADDR(0.99)
140736973659184:gtk_action_group_get_visible:ADDR(0.99)
140736973663360:gtk_activatable_get_type:
140736973664048:gtk_activatable_get_related_action:ADDR(0.99)
140736973664192:gtk_activatable_do_set_related_action:ADDR(0.891892),ADDR(0.891892)
140736973664576:gtk_activatable_get_use_action_appearance:ADDR(0.99),ADDR(0.99),INT(0),INT(0),ADDR(0.99),INT(0)
140736973665840:gtk_adjustment_get_type:
140736973669824:gtk_alignment_get_type:
140736973698224:gtk_bin_get_type:
140736973704096:gtk_binding_entry_add_signal:ADDR(0.99),INT(0),INT(0),ADDR(0.99),INT(0),ADDR(0.56)
140736973708752:gtk_box_get_type:
140736973740672:gtk_button_get_type:
140736973743792:gtk_button_set_relief:ADDR(0.99),INT(0)
140736973902448:gtk_container_get_type:
140736973915408:gtk_container_get_children:ADDR(0.99)
140736973919264:gtk_container_propagate_expose:ADDR(0.942857),ADDR(0.942857),ADDR(0.942857)
140736973942192:gtk_entry_get_type:
140736973988128:gtk_entry_buffer_get_type:
140736974168144:gtk_gc_get:INT(0),ADDR(0.99),ADDR(0.99),INT(0)
140736974197184:gtk_icon_source_copy:ADDR(0.99)
140736974197936:gtk_icon_set_ref:ADDR(0.99)
140736974198432:gtk_icon_set_unref:ADDR(0.99)
140736974198672:gtk_icon_factory_get_type:
140736974198896:gtk_icon_factory_add:ADDR(0.99),ADDR(0.99),ADDR(0.99)
140736974202320:gtk_icon_set_new:
140736974202768:gtk_icon_set_add_source:ADDR(0.99),ADDR(0.99)
140736974205472:gtk_icon_factory_lookup_default:ADDR(0.980198)
140736974285920:gtk_image_get_type:
140736974293760:gtk_image_new_from_stock:ADDR(0.99),INT(0)
140736974298752:gtk_image_menu_item_get_type:
140736974301488:gtk_image_menu_item_get_image:ADDR(0.99)
140736974347296:gtk_label_get_type:
140736974399520:gtk_grab_remove:ADDR(0.99)
140736974401200:gtk_get_event_widget:ADDR(0.99)
140736974425536:gtk_menu_get_type:
140736974463024:gtk_menu_item_get_type:
140736974467264:gtk_menu_item_get_submenu:ADDR(0.99)
140736974474752:gtk_menu_shell_get_type:
140736974493120:gtk_misc_get_type:
140736974493264:gtk_misc_set_alignment:ADDR(0.916667)
140736974514272:gtk_notebook_get_type:
140736974558432:gtk_object_get_type:
140736974564480:gtk_orientable_get_type:
140736974664640:gtk_range_get_type:
140736974687712:gtk_rc_style_get_type:
140736974694400:gtk_rc_parse_state:ADDR(0.99),ADDR(0.99)
140736974695040:gtk_rc_parse_color_full:ADDR(0.99),ADDR(0.99),ADDR(0.99)
140736974707760:gtk_rc_get_style:ADDR(0.99)
140736974788224:gtk_scrolled_window_get_type:
140736974797760:gtk_target_list_add:ADDR(0.99),INT(0),INT(0),INT(0)
140736974813968:gtk_separator_menu_item_get_type:
140736974814672:gtk_separator_tool_item_get_type:
140736974821072:gtk_settings_get_type:
140736974821216:gtk_settings_get_for_screen:ADDR(0.99)
140736974903440:gtk_style_get_type:
140736974951296:gtk_tearoff_menu_item_get_type:
140736975178080:gtk_toggle_action_get_type:
140736975187376:gtk_toolbar_get_type:
140736975215104:gtk_tool_button_get_type:
140736975221168:gtk_tool_item_get_type:
140736975221616:gtk_tool_item_get_icon_size:ADDR(0.99)
140736975221904:gtk_tool_item_get_toolbar_style:ADDR(0.99)
140736975222048:gtk_tool_item_get_relief_style:ADDR(0.99)
140736975222192:gtk_tool_item_get_text_alignment:ADDR(0.980198)
140736975223088:gtk_tool_item_get_homogeneous:ADDR(0.99)
140736975223184:gtk_tool_item_get_is_important:ADDR(0.99)
140736975224384:gtk_tool_item_get_visible_horizontal:ADDR(0.99)
140736975225536:gtk_tool_item_rebuild_menu:ADDR(0.99)
140736975253904:gtk_tool_shell_get_type:
140736975257424:gtk_tooltip_get_type:
140736975368624:gtk_tree_view_get_type:
140736975511872:gtk_widget_get_type:
140736975512480:gtk_widget_child_notify:ADDR(0.99),ADDR(0.99)
140736975515648:gtk_widget_list_accel_closures:ADDR(0.99)
140736975517472:gtk_widget_get_can_focus:ADDR(0.99)
140736975517568:gtk_widget_has_focus:ADDR(0.99)
140736975518144:gtk_widget_has_grab:ADDR(0.99)
140736975518272:gtk_widget_get_name:ADDR(0.773438)
140736975518384:gtk_widget_get_state:ADDR(0.99)
140736975518480:gtk_widget_get_visible:ADDR(0.99)
140736975518576:gtk_widget_set_has_window:ADDR(0.99),INT(0)
140736975518704:gtk_widget_get_has_window:ADDR(0.99)
140736975519456:gtk_widget_is_toplevel:ADDR(0.99)
140736975519824:gtk_widget_get_realized:ADDR(0.99)
140736975520192:gtk_widget_translate_coordinates:ADDR(0.99),ADDR(0.99),INT(0),INT(0),ADDR(0.99),ADDR(0.99)
140736975522512:gtk_widget_set_realized:ADDR(0.99),INT(0)
140736975522640:gtk_widget_get_mapped:ADDR(0.99)
140736975522960:gtk_widget_queue_draw_area:ADDR(0.99),INT(0.8),INT(0.8),INT(0),INT(0)
140736975523488:gtk_widget_is_drawable:ADDR(0.99)
140736975523600:gtk_widget_set_mapped:ADDR(0.99),INT(0)
140736975524208:gtk_widget_get_double_buffered:ADDR(0.99)
140736975524896:gtk_widget_set_redraw_on_allocate:ADDR(0.99),INT(0)
140736975525024:gtk_widget_get_sensitive:ADDR(0.99)
140736975525120:gtk_widget_is_sensitive:ADDR(0.99)
140736975525616:gtk_widget_get_parent:ADDR(0.99)
140736975525856:gtk_widget_has_rc_style:ADDR(0.99)
140736975526208:gtk_widget_get_default_style:
140736975526544:gtk_widget_set_parent_window:ADDR(0.99),INT(0)
140736975526704:gtk_widget_get_parent_window:ADDR(0.99)
140736975528800:gtk_widget_get_toplevel:ADDR(0.99)
140736975529328:gtk_widget_is_focus:ADDR(0.99)
140736975529920:gtk_widget_get_screen:ADDR(0.970588)
140736975530768:gtk_widget_has_screen:ADDR(0.99)
140736975533280:gtk_widget_get_direction:ADDR(0.99)
140736975537104:gtk_widget_size_allocate:ADDR(0.980198),ADDR(0.980198)
140736975539072:gtk_widget_unparent:ADDR(0.99)
140736975541648:gtk_widget_style_get_valist:ADDR(0.99),ADDR(0.99),ADDR(0.99)
140736975542368:gtk_widget_style_get:ADDR(0.99),ADDR(0.99),ADDR(0.99),ADDR(0.06),ADDR(0.99),ADDR(0.32)
140736975543616:gtk_widget_show:ADDR(0.868421)
140736975544016:gtk_widget_hide:ADDR(0.99)
140736975544608:gtk_widget_set_can_focus:ADDR(0.99),INT(0)
140736975545616:gtk_widget_ensure_style:ADDR(0.970588)
140736975550160:gtk_widget_set_parent:ADDR(0.99),ADDR(0.99)
140736975551488:gtk_widget_set_sensitive:ADDR(0.99),INT(0)
140736975552048:gtk_widget_region_intersect:ADDR(0.99),ADDR(0.99)
140736975566176:gtk_widget_get_no_show_all:ADDR(0.99)
140736975582288:gtk_window_get_type:
140736970451712:gdk_cairo_region:ADDR(0.99),ADDR(0.99)
140736970456160:gdk_display_get_type:
140736970457200:gdk_display_get_core_pointer:ADDR(0.99)
140736970462800:gdk_drawable_get_type:
140736970464576:gdk_draw_line:ADDR(0.99),ADDR(0.99),INT(0),INT(0),INT(0),INT(0)
140736970475280:gdk_event_new:INT(0.47)
140736970476224:gdk_event_get_time:ADDR(0.59)
140736970476288:gdk_event_get_state:ADDR(0.59),ADDR(0.99)
140736970476480:gdk_event_get_coords:ADDR(0.99),ADDR(0.99),ADDR(0.99)
140736970477168:gdk_event_set_screen:ADDR(0.99),ADDR(0.99)
140736970480448:gdk_gc_get_type:
140736970492480:gdk_keyval_to_unicode:INT(0)
140736970501600:gdk_pango_renderer_get_type:
140736970517968:gdk_pixmap_get_type:
140736970523792:gdk_rectangle_intersect:ADDR(0.99),ADDR(0.99),ADDR(0.99)
140736970530592:gdk_region_new:
140736970530816:gdk_region_rectangle:ADDR(0.99)
140736970530944:gdk_region_copy:ADDR(0.99)
140736970531040:gdk_region_get_clipbox:ADDR(0.99),ADDR(0.99)
140736970531440:gdk_region_offset:ADDR(0.99),INT(0.52),INT(0.54)
140736970531744:gdk_region_union:ADDR(0.99),ADDR(0.99)
140736970532784:gdk_region_subtract:ADDR(0.942857),ADDR(0.942857)
140736970533088:gdk_region_empty:ADDR(0.99)
140736970533152:gdk_region_equal:ADDR(0.99),ADDR(0.99)
140736970533792:gdk_region_rect_in:ADDR(0.99),ADDR(0.99)
140736970556304:gdk_screen_get_type:
140736970570064:gdk_window_object_get_type:
140736970577872:gdk_window_is_viewable:ADDR(0.99)
140736970586656:gdk_window_coords_from_parent:ADDR(0.99),ADDR(0.99),ADDR(0.99)
140736970616480:gdk_window_impl_get_type:
140736970627328:gdk_colormap_get_type:
140736970631280:gdk_colormap_alloc_colors:ADDR(0.99),ADDR(0.99),INT(0),INT(0),INT(0),ADDR(0.99)
140736970642864:gdk_display_get_screen:ADDR(0.99),INT(0)
140736970644448:gdk_x11_lookup_xdisplay:ADDR(0.99)
140736970713168:gdk_keyval_convert_case:INT(0),ADDR(0.99),INT(0)
140736970726224:gdk_x11_atom_to_xatom_for_display:ADDR(0.99),INT(0)
140736970753504:gdk_window_impl_x11_get_type:
140736968098880:gdk_pixbuf_get_type:
140736968109040:gdk_pixbuf_new_from_data:ADDR(0.99),INT(0),INT(0),INT(0),INT(0),INT(0)
140736964223088:__isinf:
140736964223152:isnan:
140736964245552:getenv:ADDR(0.99)
140736964251008:random_r:ADDR(0.99),ADDR(0.99)
140736964304112:_IO_vfprintf:ADDR(0.99),ADDR(0.99),ADDR(0.99)
140736964326112:__printf_fp:ADDR(0.99),ADDR(0.99),ADDR(0.99)
140736964347632:_IO_vfscanf:ADDR(0.99),ADDR(0.99),ADDR(0.99),INT(0)
140736964463120:vsscanf:ADDR(0.99),ADDR(0.99),ADDR(0.99)
140736964475376:fgets_unlocked:ADDR(0.99),INT(0),ADDR(0.99)
140736964500416:_IO_file_init:ADDR(0.99)
140736964501152:_IO_file_fopen:ADDR(0.99),ADDR(0.98),ADDR(0.99)
140736964504208:_IO_un_link:ADDR(0.99)
140736964504816:_IO_link_in:ADDR(0.99)
140736964505968:_IO_switch_to_get_mode:ADDR(0.99)
140736964506880:_IO_setb:ADDR(0.99),ADDR(0.93),ADDR(0.93),INT(0)
140736964509264:_IO_sputbackc:ADDR(0.99),INT(0)
140736964561216:__strerror_r:INT(0),INT(0),INT(0)
140736964561600:strlen:ADDR(0.97)
140736964562048:strnlen:ADDR(0.99),INT(0)
140736964574224:memchr:ADDR(0.75),INT(0),INT(0)
140736964576704:memset:ADDR(0.99),INT(0),INT(0),INT(0.01),ADDR(0.99)
140736964606128:rawmemchr:ADDR(0.99),INT(0)
140736964606656:strchrnul:ADDR(0.97),INT(0)
140736964607344:__argz_count:ADDR(0.99),INT(0)
140736964608384:argz_stringify:ADDR(0.99),INT(0),INT(0)
140736964965904:open:
140736965003712:mmap:ADDR(0.13),ADDR(0.14),INT(0),INT(0)
140736965007328:tfind:ADDR(0.99),ADDR(0.99),ADDR(0.99)
140736965087648:__vsnprintf_chk:ADDR(0.99),INT(0),INT(0),INT(0),ADDR(0.99),ADDR(0.99)
140736965271664:_dl_mcount_wrapper_check:
140736960454512:xmlNextChar:ADDR(0.99)
140736960475136:namePush:ADDR(0.99),ADDR(0.99)
140736960475296:namePop:ADDR(0.99)
140736960481312:xmlSkipBlankChars:ADDR(0.99)
140736960487872:xmlParseName:ADDR(0.99)
140736960500544:xmlParseAttribute:ADDR(0.99),ADDR(0.99)
140736960501008:xmlParseStartTag:ADDR(0.99)
140736960504704:xmlParseCharData:ADDR(0.99),INT(0)
140736960929584:xmlIsMainThread:
140736960940496:xmlStrndup:ADDR(0.99),INT(0)
140736960940928:xmlStrEqual:ADDR(0.99),ADDR(0.99)
140736960946960:xmlBufUse:ADDR(0.99)
140736961270112:xmlDictLookup:ADDR(0.99),ADDR(0.99),INT(0)
140736957424336:sqlite3_mutex_enter:ADDR(0.585799)
140736957424400:sqlite3_mutex_leave:ADDR(0.589286)
140736957425808:sqlite3_stricmp:ADDR(0.99),ADDR(0.99)
140736957425920:sqlite3_strnicmp:ADDR(0.99),ADDR(0.99),INT(0)
140736957433632:sqlite3_column_count:ADDR(0.99)
140736957462912:sqlite3_free:ADDR(0.693069)
140736957518912:sqlite3_initialize:
140736957553360:sqlite3_vsnprintf:INT(0),ADDR(0.99),ADDR(0.99),ADDR(0.99)
140736957553456:sqlite3_snprintf:INT(0),ADDR(0.99),ADDR(0.99),ADDR(0.18),ADDR(0.71),ADDR(0.45)
140736957620432:sqlite3_column_text:ADDR(0.99),INT(0)
140736957744064:sqlite3_finalize:ADDR(0.99)
140736957803856:sqlite3_prepare:ADDR(0.99),ADDR(0.99),INT(0.99),ADDR(0.99),INT(0)
140736957804368:sqlite3_prepare_v2:ADDR(0.99),ADDR(0.99),INT(0.78),ADDR(0.99),ADDR(0.72)
140736957844528:sqlite3_step:ADDR(0.99)
140736955216976:g_module_symbol:ADDR(0.99),ADDR(0.99),ADDR(0.99)
140736946776640:g_cancellable_is_cancelled:ADDR(0.41)
140736946776672:g_cancellable_set_error_if_cancelled:ADDR(0.4),ADDR(0.96)
140736946822480:g_file_get_type:
140736946866464:g_file_icon_get_type:
140736946873120:g_file_attribute_matcher_ref:ADDR(0.99)
140736946873200:g_file_attribute_matcher_unref:ADDR(0.970297)
140736946873904:g_file_info_get_type:
140736946874576:g_file_info_set_attribute_mask:ADDR(0.99),ADDR(0.99)
140736946883520:g_file_info_set_name:ADDR(0.99),ADDR(0.99)
140736946885696:g_file_attribute_matcher_new:ADDR(0.99)
140736946886784:g_file_attribute_matcher_enumerate_namespace:ADDR(0.99),ADDR(0.99)
140736946886928:g_file_attribute_matcher_enumerate_next:ADDR(0.99)
140736946908704:g_inet_address_get_type:
140736946917424:g_initable_get_type:
140736946917888:g_initable_new_valist:ADDR(0.99),ADDR(0.98),ADDR(0.99),INT(0),ADDR(0.84)
140736946918048:g_initable_new:ADDR(0.99),INT(0),ADDR(0.84),ADDR(0.98),ADDR(0.96),ADDR(0.96)
140736947005152:g_simple_async_result_get_type:
140736947012160:g_socket_get_type:
140736947086576:g_tls_backend_get_type:
140736947113840:g_vfs_get_type:
140736947388160:g_dbus_message_get_type:
140736938517696:cairo_move_to:ADDR(0.99)
140736938517744:cairo_line_to:ADDR(0.99)
140736938517792:cairo_curve_to:ADDR(0.99)
140736938518496:cairo_close_path:ADDR(0.99)
140736938523264:cairo_status:ADDR(0.99)
140736938550880:cairo_device_reference:ADDR(0.46)
140736938551296:cairo_device_destroy:ADDR(0.99)
140736938551472:cairo_device_acquire:ADDR(0.99)
140736938552368:cairo_font_face_reference:ADDR(0.19)
140736938552416:cairo_font_face_destroy:ADDR(0.1)
140736938557312:cairo_font_options_status:ADDR(0.99)
140736938609248:cairo_format_stride_for_width:INT(0),INT(0)
140736938612896:cairo_matrix_init_identity:ADDR(0.99)
140736938613056:cairo_matrix_init_translate:ADDR(0.99)
140736938613104:cairo_matrix_init_scale:ADDR(0.99)
140736938613248:cairo_matrix_multiply:ADDR(0.99),ADDR(0.99),ADDR(0.99)
140736938613824:cairo_matrix_transform_distance:ADDR(0.99),ADDR(0.99),ADDR(0.99)
140736938613888:cairo_matrix_transform_point:ADDR(0.99),ADDR(0.99),ADDR(0.99)
140736938614848:cairo_matrix_invert:ADDR(0.99)
140736938701120:cairo_pattern_create_rgba:
140736938702480:cairo_pattern_reference:ADDR(0.99)
140736938702576:cairo_pattern_destroy:ADDR(0.99)
140736938706144:cairo_pattern_set_matrix:ADDR(0.99),ADDR(0.99)
140736938774912:cairo_region_create_rectangles:ADDR(0.99),INT(0)
140736938775504:cairo_region_reference:ADDR(0.09)
140736938775584:cairo_region_destroy:ADDR(0.19)
140736938775840:cairo_region_get_rectangle:ADDR(0.99),INT(0),ADDR(0.99)
140736938784096:cairo_scaled_font_reference:INT(0)
140736938784160:cairo_scaled_font_destroy:ADDR(0.07)
140736938815328:cairo_surface_reference:ADDR(0.99)
140736938816832:cairo_surface_destroy:ADDR(0.72)
140736936041104:pango_font_description_get_set_fields:ADDR(0.99)
140736936041168:pango_font_description_merge_static:ADDR(0.99),ADDR(0.99),INT(0)
140736936042112:pango_font_description_copy_static:ADDR(0.99)
140736936044528:pango_font_get_type:
140736936054800:pango_attr_list_unref:ADDR(0.507692)
140736936055456:pango_attribute_init:ADDR(0.99),ADDR(0.99)
140736936058192:pango_attr_list_new:
140736936062544:pango_unichar_direction:INT(0)
140736936069440:pango_context_get_type:
140736936071088:pango_context_get_base_dir:ADDR(0.99)
140736936072880:pango_context_get_serial:ADDR(0.99)
140736936073408:pango_coverage_unref:ADDR(0.99)
140736936073568:pango_coverage_get:ADDR(0.99),INT(0)
140736936076912:pango_engine_shape_get_type:
140736936077600:pango_font_map_get_type:
140736936080112:pango_fontset_get_type:
140736936092752:pango_layout_get_type:
140736936128880:pango_renderer_set_color:ADDR(0.99),INT(0),INT(0)
140736936138528:pango_find_base_dir:ADDR(0.99),INT(0)
140736928062400:_ZN3WTF10StringImpl5derefEv:ADDR(0.99)
140736928181792:_ZN3JSC10Identifier3addIhEEN3WTF10PassRefPtrINS2_10StringImplEEEPNS_2VMEPKT_i:ADDR(0.99),ADDR(0.99),ADDR(0.99),INT(0)
140736928301872:_ZN3JSC12opcodeLengthENS_8OpcodeIDE:INT(0)
140736928302624:_ZN3JSC4Heap12writeBarrierEPKNS_6JSCellEPS1_:ADDR(0.99)
140736928318288:_ZN3JSC16ExecutionCounter5resetEv:ADDR(0.99)
140736928354176:_ZN3JSC17UnlinkedCodeBlock17addExpressionInfoEjiiijj:ADDR(0.99),INT(0),INT(0),INT(0),INT(0),INT(0)
140736928359408:_ZN3JSC25UnlinkedInstructionStream6Reader4nextEv:ADDR(0.99)
140736928365712:_ZN3JSC17BytecodeGenerator10isCapturedEi:ADDR(0.99),INT(0.93)
140736928371232:_ZN3JSC17BytecodeGenerator10emitOpcodeENS_8OpcodeIDE:ADDR(0.99),INT(0)
140736928379488:_ZN3JSC17BytecodeGenerator18emitProfiledOpcodeENS_8OpcodeIDE:ADDR(0.99),INT(0)
140736928387232:_ZN3JSC17BytecodeGenerator13emitDebugHookENS_11DebugHookIDEjjj:ADDR(0.99)
140736928394208:_ZN3JSC17BytecodeGenerator11newRegisterEv:ADDR(0.99)
140736928394640:_ZN3JSC17BytecodeGenerator12newTemporaryEv:ADDR(0.99)
140736928398112:_ZN3JSC17BytecodeGenerator8newLabelEv:ADDR(0.99),ADDR(0.99)
140736928400896:_ZN3JSC17BytecodeGenerator11addConstantERKNS_10IdentifierE:ADDR(0.99),ADDR(0.99)
140736928417088:_ZN3JSC17BytecodeGenerator16addConstantValueENS_7JSValueE:ADDR(0.99),ADDR(0.67)
140736928418336:_ZN3JSC17BytecodeGenerator8emitLoadEPNS_10RegisterIDENS_7JSValueE:ADDR(0.951923),ADDR(0.548077),ADDR(0.5)
140736928426352:_ZN3JSC17BytecodeGenerator29createLazyRegisterIfNecessaryEPNS_10RegisterIDE:ADDR(0.99),ADDR(0.99)
140736928426624:_ZN3JSC17BytecodeGenerator5localERKNS_10IdentifierE:ADDR(0.99),ADDR(0.99)
140736928457168:_ZN3WTF9HashTableIiNS_12KeyValuePairIiNS_6RefPtrIN3JSC22StaticPropertyAnalysisEEEEENS_24KeyValuePairKeyExtractorIS6_EENS_7IntHashIiEENS_7HashMapIiS5_SA_NS_29UnsignedWithZeroKeyHashTraitsIiEENS_10HashTraitsIS5_EEE18KeyValuePairTraitsESD_E4findINS_22IdentityHashTranslatorISA_EEiEENS_17HashTableIteratorIiS6_S8_SA_SH_SD_EERKT0_:ADDR(0.99)
140736928461152:_ZN3WTF6VectorIN3JSC19UnlinkedInstructionELm0ENS_20UnsafeVectorOverflowEE14expandCapacityEm:ADDR(0.951923),INT(0)
140736928677792:_ZNK3JSC9Structure17outOfLineCapacityEv:ADDR(0.99)
140736929021264:_ZN3JSC12X86Assembler23X86InstructionFormatter11oneByteOp64ENS0_15OneByteOpcodeIDEiNS_12X86Registers10RegisterIDE:ADDR(0.99),INT(0),INT(0),INT(0)
140736929021824:_ZN3JSC12X86Assembler23X86InstructionFormatter11oneByteOp64ENS0_15OneByteOpcodeIDEiNS_12X86Registers10RegisterIDEi:ADDR(0.99),INT(0),INT(0),INT(0),INT(0)
140736929118384:_ZN3JSC10IdentifierD2Ev:
140736929123088:_ZNK3JSC7JSValue3getEPNS_9ExecStateENS_12PropertyNameERNS_12PropertySlotE:ADDR(0.99),ADDR(0.99),ADDR(0.99),ADDR(0.99)
140736929444800:_ZN3JSC22AbstractMacroAssemblerINS_12X86AssemblerEE8JumpList6appendENS2_4JumpE:ADDR(0.99),INT(0)
140736929785520:_ZNK3WTF9HashTableIPN3JSC11MarkedBlockES3_NS_17IdentityExtractorENS_15MarkedBlockHashENS_10HashTraitsIS3_EES7_E8containsINS_22IdentityHashTranslatorIS5_EES3_EEbRKT0_:ADDR(0.99),ADDR(0.99)
140736929797984:_ZN3JSC9HandleSet12writeBarrierEPNS_7JSValueERKS1_:ADDR(0.99),ADDR(0.99),ADDR(0.99)
140736929817664:_ZN3JSC4Heap11didAllocateEm:ADDR(0.99),INT(0)
140736929818640:_ZN3JSC4Heap22incrementDeferralDepthEv:ADDR(0.99)
140736929818704:_ZN3JSC4Heap22decrementDeferralDepthEv:ADDR(0.99)
140736929818768:_ZN3JSC4Heap12writeBarrierEPKNS_6JSCellE:
140736929857792:_ZN3JSC15MarkedAllocator5resetEv:ADDR(0.99)
140736929862128:_ZN3JSC11MarkedBlock5sweepENS0_9SweepModeE:ADDR(0.99),INT(0)
140736929874864:_ZN3JSC17weakClearSlowCaseERPNS_8WeakImplE:ADDR(0.99)
140736929876928:_ZN3JSC7WeakSet5sweepEv:ADDR(0.99)
140736930058512:_ZN3JSC9ExecState13setCurrentVPCEPNS_11InstructionE:ADDR(0.99)
140736930192544:_ZN3JSC7JITCodeC1ENS0_7JITTypeE:ADDR(0.99),INT(0)
140736930192736:_ZN3JSC13DirectJITCodeC1ENS_21MacroAssemblerCodeRefENS_7JITCode7JITTypeE:ADDR(0.99),ADDR(0.99),INT(0)
140736930192816:_ZN3JSC7JITCode12hostFunctionENS_21MacroAssemblerCodeRefE:ADDR(0.99),ADDR(0.99)
140736930194176:_ZN3JSC3JITC1EPNS_2VMEPNS_9CodeBlockE:ADDR(0.99),ADDR(0.99),INT(0)
140736930239872:_ZN3JSC3JIT27privateCompileCTINativeCallEPNS_2VMEPFlPNS_9ExecStateEE:ADDR(0.99),ADDR(0.99),ADDR(0.99)
140736930378624:_ZN3JSC9JITThunks7ctiStubEPNS_2VMEPFNS_21MacroAssemblerCodeRefES2_E:ADDR(0.99),ADDR(0.99),ADDR(0.99),ADDR(0.99)
140736930379536:_ZN3JSC9JITThunks18ctiNativeConstructEPNS_2VME:ADDR(0.99),ADDR(0.99)
140736930384416:_ZNK3WTF7HashMapISt4pairIPFlPN3JSC9ExecStateEES6_ENS2_4WeakINS2_16NativeExecutableEEENS_8PairHashIS6_S6_EENS_10HashTraitsIS7_EENSD_ISA_EEE3getERKS7_:ADDR(0.99),ADDR(0.99)
140736930386544:_ZN3WTF7HashMapISt4pairIPFlPN3JSC9ExecStateEES6_ENS2_4WeakINS2_16NativeExecutableEEENS_8PairHashIS6_S6_EENS_10HashTraitsIS7_EENSD_ISA_EEE9inlineSetIRKS7_SA_EENS_18HashTableAddResultINS_17HashTableIteratorIS7_NS_12KeyValuePairIS7_SA_EENS_24KeyValuePairKeyExtractorISN_EESC_NSG_18KeyValuePairTraitsESE_EEEEOT_OT0_:ADDR(0.99),ADDR(0.99),ADDR(0.99),ADDR(0.99)
140736930534176:_ZN3JSC5LLInt8getByValEPNS_9ExecStateENS_7JSValueES3_:ADDR(0.99),ADDR(0.99),ADDR(0.94)
140736930556896:_ZN3WTF15SegmentedVectorIN3JSC10IdentifierELm64ELm32EE4lastEv:ADDR(0.99)
140736930558880:_ZN3JSC5LexerIhE19shiftLineTerminatorEv:ADDR(0.99)
140736930587552:_ZN3WTF15SegmentedVectorIN3JSC10IdentifierELm64ELm32EE6appendIS2_EEvRKT_:ADDR(0.99),ADDR(0.99)
140736930599568:_ZN3JSC10IdentifierC2EPNS_2VMEPKhi:ADDR(0.99),ADDR(0.99),ADDR(0.99),INT(0)
140736930624336:_ZN3JSC5LexerIhE3lexEPNS_7JSTokenEjb:ADDR(0.99),ADDR(0.99),INT(0),INT(0)
140736930641648:_ZN3JSC5LexerIhE19lexExpectIdentifierEPNS_7JSTokenEjb:ADDR(0.99),ADDR(0.99)
140736930642672:_ZN3JSC13StatementNode6setLocEjjii:ADDR(0.99),INT(0),INT(0),INT(0),INT(0)
140736930702224:_ZN3JSC15JSTokenLocationC1ERKS0_:ADDR(0.99),ADDR(0.99)
140736930708976:_ZN3JSC6ParserINS_5LexerIhEEE10strictModeEv:ADDR(0.99)
140736930730672:_ZN3JSC5Scope11useVariableEPKNS_10IdentifierEb:ADDR(0.99),ADDR(0.99),INT(0)
140736930817200:_ZN3JSC6ParserINS_5LexerIhEEE14parseStatementINS_13SyntaxCheckerEEENT_9StatementERS6_RPKNS_10IdentifierEPj:ADDR(0.980198),ADDR(0.980198),ADDR(0.980198)
140736930829568:_ZN3JSC6ParserINS_5LexerIhEEE21parseMemberExpressionINS_13SyntaxCheckerEEENT_10ExpressionERS6_:ADDR(0.980198),ADDR(0.980198)
140736930837936:_ZN3JSC6ParserINS_5LexerIhEEE15parseExpressionINS_13SyntaxCheckerEEENT_10ExpressionERS6_:ADDR(0.980198),ADDR(0.980198)
140736930874096:_ZN3JSC6ParserINS_5LexerIhEEE21parseMemberExpressionINS_10ASTBuilderEEENT_10ExpressionERS6_:ADDR(0.980198),ADDR(0.980198)
140736930886928:_ZN3JSC6ParserINS_5LexerIhEEE15parseExpressionINS_10ASTBuilderEEENT_10ExpressionERS6_:ADDR(0.99),ADDR(0.99)
140736930907776:_ZN3JSC6ParserINS_5LexerIhEEE14parseStatementINS_10ASTBuilderEEENT_9StatementERS6_RPKNS_10IdentifierEPj:ADDR(0.951923),ADDR(0.951923),ADDR(0.951923)
140736931130016:_ZN3JSC8JSObject17putDirectInternalILNS0_7PutModeE1EEEbRNS_2VMENS_12PropertyNameENS_7JSValueEjRNS_15PutPropertySlotEPNS_6JSCellE:ADDR(0.99),ADDR(0.99),ADDR(0.99),ADDR(0.99),INT(0),ADDR(0.99)
140736931449856:_ZN3JSC10Identifier11addSlowCaseEPNS_2VMEPN3WTF10StringImplE:ADDR(0.99),ADDR(0.99),ADDR(0.99)
140736931452960:_ZN3JSC10Identifier3addEPNS_2VMEPKc:ADDR(0.99),ADDR(0.99),ADDR(0.99)
140736931453968:_ZN3JSC15IdentifierTable3addIPKhNS_31IdentifierASCIIStringTranslatorEEEN3WTF18HashTableAddResultINS5_17HashTableIteratorIPNS5_10StringImplES9_NS5_17IdentityExtractorENS5_10StringHashENS5_10HashTraitsIS9_EESD_EEEET_:ADDR(0.99),ADDR(0.99),ADDR(0.99)
140736931547680:_ZN3JSC10JSFunctionC2ERNS_2VMEPNS_14JSGlobalObjectEPNS_9StructureE:ADDR(0.99),ADDR(0.99),ADDR(0.99),ADDR(0.99)
140736931548064:_ZN3JSC10JSFunction14finishCreationERNS_2VMEPNS_16NativeExecutableEiRKN3WTF6StringE:ADDR(0.99),ADDR(0.99),ADDR(0.99),INT(0),ADDR(0.99)
140736931554384:_ZN3JSC10JSFunction6createERNS_2VMEPNS_14JSGlobalObjectEiRKN3WTF6StringEPFlPNS_9ExecStateEENS_9IntrinsicESC_:ADDR(0.99),ADDR(0.99),INT(0),ADDR(0.99),ADDR(0.99),INT(0)
140736931610288:_ZN3JSC14JSGlobalObject10globalExecEv:ADDR(0.99)
140736931639120:_ZN3JSC9Structure6createERNS_2VMEPNS_14JSGlobalObjectENS_7JSValueERKNS_8TypeInfoEPKNS_9ClassInfoEhj:ADDR(0.99),ADDR(0.99),ADDR(0.9),ADDR(0.99),ADDR(0.99)
140736931640832:_ZN3JSC11SlotVisitor6appendINS_9StructureEEEvPNS_16WriteBarrierBaseIT_EE:ADDR(0.99),ADDR(0.99)
140736931706832:_ZN3JSC21getCallableObjectSlowEPNS_6JSCellE:ADDR(0.99)
140736931720224:_ZN3JSC8JSObject20growOutOfLineStorageERNS_2VMEmm:ADDR(0.99),ADDR(0.99),INT(0),INT(0)
140736931723648:_ZN3JSC8JSObject13visitChildrenEPNS_6JSCellERNS_11SlotVisitorE:ADDR(0.99),ADDR(0.99)
140736931725728:_ZN3JSC8JSObject22getOwnPropertySlotSlowEPNS_9ExecStateENS_12PropertyNameERNS_12PropertySlotE:ADDR(0.99),ADDR(0.99),ADDR(0.99)
140736931728128:_ZN3JSC8JSObject23putDirectNativeFunctionERNS_2VMEPNS_14JSGlobalObjectERKNS_12PropertyNameEjPFlPNS_9ExecStateEENS_9IntrinsicEj:ADDR(0.99),ADDR(0.99),ADDR(0.99),ADDR(0.99),INT(0),ADDR(0.99)
140736931747456:_ZN3JSC11SlotVisitor9copyLaterEPNS_6JSCellENS_9CopyTokenEPvm:ADDR(0.99),ADDR(0.99),INT(0),ADDR(0.99),INT(0)
140736931932496:_ZN3JSC7JSScope15abstractResolveEPNS_9ExecStateEPS0_RKNS_10IdentifierENS_8GetOrPutENS_11ResolveTypeE:ADDR(0.99),ADDR(0.99),ADDR(0.99),ADDR(0.99),INT(0),INT(0)
140736931936816:_ZN3JSC8JSString13visitChildrenEPNS_6JSCellERNS_11SlotVisitorE:ADDR(0.99),ADDR(0.99)
140736932146768:_ZN3JSC13PropertyTableC1ERNS_2VMEj:ADDR(0.99),ADDR(0.99),INT(0)
140736932147088:_ZN3JSC13PropertyTable6createERNS_2VMEj:ADDR(0.99),INT(0)
140736932217520:_ZN3JSC12SmallStrings27createSingleCharacterStringEPNS_2VMEh:ADDR(0.99),ADDR(0.99),INT(0)
140736932281920:_ZN3JSC9StructureC1ERNS_2VMEPKS0_:ADDR(0.99),ADDR(0.99),ADDR(0.99)
140736932284640:_ZN3JSC9Structure3pinEv:ADDR(0.99)
140736932285264:_ZN3JSC9Structure17createPropertyMapERKNS_25GCSafeConcurrentJITLockerERNS_2VMEj:ADDR(0.99),ADDR(0.99),ADDR(0.99),INT(0)
140736932285616:_ZN3JSC9Structure16putSpecificValueERNS_2VMENS_12PropertyNameEjPNS_6JSCellE:ADDR(0.99),ADDR(0.99),ADDR(0.99),INT(0),ADDR(0.83)
140736932287616:_ZNK3JSC9ClassInfo35hasStaticSetterOrReadonlyPropertiesERNS_2VME:ADDR(0.99),ADDR(0.99)
140736932287696:_ZN3JSC9StructureC1ERNS_2VMEPNS_14JSGlobalObjectENS_7JSValueERKNS_8TypeInfoEPKNS_9ClassInfoEhj:ADDR(0.99),ADDR(0.99),ADDR(0.68),ADDR(0.61),ADDR(0.99),ADDR(0.99)
140736932290512:_ZN3JSC9Structure38findStructuresAndMapForMaterializationERN3WTF6VectorIPS0_Lm8ENS1_15CrashOnOverflowEEERS3_RPNS_13PropertyTableE:ADDR(0.99),ADDR(0.99),ADDR(0.99),ADDR(0.99)
140736932290752:_ZN3JSC9Structure22materializePropertyMapERNS_2VME:ADDR(0.99),ADDR(0.99)
140736932293472:_ZN3JSC9Structure28addPropertyWithoutTransitionERNS_2VMENS_12PropertyNameEjPNS_6JSCellE:ADDR(0.99),ADDR(0.99),ADDR(0.99),INT(0),ADDR(0.5)
140736932294416:_ZN3JSC9Structure3getERNS_2VMENS_12PropertyNameERjRPNS_6JSCellE:ADDR(0.99),ADDR(0.99),ADDR(0.99),ADDR(0.99),ADDR(0.99)
140736932297984:_ZN3JSC9Structure32takePropertyTableOrCloneIfPinnedERNS_2VMEPS0_:ADDR(0.99),ADDR(0.99),ADDR(0.99)
140736932302000:_ZN3JSC9Structure21addPropertyTransitionERNS_2VMEPS0_NS_12PropertyNameEjPNS_6JSCellERiNS_15PutPropertySlot7ContextE:ADDR(0.99),ADDR(0.99),ADDR(0.99),INT(0),ADDR(0.83),ADDR(0.99)
140736932307088:_ZN3JSC24StructureTransitionTable3addERNS_2VMEPNS_9StructureE:ADDR(0.99),ADDR(0.99),ADDR(0.99)
140736932318016:_ZN3JSC16SymbolTableEntry8copySlowERKS0_:ADDR(0.99),ADDR(0.99)
140736932634384:_ZN3WTF19isCompilationThreadEv:
140736932636144:_ZN3WTF29cryptographicallyRandomNumberEv:
140736932650352:_ZN3WTF17TCMalloc_PageHeap17RegisterSizeClassEPNS_4SpanEm:ADDR(0.99),ADDR(0.99)
140736932656320:_ZN3WTF25TCMalloc_Central_FreeList14FetchFromSpansEv:ADDR(0.99)
140736932657024:_ZN3WTF20TCMalloc_ThreadCache14PickNextSampleEm:ADDR(0.99),INT(0)
140736932660288:_ZN3WTF10fastMallocEm:INT(0)
140736932664160:_ZN3WTF16fastZeroedMallocEm:INT(0)
140736932668272:_ZN3WTF8fastFreeEPv:ADDR(0.89)
140736932680336:_ZN3WTF11fastReallocEPvm:ADDR(0.99),INT(0)
140736932758576:_ZN3JSC15IdentifierTable3addEPN3WTF10StringImplE:ADDR(0.99),ADDR(0.99),ADDR(0.99)
140736932792560:_ZN3WTF17double_conversion23StringToDoubleConverter14StringToDoubleEPKcmPm:ADDR(0.99),INT(0),ADDR(0.99)
140736932797920:_ZN3WTF17double_conversion6StrtodENS0_15BufferReferenceIKcEEi:ADDR(0.99),INT(0),ADDR(0.36)
140736932827408:_ZN3WTF13CStringBuffer19createUninitializedEm:ADDR(0.99),INT(0)
140736932832928:_ZN3WTF10StringImpl17createFromLiteralEPKcj:ADDR(0.99),ADDR(0.99),INT(0)
140736932832992:_ZN3WTF10StringImpl17createFromLiteralEPKc:ADDR(0.99),ADDR(0.99)
140736932833232:_ZN3WTF10StringImpl19createUninitializedEjRPh:ADDR(0.99),INT(0),ADDR(0.99)
140736932833664:_ZN3WTF10StringImpl6createEPKhj:ADDR(0.99),ADDR(0.99),INT(0)
140736932833824:_ZN3WTF10StringImpl6createEPKh:ADDR(0.99),ADDR(0.99)
140736932847488:_ZN3WTF5equalEPKNS_10StringImplEPKhj:ADDR(0.99),ADDR(0.99),INT(0)
140736932847968:_ZN3WTF5equalEPKNS_10StringImplEPKh:ADDR(0.99),ADDR(0.99)
140736932848160:_ZN3WTF12equalNonNullEPKNS_10StringImplES2_:ADDR(0.99),ADDR(0.99)
140736932852720:_ZNK3WTF10StringImpl12utf8ForRangeEjjNS_14ConversionModeE:ADDR(0.99),ADDR(0.99),INT(0),INT(0)
140736932853120:_ZNK3WTF10StringImpl4utf8ENS_14ConversionModeE:ADDR(0.99),ADDR(0.99),INT(0)
140736932853152:_ZN3WTF10StringImplD1Ev:ADDR(0.99)
140736932858416:_ZNK3WTF10StringImpl12hashSlowCaseEv:ADDR(0.99)
140736932860480:_ZN3WTF6StringC1EPKc:ADDR(0.99),ADDR(0.99)
140736932879936:_ZN3WTF6String8fromUTF8EPKhm:ADDR(0.99),ADDR(0.99),INT(0)
140736932884176:_ZN3WTF7Unicode19convertLatin1ToUTF8EPPKhS2_PPcS4_:ADDR(0.99),ADDR(0.99),ADDR(0.99),ADDR(0.99)
140736913392576:hb_segment_properties_equal:ADDR(0.99),ADDR(0.99)
140736913399488:hb_buffer_get_glyph_positions:ADDR(0.99),ADDR(0.5)
140736913407296:hb_face_reference:ADDR(0.99)
140736913407328:hb_face_destroy:ADDR(0.99)
140736913412256:hb_font_funcs_destroy:ADDR(0.99)
140736913418912:hb_font_destroy:ADDR(0.5)
140736913445952:hb_ot_layout_language_find_feature:ADDR(0.99),INT(0.99),INT(0),INT(0),INT(0.99),ADDR(0.99)
140736913448736:hb_ot_layout_has_positioning:ADDR(0.99)
140736877818384:FcConfigAddRule:ADDR(0.99),ADDR(0.99),INT(0)
140736877862480:FcFontSetAdd:ADDR(0.99),ADDR(0.99)
140736877869200:FcLangSetHasLang:ADDR(0.99),ADDR(0.99)
140736877870992:FcLangSetContains:ADDR(0.99),ADDR(0.99)
140736877884016:FcNameGetObjectType:ADDR(0.99)
140736877887728:FcValueDestroy:INT(0),ADDR(0.291176)
140736877887952:FcValueSave:INT(0),ADDR(0.91)
140736877899968:FcUcs4ToUtf8:INT(0),ADDR(0.99)
140736877900816:FcStrCmpIgnoreCase:ADDR(0.99),ADDR(0.99)
140736877902048:FcStrStrIgnoreCase:ADDR(0.99),ADDR(0.99)
140736877903632:FcStrSetMember:ADDR(0.99),ADDR(0.99)
140736877904080:FcStrSetAdd:ADDR(0.99),ADDR(0.99)
140736877904736:FcStrSetDestroy:ADDR(0.99)
140736877904848:FcStrListCreate:ADDR(0.99)
140736877905904:FcStrListNext:ADDR(0.99)
140736875076176:FT_MSB:INT(0)
140736875076368:FT_MulDiv:INT(0),INT(0),INT(0)
140736875076944:FT_MulFix:
140736875077120:FT_DivFix:INT(0),INT(0)
140736875078224:ft_corner_is_flat:INT(0),INT(0),INT(0),INT(0)
140736875078352:FT_GlyphLoader_Rewind:ADDR(0.99)
140736875078624:ft_service_list_lookup:ADDR(0.99),ADDR(0.99)
140736875081824:FT_Get_Next_Char:ADDR(0.99),INT(0),ADDR(0.99)
140736875086496:FT_Outline_Check:ADDR(0.99)
140736875086768:FT_Outline_Get_CBox:ADDR(0.99),ADDR(0.99)
140736875087440:FT_Vector_Transform:ADDR(0.99),ADDR(0.99)
140736875087648:FT_Outline_Get_Orientation:ADDR(0.99)
140736875088144:FT_Stream_Seek:ADDR(0.99),INT(0)
140736875088416:FT_Stream_Pos:ADDR(0.99)
140736875088736:FT_Stream_GetUShort:ADDR(0.99)
140736875088880:FT_Stream_GetULong:ADDR(0.99)
140736875089136:FT_Stream_ReadUShort:ADDR(0.99),ADDR(0.99)
140736875093088:ft_mem_qalloc:ADDR(0.99),INT(0),ADDR(0.99)
140736875093152:ft_mem_alloc:ADDR(0.99),INT(0),ADDR(0.99)
140736875094080:ft_mem_free:ADDR(0.99),INT(0)
140736875094960:ft_glyphslot_free_bitmap:ADDR(0.99)
140736875095088:FT_Load_Glyph:ADDR(0.980198),INT(0),INT(0)
140736875099760:FT_Stream_EnterFrame:ADDR(0.99),INT(0)
140736875100080:FT_Stream_ExitFrame:ADDR(0.99)
140736875100128:FT_Stream_ReadFields:ADDR(0.99),ADDR(0.99),ADDR(0.99)
140736855745968:XRenderFindDisplay:ADDR(0.99)
140736855747232:XRenderQueryFormats:ADDR(0.99)
140736849954400:_XUpdateGCCache:ADDR(0.99),INT(0),ADDR(0.99)
140736850087328:_XSend:ADDR(0.99),ADDR(0.17),INT(0)
140736850088848:_XReply:ADDR(0.99),ADDR(0.99),INT(0),INT(0)
140736850093040:_XSetLastRequestRead:ADDR(0.99),ADDR(0.99)
140736850094768:_XIsEventCookie:ADDR(0.99),ADDR(0.99)
140736850095184:_XDeq:ADDR(0.99),INT(0),ADDR(0.99)
140736850097664:_XStoreEventCookie:ADDR(0.99),ADDR(0.99)
140736850097888:_XEnq:ADDR(0.99),ADDR(0.99)
140736850098464:_XVIDtoVisual:ADDR(0.99),INT(0)
140736850098672:_XFreeEventCookies:ADDR(0.99)
140736850098784:_XData32:ADDR(0.99),ADDR(0.99),INT(0)
140736850099232:_XGetRequest:ADDR(0.99),INT(0),INT(0)
140736850147104:_XlcGetCharSet:ADDR(0.99)
140736850420176:_XkbReadCopyKeySyms:ADDR(0.99),ADDR(0.99),INT(0)
140736850420224:_XkbReadBufferCopyKeySyms:ADDR(0.99),ADDR(0.99),INT(0)
140736850420592:_XkbGetReadBufferPtr:ADDR(0.99),INT(0)
140736841379648:__hypot_finite:
140736836991744:pango_cairo_context_get_resolution:ADDR(0.99)
140736832698656:pango_fc_font_get_type:
140736761473392:XmlInitEncoding:ADDR(0.99),ADDR(0.99),ADDR(0.49)
140736452081456:murrine_rc_style_get_type:
140736452087248:murrine_style_get_type:
140734898955568:asn1_length_der:INT(0),ADDR(0.49),ADDR(0.99)
140734898955728:asn1_octet_der:ADDR(0.99),INT(0),ADDR(0.99),ADDR(0.99)
140734898961216:asn1_get_length_der:ADDR(0.99),INT(0),ADDR(0.99)
140734898962768:asn1_get_tag_der:ADDR(0.99),INT(0),ADDR(0.99),ADDR(0.99),ADDR(0.99)
140734898963280:asn1_get_length_ber:ADDR(0.99),INT(0),ADDR(0.99)
140734898982064:asn1_find_node:ADDR(0.99),ADDR(0.99)
140734368008880:rsvg_css_parse_color:ADDR(0.99),ADDR(0.15)
140734368011248:rsvg_defs_lookup:ADDR(0.99),ADDR(0.99)
