140737016808160:g_closure_new_simple:INT(0),ADDR(0.77)
140737016808320:g_closure_set_meta_marshal:ADDR(0.99),INT(0),ADDR(0.99)
140737016808544:g_closure_add_marshal_guards:ADDR(0.99),ADDR(0.99),ADDR(0.99),ADDR(0.99),ADDR(0.99)
140737016809792:g_closure_add_invalidate_notifier:ADDR(0.99),ADDR(0.99),ADDR(0.99)
140737016810128:g_closure_ref:ADDR(0.99)
140737016810400:g_closure_unref:ADDR(0.99)
140737016810768:g_closure_invalidate:ADDR(0.804878)
140737016811152:g_closure_sink:ADDR(0.222973)
140737016811312:g_closure_remove_invalidate_notifier:ADDR(0.99),ADDR(0.99),ADDR(0.99)
140737016813168:g_closure_set_marshal:ADDR(0.99),ADDR(0.99)
140737016813424:g_cclosure_new:ADDR(0.98),ADDR(0.77),INT(0)
140737016813552:g_cclosure_new_swap:ADDR(0.99),ADDR(0.99),INT(0)
140737016813824:g_signal_type_cclosure_new:ADDR(0.98),INT(0)
140737016819232:g_enum_get_value:ADDR(0.99),INT(0.02)
140737016830560:g_object_ref:ADDR(0.99)
140737016830992:g_object_unref:ADDR(0.99)
140737016839904:g_object_newv:ADDR(0.99),INT(0),INT(0)
140737016840560:g_object_new_valist:ADDR(0.99),ADDR(0.98),ADDR(0.99)
140737016842448:g_object_set_valist:ADDR(0.99),ADDR(0.99),ADDR(0.99)
140737016844000:g_object_get_valist:ADDR(0.99),ADDR(0.99),ADDR(0.99)
140737016850176:g_object_get_qdata:INT(0.0314685),INT(0)
140737016857136:g_param_spec_ref:ADDR(0.99)
140737016857968:g_param_spec_ref_sink:ADDR(0.99)
140737016858192:g_param_spec_internal:ADDR(0.99),ADDR(0.99),ADDR(0.99),ADDR(0.99),INT(0)
140737016859248:g_param_spec_get_redirect_target:ADDR(0.99)
140737016860192:g_param_value_validate:ADDR(0.99),ADDR(0.99)
140737016861920:g_param_spec_pool_lookup:ADDR(0.99),ADDR(0.99),ADDR(0.61),INT(0)
140737016863088:g_param_spec_pool_list:ADDR(0.99),ADDR(0.99),ADDR(0.99)
140737016864928:g_param_spec_get_default_value:ADDR(0.99)
140737016893808:g_signal_newv:ADDR(0.99),ADDR(0.98),INT(0),ADDR(0.82),ADDR(0.25),INT(0)
140737016897808:g_signal_new_valist:ADDR(0.99),ADDR(0.98),INT(0),ADDR(0.82),ADDR(0.25),INT(0)
140737016907200:g_signal_connect_data:ADDR(0.99),ADDR(0.98),ADDR(0.98),ADDR(0.71),INT(0),INT(0)
140737016912976:g_signal_emit_valist:ADDR(0.99),INT(0),INT(0),ADDR(0.99)
140737016917088:g_signal_emit:ADDR(0.99),INT(0),INT(0),ADDR(0.94),ADDR(0.05),INT(0.03)
140737016934368:g_type_class_unref:ADDR(0.99)
140737016934592:g_type_class_ref:ADDR(0.73)
140737016936208:g_type_class_peek:ADDR(0.99)
140737016936304:g_type_class_peek_static:ADDR(0.99)
140737016936400:g_type_class_peek_parent:ADDR(0.99)
140737016936640:g_type_interface_peek:ADDR(0.99),ADDR(0.99)
140737016941376:g_type_from_name:ADDR(0.99)
140737016942352:g_type_register_static:ADDR(0.27),ADDR(0.99),ADDR(0.99),INT(0)
140737016943056:g_type_parent:ADDR(0.59)
140737016943120:g_type_depth:ADDR(0.99)
140737016943328:g_type_is_a:ADDR(0.67),ADDR(0.45)
140737016944080:g_type_interfaces:ADDR(0.98),ADDR(0.99)
140737016945360:g_type_test_flags:ADDR(0.97),INT(0)
140737016945744:g_type_create_instance:ADDR(0.99)
140737016947632:g_type_fundamental:ADDR(0.97)
140737016950064:g_type_check_instance_is_a:ADDR(0.99),ADDR(0.27)
140737016951440:g_type_check_class_is_a:ADDR(0.99),INT(0)
140737016952800:g_type_check_instance:ADDR(0.99)
140737016953008:g_type_check_is_value_type:ADDR(0.57)
140737016953440:g_type_check_value:ADDR(0.99)
140737016953856:g_type_check_value_holds:ADDR(0.99),ADDR(0.05)
140737016954352:g_type_value_table_peek:ADDR(0.54)
140737016958528:g_type_module_get_type:
140737016962144:g_value_init:ADDR(0.99),ADDR(0.36)
140737016962400:g_value_reset:ADDR(0.99)
140737016962528:g_value_unset:ADDR(0.99)
140737016962832:g_value_register_transform_func:INT(0),INT(0),ADDR(0.99)
140737016963360:g_value_type_compatible:ADDR(0.71),ADDR(0.71)
140737016963744:g_value_set_instance:ADDR(0.99),ADDR(0.99)
140737016964336:g_value_transform:ADDR(0.99),ADDR(0.99)
140737013636768:g_array_append_vals:ADDR(0.99),ADDR(0.99),INT(0)
140737013638624:g_ptr_array_set_free_func:ADDR(0.99),ADDR(0.99)
140737013639616:g_ptr_array_set_size:ADDR(0.99),INT(0)
140737013640064:g_ptr_array_add:ADDR(0.99),ADDR(0.97)
140737013647072:g_bit_lock:ADDR(0.99),INT(0)
140737013647232:g_bit_unlock:ADDR(0.99),INT(0)
140737013647328:g_pointer_bit_lock:ADDR(0.99),INT(0)
140737013647584:g_pointer_bit_unlock:ADDR(0.99),INT(0)
140737013666656:g_bytes_unref:ADDR(0.99)
140737013666960:g_bytes_get_data:ADDR(0.99),ADDR(0.98)
140737013667024:g_bytes_get_size:ADDR(0.99)
140737013667088:g_bytes_ref:ADDR(0.99)
140737013669008:g_get_charset:ADDR(0.51)
140737013699280:g_get_filename_charsets:ADDR(0.99)
140737013731568:g_error_new_valist:INT(0),INT(0),ADDR(0.99),ADDR(0.99)
140737013732448:g_set_error:ADDR(0.42),INT(0),INT(0),ADDR(0.99),ADDR(0.99),ADDR(0.55)
140737013732752:g_propagate_error:ADDR(0.71),ADDR(0.99)
140737013744960:g_hash_table_lookup:ADDR(0.99),ADDR(0.99)
140737013745712:g_hash_table_contains:ADDR(0.99),INT(0)
140737013746048:g_hash_table_remove_all:ADDR(0.99)
140737013747072:g_hash_table_size:ADDR(0.99)
140737013775712:g_key_file_error_quark:
140737013781216:g_key_file_get_value:ADDR(0.99),ADDR(0.99),ADDR(0.99),ADDR(0.99)
140737013781824:g_key_file_get_string:ADDR(0.99),ADDR(0.99),ADDR(0.99),INT(0.03)
140737013796288:g_list_prepend:ADDR(0.74),ADDR(0.99)
140737013796976:g_list_remove_link:ADDR(0.99),ADDR(0.99)
140737013797632:g_list_nth:ADDR(0.99),INT(0)
140737013798080:g_list_last:ADDR(0.99)
140737013798112:g_list_append:ADDR(0.75),ADDR(0.99)
140737013802896:g_main_context_ref:ADDR(0.99)
140737013803824:g_main_context_default:
140737013804016:g_source_new:ADDR(0.99),INT(0)
140737013809120:g_get_monotonic_time:
140737013809296:g_main_context_acquire:ADDR(0.99)
140737013810480:g_main_context_prepare:ADDR(0.99),ADDR(0.99)
140737013811296:g_main_context_query:ADDR(0.99),ADDR(0.5),ADDR(0.99),ADDR(0.99),INT(0)
140737013811472:g_main_context_check:ADDR(0.99),ADDR(0.46),ADDR(0.99),INT(0)
140737013812144:g_main_context_dispatch:ADDR(0.99)
140737013835264:g_malloc:INT(0)
140737013835344:g_malloc0:INT(0)
140737013835424:g_realloc:ADDR(0.36),INT(0)
140737013835520:g_free:ADDR(0.894231)
140737013836176:g_mem_is_system_malloc:
140737013876000:g_quark_to_string:INT(0)
140737013876048:g_intern_string:ADDR(0.99)
140737013880144:g_queue_peek_head:ADDR(0.99)
140737013924336:g_slice_alloc:INT(0)
140737013925728:g_slice_alloc0:INT(0)
140737013925840:g_slice_free1:INT(0),ADDR(0.99)
140737013927920:g_slist_prepend:ADDR(0.24),ADDR(0.99)
140737013928208:g_slist_remove:ADDR(0.99),ADDR(0.99)
140737013928400:g_slist_remove_link:ADDR(0.99),ADDR(0.99)
140737013928976:g_slist_find:ADDR(0.26),ADDR(0.99)
140737013929264:g_slist_last:ADDR(0.99)
140737013929520:g_slist_concat:ADDR(0.99),ADDR(0.83)
140737013929616:g_slist_foreach:ADDR(0.06),ADDR(0.99),INT(0)
140737013930736:g_strdup:ADDR(0.88)
140737013930816:g_memdup:ADDR(0.98),INT(0)
140737013930880:g_strndup:ADDR(0.99),INT(0)
140737013931104:g_strdup_vprintf:ADDR(0.99),ADDR(0.99)
140737013931152:g_strdup_printf:ADDR(0.99),ADDR(0.79),ADDR(0.69),ADDR(0.23),ADDR(0.6),ADDR(0.56)
140737013931712:g_strtod:ADDR(0.99),ADDR(0.99)
140737013932160:g_strerror:INT(0)
140737013933328:g_ascii_tolower:INT(0)
140737013933776:g_ascii_strcasecmp:ADDR(0.99),ADDR(0.99)
140737013935792:g_strchug:ADDR(0.99)
140737013935936:g_strchomp:ADDR(0.99)
140737013938112:g_strstr_len:ADDR(0.99),INT(0),ADDR(0.99)
140737013938352:g_strrstr:ADDR(0.99),ADDR(0.99)
140737013940144:g_string_sized_new:INT(0)
140737013940240:g_string_free:ADDR(0.99),INT(0)
140737013941728:g_string_new:INT(0.00321199)
140737013942224:g_string_insert_c:ADDR(0.99),INT(0),INT(0)
140737013944304:g_string_erase:ADDR(0.99),INT(0),INT(0)
140737013945104:g_string_append_vprintf:ADDR(0.99),ADDR(0.99),ADDR(0.99)
140737013945520:g_string_append_printf:ADDR(0.99),ADDR(0.99),ADDR(0.91),ADDR(0.97),ADDR(0.25),ADDR(0.71)
140737013965712:g_thread_self:
140737013990320:g_unichar_isalnum:INT(0)
140737013997552:g_utf8_find_next_char:ADDR(0.99),INT(0)
140737013998000:g_utf8_get_char:ADDR(0.99)
140737013998672:g_unichar_to_utf8:INT(0),ADDR(0.99)
140737013998912:g_utf8_strchr:ADDR(0.99),INT(0),INT(0)
140737013999104:g_utf8_get_char_validated:ADDR(0.99),INT(0)
140737014003376:g_utf8_validate:ADDR(0.99),INT(0),ADDR(0.78)
140737014017360:g_variant_new_byte:INT(0)
140737014020048:g_variant_get_byte:ADDR(0.99)
140737014023200:g_variant_get_string:ADDR(0.99),ADDR(0.38)
140737014030672:g_variant_builder_clear:ADDR(0.99)
140737014031056:g_variant_builder_init:ADDR(0.99),ADDR(0.99)
140737014031856:g_variant_builder_add_value:ADDR(0.99),ADDR(0.99)
140737014032448:g_variant_builder_end:ADDR(0.99)
140737014035488:g_variant_format_string_scan:ADDR(0.99),INT(0),ADDR(0.99)
140737014038528:g_variant_format_string_scan_type:ADDR(0.99),INT(0),ADDR(0.99)
140737014044800:g_variant_new_from_bytes:ADDR(0.99),ADDR(0.99),INT(0)
140737014045120:g_variant_unref:ADDR(0.99)
140737014045712:g_variant_ref:ADDR(0.99)
140737014045824:g_variant_ref_sink:ADDR(0.99)
140737014046176:g_variant_get_size:ADDR(0.99)
140737014046240:g_variant_get_data:ADDR(0.99)
140737014046432:g_variant_n_children:ADDR(0.99)
140737014046528:g_variant_get_child_value:ADDR(0.99),INT(0)
140737014062960:g_variant_serialised_n_children:
140737014063456:g_variant_serialised_get_child:ADDR(0.99),INT(0)
140737014068672:g_variant_serialiser_is_string:ADDR(0.99),INT(0)
140737014072032:g_variant_type_info_get_type_string:ADDR(0.99)
140737014072096:g_variant_type_info_query:ADDR(0.99),ADDR(0.98),ADDR(0.98)
140737014072240:g_variant_type_info_n_members:ADDR(0.99)
140737014072272:g_variant_type_info_member_info:ADDR(0.99),INT(0)
140737014072336:g_variant_type_info_ref:ADDR(0.99)
140737014072464:g_variant_type_info_get:ADDR(0.980198)
140737014073536:g_variant_type_info_unref:ADDR(0.99)
140737014073952:g_variant_type_string_scan:ADDR(0.970588),INT(0),ADDR(0.970588)
140737014074336:g_variant_type_string_is_valid:ADDR(0.99)
140737014074448:g_variant_type_get_string_length:ADDR(0.99)
140737014074560:g_variant_type_copy:ADDR(0.99)
140737014074672:g_variant_type_peek_string:ADDR(0.99)
140737014074832:g_variant_type_is_definite:ADDR(0.99)
140737014074992:g_variant_type_is_container:ADDR(0.99)
140737014075376:g_variant_type_is_tuple:ADDR(0.99)
140737014075472:g_variant_type_is_dict_entry:ADDR(0.99)
140737014076224:g_variant_type_element:ADDR(0.99)
140737014076352:g_variant_type_first:ADDR(0.99)
140737014076496:g_variant_type_next:ADDR(0.99)
140737014076688:g_variant_type_key:ADDR(0.99)
140737014077776:g_variant_type_new_dict_entry:ADDR(0.99),ADDR(0.99)
140737014078000:g_variant_type_checked_:ADDR(0.99)
140737014079712:g_vasprintf:ADDR(0.99),ADDR(0.99),ADDR(0.99)
140737014081904:g_mutex_lock:ADDR(0.99)
140737014081952:g_mutex_unlock:ADDR(0.99)
140737014082000:g_mutex_trylock:ADDR(0.99)
140737014082640:g_cond_broadcast:ADDR(0.99)
140736984361376:webkit_web_settings_get_type:
140736973577472:gtk_accel_group_get_type:
140736973579184:gtk_accel_group_from_accel_closure:ADDR(0.99)
140736973581232:gtk_accelerator_name:INT(0),INT(0)
140736973582800:gtk_accel_group_connect_by_path:ADDR(0.99),ADDR(0.99),ADDR(0.99)
140736973584592:gtk_accelerator_get_default_mod_mask:
140736973585552:gtk_accel_label_get_type:
140736973586032:gtk_accel_label_set_accel_closure:ADDR(0.99),ADDR(0.3)
140736973590352:gtk_accel_map_lookup_entry:ADDR(0.99),ADDR(0.99)
140736973590640:gtk_accel_map_add_entry:ADDR(0.99),INT(0),INT(0)
140736973598512:gtk_action_get_type:
140736973600848:gtk_action_get_name:ADDR(0.99)
140736973600944:gtk_action_is_sensitive:ADDR(0.99)
140736973601520:gtk_action_is_visible:ADDR(0.99)
140736973604496:gtk_action_get_stock_id:ADDR(0.99)
140736973606176:gtk_action_set_accel_path:ADDR(0.99),ADDR(0.99)
140736973606288:gtk_action_get_accel_path:ADDR(0.779528)
140736973606496:gtk_action_set_accel_group:ADDR(0.99),ADDR(0.99)
140736973606672:gtk_action_connect_accelerator:ADDR(0.99)
140736973608592:gtk_action_group_get_type:
140736973609744:gtk_action_group_get_sensitive:ADDR(0.99)
140736973610032:gtk_action_group_get_visible:ADDR(0.99)
140736973614208:gtk_activatable_get_type:
140736973614896:gtk_activatable_get_related_action:ADDR(0.99)
140736973615424:gtk_activatable_get_use_action_appearance:ADDR(0.99),ADDR(0.99),INT(0),INT(0),ADDR(0.99),INT(0)
140736973616688:gtk_adjustment_get_type:
140736973654944:gtk_binding_entry_add_signal:ADDR(0.99),INT(0),INT(0),ADDR(0.99),INT(0),ADDR(0.57)
140736973659600:gtk_box_get_type:
140736973691520:gtk_button_get_type:
140736973694640:gtk_button_set_relief:ADDR(0.99),INT(0)
140736973853296:gtk_container_get_type:
140736973893040:gtk_entry_get_type:
140736973938976:gtk_entry_buffer_get_type:
140736974118992:gtk_gc_get:INT(0),ADDR(0.99),ADDR(0.99),INT(0)
140736974148032:gtk_icon_source_copy:ADDR(0.99)
140736974148784:gtk_icon_set_ref:ADDR(0.99)
140736974149280:gtk_icon_set_unref:ADDR(0.99)
140736974149520:gtk_icon_factory_get_type:
140736974149744:gtk_icon_factory_add:ADDR(0.99),ADDR(0.99),ADDR(0.99)
140736974153168:gtk_icon_set_new:
140736974153616:gtk_icon_set_add_source:ADDR(0.99),ADDR(0.99)
140736974156320:gtk_icon_factory_lookup_default:ADDR(0.980198)
140736974236768:gtk_image_get_type:
140736974249600:gtk_image_menu_item_get_type:
140736974252336:gtk_image_menu_item_get_image:ADDR(0.99)
140736974298144:gtk_label_get_type:
140736974350368:gtk_grab_remove:ADDR(0.99)
140736974376384:gtk_menu_get_type:
140736974413872:gtk_menu_item_get_type:
140736974418112:gtk_menu_item_get_submenu:ADDR(0.99)
140736974425600:gtk_menu_shell_get_type:
140736974443968:gtk_misc_get_type:
140736974444112:gtk_misc_set_alignment:ADDR(0.916667),INT(0),ADDR(0.916667)
140736974465120:gtk_notebook_get_type:
140736974509280:gtk_object_get_type:
140736974638560:gtk_rc_style_get_type:
140736974645248:gtk_rc_parse_state:ADDR(0.99),ADDR(0.99)
140736974645888:gtk_rc_parse_color_full:ADDR(0.99),ADDR(0.99),ADDR(0.99)
140736974764816:gtk_separator_menu_item_get_type:
140736974765520:gtk_separator_tool_item_get_type:
140736974854288:gtk_style_get_type:
140736974902144:gtk_tearoff_menu_item_get_type:
140736975128928:gtk_toggle_action_get_type:
140736975138224:gtk_toolbar_get_type:
140736975165952:gtk_tool_button_get_type:
140736975172016:gtk_tool_item_get_type:
140736975172464:gtk_tool_item_get_icon_size:ADDR(0.99)
140736975172752:gtk_tool_item_get_toolbar_style:ADDR(0.99)
140736975172896:gtk_tool_item_get_relief_style:ADDR(0.99)
140736975173040:gtk_tool_item_get_text_alignment:ADDR(0.980198)
140736975176384:gtk_tool_item_rebuild_menu:ADDR(0.99)
140736975204752:gtk_tool_shell_get_type:
140736975462720:gtk_widget_get_type:
140736975463328:gtk_widget_child_notify:ADDR(0.99),ADDR(0.99)
140736975466496:gtk_widget_list_accel_closures:ADDR(0.99)
140736975468320:gtk_widget_get_can_focus:ADDR(0.99)
140736975468992:gtk_widget_has_grab:ADDR(0.99)
140736975469120:gtk_widget_get_name:ADDR(0.773438)
140736975469232:gtk_widget_get_state:ADDR(0.99)
140736975469328:gtk_widget_get_visible:ADDR(0.99)
140736975469424:gtk_widget_set_has_window:ADDR(0.99),INT(0)
140736975469552:gtk_widget_get_has_window:ADDR(0.99)
140736975470304:gtk_widget_is_toplevel:ADDR(0.99)
140736975470672:gtk_widget_get_realized:ADDR(0.99)
140736975473488:gtk_widget_get_mapped:ADDR(0.99)
140736975474336:gtk_widget_is_drawable:ADDR(0.99)
140736975475056:gtk_widget_get_double_buffered:ADDR(0.99)
140736975475872:gtk_widget_get_sensitive:ADDR(0.99)
140736975475968:gtk_widget_is_sensitive:ADDR(0.99)
140736975476464:gtk_widget_get_parent:ADDR(0.99)
140736975476704:gtk_widget_has_rc_style:ADDR(0.99)
140736975477056:gtk_widget_get_default_style:
140736975477392:gtk_widget_set_parent_window:ADDR(0.99),INT(0)
140736975479648:gtk_widget_get_toplevel:ADDR(0.99)
140736975480176:gtk_widget_is_focus:ADDR(0.99)
140736975480768:gtk_widget_get_screen:ADDR(0.970588)
140736975481616:gtk_widget_has_screen:ADDR(0.99)
140736975484128:gtk_widget_get_direction:ADDR(0.99)
140736975489920:gtk_widget_unparent:ADDR(0.99)
140736975492496:gtk_widget_style_get_valist:ADDR(0.99),ADDR(0.99),ADDR(0.99)
140736975493216:gtk_widget_style_get:ADDR(0.99),ADDR(0.99),ADDR(0.99),ADDR(0.06),ADDR(0.99),ADDR(0.32)
140736975494464:gtk_widget_show:ADDR(0.868421)
140736975495456:gtk_widget_set_can_focus:ADDR(0.99),INT(0)
140736975496464:gtk_widget_ensure_style:ADDR(0.970588)
140736975501008:gtk_widget_set_parent:ADDR(0.99),ADDR(0.99)
140736975502336:gtk_widget_set_sensitive:ADDR(0.99),INT(0)
140736975517024:gtk_widget_get_no_show_all:ADDR(0.99)
140736975533136:gtk_window_get_type:
140736970402912:gdk_display_get_type:
140736970409552:gdk_drawable_get_type:
140736970411328:gdk_draw_line:ADDR(0.99),ADDR(0.99),INT(0),INT(0),INT(0),INT(0)
140736970422032:gdk_event_new:INT(0.47)
140736970427200:gdk_gc_get_type:
140736970464720:gdk_pixmap_get_type:
140736970477344:gdk_region_new:
140736970477568:gdk_region_rectangle:ADDR(0.99)
140736970477696:gdk_region_copy:ADDR(0.99)
140736970478192:gdk_region_offset:ADDR(0.99),INT(0.52),INT(0.54)
140736970479840:gdk_region_empty:ADDR(0.99)
140736970479904:gdk_region_equal:ADDR(0.99),ADDR(0.99)
140736970503056:gdk_screen_get_type:
140736970516816:gdk_window_object_get_type:
140736970524624:gdk_window_is_viewable:ADDR(0.99)
140736970574080:gdk_colormap_get_type:
140736970578032:gdk_colormap_alloc_colors:ADDR(0.99),ADDR(0.99),INT(0),INT(0),INT(0),ADDR(0.99)
140736970659920:gdk_keyval_convert_case:INT(0),ADDR(0.99),INT(0)
140736970672976:gdk_x11_atom_to_xatom_for_display:ADDR(0.99),INT(0)
140736970700256:gdk_window_impl_x11_get_type:
140736968045632:gdk_pixbuf_get_type:
140736964173936:__isinf:ADDR(0.99)
140736964174000:isnan:ADDR(0.99)
140736964196400:getenv:ADDR(0.99)
140736964201856:random_r:ADDR(0.99),ADDR(0.99)
140736964254960:_IO_vfprintf:ADDR(0.99),ADDR(0.99),ADDR(0.99)
140736964276960:__printf_fp:ADDR(0.99),ADDR(0.99),ADDR(0.99)
140736964298480:_IO_vfscanf:ADDR(0.99),ADDR(0.99),ADDR(0.99),INT(0)
140736964413968:vsscanf:ADDR(0.99),ADDR(0.99),ADDR(0.99)
140736964426224:fgets_unlocked:ADDR(0.99),INT(0),ADDR(0.99)
140736964451264:_IO_file_init:ADDR(0.99)
140736964452000:_IO_file_fopen:ADDR(0.99),ADDR(0.98),ADDR(0.99)
140736964455056:_IO_un_link:ADDR(0.99)
140736964455664:_IO_link_in:ADDR(0.99)
140736964456816:_IO_switch_to_get_mode:ADDR(0.99)
140736964457728:_IO_setb:ADDR(0.99),ADDR(0.93),ADDR(0.93),INT(0)
140736964460112:_IO_sputbackc:ADDR(0.99),INT(0)
140736964512064:__strerror_r:INT(0),INT(0),INT(0)
140736964512448:strlen:ADDR(0.97)
140736964512896:strnlen:ADDR(0.99),INT(0)
140736964525072:memchr:ADDR(0.75),INT(0),INT(0)
140736964527552:memset:ADDR(0.99),INT(0),INT(0)
140736964556976:rawmemchr:ADDR(0.99),INT(0)
140736964557504:strchrnul:ADDR(0.97),INT(0)
140736964558192:__argz_count:ADDR(0.99),INT(0)
140736964559232:argz_stringify:ADDR(0.99),INT(0),INT(0)
140736964916752:open:
140736964958176:tfind:ADDR(0.99),ADDR(0.99),ADDR(0.99)
140736965038496:__vsnprintf_chk:ADDR(0.99),INT(0),INT(0),INT(0),ADDR(0.99),ADDR(0.99)
140736965222512:_dl_mcount_wrapper_check:
140736960405360:xmlNextChar:ADDR(0.99)
140736960432160:xmlSkipBlankChars:ADDR(0.99)
140736960438720:xmlParseName:ADDR(0.99)
140736960451392:xmlParseAttribute:ADDR(0.99),ADDR(0.99)
140736960451856:xmlParseStartTag:ADDR(0.99)
140736960455552:xmlParseCharData:ADDR(0.99),INT(0)
140736960891344:xmlStrndup:ADDR(0.99),INT(0)
140736960891776:xmlStrEqual:ADDR(0.99),ADDR(0.99)
140736960897808:xmlBufUse:ADDR(0.99)
140736961220960:xmlDictLookup:ADDR(0.99),ADDR(0.99),INT(0)
140736957375184:sqlite3_mutex_enter:ADDR(0.585799)
140736957375248:sqlite3_mutex_leave:ADDR(0.589286)
140736957376656:sqlite3_stricmp:ADDR(0.99),ADDR(0.99)
140736957376768:sqlite3_strnicmp:ADDR(0.99),ADDR(0.99),INT(0)
140736957384480:sqlite3_column_count:ADDR(0.99)
140736957413760:sqlite3_free:ADDR(0.693069)
140736957469760:sqlite3_initialize:
140736957571280:sqlite3_column_text:ADDR(0.99),INT(0)
140736957694912:sqlite3_finalize:ADDR(0.99)
140736957795376:sqlite3_step:ADDR(0.99)
140736946715200:g_cancellable_is_cancelled:ADDR(0.41)
140736946715232:g_cancellable_set_error_if_cancelled:ADDR(0.4),ADDR(0.96)
140736946761040:g_file_get_type:
140736946811760:g_file_attribute_matcher_unref:ADDR(0.970297)
140736946812464:g_file_info_get_type:
140736946847264:g_inet_address_get_type:
140736946855984:g_initable_get_type:
140736946856448:g_initable_new_valist:ADDR(0.99),ADDR(0.98),ADDR(0.99),INT(0),ADDR(0.84)
140736946856608:g_initable_new:ADDR(0.99),INT(0),ADDR(0.84),ADDR(0.98),ADDR(0.96),ADDR(0.96)
140736946943712:g_simple_async_result_get_type:
140736946950720:g_socket_get_type:
140736947025136:g_tls_backend_get_type:
140736947326720:g_dbus_message_get_type:
140736938452160:cairo_move_to:ADDR(0.99)
140736938452208:cairo_line_to:ADDR(0.99)
140736938452256:cairo_curve_to:ADDR(0.99)
140736938452960:cairo_close_path:ADDR(0.99)
140736938547360:cairo_matrix_init_identity:ADDR(0.99)
140736938547712:cairo_matrix_multiply:ADDR(0.99),ADDR(0.99),ADDR(0.99)
140736938548288:cairo_matrix_transform_distance:ADDR(0.99),ADDR(0.99),ADDR(0.99)
140736938548352:cairo_matrix_transform_point:ADDR(0.99),ADDR(0.99),ADDR(0.99)
140736938549312:cairo_matrix_invert:ADDR(0.99)
140736938636944:cairo_pattern_reference:ADDR(0.99)
140736938637040:cairo_pattern_destroy:ADDR(0.99)
140736938710048:cairo_region_destroy:ADDR(0.19)
140736938718560:cairo_scaled_font_reference:INT(0)
140736938718624:cairo_scaled_font_destroy:ADDR(0.07)
140736938749792:cairo_surface_reference:ADDR(0.99)
140736938751296:cairo_surface_destroy:ADDR(0.72)
140736935978992:pango_font_get_type:
140736935989264:pango_attr_list_unref:ADDR(0.507692)
140736935989920:pango_attribute_init:ADDR(0.99),ADDR(0.99)
140736936003904:pango_context_get_type:
140736936007344:pango_context_get_serial:ADDR(0.99)
140736936008032:pango_coverage_get:ADDR(0.99),INT(0)
140736936012064:pango_font_map_get_type:
140736936014576:pango_fontset_get_type:
140736936027216:pango_layout_get_type:
140736928236336:_ZN3JSC12opcodeLengthENS_8OpcodeIDE:INT(0)
140736928237088:_ZN3JSC4Heap12writeBarrierEPKNS_6JSCellEPS1_:ADDR(0.99)
140736928293872:_ZN3JSC25UnlinkedInstructionStream6Reader4nextEv:ADDR(0.99)
140736928305696:_ZN3JSC17BytecodeGenerator10emitOpcodeENS_8OpcodeIDE:ADDR(0.99),INT(0)
140736929753104:_ZN3JSC4Heap22incrementDeferralDepthEv:ADDR(0.99)
140736929753168:_ZN3JSC4Heap22decrementDeferralDepthEv:ADDR(0.99)
140736929753232:_ZN3JSC4Heap12writeBarrierEPKNS_6JSCellE:
140736929809328:_ZN3JSC17weakClearSlowCaseERPNS_8WeakImplE:ADDR(0.99)
140736930127008:_ZN3JSC7JITCodeC1ENS0_7JITTypeE:ADDR(0.99),INT(0)
140736930127200:_ZN3JSC13DirectJITCodeC1ENS_21MacroAssemblerCodeRefENS_7JITCode7JITTypeE:ADDR(0.99),ADDR(0.99),INT(0)
140736930127280:_ZN3JSC7JITCode12hostFunctionENS_21MacroAssemblerCodeRefE:ADDR(0.99),ADDR(0.99)
140736930128640:_ZN3JSC3JITC1EPNS_2VMEPNS_9CodeBlockE:ADDR(0.99),ADDR(0.99),INT(0)
140736930174336:_ZN3JSC3JIT27privateCompileCTINativeCallEPNS_2VMEPFlPNS_9ExecStateEE:ADDR(0.99),ADDR(0.99),ADDR(0.99)
140736930313088:_ZN3JSC9JITThunks7ctiStubEPNS_2VMEPFNS_21MacroAssemblerCodeRefES2_E:ADDR(0.99),ADDR(0.99),ADDR(0.99),ADDR(0.99)
140736930314000:_ZN3JSC9JITThunks18ctiNativeConstructEPNS_2VME:ADDR(0.99),ADDR(0.99)
140736930318880:_ZNK3WTF7HashMapISt4pairIPFlPN3JSC9ExecStateEES6_ENS2_4WeakINS2_16NativeExecutableEEENS_8PairHashIS6_S6_EENS_10HashTraitsIS7_EENSD_ISA_EEE3getERKS7_:ADDR(0.99),ADDR(0.99)
140736930321008:_ZN3WTF7HashMapISt4pairIPFlPN3JSC9ExecStateEES6_ENS2_4WeakINS2_16NativeExecutableEEENS_8PairHashIS6_S6_EENS_10HashTraitsIS7_EENSD_ISA_EEE9inlineSetIRKS7_SA_EENS_18HashTableAddResultINS_17HashTableIteratorIS7_NS_12KeyValuePairIS7_SA_EENS_24KeyValuePairKeyExtractorISN_EESC_NSG_18KeyValuePairTraitsESE_EEEEOT_OT0_:ADDR(0.99),ADDR(0.99),ADDR(0.99),ADDR(0.99)
140736930558800:_ZN3JSC5LexerIhE3lexEPNS_7JSTokenEjb:ADDR(0.99),ADDR(0.99),INT(0),INT(0)
140736930643440:_ZN3JSC6ParserINS_5LexerIhEEE10strictModeEv:ADDR(0.99)
140736931387424:_ZN3JSC10Identifier3addEPNS_2VMEPKc:ADDR(0.99),ADDR(0.99),ADDR(0.99)
140736931388432:_ZN3JSC15IdentifierTable3addIPKhNS_31IdentifierASCIIStringTranslatorEEEN3WTF18HashTableAddResultINS5_17HashTableIteratorIPNS5_10StringImplES9_NS5_17IdentityExtractorENS5_10StringHashENS5_10HashTraitsIS9_EESD_EEEET_:ADDR(0.99),ADDR(0.99),ADDR(0.99)
140736931482144:_ZN3JSC10JSFunctionC2ERNS_2VMEPNS_14JSGlobalObjectEPNS_9StructureE:ADDR(0.99),ADDR(0.99),ADDR(0.99),ADDR(0.99)
140736931482528:_ZN3JSC10JSFunction14finishCreationERNS_2VMEPNS_16NativeExecutableEiRKN3WTF6StringE:ADDR(0.99),ADDR(0.99),ADDR(0.99),INT(0),ADDR(0.99)
140736931488848:_ZN3JSC10JSFunction6createERNS_2VMEPNS_14JSGlobalObjectEiRKN3WTF6StringEPFlPNS_9ExecStateEENS_9IntrinsicESC_:ADDR(0.99),ADDR(0.99),INT(0),ADDR(0.99),ADDR(0.99),INT(0)
140736931641296:_ZN3JSC21getCallableObjectSlowEPNS_6JSCellE:ADDR(0.99)
140736931654688:_ZN3JSC8JSObject20growOutOfLineStorageERNS_2VMEmm:ADDR(0.99),ADDR(0.99),INT(0),INT(0)
140736932151984:_ZN3JSC12SmallStrings27createSingleCharacterStringEPNS_2VMEh:ADDR(0.99),ADDR(0.99),INT(0)
140736932216384:_ZN3JSC9StructureC1ERNS_2VMEPKS0_:ADDR(0.99),ADDR(0.99),ADDR(0.99)
140736932219104:_ZN3JSC9Structure3pinEv:ADDR(0.99)
140736932220080:_ZN3JSC9Structure16putSpecificValueERNS_2VMENS_12PropertyNameEjPNS_6JSCellE:ADDR(0.99),ADDR(0.99),ADDR(0.99),INT(0),ADDR(0.83)
140736932222080:_ZNK3JSC9ClassInfo35hasStaticSetterOrReadonlyPropertiesERNS_2VME:ADDR(0.99),ADDR(0.99)
140736932222160:_ZN3JSC9StructureC1ERNS_2VMEPNS_14JSGlobalObjectENS_7JSValueERKNS_8TypeInfoEPKNS_9ClassInfoEhj:ADDR(0.99),ADDR(0.99),ADDR(0.68),ADDR(0.61),ADDR(0.99),ADDR(0.99)
140736932227936:_ZN3JSC9Structure28addPropertyWithoutTransitionERNS_2VMENS_12PropertyNameEjPNS_6JSCellE:ADDR(0.99),ADDR(0.99),ADDR(0.99),INT(0),ADDR(0.5)
140736932228880:_ZN3JSC9Structure3getERNS_2VMENS_12PropertyNameERjRPNS_6JSCellE:ADDR(0.99),ADDR(0.99),ADDR(0.99),ADDR(0.99),ADDR(0.99)
140736932232448:_ZN3JSC9Structure32takePropertyTableOrCloneIfPinnedERNS_2VMEPS0_:ADDR(0.99),ADDR(0.99),ADDR(0.99)
140736932236464:_ZN3JSC9Structure21addPropertyTransitionERNS_2VMEPS0_NS_12PropertyNameEjPNS_6JSCellERiNS_15PutPropertySlot7ContextE:ADDR(0.99),ADDR(0.99),ADDR(0.99),INT(0),ADDR(0.83),ADDR(0.99)
140736932241552:_ZN3JSC24StructureTransitionTable3addERNS_2VMEPNS_9StructureE:ADDR(0.99),ADDR(0.99),ADDR(0.99)
140736932568848:_ZN3WTF19isCompilationThreadEv:
140736932570608:_ZN3WTF29cryptographicallyRandomNumberEv:
140736932590784:_ZN3WTF25TCMalloc_Central_FreeList14FetchFromSpansEv:ADDR(0.99)
140736932591488:_ZN3WTF20TCMalloc_ThreadCache14PickNextSampleEm:ADDR(0.99),INT(0)
140736932594752:_ZN3WTF10fastMallocEm:INT(0)
140736932598624:_ZN3WTF16fastZeroedMallocEm:INT(0)
140736932602736:_ZN3WTF8fastFreeEPv:ADDR(0.89)
140736932761872:_ZN3WTF13CStringBuffer19createUninitializedEm:ADDR(0.99),INT(0)
140736932767392:_ZN3WTF10StringImpl17createFromLiteralEPKcj:ADDR(0.99),ADDR(0.99),INT(0)
140736932767456:_ZN3WTF10StringImpl17createFromLiteralEPKc:ADDR(0.99),ADDR(0.99)
140736932768128:_ZN3WTF10StringImpl6createEPKhj:ADDR(0.99),ADDR(0.99),INT(0)
140736932768288:_ZN3WTF10StringImpl6createEPKh:ADDR(0.99),ADDR(0.99)
140736932781952:_ZN3WTF5equalEPKNS_10StringImplEPKhj:ADDR(0.99),ADDR(0.99),INT(0)
140736932782432:_ZN3WTF5equalEPKNS_10StringImplEPKh:ADDR(0.99),ADDR(0.99)
140736932782624:_ZN3WTF12equalNonNullEPKNS_10StringImplES2_:ADDR(0.99),ADDR(0.99)
140736932787616:_ZN3WTF10StringImplD1Ev:ADDR(0.99)
140736932792880:_ZNK3WTF10StringImpl12hashSlowCaseEv:ADDR(0.99)
140736932794944:_ZN3WTF6StringC1EPKc:ADDR(0.99),ADDR(0.99)
140736913388608:hb_ot_layout_language_find_feature:ADDR(0.99),INT(0.99),INT(0),INT(0),INT(0.99),ADDR(0.99)
140736877761040:FcConfigAddRule:ADDR(0.99),ADDR(0.99),INT(0)
140736877805136:FcFontSetAdd:ADDR(0.99),ADDR(0.99)
140736877811856:FcLangSetHasLang:ADDR(0.99),ADDR(0.99)
140736877826672:FcNameGetObjectType:ADDR(0.99)
140736877830384:FcValueDestroy:INT(0),ADDR(0.291176)
140736877830608:FcValueSave:INT(0),ADDR(0.91)
140736877843472:FcStrCmpIgnoreCase:ADDR(0.99),ADDR(0.99)
140736877844704:FcStrStrIgnoreCase:ADDR(0.99),ADDR(0.99)
140736877846288:FcStrSetMember:ADDR(0.99),ADDR(0.99)
140736877846736:FcStrSetAdd:ADDR(0.99),ADDR(0.99)
140736877847392:FcStrSetDestroy:ADDR(0.99)
140736877847504:FcStrListCreate:ADDR(0.99)
140736877848560:FcStrListNext:ADDR(0.99)
140736875018832:FT_MSB:INT(0)
140736875019024:FT_MulDiv:INT(0),INT(0),INT(0)
140736875019600:FT_MulFix:
140736875019776:FT_DivFix:INT(0),INT(0)
140736875020880:ft_corner_is_flat:INT(0),INT(0),INT(0),INT(0)
140736875021008:FT_GlyphLoader_Rewind:ADDR(0.99)
140736875024480:FT_Get_Next_Char:ADDR(0.99),INT(0),ADDR(0.99)
140736875029152:FT_Outline_Check:ADDR(0.99)
140736875029424:FT_Outline_Get_CBox:ADDR(0.99),ADDR(0.99)
140736875030096:FT_Vector_Transform:ADDR(0.99),ADDR(0.99)
140736875030304:FT_Outline_Get_Orientation:ADDR(0.99)
140736875030800:FT_Stream_Seek:ADDR(0.99),INT(0)
140736875031072:FT_Stream_Pos:ADDR(0.99)
140736875031392:FT_Stream_GetUShort:ADDR(0.99)
140736875031536:FT_Stream_GetULong:ADDR(0.99)
140736875031792:FT_Stream_ReadUShort:ADDR(0.99),ADDR(0.99)
140736875035744:ft_mem_qalloc:ADDR(0.99),INT(0),ADDR(0.99)
140736875035808:ft_mem_alloc:ADDR(0.99),INT(0),ADDR(0.99)
140736875036736:ft_mem_free:ADDR(0.99),INT(0)
140736875037616:ft_glyphslot_free_bitmap:ADDR(0.99)
140736875037744:FT_Load_Glyph:ADDR(0.980198),INT(0),INT(0)
140736875042416:FT_Stream_EnterFrame:ADDR(0.99),INT(0)
140736875042736:FT_Stream_ExitFrame:ADDR(0.99)
140736855643568:XRenderFindDisplay:ADDR(0.99)
140736849984928:_XSend:ADDR(0.99),ADDR(0.17),INT(0)
140736849992368:_XIsEventCookie:ADDR(0.99),ADDR(0.99)
140736849996064:_XVIDtoVisual:ADDR(0.99),INT(0)
140736849996384:_XData32:ADDR(0.99),ADDR(0.99),INT(0)
140736849996832:_XGetRequest:ADDR(0.99),INT(0),INT(0)
140736850044704:_XlcGetCharSet:ADDR(0.99)
140736841277248:__hypot_finite:ADDR(0.99),ADDR(0.99)
140736836889344:pango_cairo_context_get_resolution:ADDR(0.99)
140736761370992:XmlInitEncoding:ADDR(0.99),ADDR(0.99),ADDR(0.49)
140736448005936:murrine_rc_style_get_type:
140734895203632:asn1_length_der:INT(0),ADDR(0.49),ADDR(0.99)
140734895203792:asn1_octet_der:ADDR(0.99),INT(0),ADDR(0.99),ADDR(0.99)
140734895209280:asn1_get_length_der:ADDR(0.99),INT(0),ADDR(0.99)
140734895210832:asn1_get_tag_der:ADDR(0.99),INT(0),ADDR(0.99),ADDR(0.99),ADDR(0.99)
140734895211344:asn1_get_length_ber:ADDR(0.99),INT(0),ADDR(0.99)
140734895230128:asn1_find_node:ADDR(0.99),ADDR(0.99)
140734362766000:rsvg_css_parse_color:ADDR(0.99),ADDR(0.15)
140734362768368:rsvg_defs_lookup:ADDR(0.99),ADDR(0.99)
140737016808160:g_closure_new_simple:INT(0),ADDR(0.77)
140737016808320:g_closure_set_meta_marshal:ADDR(0.99),INT(0),ADDR(0.99)
140737016808544:g_closure_add_marshal_guards:ADDR(0.99),ADDR(0.99),ADDR(0.99),ADDR(0.99),ADDR(0.99)
140737016809792:g_closure_add_invalidate_notifier:ADDR(0.99),ADDR(0.99),ADDR(0.99)
140737016810128:g_closure_ref:ADDR(0.99)
140737016810400:g_closure_unref:ADDR(0.99)
140737016810768:g_closure_invalidate:ADDR(0.804878)
140737016811152:g_closure_sink:ADDR(0.222973)
140737016811312:g_closure_remove_invalidate_notifier:ADDR(0.99),ADDR(0.99),ADDR(0.99)
140737016813168:g_closure_set_marshal:ADDR(0.99),ADDR(0.99)
140737016813424:g_cclosure_new:ADDR(0.98),ADDR(0.77),INT(0)
140737016813552:g_cclosure_new_swap:ADDR(0.99),ADDR(0.99),INT(0)
140737016813824:g_signal_type_cclosure_new:ADDR(0.98),INT(0)
140737016819232:g_enum_get_value:ADDR(0.99),INT(0.02)
140737016830560:g_object_ref:ADDR(0.99)
140737016830992:g_object_unref:ADDR(0.99)
140737016839904:g_object_newv:ADDR(0.99),INT(0),INT(0)
140737016840560:g_object_new_valist:ADDR(0.99),ADDR(0.98),ADDR(0.99)
140737016842448:g_object_set_valist:ADDR(0.99),ADDR(0.99),ADDR(0.99)
140737016844000:g_object_get_valist:ADDR(0.99),ADDR(0.99),ADDR(0.99)
140737016850176:g_object_get_qdata:INT(0.0314685),INT(0)
140737016857136:g_param_spec_ref:ADDR(0.99)
140737016857968:g_param_spec_ref_sink:ADDR(0.99)
140737016858192:g_param_spec_internal:ADDR(0.99),ADDR(0.99),ADDR(0.99),ADDR(0.99),INT(0)
140737016859248:g_param_spec_get_redirect_target:ADDR(0.99)
140737016860192:g_param_value_validate:ADDR(0.99),ADDR(0.99)
140737016861920:g_param_spec_pool_lookup:ADDR(0.99),ADDR(0.99),ADDR(0.61),INT(0)
140737016863088:g_param_spec_pool_list:ADDR(0.99),ADDR(0.99),ADDR(0.99)
140737016864928:g_param_spec_get_default_value:ADDR(0.99)
140737016893808:g_signal_newv:ADDR(0.99),ADDR(0.98),INT(0),ADDR(0.82),ADDR(0.25),INT(0)
140737016897808:g_signal_new_valist:ADDR(0.99),ADDR(0.98),INT(0),ADDR(0.82),ADDR(0.25),INT(0)
140737016907200:g_signal_connect_data:ADDR(0.99),ADDR(0.98),ADDR(0.98),ADDR(0.71),INT(0),INT(0)
140737016912976:g_signal_emit_valist:ADDR(0.99),INT(0),INT(0),ADDR(0.99)
140737016917088:g_signal_emit:ADDR(0.99),INT(0),INT(0),ADDR(0.94),ADDR(0.05),INT(0.03)
140737016934368:g_type_class_unref:ADDR(0.99)
140737016934592:g_type_class_ref:ADDR(0.73)
140737016936208:g_type_class_peek:ADDR(0.99)
140737016936304:g_type_class_peek_static:ADDR(0.99)
140737016936400:g_type_class_peek_parent:ADDR(0.99)
140737016936640:g_type_interface_peek:ADDR(0.99),ADDR(0.99)
140737016941376:g_type_from_name:ADDR(0.99)
140737016942352:g_type_register_static:ADDR(0.27),ADDR(0.99),ADDR(0.99),INT(0)
140737016943056:g_type_parent:ADDR(0.59)
140737016943120:g_type_depth:ADDR(0.99)
140737016943328:g_type_is_a:ADDR(0.67),ADDR(0.45)
140737016944080:g_type_interfaces:ADDR(0.98),ADDR(0.99)
140737016945360:g_type_test_flags:ADDR(0.97),INT(0)
140737016945744:g_type_create_instance:ADDR(0.99)
140737016947632:g_type_fundamental:ADDR(0.97)
140737016950064:g_type_check_instance_is_a:ADDR(0.99),ADDR(0.27)
140737016951440:g_type_check_class_is_a:ADDR(0.99),INT(0)
140737016952800:g_type_check_instance:ADDR(0.99)
140737016953008:g_type_check_is_value_type:ADDR(0.57)
140737016953440:g_type_check_value:ADDR(0.99)
140737016953856:g_type_check_value_holds:ADDR(0.99),ADDR(0.05)
140737016954352:g_type_value_table_peek:ADDR(0.54)
140737016958528:g_type_module_get_type:
140737016962144:g_value_init:ADDR(0.99),ADDR(0.36)
140737016962400:g_value_reset:ADDR(0.99)
140737016962528:g_value_unset:ADDR(0.99)
140737016962832:g_value_register_transform_func:INT(0),INT(0),ADDR(0.99)
140737016963360:g_value_type_compatible:ADDR(0.71),ADDR(0.71)
140737016963744:g_value_set_instance:ADDR(0.99),ADDR(0.99)
140737016964336:g_value_transform:ADDR(0.99),ADDR(0.99)
140737013636768:g_array_append_vals:ADDR(0.99),ADDR(0.99),INT(0)
140737013638624:g_ptr_array_set_free_func:ADDR(0.99),ADDR(0.99)
140737013639296:g_ptr_array_remove_range:ADDR(0.99),INT(0),INT(0)
140737013639616:g_ptr_array_set_size:ADDR(0.99),INT(0)
140737013640064:g_ptr_array_add:ADDR(0.99),ADDR(0.97)
140737013647072:g_bit_lock:ADDR(0.99),INT(0)
140737013647232:g_bit_unlock:ADDR(0.99),INT(0)
140737013647328:g_pointer_bit_lock:ADDR(0.99),INT(0)
140737013647584:g_pointer_bit_unlock:ADDR(0.99),INT(0)
140737013666656:g_bytes_unref:ADDR(0.99)
140737013666960:g_bytes_get_data:ADDR(0.99),ADDR(0.98)
140737013667024:g_bytes_get_size:ADDR(0.99)
140737013667088:g_bytes_ref:ADDR(0.99)
140737013669008:g_get_charset:ADDR(0.51)
140737013699280:g_get_filename_charsets:ADDR(0.99)
140737013701328:g_filename_display_name:ADDR(0.99)
140737013731568:g_error_new_valist:INT(0),INT(0),ADDR(0.99),ADDR(0.99)
140737013732448:g_set_error:ADDR(0.42),INT(0),INT(0),ADDR(0.99),ADDR(0.99),ADDR(0.55)
140737013732672:g_set_error_literal:ADDR(0.11)
140737013732752:g_propagate_error:ADDR(0.71),ADDR(0.99)
140737013734912:g_file_error_quark:
140737013734960:g_file_error_from_errno:INT(0)
140737013744960:g_hash_table_lookup:ADDR(0.99),ADDR(0.99)
140737013745712:g_hash_table_contains:ADDR(0.99),INT(0)
140737013746048:g_hash_table_remove_all:ADDR(0.99)
140737013747072:g_hash_table_size:ADDR(0.99)
140737013775712:g_key_file_error_quark:
140737013781216:g_key_file_get_value:ADDR(0.99),ADDR(0.99),ADDR(0.99),ADDR(0.99)
140737013781824:g_key_file_get_string:ADDR(0.99),ADDR(0.99),ADDR(0.99),INT(0.03)
140737013796288:g_list_prepend:ADDR(0.74),ADDR(0.99)
140737013796976:g_list_remove_link:ADDR(0.99),ADDR(0.99)
140737013797632:g_list_nth:ADDR(0.99),INT(0)
140737013798080:g_list_last:ADDR(0.99)
140737013798112:g_list_append:ADDR(0.75),ADDR(0.99)
140737013802896:g_main_context_ref:ADDR(0.99)
140737013803824:g_main_context_default:
140737013804016:g_source_new:ADDR(0.99),INT(0)
140737013808992:g_get_current_time:ADDR(0.99)
140737013809120:g_get_monotonic_time:
140737013809296:g_main_context_acquire:ADDR(0.99)
140737013810480:g_main_context_prepare:ADDR(0.99),ADDR(0.99)
140737013811296:g_main_context_query:ADDR(0.99),ADDR(0.5),ADDR(0.99),ADDR(0.99),INT(0)
140737013811472:g_main_context_check:ADDR(0.99),ADDR(0.46),ADDR(0.99),INT(0)
140737013812144:g_main_context_dispatch:ADDR(0.99)
140737013835264:g_malloc:INT(0)
140737013835344:g_malloc0:INT(0)
140737013835424:g_realloc:ADDR(0.36),INT(0)
140737013835520:g_free:ADDR(0.894231)
140737013836176:g_mem_is_system_malloc:
140737013876000:g_quark_to_string:INT(0)
140737013876048:g_intern_string:ADDR(0.99)
140737013880144:g_queue_peek_head:ADDR(0.99)
140737013924336:g_slice_alloc:INT(0)
140737013925728:g_slice_alloc0:INT(0)
140737013925840:g_slice_free1:INT(0),ADDR(0.99)
140737013927920:g_slist_prepend:ADDR(0.24),ADDR(0.99)
140737013928208:g_slist_remove:ADDR(0.99),ADDR(0.99)
140737013928400:g_slist_remove_link:ADDR(0.99),ADDR(0.99)
140737013928976:g_slist_find:ADDR(0.26),ADDR(0.99)
140737013929264:g_slist_last:ADDR(0.99)
140737013929520:g_slist_concat:ADDR(0.99),ADDR(0.83)
140737013929616:g_slist_foreach:ADDR(0.06),ADDR(0.99),INT(0)
140737013930736:g_strdup:ADDR(0.88)
140737013930816:g_memdup:ADDR(0.98),INT(0)
140737013930880:g_strndup:ADDR(0.99),INT(0)
140737013931104:g_strdup_vprintf:ADDR(0.99),ADDR(0.99)
140737013931152:g_strdup_printf:ADDR(0.99),ADDR(0.79),ADDR(0.69),ADDR(0.23),ADDR(0.6),ADDR(0.56)
140737013931712:g_strtod:ADDR(0.99),ADDR(0.99)
140737013932160:g_strerror:INT(0)
140737013933328:g_ascii_tolower:INT(0)
140737013933776:g_ascii_strcasecmp:ADDR(0.99),ADDR(0.99)
140737013935792:g_strchug:ADDR(0.99)
140737013935936:g_strchomp:ADDR(0.99)
140737013938112:g_strstr_len:ADDR(0.99),INT(0),ADDR(0.99)
140737013938352:g_strrstr:ADDR(0.99),ADDR(0.99)
140737013940144:g_string_sized_new:INT(0)
140737013940240:g_string_free:ADDR(0.99),INT(0)
140737013941728:g_string_new:INT(0.00321199)
140737013942224:g_string_insert_c:ADDR(0.99),INT(0),INT(0)
140737013944304:g_string_erase:ADDR(0.99),INT(0),INT(0)
140737013945104:g_string_append_vprintf:ADDR(0.99),ADDR(0.99),ADDR(0.99)
140737013945520:g_string_append_printf:ADDR(0.99),ADDR(0.99),ADDR(0.91),ADDR(0.97),ADDR(0.25),ADDR(0.71)
140737013965712:g_thread_self:
140737013990320:g_unichar_isalnum:INT(0)
140737013997552:g_utf8_find_next_char:ADDR(0.99),INT(0)
140737013998000:g_utf8_get_char:ADDR(0.99)
140737013998672:g_unichar_to_utf8:INT(0),ADDR(0.99)
140737013998912:g_utf8_strchr:ADDR(0.99),INT(0),INT(0)
140737013999104:g_utf8_get_char_validated:ADDR(0.99),INT(0)
140737014003376:g_utf8_validate:ADDR(0.99),INT(0),ADDR(0.78)
140737014017360:g_variant_new_byte:INT(0)
140737014020048:g_variant_get_byte:ADDR(0.99)
140737014023200:g_variant_get_string:ADDR(0.99),ADDR(0.38)
140737014030672:g_variant_builder_clear:ADDR(0.99)
140737014031056:g_variant_builder_init:ADDR(0.99),ADDR(0.99)
140737014031856:g_variant_builder_add_value:ADDR(0.99),ADDR(0.99)
140737014032448:g_variant_builder_end:ADDR(0.99)
140737014035488:g_variant_format_string_scan:ADDR(0.99),INT(0),ADDR(0.99)
140737014038528:g_variant_format_string_scan_type:ADDR(0.99),INT(0),ADDR(0.99)
140737014044800:g_variant_new_from_bytes:ADDR(0.99),ADDR(0.99),INT(0)
140737014045120:g_variant_unref:ADDR(0.99)
140737014045712:g_variant_ref:ADDR(0.99)
140737014045824:g_variant_ref_sink:ADDR(0.99)
140737014046176:g_variant_get_size:ADDR(0.99)
140737014046240:g_variant_get_data:ADDR(0.99)
140737014046432:g_variant_n_children:ADDR(0.99)
140737014046528:g_variant_get_child_value:ADDR(0.99),INT(0)
140737014062960:g_variant_serialised_n_children:
140737014063456:g_variant_serialised_get_child:ADDR(0.99),INT(0)
140737014068672:g_variant_serialiser_is_string:ADDR(0.99),INT(0)
140737014072032:g_variant_type_info_get_type_string:ADDR(0.99)
140737014072096:g_variant_type_info_query:ADDR(0.99),ADDR(0.98),ADDR(0.98)
140737014072240:g_variant_type_info_n_members:ADDR(0.99)
140737014072272:g_variant_type_info_member_info:ADDR(0.99),INT(0)
140737014072336:g_variant_type_info_ref:ADDR(0.99)
140737014072464:g_variant_type_info_get:ADDR(0.980198)
140737014073536:g_variant_type_info_unref:ADDR(0.99)
140737014073952:g_variant_type_string_scan:ADDR(0.970588),INT(0),ADDR(0.970588)
140737014074336:g_variant_type_string_is_valid:ADDR(0.99)
140737014074448:g_variant_type_get_string_length:ADDR(0.99)
140737014074560:g_variant_type_copy:ADDR(0.99)
140737014074672:g_variant_type_peek_string:ADDR(0.99)
140737014074832:g_variant_type_is_definite:ADDR(0.99)
140737014074992:g_variant_type_is_container:ADDR(0.99)
140737014075376:g_variant_type_is_tuple:ADDR(0.99)
140737014075472:g_variant_type_is_dict_entry:ADDR(0.99)
140737014076224:g_variant_type_element:ADDR(0.99)
140737014076352:g_variant_type_first:ADDR(0.99)
140737014076496:g_variant_type_next:ADDR(0.99)
140737014076688:g_variant_type_key:ADDR(0.99)
140737014077776:g_variant_type_new_dict_entry:ADDR(0.99),ADDR(0.99)
140737014078000:g_variant_type_checked_:ADDR(0.99)
140737014079712:g_vasprintf:ADDR(0.99),ADDR(0.99),ADDR(0.99)
140737014081904:g_mutex_lock:ADDR(0.99)
140737014081952:g_mutex_unlock:ADDR(0.99)
140737014082000:g_mutex_trylock:ADDR(0.99)
140737014082640:g_cond_broadcast:ADDR(0.99)
140736984361376:webkit_web_settings_get_type:
140736984369472:webkit_web_view_get_type:
140736973577472:gtk_accel_group_get_type:
140736973579184:gtk_accel_group_from_accel_closure:ADDR(0.99)
140736973581232:gtk_accelerator_name:INT(0),INT(0)
140736973582800:gtk_accel_group_connect_by_path:ADDR(0.99),ADDR(0.99),ADDR(0.99)
140736973584592:gtk_accelerator_get_default_mod_mask:
140736973585552:gtk_accel_label_get_type:
140736973586032:gtk_accel_label_set_accel_closure:ADDR(0.99),ADDR(0.3)
140736973586560:gtk_accel_label_set_accel_widget:ADDR(0.480583),ADDR(0.252427)
140736973590352:gtk_accel_map_lookup_entry:ADDR(0.99),ADDR(0.99)
140736973590640:gtk_accel_map_add_entry:ADDR(0.99),INT(0),INT(0)
140736973598512:gtk_action_get_type:
140736973599216:gtk_action_block_activate:ADDR(0.99)
140736973599312:gtk_action_unblock_activate:ADDR(0.99)
140736973600848:gtk_action_get_name:ADDR(0.99)
140736973600944:gtk_action_is_sensitive:ADDR(0.99)
140736973601520:gtk_action_is_visible:ADDR(0.99)
140736973604496:gtk_action_get_stock_id:ADDR(0.99)
140736973606176:gtk_action_set_accel_path:ADDR(0.99),ADDR(0.99)
140736973606288:gtk_action_get_accel_path:ADDR(0.779528)
140736973606496:gtk_action_set_accel_group:ADDR(0.99),ADDR(0.99)
140736973606672:gtk_action_connect_accelerator:ADDR(0.99)
140736973608592:gtk_action_group_get_type:
140736973609744:gtk_action_group_get_sensitive:ADDR(0.99)
140736973610032:gtk_action_group_get_visible:ADDR(0.99)
140736973614208:gtk_activatable_get_type:
140736973614896:gtk_activatable_get_related_action:ADDR(0.99)
140736973615040:gtk_activatable_do_set_related_action:ADDR(0.891892),ADDR(0.891892)
140736973615424:gtk_activatable_get_use_action_appearance:ADDR(0.99),ADDR(0.99),INT(0),INT(0),ADDR(0.99),INT(0)
140736973616688:gtk_adjustment_get_type:
140736973620672:gtk_alignment_get_type:
140736973649072:gtk_bin_get_type:
140736973654944:gtk_binding_entry_add_signal:ADDR(0.99),INT(0),INT(0),ADDR(0.99),INT(0),ADDR(0.57)
140736973659600:gtk_box_get_type:
140736973691520:gtk_button_get_type:
140736973694640:gtk_button_set_relief:ADDR(0.99),INT(0)
140736973853296:gtk_container_get_type:
140736973866256:gtk_container_get_children:ADDR(0.99)
140736973893040:gtk_entry_get_type:
140736973938976:gtk_entry_buffer_get_type:
140736974118992:gtk_gc_get:INT(0),ADDR(0.99),ADDR(0.99),INT(0)
140736974148032:gtk_icon_source_copy:ADDR(0.99)
140736974148784:gtk_icon_set_ref:ADDR(0.99)
140736974149280:gtk_icon_set_unref:ADDR(0.99)
140736974149520:gtk_icon_factory_get_type:
140736974149744:gtk_icon_factory_add:ADDR(0.99),ADDR(0.99),ADDR(0.99)
140736974153168:gtk_icon_set_new:
140736974153616:gtk_icon_set_add_source:ADDR(0.99),ADDR(0.99)
140736974156320:gtk_icon_factory_lookup_default:ADDR(0.980198)
140736974236768:gtk_image_get_type:
140736974244608:gtk_image_new_from_stock:ADDR(0.99),INT(0)
140736974249600:gtk_image_menu_item_get_type:
140736974252336:gtk_image_menu_item_get_image:ADDR(0.99)
140736974298144:gtk_label_get_type:
140736974350368:gtk_grab_remove:ADDR(0.99)
140736974376384:gtk_menu_get_type:
140736974413872:gtk_menu_item_get_type:
140736974418112:gtk_menu_item_get_submenu:ADDR(0.99)
140736974425600:gtk_menu_shell_get_type:
140736974443968:gtk_misc_get_type:
140736974444112:gtk_misc_set_alignment:ADDR(0.916667),INT(0),ADDR(0.916667)
140736974465120:gtk_notebook_get_type:
140736974509280:gtk_object_get_type:
140736974515328:gtk_orientable_get_type:
140736974615488:gtk_range_get_type:
140736974638560:gtk_rc_style_get_type:
140736974645248:gtk_rc_parse_state:ADDR(0.99),ADDR(0.99)
140736974645888:gtk_rc_parse_color_full:ADDR(0.99),ADDR(0.99),ADDR(0.99)
140736974658608:gtk_rc_get_style:ADDR(0.99)
140736974739072:gtk_scrolled_window_get_type:
140736974748608:gtk_target_list_add:ADDR(0.99),INT(0),INT(0),INT(0)
140736974764816:gtk_separator_menu_item_get_type:
140736974765520:gtk_separator_tool_item_get_type:
140736974771920:gtk_settings_get_type:
140736974854288:gtk_style_get_type:
140736974902144:gtk_tearoff_menu_item_get_type:
140736975128928:gtk_toggle_action_get_type:
140736975138224:gtk_toolbar_get_type:
140736975165952:gtk_tool_button_get_type:
140736975172016:gtk_tool_item_get_type:
140736975172464:gtk_tool_item_get_icon_size:ADDR(0.99)
140736975172752:gtk_tool_item_get_toolbar_style:ADDR(0.99)
140736975172896:gtk_tool_item_get_relief_style:ADDR(0.99)
140736975173040:gtk_tool_item_get_text_alignment:ADDR(0.980198)
140736975174032:gtk_tool_item_get_is_important:ADDR(0.99)
140736975175232:gtk_tool_item_get_visible_horizontal:ADDR(0.99)
140736975176384:gtk_tool_item_rebuild_menu:ADDR(0.99)
140736975204752:gtk_tool_shell_get_type:
140736975319472:gtk_tree_view_get_type:
140736975462720:gtk_widget_get_type:
140736975463328:gtk_widget_child_notify:ADDR(0.99),ADDR(0.99)
140736975466496:gtk_widget_list_accel_closures:ADDR(0.99)
140736975468320:gtk_widget_get_can_focus:ADDR(0.99)
140736975468416:gtk_widget_has_focus:ADDR(0.99)
140736975468992:gtk_widget_has_grab:ADDR(0.99)
140736975469120:gtk_widget_get_name:ADDR(0.773438)
140736975469232:gtk_widget_get_state:ADDR(0.99)
140736975469328:gtk_widget_get_visible:ADDR(0.99)
140736975469424:gtk_widget_set_has_window:ADDR(0.99),INT(0)
140736975469552:gtk_widget_get_has_window:ADDR(0.99)
140736975470304:gtk_widget_is_toplevel:ADDR(0.99)
140736975470672:gtk_widget_get_realized:ADDR(0.99)
140736975473360:gtk_widget_set_realized:ADDR(0.99),INT(0)
140736975473488:gtk_widget_get_mapped:ADDR(0.99)
140736975473808:gtk_widget_queue_draw_area:ADDR(0.99),INT(0.8),INT(0.8),INT(0),INT(0)
140736975474336:gtk_widget_is_drawable:ADDR(0.99)
140736975474448:gtk_widget_set_mapped:ADDR(0.99),INT(0)
140736975475056:gtk_widget_get_double_buffered:ADDR(0.99)
140736975475744:gtk_widget_set_redraw_on_allocate:ADDR(0.99),INT(0)
140736975475872:gtk_widget_get_sensitive:ADDR(0.99)
140736975475968:gtk_widget_is_sensitive:ADDR(0.99)
140736975476464:gtk_widget_get_parent:ADDR(0.99)
140736975476704:gtk_widget_has_rc_style:ADDR(0.99)
140736975477056:gtk_widget_get_default_style:
140736975477392:gtk_widget_set_parent_window:ADDR(0.99),INT(0)
140736975477552:gtk_widget_get_parent_window:ADDR(0.99)
140736975479648:gtk_widget_get_toplevel:ADDR(0.99)
140736975480176:gtk_widget_is_focus:ADDR(0.99)
140736975480768:gtk_widget_get_screen:ADDR(0.970588)
140736975481616:gtk_widget_has_screen:ADDR(0.99)
140736975484128:gtk_widget_get_direction:ADDR(0.99)
140736975487952:gtk_widget_size_allocate:ADDR(0.980198),ADDR(0.980198)
140736975489920:gtk_widget_unparent:ADDR(0.99)
140736975492496:gtk_widget_style_get_valist:ADDR(0.99),ADDR(0.99),ADDR(0.99)
140736975493216:gtk_widget_style_get:ADDR(0.99),ADDR(0.99),ADDR(0.99),ADDR(0.06),ADDR(0.99),ADDR(0.32)
140736975494464:gtk_widget_show:ADDR(0.868421)
140736975494864:gtk_widget_hide:ADDR(0.99)
140736975495456:gtk_widget_set_can_focus:ADDR(0.99),INT(0)
140736975496464:gtk_widget_ensure_style:ADDR(0.970588)
140736975501008:gtk_widget_set_parent:ADDR(0.99),ADDR(0.99)
140736975502336:gtk_widget_set_sensitive:ADDR(0.99),INT(0)
140736975502896:gtk_widget_region_intersect:ADDR(0.99),ADDR(0.99)
140736975517024:gtk_widget_get_no_show_all:ADDR(0.99)
140736975533136:gtk_window_get_type:
140736970402912:gdk_display_get_type:
140736970409552:gdk_drawable_get_type:
140736970411328:gdk_draw_line:ADDR(0.99),ADDR(0.99),INT(0),INT(0),INT(0),INT(0)
140736970422032:gdk_event_new:INT(0.47)
140736970427200:gdk_gc_get_type:
140736970464720:gdk_pixmap_get_type:
140736970477344:gdk_region_new:
140736970477568:gdk_region_rectangle:ADDR(0.99)
140736970477696:gdk_region_copy:ADDR(0.99)
140736970478192:gdk_region_offset:ADDR(0.99),INT(0.52),INT(0.54)
140736970479536:gdk_region_subtract:ADDR(0.942857),ADDR(0.942857)
140736970479840:gdk_region_empty:ADDR(0.99)
140736970479904:gdk_region_equal:ADDR(0.99),ADDR(0.99)
140736970480544:gdk_region_rect_in:ADDR(0.99),ADDR(0.99)
140736970503056:gdk_screen_get_type:
140736970516816:gdk_window_object_get_type:
140736970524624:gdk_window_is_viewable:ADDR(0.99)
140736970563232:gdk_window_impl_get_type:
140736970574080:gdk_colormap_get_type:
140736970578032:gdk_colormap_alloc_colors:ADDR(0.99),ADDR(0.99),INT(0),INT(0),INT(0),ADDR(0.99)
140736970659920:gdk_keyval_convert_case:INT(0),ADDR(0.99),INT(0)
140736970672976:gdk_x11_atom_to_xatom_for_display:ADDR(0.99),INT(0)
140736970700256:gdk_window_impl_x11_get_type:
140736968045632:gdk_pixbuf_get_type:
140736964173936:__isinf:ADDR(0.99)
140736964174000:isnan:ADDR(0.99)
140736964196400:getenv:ADDR(0.99)
140736964201856:random_r:ADDR(0.99),ADDR(0.99)
140736964254960:_IO_vfprintf:ADDR(0.99),ADDR(0.99),ADDR(0.99)
140736964276960:__printf_fp:ADDR(0.99),ADDR(0.99),ADDR(0.99)
140736964298480:_IO_vfscanf:ADDR(0.99),ADDR(0.99),ADDR(0.99),INT(0)
140736964413968:vsscanf:ADDR(0.99),ADDR(0.99),ADDR(0.99)
140736964426224:fgets_unlocked:ADDR(0.99),INT(0),ADDR(0.99)
140736964451264:_IO_file_init:ADDR(0.99)
140736964452000:_IO_file_fopen:ADDR(0.99),ADDR(0.98),ADDR(0.99)
140736964455056:_IO_un_link:ADDR(0.99)
140736964455664:_IO_link_in:ADDR(0.99)
140736964456816:_IO_switch_to_get_mode:ADDR(0.99)
140736964457728:_IO_setb:ADDR(0.99),ADDR(0.93),ADDR(0.93),INT(0)
140736964460112:_IO_sputbackc:ADDR(0.99),INT(0)
140736964512064:__strerror_r:INT(0),INT(0),INT(0)
140736964512448:strlen:ADDR(0.97)
140736964512896:strnlen:ADDR(0.99),INT(0)
140736964525072:memchr:ADDR(0.75),INT(0),INT(0)
140736964527552:memset:ADDR(0.99),INT(0),INT(0)
140736964556976:rawmemchr:ADDR(0.99),INT(0)
140736964557504:strchrnul:ADDR(0.97),INT(0)
140736964558192:__argz_count:ADDR(0.99),INT(0)
140736964559232:argz_stringify:ADDR(0.99),INT(0),INT(0)
140736964916752:open:
140736964958176:tfind:ADDR(0.99),ADDR(0.99),ADDR(0.99)
140736965038496:__vsnprintf_chk:ADDR(0.99),INT(0),INT(0),INT(0),ADDR(0.99),ADDR(0.99)
140736965222512:_dl_mcount_wrapper_check:
140736960405360:xmlNextChar:ADDR(0.99)
140736960425984:namePush:ADDR(0.99),ADDR(0.99)
140736960426144:namePop:ADDR(0.99)
140736960432160:xmlSkipBlankChars:ADDR(0.99)
140736960438720:xmlParseName:ADDR(0.99)
140736960451392:xmlParseAttribute:ADDR(0.99),ADDR(0.99)
140736960451856:xmlParseStartTag:ADDR(0.99)
140736960455552:xmlParseCharData:ADDR(0.99),INT(0)
140736960891344:xmlStrndup:ADDR(0.99),INT(0)
140736960891776:xmlStrEqual:ADDR(0.99),ADDR(0.99)
140736960897808:xmlBufUse:ADDR(0.99)
140736961220960:xmlDictLookup:ADDR(0.99),ADDR(0.99),INT(0)
140736957375184:sqlite3_mutex_enter:ADDR(0.585799)
140736957375248:sqlite3_mutex_leave:ADDR(0.589286)
140736957376656:sqlite3_stricmp:ADDR(0.99),ADDR(0.99)
140736957376768:sqlite3_strnicmp:ADDR(0.99),ADDR(0.99),INT(0)
140736957384480:sqlite3_column_count:ADDR(0.99)
140736957413760:sqlite3_free:ADDR(0.693069)
140736957469760:sqlite3_initialize:
140736957504208:sqlite3_vsnprintf:INT(0),ADDR(0.99),ADDR(0.99),ADDR(0.99)
140736957504304:sqlite3_snprintf:INT(0),ADDR(0.99),ADDR(0.99),ADDR(0.18),ADDR(0.71),ADDR(0.45)
140736957571280:sqlite3_column_text:ADDR(0.99),INT(0)
140736957694912:sqlite3_finalize:ADDR(0.99)
140736957754704:sqlite3_prepare:ADDR(0.99),ADDR(0.99),INT(0.99),ADDR(0.99),INT(0)
140736957755216:sqlite3_prepare_v2:ADDR(0.99),ADDR(0.99),INT(0.78),ADDR(0.99),ADDR(0.72)
140736957795376:sqlite3_step:ADDR(0.99)
140736955159632:g_module_symbol:ADDR(0.99),ADDR(0.99),ADDR(0.99)
140736946715200:g_cancellable_is_cancelled:ADDR(0.41)
140736946715232:g_cancellable_set_error_if_cancelled:ADDR(0.4),ADDR(0.96)
140736946761040:g_file_get_type:
140736946805024:g_file_icon_get_type:
140736946811680:g_file_attribute_matcher_ref:ADDR(0.99)
140736946811760:g_file_attribute_matcher_unref:ADDR(0.970297)
140736946812464:g_file_info_get_type:
140736946813136:g_file_info_set_attribute_mask:ADDR(0.99),ADDR(0.99)
140736946822080:g_file_info_set_name:ADDR(0.99),ADDR(0.99)
140736946824256:g_file_attribute_matcher_new:ADDR(0.99)
140736946825344:g_file_attribute_matcher_enumerate_namespace:ADDR(0.99),ADDR(0.99)
140736946825488:g_file_attribute_matcher_enumerate_next:ADDR(0.99)
140736946847264:g_inet_address_get_type:
140736946855984:g_initable_get_type:
140736946856448:g_initable_new_valist:ADDR(0.99),ADDR(0.98),ADDR(0.99),INT(0),ADDR(0.84)
140736946856608:g_initable_new:ADDR(0.99),INT(0),ADDR(0.84),ADDR(0.98),ADDR(0.96),ADDR(0.96)
140736946943712:g_simple_async_result_get_type:
140736946950720:g_socket_get_type:
140736947025136:g_tls_backend_get_type:
140736947052400:g_vfs_get_type:
140736947326720:g_dbus_message_get_type:
140736938452160:cairo_move_to:ADDR(0.99)
140736938452208:cairo_line_to:ADDR(0.99)
140736938452256:cairo_curve_to:ADDR(0.99)
140736938452960:cairo_close_path:ADDR(0.99)
140736938485344:cairo_device_reference:ADDR(0.46)
140736938485936:cairo_device_acquire:ADDR(0.99)
140736938486832:cairo_font_face_reference:ADDR(0.19)
140736938486880:cairo_font_face_destroy:ADDR(0.1)
140736938547360:cairo_matrix_init_identity:ADDR(0.99)
140736938547712:cairo_matrix_multiply:ADDR(0.99),ADDR(0.99),ADDR(0.99)
140736938548288:cairo_matrix_transform_distance:ADDR(0.99),ADDR(0.99),ADDR(0.99)
140736938548352:cairo_matrix_transform_point:ADDR(0.99),ADDR(0.99),ADDR(0.99)
140736938549312:cairo_matrix_invert:ADDR(0.99)
140736938636944:cairo_pattern_reference:ADDR(0.99)
140736938637040:cairo_pattern_destroy:ADDR(0.99)
140736938710048:cairo_region_destroy:ADDR(0.19)
140736938718560:cairo_scaled_font_reference:INT(0)
140736938718624:cairo_scaled_font_destroy:ADDR(0.07)
140736938749792:cairo_surface_reference:ADDR(0.99)
140736938751296:cairo_surface_destroy:ADDR(0.72)
140736935975568:pango_font_description_get_set_fields:ADDR(0.99)
140736935975632:pango_font_description_merge_static:ADDR(0.99),ADDR(0.99),INT(0)
140736935978992:pango_font_get_type:
140736935989264:pango_attr_list_unref:ADDR(0.507692)
140736935989920:pango_attribute_init:ADDR(0.99),ADDR(0.99)
140736935997008:pango_unichar_direction:INT(0)
140736936003904:pango_context_get_type:
140736936005552:pango_context_get_base_dir:ADDR(0.99)
140736936007344:pango_context_get_serial:ADDR(0.99)
140736936007872:pango_coverage_unref:ADDR(0.99)
140736936008032:pango_coverage_get:ADDR(0.99),INT(0)
140736936011376:pango_engine_shape_get_type:
140736936012064:pango_font_map_get_type:
140736936014576:pango_fontset_get_type:
140736936026368:pango_layout_line_unref:ADDR(0.99)
140736936027216:pango_layout_get_type:
140736936072992:pango_find_base_dir:ADDR(0.99),INT(0)
140736927996864:_ZN3WTF10StringImpl5derefEv:ADDR(0.99)
140736928116256:_ZN3JSC10Identifier3addIhEEN3WTF10PassRefPtrINS2_10StringImplEEEPNS_2VMEPKT_i:ADDR(0.99),ADDR(0.99),ADDR(0.99),INT(0)
140736928236336:_ZN3JSC12opcodeLengthENS_8OpcodeIDE:INT(0)
140736928237088:_ZN3JSC4Heap12writeBarrierEPKNS_6JSCellEPS1_:ADDR(0.99)
140736928252752:_ZN3JSC16ExecutionCounter5resetEv:ADDR(0.99)
140736928288640:_ZN3JSC17UnlinkedCodeBlock17addExpressionInfoEjiiijj:ADDR(0.99),INT(0),INT(0),INT(0),INT(0),INT(0)
140736928293872:_ZN3JSC25UnlinkedInstructionStream6Reader4nextEv:ADDR(0.99)
140736928300176:_ZN3JSC17BytecodeGenerator10isCapturedEi:ADDR(0.99),INT(0.93)
140736928305696:_ZN3JSC17BytecodeGenerator10emitOpcodeENS_8OpcodeIDE:ADDR(0.99),INT(0)
140736928313952:_ZN3JSC17BytecodeGenerator18emitProfiledOpcodeENS_8OpcodeIDE:ADDR(0.99),INT(0)
140736928321696:_ZN3JSC17BytecodeGenerator13emitDebugHookENS_11DebugHookIDEjjj:ADDR(0.99)
140736928328672:_ZN3JSC17BytecodeGenerator11newRegisterEv:ADDR(0.99)
140736928329104:_ZN3JSC17BytecodeGenerator12newTemporaryEv:ADDR(0.99)
140736928332576:_ZN3JSC17BytecodeGenerator8newLabelEv:ADDR(0.99),ADDR(0.99)
140736928335360:_ZN3JSC17BytecodeGenerator11addConstantERKNS_10IdentifierE:ADDR(0.99),ADDR(0.99)
140736928351552:_ZN3JSC17BytecodeGenerator16addConstantValueENS_7JSValueE:ADDR(0.99),ADDR(0.67)
140736928352800:_ZN3JSC17BytecodeGenerator8emitLoadEPNS_10RegisterIDENS_7JSValueE:ADDR(0.951923),ADDR(0.548077),ADDR(0.5)
140736928360816:_ZN3JSC17BytecodeGenerator29createLazyRegisterIfNecessaryEPNS_10RegisterIDE:ADDR(0.99),ADDR(0.99)
140736928361088:_ZN3JSC17BytecodeGenerator5localERKNS_10IdentifierE:ADDR(0.99),ADDR(0.99)
140736928391632:_ZN3WTF9HashTableIiNS_12KeyValuePairIiNS_6RefPtrIN3JSC22StaticPropertyAnalysisEEEEENS_24KeyValuePairKeyExtractorIS6_EENS_7IntHashIiEENS_7HashMapIiS5_SA_NS_29UnsignedWithZeroKeyHashTraitsIiEENS_10HashTraitsIS5_EEE18KeyValuePairTraitsESD_E4findINS_22IdentityHashTranslatorISA_EEiEENS_17HashTableIteratorIiS6_S8_SA_SH_SD_EERKT0_:ADDR(0.99)
140736928395616:_ZN3WTF6VectorIN3JSC19UnlinkedInstructionELm0ENS_20UnsafeVectorOverflowEE14expandCapacityEm:ADDR(0.951923),INT(0)
140736928612256:_ZNK3JSC9Structure17outOfLineCapacityEv:ADDR(0.99)
140736928955728:_ZN3JSC12X86Assembler23X86InstructionFormatter11oneByteOp64ENS0_15OneByteOpcodeIDEiNS_12X86Registers10RegisterIDE:ADDR(0.99),INT(0),INT(0),INT(0)
140736928956288:_ZN3JSC12X86Assembler23X86InstructionFormatter11oneByteOp64ENS0_15OneByteOpcodeIDEiNS_12X86Registers10RegisterIDEi:ADDR(0.99),INT(0),INT(0),INT(0),INT(0)
140736929052848:_ZN3JSC10IdentifierD2Ev:ADDR(0.99)
140736929057552:_ZNK3JSC7JSValue3getEPNS_9ExecStateENS_12PropertyNameERNS_12PropertySlotE:ADDR(0.99),ADDR(0.99),ADDR(0.99),ADDR(0.99)
140736929379264:_ZN3JSC22AbstractMacroAssemblerINS_12X86AssemblerEE8JumpList6appendENS2_4JumpE:ADDR(0.99),INT(0)
140736929732448:_ZN3JSC9HandleSet12writeBarrierEPNS_7JSValueERKS1_:ADDR(0.99),ADDR(0.99),ADDR(0.99)
140736929752128:_ZN3JSC4Heap11didAllocateEm:ADDR(0.99),INT(0)
140736929753104:_ZN3JSC4Heap22incrementDeferralDepthEv:ADDR(0.99)
140736929753168:_ZN3JSC4Heap22decrementDeferralDepthEv:ADDR(0.99)
140736929753232:_ZN3JSC4Heap12writeBarrierEPKNS_6JSCellE:
140736929809328:_ZN3JSC17weakClearSlowCaseERPNS_8WeakImplE:ADDR(0.99)
140736929992976:_ZN3JSC9ExecState13setCurrentVPCEPNS_11InstructionE:ADDR(0.99),ADDR(0.99)
140736930127008:_ZN3JSC7JITCodeC1ENS0_7JITTypeE:ADDR(0.99),INT(0)
140736930127200:_ZN3JSC13DirectJITCodeC1ENS_21MacroAssemblerCodeRefENS_7JITCode7JITTypeE:ADDR(0.99),ADDR(0.99),INT(0)
140736930127280:_ZN3JSC7JITCode12hostFunctionENS_21MacroAssemblerCodeRefE:ADDR(0.99),ADDR(0.99)
140736930128640:_ZN3JSC3JITC1EPNS_2VMEPNS_9CodeBlockE:ADDR(0.99),ADDR(0.99),INT(0)
140736930174336:_ZN3JSC3JIT27privateCompileCTINativeCallEPNS_2VMEPFlPNS_9ExecStateEE:ADDR(0.99),ADDR(0.99),ADDR(0.99)
140736930313088:_ZN3JSC9JITThunks7ctiStubEPNS_2VMEPFNS_21MacroAssemblerCodeRefES2_E:ADDR(0.99),ADDR(0.99),ADDR(0.99),ADDR(0.99)
140736930314000:_ZN3JSC9JITThunks18ctiNativeConstructEPNS_2VME:ADDR(0.99),ADDR(0.99)
140736930318880:_ZNK3WTF7HashMapISt4pairIPFlPN3JSC9ExecStateEES6_ENS2_4WeakINS2_16NativeExecutableEEENS_8PairHashIS6_S6_EENS_10HashTraitsIS7_EENSD_ISA_EEE3getERKS7_:ADDR(0.99),ADDR(0.99)
140736930321008:_ZN3WTF7HashMapISt4pairIPFlPN3JSC9ExecStateEES6_ENS2_4WeakINS2_16NativeExecutableEEENS_8PairHashIS6_S6_EENS_10HashTraitsIS7_EENSD_ISA_EEE9inlineSetIRKS7_SA_EENS_18HashTableAddResultINS_17HashTableIteratorIS7_NS_12KeyValuePairIS7_SA_EENS_24KeyValuePairKeyExtractorISN_EESC_NSG_18KeyValuePairTraitsESE_EEEEOT_OT0_:ADDR(0.99),ADDR(0.99),ADDR(0.99),ADDR(0.99)
140736930468640:_ZN3JSC5LLInt8getByValEPNS_9ExecStateENS_7JSValueES3_:ADDR(0.99),ADDR(0.99),ADDR(0.94)
140736930491360:_ZN3WTF15SegmentedVectorIN3JSC10IdentifierELm64ELm32EE4lastEv:ADDR(0.99)
140736930522016:_ZN3WTF15SegmentedVectorIN3JSC10IdentifierELm64ELm32EE6appendIS2_EEvRKT_:ADDR(0.99),ADDR(0.99)
140736930534032:_ZN3JSC10IdentifierC2EPNS_2VMEPKhi:ADDR(0.99),ADDR(0.99),ADDR(0.99),INT(0)
140736930558800:_ZN3JSC5LexerIhE3lexEPNS_7JSTokenEjb:ADDR(0.99),ADDR(0.99),INT(0),INT(0)
140736930576112:_ZN3JSC5LexerIhE19lexExpectIdentifierEPNS_7JSTokenEjb:ADDR(0.99),ADDR(0.99),INT(0)
140736930577136:_ZN3JSC13StatementNode6setLocEjjii:ADDR(0.99),INT(0),INT(0),INT(0),INT(0)
140736930636688:_ZN3JSC15JSTokenLocationC1ERKS0_:ADDR(0.99),ADDR(0.99)
140736930643440:_ZN3JSC6ParserINS_5LexerIhEEE10strictModeEv:ADDR(0.99)
140736930665136:_ZN3JSC5Scope11useVariableEPKNS_10IdentifierEb:ADDR(0.99),ADDR(0.99),INT(0)
140736930751664:_ZN3JSC6ParserINS_5LexerIhEEE14parseStatementINS_13SyntaxCheckerEEENT_9StatementERS6_RPKNS_10IdentifierEPj:ADDR(0.980198),ADDR(0.980198),ADDR(0.980198)
140736930764032:_ZN3JSC6ParserINS_5LexerIhEEE21parseMemberExpressionINS_13SyntaxCheckerEEENT_10ExpressionERS6_:ADDR(0.980198),ADDR(0.980198)
140736930772400:_ZN3JSC6ParserINS_5LexerIhEEE15parseExpressionINS_13SyntaxCheckerEEENT_10ExpressionERS6_:ADDR(0.980198),ADDR(0.980198)
140736930808560:_ZN3JSC6ParserINS_5LexerIhEEE21parseMemberExpressionINS_10ASTBuilderEEENT_10ExpressionERS6_:ADDR(0.980198),ADDR(0.980198)
140736930821392:_ZN3JSC6ParserINS_5LexerIhEEE15parseExpressionINS_10ASTBuilderEEENT_10ExpressionERS6_:ADDR(0.99),ADDR(0.99)
140736930842240:_ZN3JSC6ParserINS_5LexerIhEEE14parseStatementINS_10ASTBuilderEEENT_9StatementERS6_RPKNS_10IdentifierEPj:ADDR(0.951923),ADDR(0.951923),ADDR(0.951923)
140736931064480:_ZN3JSC8JSObject17putDirectInternalILNS0_7PutModeE1EEEbRNS_2VMENS_12PropertyNameENS_7JSValueEjRNS_15PutPropertySlotEPNS_6JSCellE:ADDR(0.99),ADDR(0.99),ADDR(0.99),ADDR(0.99),INT(0),ADDR(0.99)
140736931384320:_ZN3JSC10Identifier11addSlowCaseEPNS_2VMEPN3WTF10StringImplE:ADDR(0.99),ADDR(0.99),ADDR(0.99)
140736931387424:_ZN3JSC10Identifier3addEPNS_2VMEPKc:ADDR(0.99),ADDR(0.99),ADDR(0.99)
140736931388432:_ZN3JSC15IdentifierTable3addIPKhNS_31IdentifierASCIIStringTranslatorEEEN3WTF18HashTableAddResultINS5_17HashTableIteratorIPNS5_10StringImplES9_NS5_17IdentityExtractorENS5_10StringHashENS5_10HashTraitsIS9_EESD_EEEET_:ADDR(0.99),ADDR(0.99),ADDR(0.99)
140736931482144:_ZN3JSC10JSFunctionC2ERNS_2VMEPNS_14JSGlobalObjectEPNS_9StructureE:ADDR(0.99),ADDR(0.99),ADDR(0.99),ADDR(0.99)
140736931482528:_ZN3JSC10JSFunction14finishCreationERNS_2VMEPNS_16NativeExecutableEiRKN3WTF6StringE:ADDR(0.99),ADDR(0.99),ADDR(0.99),INT(0),ADDR(0.99)
140736931488848:_ZN3JSC10JSFunction6createERNS_2VMEPNS_14JSGlobalObjectEiRKN3WTF6StringEPFlPNS_9ExecStateEENS_9IntrinsicESC_:ADDR(0.99),ADDR(0.99),INT(0),ADDR(0.99),ADDR(0.99),INT(0)
140736931544752:_ZN3JSC14JSGlobalObject10globalExecEv:ADDR(0.99)
140736931573584:_ZN3JSC9Structure6createERNS_2VMEPNS_14JSGlobalObjectENS_7JSValueERKNS_8TypeInfoEPKNS_9ClassInfoEhj:ADDR(0.99),ADDR(0.99),ADDR(0.9),ADDR(0.99),ADDR(0.99)
140736931641296:_ZN3JSC21getCallableObjectSlowEPNS_6JSCellE:ADDR(0.99)
140736931654688:_ZN3JSC8JSObject20growOutOfLineStorageERNS_2VMEmm:ADDR(0.99),ADDR(0.99),INT(0),INT(0)
140736931660192:_ZN3JSC8JSObject22getOwnPropertySlotSlowEPNS_9ExecStateENS_12PropertyNameERNS_12PropertySlotE:ADDR(0.99),ADDR(0.99),ADDR(0.99)
140736931662592:_ZN3JSC8JSObject23putDirectNativeFunctionERNS_2VMEPNS_14JSGlobalObjectERKNS_12PropertyNameEjPFlPNS_9ExecStateEENS_9IntrinsicEj:ADDR(0.99),ADDR(0.99),ADDR(0.99),ADDR(0.99),INT(0),ADDR(0.99)
140736931866960:_ZN3JSC7JSScope15abstractResolveEPNS_9ExecStateEPS0_RKNS_10IdentifierENS_8GetOrPutENS_11ResolveTypeE:ADDR(0.99),ADDR(0.99),ADDR(0.99),ADDR(0.99),INT(0),INT(0)
140736932081232:_ZN3JSC13PropertyTableC1ERNS_2VMEj:ADDR(0.99),ADDR(0.99),INT(0)
140736932081552:_ZN3JSC13PropertyTable6createERNS_2VMEj:ADDR(0.99),INT(0)
140736932151984:_ZN3JSC12SmallStrings27createSingleCharacterStringEPNS_2VMEh:ADDR(0.99),ADDR(0.99),INT(0)
140736932216384:_ZN3JSC9StructureC1ERNS_2VMEPKS0_:ADDR(0.99),ADDR(0.99),ADDR(0.99)
140736932219104:_ZN3JSC9Structure3pinEv:ADDR(0.99)
140736932219728:_ZN3JSC9Structure17createPropertyMapERKNS_25GCSafeConcurrentJITLockerERNS_2VMEj:ADDR(0.99),ADDR(0.99),ADDR(0.99),INT(0)
140736932220080:_ZN3JSC9Structure16putSpecificValueERNS_2VMENS_12PropertyNameEjPNS_6JSCellE:ADDR(0.99),ADDR(0.99),ADDR(0.99),INT(0),ADDR(0.83)
140736932222080:_ZNK3JSC9ClassInfo35hasStaticSetterOrReadonlyPropertiesERNS_2VME:ADDR(0.99),ADDR(0.99)
140736932222160:_ZN3JSC9StructureC1ERNS_2VMEPNS_14JSGlobalObjectENS_7JSValueERKNS_8TypeInfoEPKNS_9ClassInfoEhj:ADDR(0.99),ADDR(0.99),ADDR(0.68),ADDR(0.61),ADDR(0.99),ADDR(0.99)
140736932224976:_ZN3JSC9Structure38findStructuresAndMapForMaterializationERN3WTF6VectorIPS0_Lm8ENS1_15CrashOnOverflowEEERS3_RPNS_13PropertyTableE:ADDR(0.99),ADDR(0.99),ADDR(0.99),ADDR(0.99)
140736932225216:_ZN3JSC9Structure22materializePropertyMapERNS_2VME:ADDR(0.99),ADDR(0.99)
140736932227936:_ZN3JSC9Structure28addPropertyWithoutTransitionERNS_2VMENS_12PropertyNameEjPNS_6JSCellE:ADDR(0.99),ADDR(0.99),ADDR(0.99),INT(0),ADDR(0.5)
140736932228880:_ZN3JSC9Structure3getERNS_2VMENS_12PropertyNameERjRPNS_6JSCellE:ADDR(0.99),ADDR(0.99),ADDR(0.99),ADDR(0.99),ADDR(0.99)
140736932232448:_ZN3JSC9Structure32takePropertyTableOrCloneIfPinnedERNS_2VMEPS0_:ADDR(0.99),ADDR(0.99),ADDR(0.99)
140736932236464:_ZN3JSC9Structure21addPropertyTransitionERNS_2VMEPS0_NS_12PropertyNameEjPNS_6JSCellERiNS_15PutPropertySlot7ContextE:ADDR(0.99),ADDR(0.99),ADDR(0.99),INT(0),ADDR(0.83),ADDR(0.99)
140736932241552:_ZN3JSC24StructureTransitionTable3addERNS_2VMEPNS_9StructureE:ADDR(0.99),ADDR(0.99),ADDR(0.99)
140736932252480:_ZN3JSC16SymbolTableEntry8copySlowERKS0_:ADDR(0.99),ADDR(0.99)
140736932568848:_ZN3WTF19isCompilationThreadEv:
140736932570608:_ZN3WTF29cryptographicallyRandomNumberEv:
140736932584816:_ZN3WTF17TCMalloc_PageHeap17RegisterSizeClassEPNS_4SpanEm:ADDR(0.99),ADDR(0.99)
140736932590784:_ZN3WTF25TCMalloc_Central_FreeList14FetchFromSpansEv:ADDR(0.99)
140736932591488:_ZN3WTF20TCMalloc_ThreadCache14PickNextSampleEm:ADDR(0.99),INT(0)
140736932594752:_ZN3WTF10fastMallocEm:INT(0)
140736932598624:_ZN3WTF16fastZeroedMallocEm:INT(0)
140736932602736:_ZN3WTF8fastFreeEPv:ADDR(0.89)
140736932693040:_ZN3JSC15IdentifierTable3addEPN3WTF10StringImplE:ADDR(0.99),ADDR(0.99),ADDR(0.99)
140736932761872:_ZN3WTF13CStringBuffer19createUninitializedEm:ADDR(0.99),INT(0)
140736932767392:_ZN3WTF10StringImpl17createFromLiteralEPKcj:ADDR(0.99),ADDR(0.99),INT(0)
140736932767456:_ZN3WTF10StringImpl17createFromLiteralEPKc:ADDR(0.99),ADDR(0.99)
140736932768128:_ZN3WTF10StringImpl6createEPKhj:ADDR(0.99),ADDR(0.99),INT(0)
140736932768288:_ZN3WTF10StringImpl6createEPKh:ADDR(0.99),ADDR(0.99)
140736932781952:_ZN3WTF5equalEPKNS_10StringImplEPKhj:ADDR(0.99),ADDR(0.99),INT(0)
140736932782432:_ZN3WTF5equalEPKNS_10StringImplEPKh:ADDR(0.99),ADDR(0.99)
140736932782624:_ZN3WTF12equalNonNullEPKNS_10StringImplES2_:ADDR(0.99),ADDR(0.99)
140736932787184:_ZNK3WTF10StringImpl12utf8ForRangeEjjNS_14ConversionModeE:ADDR(0.99),ADDR(0.99),INT(0),INT(0)
140736932787584:_ZNK3WTF10StringImpl4utf8ENS_14ConversionModeE:ADDR(0.99),ADDR(0.99),INT(0)
140736932787616:_ZN3WTF10StringImplD1Ev:ADDR(0.99)
140736932792880:_ZNK3WTF10StringImpl12hashSlowCaseEv:ADDR(0.99)
140736932794944:_ZN3WTF6StringC1EPKc:ADDR(0.99),ADDR(0.99)
140736932814400:_ZN3WTF6String8fromUTF8EPKhm:ADDR(0.99),ADDR(0.99),INT(0)
140736932818640:_ZN3WTF7Unicode19convertLatin1ToUTF8EPPKhS2_PPcS4_:ADDR(0.99),ADDR(0.99),ADDR(0.99),ADDR(0.99)
140736913335232:hb_segment_properties_equal:ADDR(0.99),ADDR(0.99)
140736913354912:hb_font_funcs_destroy:ADDR(0.99)
140736913388608:hb_ot_layout_language_find_feature:ADDR(0.99),INT(0.99),INT(0),INT(0),INT(0.99),ADDR(0.99)
140736913391392:hb_ot_layout_has_positioning:ADDR(0.99)
140736877761040:FcConfigAddRule:ADDR(0.99),ADDR(0.99),INT(0)
140736877805136:FcFontSetAdd:ADDR(0.99),ADDR(0.99)
140736877811856:FcLangSetHasLang:ADDR(0.99),ADDR(0.99)
140736877813648:FcLangSetContains:ADDR(0.99),ADDR(0.99)
140736877826672:FcNameGetObjectType:ADDR(0.99)
140736877830384:FcValueDestroy:INT(0),ADDR(0.291176)
140736877830608:FcValueSave:INT(0),ADDR(0.91)
140736877842624:FcUcs4ToUtf8:INT(0),ADDR(0.99)
140736877843472:FcStrCmpIgnoreCase:ADDR(0.99),ADDR(0.99)
140736877844704:FcStrStrIgnoreCase:ADDR(0.99),ADDR(0.99)
140736877846288:FcStrSetMember:ADDR(0.99),ADDR(0.99)
140736877846736:FcStrSetAdd:ADDR(0.99),ADDR(0.99)
140736877847392:FcStrSetDestroy:ADDR(0.99)
140736877847504:FcStrListCreate:ADDR(0.99)
140736877848560:FcStrListNext:ADDR(0.99)
140736875018832:FT_MSB:INT(0)
140736875019024:FT_MulDiv:INT(0),INT(0),INT(0)
140736875019600:FT_MulFix:
140736875019776:FT_DivFix:INT(0),INT(0)
140736875020880:ft_corner_is_flat:INT(0),INT(0),INT(0),INT(0)
140736875021008:FT_GlyphLoader_Rewind:ADDR(0.99)
140736875024480:FT_Get_Next_Char:ADDR(0.99),INT(0),ADDR(0.99)
140736875029152:FT_Outline_Check:ADDR(0.99)
140736875029424:FT_Outline_Get_CBox:ADDR(0.99),ADDR(0.99)
140736875030096:FT_Vector_Transform:ADDR(0.99),ADDR(0.99)
140736875030304:FT_Outline_Get_Orientation:ADDR(0.99)
140736875030800:FT_Stream_Seek:ADDR(0.99),INT(0)
140736875031072:FT_Stream_Pos:ADDR(0.99)
140736875031392:FT_Stream_GetUShort:ADDR(0.99)
140736875031536:FT_Stream_GetULong:ADDR(0.99)
140736875031792:FT_Stream_ReadUShort:ADDR(0.99),ADDR(0.99)
140736875035744:ft_mem_qalloc:ADDR(0.99),INT(0),ADDR(0.99)
140736875035808:ft_mem_alloc:ADDR(0.99),INT(0),ADDR(0.99)
140736875036736:ft_mem_free:ADDR(0.99),INT(0)
140736875037616:ft_glyphslot_free_bitmap:ADDR(0.99)
140736875037744:FT_Load_Glyph:ADDR(0.980198),INT(0),INT(0)
140736875042416:FT_Stream_EnterFrame:ADDR(0.99),INT(0)
140736875042736:FT_Stream_ExitFrame:ADDR(0.99)
140736875042784:FT_Stream_ReadFields:ADDR(0.99),ADDR(0.99),ADDR(0.99)
140736855643568:XRenderFindDisplay:ADDR(0.99)
140736849852000:_XUpdateGCCache:ADDR(0.99),INT(0),ADDR(0.99)
140736849984928:_XSend:ADDR(0.99),ADDR(0.17),INT(0)
140736849986448:_XReply:ADDR(0.99),ADDR(0.99),INT(0),INT(0)
140736849990640:_XSetLastRequestRead:ADDR(0.99),ADDR(0.99)
140736849992368:_XIsEventCookie:ADDR(0.99),ADDR(0.99)
140736849992784:_XDeq:ADDR(0.99),INT(0),ADDR(0.99)
140736849995264:_XStoreEventCookie:ADDR(0.99),ADDR(0.99)
140736849995488:_XEnq:ADDR(0.99),ADDR(0.99)
140736849996064:_XVIDtoVisual:ADDR(0.99),INT(0)
140736849996272:_XFreeEventCookies:ADDR(0.99)
140736849996384:_XData32:ADDR(0.99),ADDR(0.99),INT(0)
140736849996832:_XGetRequest:ADDR(0.99),INT(0),INT(0)
140736850044704:_XlcGetCharSet:ADDR(0.99)
140736850317776:_XkbReadCopyKeySyms:ADDR(0.99),ADDR(0.99),INT(0)
140736850317824:_XkbReadBufferCopyKeySyms:ADDR(0.99),ADDR(0.99),INT(0)
140736850318192:_XkbGetReadBufferPtr:ADDR(0.99),INT(0)
140736841277248:__hypot_finite:ADDR(0.99),ADDR(0.99)
140736836889344:pango_cairo_context_get_resolution:ADDR(0.99)
140736832596256:pango_fc_font_get_type:
140736761370992:XmlInitEncoding:ADDR(0.99),ADDR(0.99),ADDR(0.49)
140736448005936:murrine_rc_style_get_type:
140736448011728:murrine_style_get_type:
140734895203632:asn1_length_der:INT(0),ADDR(0.49),ADDR(0.99)
140734895203792:asn1_octet_der:ADDR(0.99),INT(0),ADDR(0.99),ADDR(0.99)
140734895209280:asn1_get_length_der:ADDR(0.99),INT(0),ADDR(0.99)
140734895210832:asn1_get_tag_der:ADDR(0.99),INT(0),ADDR(0.99),ADDR(0.99),ADDR(0.99)
140734895211344:asn1_get_length_ber:ADDR(0.99),INT(0),ADDR(0.99)
140734895230128:asn1_find_node:ADDR(0.99),ADDR(0.99)
140734362766000:rsvg_css_parse_color:ADDR(0.99),ADDR(0.15)
140734362768368:rsvg_defs_lookup:ADDR(0.99),ADDR(0.99)
