140737351952752:_dl_debug_state:VOID,
140737015681760:g_closure_new_simple:ADDR(39.54),INT(0),ADDR(0.78)
140737015681920:g_closure_set_meta_marshal:INT(0),ADDR(1),INT(0),ADDR(1)
140737015682144:g_closure_add_marshal_guards:VOID,ADDR(1),ADDR(1),ADDR(1),ADDR(1),ADDR(1)
140737015683392:g_closure_add_invalidate_notifier:ADDR(0.14),ADDR(1),ADDR(1),ADDR(1)
140737015683728:g_closure_ref:ADDR(360.74),ADDR(1)
140737015684000:g_closure_unref:ADDR(0.0980392),ADDR(1)
140737015684368:g_closure_invalidate:INT(0),ADDR(0.8)
140737015684752:g_closure_sink:ADDR(0.0156951),ADDR(0.224215)
140737015684912:g_closure_remove_invalidate_notifier:VOID,ADDR(1),ADDR(1),ADDR(1)
140737015686768:g_closure_set_marshal:ADDR(33.02),ADDR(1),ADDR(1)
140737015687024:g_cclosure_new:ADDR(26.44),ADDR(0.98),ADDR(0.74),INT(0)
140737015687152:g_cclosure_new_swap:ADDR(4.38),ADDR(1),ADDR(1),INT(0)
140737015687424:g_signal_type_cclosure_new:ADDR(6.3),ADDR(0.98),INT(0)
140737015692832:g_enum_get_value:ADDR(9.9),ADDR(1),INT(0)
140737015704160:g_object_ref:ADDR(1081.86),ADDR(1)
140737015704592:g_object_unref:INT(0),ADDR(1)
140737015713504:g_object_newv:ADDR(39.8235),ADDR(1),INT(0),INT(0)
140737015714160:g_object_new_valist:ADDR(16),ADDR(1),ADDR(0.98),ADDR(1)
140737015716048:g_object_set_valist:VOID,ADDR(1),ADDR(1),ADDR(1)
140737015717600:g_object_get_valist:VOID,ADDR(1),ADDR(1),ADDR(1)
140737015723776:g_object_get_qdata:INT(0),ADDR(0.0317864),INT(0)
140737015730736:g_param_spec_ref:ADDR(39.24),ADDR(1)
140737015731568:g_param_spec_ref_sink:VOID,ADDR(1)
140737015731792:g_param_spec_internal:ADDR(22.32),ADDR(1),ADDR(1),ADDR(1),ADDR(1),INT(0)
140737015732848:g_param_spec_get_redirect_target:ADDR(35.84),ADDR(1)
140737015733792:g_param_value_validate:INT(0),ADDR(1),ADDR(1)
140737015735520:g_param_spec_pool_lookup:ADDR(441.32),ADDR(1),ADDR(1),ADDR(0.64),INT(0)
140737015736688:g_param_spec_pool_list:ADDR(2.64),ADDR(1),ADDR(1),ADDR(1)
140737015738528:g_param_spec_get_default_value:ADDR(27.42),ADDR(1)
140737015767408:g_signal_newv:INT(0),ADDR(1),ADDR(0.98),INT(0),ADDR(0.84),ADDR(0.24),INT(0)
140737015771408:g_signal_new_valist:INT(0),ADDR(1),ADDR(0.98),INT(0),ADDR(0.84),ADDR(0.24),INT(0)
140737015780800:g_signal_connect_data:VOID,ADDR(1),ADDR(0.98),ADDR(0.98),ADDR(0.74),INT(0),INT(0)
140737015786576:g_signal_emit_valist:INT(0),ADDR(1),INT(0),INT(0),ADDR(1)
140737015790688:g_signal_emit:INT(0),ADDR(1),INT(0),INT(0),ADDR(0.9)
140737015807968:g_type_class_unref:ADDR(34.92),ADDR(1)
140737015808192:g_type_class_ref:ADDR(98.2353),ADDR(0.666667)
140737015809808:g_type_class_peek:ADDR(189.5),ADDR(1)
140737015809904:g_type_class_peek_static:ADDR(50.46),ADDR(1)
140737015810000:g_type_class_peek_parent:ADDR(11.56),ADDR(1)
140737015810240:g_type_interface_peek:ADDR(46.68),ADDR(1),ADDR(1)
140737015814976:g_type_from_name:ADDR(439.76),ADDR(1)
140737015815952:g_type_register_static:ADDR(10.6),ADDR(0.24),ADDR(1),ADDR(1),INT(0)
140737015816656:g_type_parent:ADDR(747.08),ADDR(0.68)
140737015816720:g_type_depth:INT(0),ADDR(1)
140737015816928:g_type_is_a:INT(0),ADDR(0.6),ADDR(0.54)
140737015817680:g_type_interfaces:ADDR(10.02),ADDR(0.98),ADDR(1)
140737015818960:g_type_test_flags:INT(0),ADDR(0.96),INT(0)
140737015819344:g_type_create_instance:ADDR(78.94),ADDR(1)
140737015821232:g_type_fundamental:INT(0),ADDR(0.96)
140737015823664:g_type_check_instance_is_a:INT(0),ADDR(1),ADDR(0.32)
140737015825040:g_type_check_class_is_a:INT(0),ADDR(1),INT(0)
140737015826400:g_type_check_instance:INT(0),ADDR(1)
140737015826608:g_type_check_is_value_type:INT(0),ADDR(0.5)
140737015827040:g_type_check_value:INT(0),ADDR(1)
140737015827456:g_type_check_value_holds:INT(0),ADDR(1),ADDR(0.1)
140737015827952:g_type_value_table_peek:ADDR(2808.34),ADDR(0.52)
140737015832128:g_type_module_get_type:ADDR(2.76)
140737015835744:g_value_init:ADDR(388.68),ADDR(1),ADDR(0.56)
140737015836000:g_value_reset:VOID,ADDR(1)
140737015836128:g_value_unset:ADDR(68.82),ADDR(1)
140737015836432:g_value_register_transform_func:ADDR(3.4),INT(0),INT(0),ADDR(1)
140737015836960:g_value_type_compatible:INT(0),ADDR(0.64),ADDR(0.64)
140737015837344:g_value_set_instance:VOID,ADDR(1),ADDR(1)
140737015837936:g_value_transform:INT(0),ADDR(1),ADDR(1)
140737012534944:g_array_append_vals:VOID,ADDR(1),ADDR(1),INT(0)
140737012536800:g_ptr_array_set_free_func:VOID,ADDR(1),ADDR(1)
140737012537472:g_ptr_array_remove_range:ADDR(7.38),ADDR(1),INT(0),INT(0)
140737012537792:g_ptr_array_set_size:ADDR(7.4),ADDR(1),INT(0)
140737012538240:g_ptr_array_add:INT(0),ADDR(1),ADDR(1)
140737012545248:g_bit_lock:ADDR(66.32),ADDR(1),INT(0)
140737012545408:g_bit_unlock:INT(0),ADDR(1),INT(0)
140737012545504:g_pointer_bit_lock:ADDR(1615.16),ADDR(1),INT(0)
140737012545760:g_pointer_bit_unlock:INT(0),ADDR(1),INT(0)
140737012564832:g_bytes_unref:ADDR(9.03774),ADDR(1)
140737012565136:g_bytes_get_data:ADDR(7.24),ADDR(1),ADDR(1)
140737012565200:g_bytes_get_size:INT(0),ADDR(1)
140737012565264:g_bytes_ref:ADDR(31.3),ADDR(1)
140737012567184:g_get_charset:INT(0),ADDR(0.54)
140737012597456:g_get_filename_charsets:INT(0),ADDR(1)
140737012599504:g_filename_display_name:ADDR(4.14),ADDR(1)
140737012603632:g_datalist_init:VOID,ADDR(1)
140737012629744:g_error_new_valist:ADDR(25.26),INT(0),INT(0),ADDR(1),ADDR(1)
140737012630624:g_set_error:VOID,ADDR(0.32),INT(0),INT(0),ADDR(1),ADDR(1)
140737012630848:g_set_error_literal:VOID,ADDR(0.22)
140737012630928:g_propagate_error:VOID,ADDR(0.44),ADDR(1)
140737012633088:g_file_error_quark:INT(0)
140737012633136:g_file_error_from_errno:INT(0),INT(0)
140737012643136:g_hash_table_lookup:ADDR(1506.5),ADDR(1),ADDR(1)
140737012643888:g_hash_table_contains:INT(0),ADDR(1),INT(0)
140737012644224:g_hash_table_remove_all:VOID,ADDR(1)
140737012645248:g_hash_table_size:INT(0),ADDR(1)
140737012673888:g_key_file_error_quark:INT(0)
140737012679392:g_key_file_get_value:INT(0),ADDR(1),ADDR(1),ADDR(1),ADDR(1)
140737012680000:g_key_file_get_string:ADDR(19.28),ADDR(1),ADDR(1),ADDR(1),ADDR(0.02)
140737012694464:g_list_prepend:ADDR(97.46),ADDR(0.72),ADDR(1)
140737012695152:g_list_remove_link:ADDR(36.46),ADDR(1),ADDR(1)
140737012695808:g_list_nth:ADDR(2.1),ADDR(1),INT(0)
140737012696256:g_list_last:ADDR(37.32),ADDR(1)
140737012696288:g_list_append:ADDR(22.66),ADDR(0.66),ADDR(1)
140737012701072:g_main_context_ref:ADDR(3.28),ADDR(1)
140737012702000:g_main_context_default:ADDR(12.52)
140737012702192:g_source_new:ADDR(6.76),ADDR(1),INT(0)
140737012702368:g_source_attach:INT(0),ADDR(1),ADDR(0.88)
140737012705536:g_main_context_find_source_by_id:ADDR(4.06),INT(0),INT(0)
140737012707168:g_get_current_time:VOID,ADDR(1)
140737012707296:g_get_monotonic_time:INT(0)
140737012707472:g_main_context_acquire:INT(0),ADDR(1)
140737012708656:g_main_context_prepare:INT(0),ADDR(1),ADDR(1)
140737012709472:g_main_context_query:INT(0),ADDR(1),INT(0),ADDR(1),ADDR(1),INT(0)
140737012709648:g_main_context_check:INT(0),ADDR(1),INT(0),ADDR(1),INT(0)
140737012710320:g_main_context_dispatch:INT(0),ADDR(1)
140737012713888:g_timeout_source_new:ADDR(3.42),INT(0)
140737012714464:g_idle_source_new:ADDR(2.78)
140737012733440:g_malloc:ADDR(1631.68),INT(0)
140737012733520:g_malloc0:ADDR(251.02),INT(0)
140737012733600:g_realloc:ADDR(1038.68),ADDR(0.3),INT(0)
140737012733696:g_free:ADDR(136.529),ADDR(0.957143)
140737012734352:g_mem_is_system_malloc:INT(0)
140737012774176:g_quark_to_string:ADDR(205.32),INT(0)
140737012774224:g_intern_string:ADDR(36.1),ADDR(1)
140737012776784:g_queue_pop_head:ADDR(1.48),ADDR(1)
140737012778320:g_queue_peek_head:ADDR(2.86),ADDR(1)
140737012822512:g_slice_alloc:ADDR(1785.84),INT(0)
140737012823904:g_slice_alloc0:ADDR(318.8),INT(0)
140737012824016:g_slice_free1:ADDR(989.1),INT(0),ADDR(1)
140737012826096:g_slist_prepend:ADDR(513.64),ADDR(0.22),ADDR(1)
140737012826384:g_slist_remove:ADDR(9.96),ADDR(1),ADDR(1)
140737012826576:g_slist_remove_link:ADDR(236.24),ADDR(1),ADDR(1)
140737012827152:g_slist_find:ADDR(23.6),ADDR(0.12),ADDR(1)
140737012827440:g_slist_last:ADDR(270.62),ADDR(1)
140737012827696:g_slist_concat:ADDR(372.28),ADDR(1),ADDR(0.78)
140737012827792:g_slist_foreach:ADDR(17.54),ADDR(0.12),ADDR(1),INT(0)
140737012828912:g_strdup:ADDR(472.28),ADDR(0.94)
140737012828992:g_memdup:ADDR(47.66),ADDR(0.98),INT(0)
140737012829056:g_strndup:ADDR(166.74),ADDR(1),INT(0)
140737012829280:g_strdup_vprintf:ADDR(39.38),ADDR(1),ADDR(1)
140737012829328:g_strdup_printf:ADDR(13.96),ADDR(1),ADDR(0.86),ADDR(0.44)
140737012829888:g_strtod:VOID,ADDR(1),ADDR(1)
140737012830336:g_strerror:ADDR(5.34),INT(0)
140737012831504:g_ascii_tolower:INT(0),INT(0)
140737012831952:g_ascii_strcasecmp:INT(0),ADDR(1),ADDR(1)
140737012833968:g_strchug:ADDR(37.16),ADDR(1)
140737012834112:g_strchomp:VOID,ADDR(1)
140737012836288:g_strstr_len:ADDR(6.92),ADDR(1),INT(0),ADDR(1)
140737012836528:g_strrstr:ADDR(8.56),ADDR(1),ADDR(1)
140737012838320:g_string_sized_new:ADDR(306.8),INT(0)
140737012838416:g_string_free:ADDR(129.16),ADDR(1),INT(0)
140737012839904:g_string_new:ADDR(3.29176),INT(0.00321199)
140737012840400:g_string_insert_c:VOID,ADDR(1),INT(0),INT(0)
140737012842480:g_string_erase:VOID,ADDR(1),INT(0),INT(0)
140737012843280:g_string_append_vprintf:ADDR(4.92),ADDR(1),ADDR(1),ADDR(1)
140737012843696:g_string_append_printf:VOID,ADDR(1),ADDR(1),ADDR(0.84),ADDR(0.96)
140737012863888:g_thread_self:ADDR(16.34)
140737012888496:g_unichar_isalnum:INT(0),INT(0)
140737012895728:g_utf8_find_next_char:ADDR(683.72),ADDR(1),INT(0)
140737012896176:g_utf8_get_char:INT(0),ADDR(1)
140737012896848:g_unichar_to_utf8:VOID,INT(0),ADDR(1)
140737012897088:g_utf8_strchr:ADDR(36.92),ADDR(1),INT(0),INT(0)
140737012897280:g_utf8_get_char_validated:INT(0),ADDR(1),INT(0)
140737012901552:g_utf8_validate:INT(0),ADDR(1),INT(0),ADDR(0.8)
140737012915536:g_variant_new_byte:ADDR(2.24),INT(0)
140737012918224:g_variant_get_byte:INT(0),ADDR(1)
140737012921376:g_variant_get_string:ADDR(3.2),ADDR(1),ADDR(0.64)
140737012928848:g_variant_builder_clear:INT(0),ADDR(1)
140737012929232:g_variant_builder_init:ADDR(3.18),ADDR(1),ADDR(1)
140737012930032:g_variant_builder_add_value:ADDR(8),ADDR(1),ADDR(1)
140737012930624:g_variant_builder_end:ADDR(3.18),ADDR(1)
140737012933664:g_variant_format_string_scan:INT(0),ADDR(1),INT(0),ADDR(1)
140737012936704:g_variant_format_string_scan_type:ADDR(4.24),ADDR(1),INT(0),ADDR(1)
140737012938384:g_variant_new_va:ADDR(1.5),ADDR(1),INT(0),ADDR(1)
140737012939088:g_variant_get_va:ADDR(1.16),ADDR(1),ADDR(1),INT(0),ADDR(1)
140737012942976:g_variant_new_from_bytes:ADDR(7.1),ADDR(1),ADDR(1),INT(0)
140737012943296:g_variant_unref:INT(0),ADDR(1)
140737012943888:g_variant_ref:ADDR(19.42),ADDR(1)
140737012944000:g_variant_ref_sink:ADDR(22.84),ADDR(1)
140737012944352:g_variant_get_size:INT(0),ADDR(1)
140737012944416:g_variant_get_data:ADDR(6.88),ADDR(1)
140737012944608:g_variant_n_children:INT(0),ADDR(1)
140737012944704:g_variant_get_child_value:ADDR(12.74),ADDR(1),INT(0)
140737012961136:g_variant_serialised_n_children:INT(0)
140737012961632:g_variant_serialised_get_child:VOID,ADDR(1),INT(0)
140737012963904:g_variant_serialiser_serialise:VOID,ADDR(1),ADDR(0.54),INT(0)
140737012966848:g_variant_serialiser_is_string:INT(0),ADDR(1),INT(0)
140737012970208:g_variant_type_info_get_type_string:ADDR(52.12),ADDR(1)
140737012970272:g_variant_type_info_query:INT(0),ADDR(1),ADDR(1),ADDR(1)
140737012970416:g_variant_type_info_n_members:INT(0),ADDR(1)
140737012970448:g_variant_type_info_member_info:ADDR(7.68),ADDR(1),INT(0)
140737012970512:g_variant_type_info_ref:ADDR(6.58),ADDR(1)
140737012970640:g_variant_type_info_get:ADDR(15.92),ADDR(1)
140737012971712:g_variant_type_info_unref:ADDR(13.16),ADDR(1)
140737012972128:g_variant_type_string_scan:INT(0),ADDR(1),INT(0),ADDR(1)
140737012972512:g_variant_type_string_is_valid:INT(0),ADDR(1)
140737012972624:g_variant_type_get_string_length:INT(0),ADDR(1)
140737012972736:g_variant_type_copy:ADDR(6.2),ADDR(1)
140737012972848:g_variant_type_peek_string:ADDR(132.88),ADDR(1)
140737012973008:g_variant_type_is_definite:INT(0),ADDR(1)
140737012973168:g_variant_type_is_container:INT(0),ADDR(1)
140737012973280:g_variant_type_is_basic:INT(0),ADDR(1)
140737012973392:g_variant_type_is_maybe:INT(0),ADDR(1)
140737012973472:g_variant_type_is_array:INT(0),ADDR(1)
140737012973552:g_variant_type_is_tuple:INT(0),ADDR(1)
140737012973648:g_variant_type_is_dict_entry:INT(0),ADDR(1)
140737012974400:g_variant_type_element:ADDR(2.42),ADDR(1)
140737012974528:g_variant_type_first:ADDR(3.64),ADDR(1)
140737012974672:g_variant_type_next:ADDR(9.56),ADDR(1)
140737012974784:g_variant_type_n_items:INT(0),ADDR(1)
140737012974864:g_variant_type_key:ADDR(3.3),ADDR(1)
140737012975952:g_variant_type_new_dict_entry:ADDR(2.24),ADDR(1),ADDR(1)
140737012976176:g_variant_type_checked_:ADDR(6.06),ADDR(1)
140737012977888:g_vasprintf:INT(0),ADDR(1),ADDR(1),ADDR(1)
140737012980080:g_mutex_lock:INT(0),ADDR(1)
140737012980128:g_mutex_unlock:INT(0),ADDR(1)
140737012980176:g_mutex_trylock:INT(0),ADDR(1)
140737012980816:g_cond_broadcast:INT(0),ADDR(1)
140736983220192:webkit_web_frame_get_type:ADDR(1.26)
140736983259552:webkit_web_settings_get_type:ADDR(12.78)
140736983267648:webkit_web_view_get_type:ADDR(13)
140736972459264:gtk_accel_group_get_type:ADDR(10.44)
140736972460304:gtk_accel_group_find:ADDR(1.92),ADDR(1),ADDR(1),ADDR(1)
140736972460976:gtk_accel_group_from_accel_closure:ADDR(3.84),ADDR(1)
140736972461536:gtk_accelerator_parse:VOID,ADDR(1),ADDR(1),ADDR(1)
140736972463024:gtk_accelerator_name:ADDR(122.56),INT(0),INT(0)
140736972464592:gtk_accel_group_connect_by_path:VOID,ADDR(1),ADDR(1),ADDR(1)
140736972466384:gtk_accelerator_get_default_mod_mask:INT(0)
140736972467344:gtk_accel_label_get_type:ADDR(39.78)
140736972467824:gtk_accel_label_set_accel_closure:VOID,ADDR(1),ADDR(0.3)
140736972468352:gtk_accel_label_set_accel_widget:VOID,ADDR(0.485437),ADDR(0.257282)
140736972472144:gtk_accel_map_lookup_entry:INT(0),ADDR(1),ADDR(1)
140736972472432:gtk_accel_map_add_entry:VOID,ADDR(1),INT(0),INT(0)
140736972480304:gtk_action_get_type:ADDR(74.32)
140736972481008:gtk_action_block_activate:VOID,ADDR(1)
140736972481104:gtk_action_unblock_activate:VOID,ADDR(1)
140736972481392:gtk_action_create_menu_item:ADDR(1.94),ADDR(1)
140736972482640:gtk_action_get_name:ADDR(4.4),ADDR(1)
140736972482736:gtk_action_is_sensitive:INT(0),ADDR(1)
140736972483312:gtk_action_is_visible:INT(0),ADDR(1)
140736972484352:gtk_action_get_always_show_image:INT(0),ADDR(1)
140736972484448:gtk_action_get_label:ADDR(1.94),ADDR(1)
140736972486288:gtk_action_get_stock_id:ADDR(1.22),ADDR(1)
140736972487968:gtk_action_set_accel_path:VOID,ADDR(1),ADDR(1)
140736972488080:gtk_action_get_accel_path:INT(0),ADDR(0.787402)
140736972488192:gtk_action_get_accel_closure:ADDR(1.92),ADDR(1)
140736972488288:gtk_action_set_accel_group:VOID,ADDR(1),ADDR(1)
140736972488464:gtk_action_connect_accelerator:VOID,ADDR(1)
140736972488624:gtk_action_disconnect_accelerator:VOID,ADDR(1)
140736972490384:gtk_action_group_get_type:ADDR(30.28)
140736972491536:gtk_action_group_get_sensitive:INT(0),ADDR(1)
140736972491824:gtk_action_group_get_visible:INT(0),ADDR(1)
140736972496000:gtk_activatable_get_type:ADDR(13.66)
140736972496688:gtk_activatable_get_related_action:ADDR(2.76),ADDR(1)
140736972496832:gtk_activatable_do_set_related_action:VOID,ADDR(0.900901),ADDR(0.900901)
140736972497216:gtk_activatable_get_use_action_appearance:INT(0),ADDR(1)
140736972498480:gtk_adjustment_get_type:ADDR(4.26)
140736972502464:gtk_alignment_get_type:ADDR(2.6)
140736972530864:gtk_bin_get_type:ADDR(3.08)
140736972536736:gtk_binding_entry_add_signal:VOID,ADDR(1),INT(0),INT(0),ADDR(1),INT(0),ADDR(0.8)
140736972541392:gtk_box_get_type:ADDR(17.54)
140736972573312:gtk_button_get_type:ADDR(15.8)
140736972576432:gtk_button_set_relief:VOID,ADDR(1),INT(0)
140736972663088:gtk_check_menu_item_get_type:ADDR(1.18)
140736972735088:gtk_container_get_type:ADDR(319.76)
140736972748048:gtk_container_get_children:ADDR(1.8),ADDR(1)
140736972751904:gtk_container_propagate_expose:VOID,ADDR(1),ADDR(1),ADDR(1)
140736972760992:gtk_editable_get_type:ADDR(1.36)
140736972774832:gtk_entry_get_type:ADDR(26.8)
140736972820768:gtk_entry_buffer_get_type:ADDR(4.22)
140736973000784:gtk_gc_get:ADDR(25.22),INT(0),ADDR(1),ADDR(1),INT(0)
140736973009808:gtk_hbox_get_type:ADDR(1.28)
140736973029824:gtk_icon_source_copy:ADDR(2.82),ADDR(1)
140736973030576:gtk_icon_set_ref:VOID,ADDR(1)
140736973031072:gtk_icon_set_unref:VOID,ADDR(1)
140736973031312:gtk_icon_factory_get_type:ADDR(11.12)
140736973031536:gtk_icon_factory_add:VOID,ADDR(1),ADDR(1),ADDR(1)
140736973034960:gtk_icon_set_new:ADDR(2.5)
140736973035408:gtk_icon_set_add_source:VOID,ADDR(1),ADDR(1)
140736973038112:gtk_icon_factory_lookup_default:ADDR(0.597403),ADDR(1)
140736973050064:gtk_icon_theme_get_type:ADDR(1.82)
140736973118560:gtk_image_get_type:ADDR(38.14)
140736973126400:gtk_image_new_from_stock:ADDR(2.24),ADDR(1),INT(0)
140736973131392:gtk_image_menu_item_get_type:ADDR(18.98)
140736973133216:gtk_image_menu_item_set_image:VOID,ADDR(1),ADDR(0.9875)
140736973134128:gtk_image_menu_item_get_image:ADDR(3.06),ADDR(1)
140736973136320:gtk_im_context_get_type:ADDR(1.24)
140736973179936:gtk_label_get_type:ADDR(73.38)
140736973232160:gtk_grab_remove:VOID,ADDR(1)
140736973233840:gtk_get_event_widget:ADDR(4.76),ADDR(1)
140736973233920:gtk_propagate_event:VOID,ADDR(1),ADDR(1)
140736973258176:gtk_menu_get_type:ADDR(17.98)
140736973295664:gtk_menu_item_get_type:ADDR(59.22)
140736973299904:gtk_menu_item_get_submenu:ADDR(0.64),ADDR(1)
140736973302656:gtk_menu_item_set_accel_path:VOID,ADDR(1),ADDR(1)
140736973307392:gtk_menu_shell_get_type:ADDR(17.84)
140736973325760:gtk_misc_get_type:ADDR(9.88)
140736973325904:gtk_misc_set_alignment:VOID,ADDR(0.925926),FLOAT,FLOAT
140736973346912:gtk_notebook_get_type:ADDR(10.32)
140736973391072:gtk_object_get_type:ADDR(89.18)
140736973397120:gtk_orientable_get_type:ADDR(2.04)
140736973470096:gtk_radio_action_get_type:ADDR(1)
140736973497280:gtk_range_get_type:ADDR(2.2)
140736973498272:gtk_range_get_adjustment:ADDR(1.62),ADDR(1)
140736973520352:gtk_rc_style_get_type:ADDR(27.22)
140736973527040:gtk_rc_parse_state:INT(0),ADDR(1),ADDR(1)
140736973527680:gtk_rc_parse_color_full:INT(0),ADDR(1),ADDR(1),ADDR(1)
140736973540400:gtk_rc_get_style:ADDR(2.32),ADDR(1)
140736973620864:gtk_scrolled_window_get_type:ADDR(5.16)
140736973630400:gtk_target_list_add:VOID,ADDR(1),INT(0),INT(0),INT(0)
140736973646608:gtk_separator_menu_item_get_type:ADDR(7.88)
140736973647312:gtk_separator_tool_item_get_type:ADDR(9.72)
140736973653712:gtk_settings_get_type:ADDR(2.54)
140736973653856:gtk_settings_get_for_screen:ADDR(27.94),ADDR(1)
140736973736080:gtk_style_get_type:ADDR(106.22)
140736973739504:gtk_style_attach:ADDR(1.96),ADDR(1),ADDR(1)
140736973740080:gtk_style_detach:VOID,ADDR(1)
140736973769696:gtk_border_get_type:ADDR(1.84)
140736973783936:gtk_tearoff_menu_item_get_type:ADDR(6.46)
140736974010720:gtk_toggle_action_get_type:ADDR(2.64)
140736974020016:gtk_toolbar_get_type:ADDR(36.32)
140736974047744:gtk_tool_button_get_type:ADDR(3.1)
140736974053808:gtk_tool_item_get_type:ADDR(33.76)
140736974054256:gtk_tool_item_get_icon_size:INT(0),ADDR(1)
140736974054544:gtk_tool_item_get_toolbar_style:INT(0),ADDR(1)
140736974054688:gtk_tool_item_get_relief_style:INT(0),ADDR(1)
140736974054832:gtk_tool_item_get_text_alignment:VOID,ADDR(1)
140736974055136:gtk_tool_item_get_text_size_group:INT(0),ADDR(1)
140736974055456:gtk_tool_item_get_expand:INT(0),ADDR(1)
140736974055728:gtk_tool_item_get_homogeneous:INT(0),ADDR(1)
140736974055824:gtk_tool_item_get_is_important:INT(0),ADDR(1)
140736974057024:gtk_tool_item_get_visible_horizontal:INT(0),ADDR(1)
140736974058176:gtk_tool_item_rebuild_menu:VOID,ADDR(1)
140736974086544:gtk_tool_shell_get_type:ADDR(22.26)
140736974090064:gtk_tooltip_get_type:ADDR(12.16)
140736974091136:gtk_tooltip_set_custom:VOID,ADDR(1),INT(0)
140736974091584:gtk_tooltip_set_tip_area:VOID,ADDR(1),INT(0)
140736974201264:gtk_tree_view_get_type:ADDR(2.16)
140736974286256:gtk_tree_view_column_get_type:ADDR(1.22)
140736974334416:gtk_viewport_get_type:ADDR(1.36)
140736974344512:gtk_widget_get_type:ADDR(2470.76)
140736974345120:gtk_widget_child_notify:VOID,ADDR(1),ADDR(1)
140736974348288:gtk_widget_list_accel_closures:INT(0),ADDR(1)
140736974350112:gtk_widget_get_can_focus:INT(0),ADDR(1)
140736974350208:gtk_widget_has_focus:INT(0),ADDR(1)
140736974350304:gtk_widget_get_can_default:INT(0),ADDR(1)
140736974350528:gtk_widget_get_receives_default:INT(0),ADDR(1)
140736974350784:gtk_widget_has_grab:INT(0),ADDR(1)
140736974350912:gtk_widget_get_name:ADDR(1.30159),ADDR(1)
140736974351024:gtk_widget_get_state:INT(0),ADDR(1)
140736974351120:gtk_widget_get_visible:INT(0),ADDR(1)
140736974351216:gtk_widget_set_has_window:VOID,ADDR(1),INT(0)
140736974351344:gtk_widget_get_has_window:INT(0),ADDR(1)
140736974352096:gtk_widget_is_toplevel:INT(0),ADDR(1)
140736974352464:gtk_widget_get_realized:INT(0),ADDR(1)
140736974352832:gtk_widget_translate_coordinates:INT(0),ADDR(1),ADDR(1),INT(0),INT(0),ADDR(1),ADDR(1)
140736974355152:gtk_widget_set_realized:VOID,ADDR(1),INT(0)
140736974355280:gtk_widget_get_mapped:INT(0),ADDR(1)
140736974355600:gtk_widget_queue_draw_area:VOID,ADDR(1),INT(0),INT(0),INT(0),INT(0)
140736974356128:gtk_widget_is_drawable:INT(0),ADDR(1)
140736974356240:gtk_widget_set_mapped:VOID,ADDR(1),INT(0)
140736974356848:gtk_widget_get_double_buffered:INT(0),ADDR(1)
140736974357536:gtk_widget_set_redraw_on_allocate:VOID,ADDR(1),INT(0)
140736974357664:gtk_widget_get_sensitive:INT(0),ADDR(1)
140736974357760:gtk_widget_is_sensitive:INT(0),ADDR(1)
140736974358256:gtk_widget_get_parent:ADDR(9.22),ADDR(1)
140736974358496:gtk_widget_has_rc_style:INT(0),ADDR(1)
140736974358848:gtk_widget_get_default_style:ADDR(44.26)
140736974359184:gtk_widget_set_parent_window:VOID,ADDR(1),INT(0)
140736974359344:gtk_widget_get_parent_window:ADDR(2.04),ADDR(1)
140736974361440:gtk_widget_get_toplevel:ADDR(132.68),ADDR(1)
140736974361968:gtk_widget_is_focus:INT(0),ADDR(1)
140736974362560:gtk_widget_get_screen:ADDR(42.84),ADDR(1)
140736974363408:gtk_widget_has_screen:INT(0),ADDR(1)
140736974363520:gtk_widget_get_ancestor:ADDR(1.72),ADDR(1),ADDR(1)
140736974363680:gtk_widget_get_colormap:ADDR(1.7),ADDR(1)
140736974364768:gtk_widget_get_extension_events:INT(0),ADDR(1)
140736974365920:gtk_widget_get_direction:INT(0),ADDR(1)
140736974366528:gtk_widget_get_pango_context:ADDR(1.22),ADDR(1)
140736974369744:gtk_widget_size_allocate:INT(0),ADDR(1),ADDR(1)
140736974371712:gtk_widget_unparent:VOID,ADDR(1)
140736974374288:gtk_widget_style_get_valist:VOID,ADDR(1),ADDR(1),ADDR(1)
140736974375008:gtk_widget_style_get:VOID,ADDR(1),ADDR(1),ADDR(1),ADDR(0.1)
140736974376256:gtk_widget_show:VOID,ADDR(1)
140736974376656:gtk_widget_hide:VOID,ADDR(1)
140736974377248:gtk_widget_set_can_focus:INT(0),ADDR(1),INT(0)
140736974378256:gtk_widget_ensure_style:VOID,ADDR(1)
140736974378368:gtk_widget_realize:VOID,ADDR(1)
140736974378800:gtk_widget_map:VOID,ADDR(1)
140736974382800:gtk_widget_set_parent:VOID,ADDR(1),ADDR(1)
140736974383520:gtk_widget_queue_draw:VOID,ADDR(1)
140736974384128:gtk_widget_set_sensitive:VOID,ADDR(1),INT(0)
140736974384688:gtk_widget_region_intersect:ADDR(6.06),ADDR(1),ADDR(1)
140736974385680:gtk_requisition_get_type:ADDR(1.8)
140736974398816:gtk_widget_get_no_show_all:INT(0),ADDR(1)
140736974414928:gtk_window_get_type:ADDR(92.76)
140736974444832:gtk_window_get_mnemonics_visible:INT(0),ADDR(1)
140736969276160:gdk_cairo_region:VOID,ADDR(1),ADDR(1)
140736969280608:gdk_display_get_type:ADDR(47.74)
140736969281648:gdk_display_get_core_pointer:ADDR(2.2),ADDR(1)
140736969287248:gdk_drawable_get_type:ADDR(143.86)
140736969289024:gdk_draw_line:VOID,ADDR(1),ADDR(1),INT(0),INT(0),INT(0),INT(0)
140736969299728:gdk_event_new:ADDR(13.5),INT(0)
140736969300672:gdk_event_get_time:ADDR(8.46),ADDR(0.22)
140736969300736:gdk_event_get_state:VOID,ADDR(0.2),ADDR(1)
140736969300928:gdk_event_get_coords:VOID,ADDR(1),ADDR(1),ADDR(1)
140736969301616:gdk_event_set_screen:VOID,ADDR(1),ADDR(1)
140736969304896:gdk_gc_get_type:ADDR(57.58)
140736969307792:gdk_gc_set_ts_origin:VOID,ADDR(1),INT(0),INT(0)
140736969307936:gdk_gc_set_clip_origin:VOID,ADDR(1),INT(0),INT(0)
140736969316928:gdk_keyval_to_unicode:INT(0),INT(0)
140736969326048:gdk_pango_renderer_get_type:ADDR(2.28)
140736969327568:gdk_pango_renderer_set_override_color:VOID,ADDR(1),INT(0),INT(0)
140736969342416:gdk_pixmap_get_type:ADDR(27.66)
140736969348240:gdk_rectangle_intersect:VOID,ADDR(1),ADDR(1),ADDR(1)
140736969355040:gdk_region_new:ADDR(81.68)
140736969355264:gdk_region_rectangle:ADDR(59.66),ADDR(1)
140736969355392:gdk_region_copy:ADDR(59.94),ADDR(1)
140736969355488:gdk_region_get_clipbox:VOID,ADDR(1),ADDR(1)
140736969355888:gdk_region_offset:VOID,ADDR(1),INT(0),INT(0)
140736969356192:gdk_region_union:VOID,ADDR(1),ADDR(1)
140736969357232:gdk_region_subtract:VOID,ADDR(1),ADDR(1)
140736969357536:gdk_region_empty:INT(0),ADDR(1)
140736969357600:gdk_region_equal:INT(0),ADDR(1),ADDR(1)
140736969358240:gdk_region_rect_in:INT(0),ADDR(1),ADDR(1)
140736969380752:gdk_screen_get_type:ADDR(109.52)
140736969394512:gdk_window_object_get_type:ADDR(158.68)
140736969402320:gdk_window_is_viewable:INT(0),ADDR(1)
140736969411104:gdk_window_coords_from_parent:VOID,ADDR(1),ADDR(1),ADDR(1),FLOAT,FLOAT
140736969440928:gdk_window_impl_get_type:ADDR(4.44)
140736969451776:gdk_colormap_get_type:ADDR(39.9)
140736969455728:gdk_colormap_alloc_colors:VOID,ADDR(1),ADDR(1),INT(0),INT(0),INT(0),ADDR(1)
140736969467312:gdk_display_get_screen:ADDR(2.12),ADDR(1),INT(0)
140736969467488:gdk_display_get_default_screen:ADDR(22.08),ADDR(1)
140736969468896:gdk_x11_lookup_xdisplay:ADDR(2.04),ADDR(1)
140736969537616:gdk_keyval_convert_case:VOID,INT(0),ADDR(1),INT(0)
140736969550672:gdk_x11_atom_to_xatom_for_display:INT(0),ADDR(1),INT(0)
140736969577952:gdk_window_impl_x11_get_type:ADDR(6)
140736969604912:gdk_xid_table_lookup_for_display:ADDR(4.72),ADDR(1),INT(0)
140736966927424:gdk_pixbuf_get_type:ADDR(1430.58)
140736966937584:gdk_pixbuf_new_from_data:ADDR(3.1),ADDR(1),INT(0),INT(0),INT(0),INT(0),INT(0)
140736966953680:gdk_pixbuf_loader_get_type:ADDR(1.06)
140736963031152:__isinf:INT(0),FLOAT
140736963031216:isnan:INT(0),FLOAT
140736963053616:getenv:INT(0),ADDR(1)
140736963058464:random:VOID,
140736963059072:random_r:VOID,ADDR(1),ADDR(1)
140736963059232:srandom_r:VOID,INT(0),ADDR(1)
140736963112176:_IO_vfprintf:INT(0),ADDR(1),ADDR(1),ADDR(1)
140736963134176:__printf_fp:INT(0),ADDR(1),ADDR(1),ADDR(1)
140736963155696:_IO_vfscanf:INT(0),ADDR(1),ADDR(1),ADDR(1),INT(0)
140736963271184:vsscanf:INT(0),ADDR(1),ADDR(1),ADDR(1)
140736963277312:vasprintf:INT(0),ADDR(1),ADDR(1),ADDR(1)
140736963283440:fgets_unlocked:ADDR(10.34),ADDR(1),INT(0),ADDR(1)
140736963308480:_IO_file_init:VOID,ADDR(1)
140736963309216:_IO_file_fopen:ADDR(0.8),ADDR(1),ADDR(0.98),ADDR(1)
140736963312272:_IO_un_link:VOID,ADDR(1)
140736963312880:_IO_link_in:VOID,ADDR(1)
140736963314032:_IO_switch_to_get_mode:VOID,ADDR(1)
140736963314944:_IO_setb:INT(0),ADDR(1),ADDR(0.88),ADDR(0.88),INT(0)
140736963317328:_IO_sputbackc:INT(0),ADDR(1),INT(0)
140736963369280:__strerror_r:ADDR(5.34),INT(0),INT(0),INT(0)
140736963369664:strlen:INT(0),ADDR(1)
140736963370112:strnlen:INT(0),ADDR(1),INT(0)
140736963382288:memchr:ADDR(198.26),ADDR(0.98),INT(0),INT(0)
140736963384768:memset:VOID,ADDR(1),INT(0),INT(0)
140736963414192:rawmemchr:ADDR(19.82),ADDR(1),INT(0)
140736963414720:strchrnul:ADDR(1202.86),ADDR(0.96),INT(0)
140736963415408:__argz_count:INT(0),ADDR(1),INT(0)
140736963416448:argz_stringify:INT(0),ADDR(1),INT(0),INT(0)
140736963773968:open:INT(0)
140736963797632:sbrk:ADDR(1.3),INT(0)
140736963811776:mmap:ADDR(4.22),ADDR(0.26),ADDR(0.1),INT(0),INT(0)
140736963811824:munmap:INT(0)
140736963815392:tfind:INT(0),ADDR(1),ADDR(1),ADDR(1)
140736963895712:__vsnprintf_chk:INT(0),ADDR(1),INT(0),INT(0),INT(0),ADDR(1),ADDR(1)
140736964079728:_dl_mcount_wrapper_check:VOID,
140736959246192:xmlNextChar:VOID,ADDR(1)
140736959266816:namePush:VOID,ADDR(1),ADDR(1)
140736959266976:namePop:VOID,ADDR(1)
140736959272992:xmlSkipBlankChars:VOID,ADDR(1)
140736959279552:xmlParseName:ADDR(50.38),ADDR(1)
140736959292224:xmlParseAttribute:ADDR(40.96),ADDR(1),ADDR(1)
140736959292688:xmlParseStartTag:ADDR(9.42),ADDR(1)
140736959296384:xmlParseCharData:VOID,ADDR(1),INT(0)
140736959721264:xmlIsMainThread:INT(0)
140736959732176:xmlStrndup:ADDR(41.12),ADDR(1),INT(0)
140736959732608:xmlStrEqual:INT(0),ADDR(1),ADDR(1)
140736959738640:xmlBufUse:INT(0),ADDR(1)
140736960061792:xmlDictLookup:ADDR(51.1),ADDR(1),ADDR(1),INT(0)
140736956211920:sqlite3_mutex_enter:ADDR(1.97041),ADDR(0.591716)
140736956211984:sqlite3_mutex_leave:ADDR(2.70238),ADDR(0.595238)
140736956213392:sqlite3_stricmp:INT(0),ADDR(1),ADDR(1)
140736956213504:sqlite3_strnicmp:INT(0),ADDR(1),ADDR(1),INT(0)
140736956221216:sqlite3_column_count:INT(0),ADDR(1)
140736956250496:sqlite3_free:ADDR(10.18),ADDR(0.78)
140736956306496:sqlite3_initialize:INT(0)
140736956340944:sqlite3_vsnprintf:VOID,INT(0),ADDR(1),ADDR(1),ADDR(1)
140736956341040:sqlite3_snprintf:ADDR(2.54),INT(0),ADDR(1),ADDR(1),ADDR(0.18)
140736956406704:sqlite3_create_function_v2:INT(0),ADDR(1),ADDR(1),INT(0),INT(0),ADDR(0.52),ADDR(1)
140736956407024:sqlite3_create_function:INT(0),ADDR(1),ADDR(1),INT(0),INT(0),ADDR(0.52),ADDR(1)
140736956407072:sqlite3_overload_function:INT(0),ADDR(1),ADDR(1),INT(0)
140736956408016:sqlite3_column_text:ADDR(5.96),ADDR(1),INT(0)
140736956531648:sqlite3_finalize:VOID,ADDR(1)
140736956591440:sqlite3_prepare:INT(0),ADDR(1),ADDR(1),INT(0),ADDR(1),INT(0)
140736956591952:sqlite3_prepare_v2:INT(0),ADDR(1),ADDR(1),INT(0),ADDR(1),ADDR(0.901961)
140736956632112:sqlite3_step:INT(0),ADDR(1)
140736953996368:g_module_symbol:INT(0),ADDR(1),ADDR(1),ADDR(1)
140736949345664:soup_session_get_type:ADDR(1.94)
140736949370832:soup_session_feature_get_type:ADDR(1.66)
140736945543744:g_cancellable_is_cancelled:INT(0),ADDR(0.38)
140736945543776:g_cancellable_set_error_if_cancelled:INT(0),ADDR(0.4),ADDR(1)
140736945589584:g_file_get_type:ADDR(17.34)
140736945633568:g_file_icon_get_type:ADDR(2.66)
140736945640224:g_file_attribute_matcher_ref:ADDR(2.76),ADDR(1)
140736945640304:g_file_attribute_matcher_unref:VOID,ADDR(1)
140736945641008:g_file_info_get_type:ADDR(12.86)
140736945641680:g_file_info_set_attribute_mask:VOID,ADDR(1),ADDR(1)
140736945650624:g_file_info_set_name:VOID,ADDR(1),ADDR(1)
140736945652800:g_file_attribute_matcher_new:ADDR(2.88),ADDR(1)
140736945653888:g_file_attribute_matcher_enumerate_namespace:INT(0),ADDR(1),ADDR(1)
140736945654032:g_file_attribute_matcher_enumerate_next:INT(0),ADDR(1)
140736945675808:g_inet_address_get_type:ADDR(2.56)
140736945681616:g_inet_address_mask_equal:INT(0),ADDR(1),ADDR(1)
140736945684528:g_initable_get_type:ADDR(8.16)
140736945684992:g_initable_new_valist:ADDR(3.86),ADDR(1),ADDR(0.98),ADDR(1),INT(0),ADDR(0.7)
140736945685152:g_initable_new:ADDR(3.86),ADDR(1),INT(0),ADDR(0.7),ADDR(0.98),ADDR(0.94),ADDR(0.94)
140736945686928:g_input_stream_get_type:ADDR(1.66)
140736945692720:g_io_error_quark:INT(0)
140736945692768:g_io_error_from_errno:INT(0),INT(0)
140736945736208:g_output_stream_get_type:ADDR(1.04)
140736945772256:g_simple_async_result_get_type:ADDR(8.5)
140736945772448:g_simple_async_result_new:ADDR(1.26),ADDR(0.8),ADDR(1),ADDR(1),ADDR(0.98)
140736945772768:g_simple_async_result_get_source_tag:ADDR(1.14),ADDR(1)
140736945772864:g_simple_async_result_propagate_error:INT(0),ADDR(1),ADDR(1)
140736945775408:g_simple_async_result_complete:ADDR(0.0508475),ADDR(1)
140736945779264:g_socket_get_type:ADDR(3.4)
140736945853680:g_tls_backend_get_type:ADDR(3.6)
140736945880944:g_vfs_get_type:ADDR(2.8)
140736945960144:g_content_type_guess:ADDR(1.96),ADDR(0.96),ADDR(0.5),INT(0),ADDR(0.54)
140736946119168:g_dbus_connection_get_type:ADDR(1.36)
140736946155264:g_dbus_message_get_type:ADDR(9.7)
140736937272512:cairo_move_to:VOID,ADDR(1)
140736937272560:cairo_line_to:VOID,ADDR(1)
140736937272608:cairo_curve_to:VOID,ADDR(1)
140736937273312:cairo_close_path:VOID,ADDR(1)
140736937278080:cairo_status:INT(0),ADDR(1)
140736937305696:cairo_device_reference:ADDR(5.78),ADDR(0.34)
140736937306112:cairo_device_destroy:VOID,ADDR(1)
140736937306288:cairo_device_acquire:INT(0),ADDR(1)
140736937307184:cairo_font_face_reference:ADDR(0.74),ADDR(0.24)
140736937307232:cairo_font_face_destroy:VOID,ADDR(0.1)
140736937312128:cairo_font_options_status:INT(0),ADDR(1)
140736937364064:cairo_format_stride_for_width:INT(0),INT(0),INT(0)
140736937367712:cairo_matrix_init_identity:VOID,ADDR(1)
140736937367872:cairo_matrix_init_translate:VOID,ADDR(1),FLOAT,FLOAT
140736937367920:cairo_matrix_init_scale:VOID,ADDR(1),FLOAT,FLOAT
140736937368064:cairo_matrix_multiply:VOID,ADDR(1),ADDR(1),ADDR(1)
140736937368256:cairo_matrix_translate:VOID,ADDR(1),FLOAT,FLOAT
140736937368640:cairo_matrix_transform_distance:VOID,ADDR(1),ADDR(1),ADDR(1)
140736937368704:cairo_matrix_transform_point:VOID,ADDR(1),ADDR(1),ADDR(1)
140736937369664:cairo_matrix_invert:INT(0),ADDR(1)
140736937455936:cairo_pattern_create_rgba:ADDR(6.8),FLOAT,FLOAT,FLOAT,FLOAT
140736937456096:cairo_pattern_create_for_surface:ADDR(2.48),ADDR(1)
140736937457296:cairo_pattern_reference:ADDR(27.56),ADDR(1)
140736937457392:cairo_pattern_destroy:VOID,ADDR(1)
140736937460960:cairo_pattern_set_matrix:VOID,ADDR(1),ADDR(1)
140736937529728:cairo_region_create_rectangles:ADDR(4.52),ADDR(1),INT(0)
140736937530320:cairo_region_reference:ADDR(1.08),ADDR(0.14)
140736937530400:cairo_region_destroy:VOID,INT(0)
140736937530656:cairo_region_get_rectangle:VOID,ADDR(1),INT(0),ADDR(1)
140736937531968:cairo_region_contains_rectangle:INT(0),ADDR(1),ADDR(1)
140736937538912:cairo_scaled_font_reference:ADDR(0.08),INT(0)
140736937538976:cairo_scaled_font_destroy:VOID,ADDR(0.06)
140736937570144:cairo_surface_reference:ADDR(39.26),ADDR(1)
140736937571648:cairo_surface_destroy:VOID,ADDR(0.72549)
140736937573584:cairo_surface_set_fallback_resolution:VOID,ADDR(1),FLOAT,FLOAT
140736934793744:pango_font_metrics_unref:VOID,ADDR(1)
140736934794704:pango_font_description_new:ADDR(1.94)
140736934795920:pango_font_description_get_set_fields:INT(0),ADDR(1)
140736934795984:pango_font_description_merge_static:VOID,ADDR(1),ADDR(1),INT(0)
140736934796400:pango_font_description_set_gravity:VOID,ADDR(1),INT(0)
140736934796928:pango_font_description_copy_static:ADDR(3.62),ADDR(1)
140736934799344:pango_font_get_type:ADDR(2.22)
140736934802080:pango_glyph_string_new:ADDR(1.2)
140736934803088:pango_glyph_string_get_width:INT(0),ADDR(1)
140736934807376:pango_map_get_engine:INT(0),ADDR(1),INT(0)
140736934807920:pango_find_map:ADDR(1.88),ADDR(1),INT(0),INT(0)
140736934809616:pango_attr_list_unref:VOID,ADDR(0.512821)
140736934810272:pango_attribute_init:VOID,ADDR(1),ADDR(1)
140736934813008:pango_attr_list_new:ADDR(11.86)
140736934814560:pango_attr_iterator_range:VOID,ADDR(1),ADDR(0.5),ADDR(1)
140736934814656:pango_attr_iterator_next:INT(0),ADDR(1)
140736934814976:pango_attr_list_get_iterator:ADDR(1.18),ADDR(1)
140736934816240:pango_attr_list_filter:INT(0),ADDR(1),ADDR(1),INT(0)
140736934817200:pango_log2vis_get_embedding_levels:ADDR(1.2),ADDR(1),INT(0),ADDR(1)
140736934817360:pango_unichar_direction:INT(0),INT(0)
140736934824256:pango_context_get_type:ADDR(6.72)
140736934825904:pango_context_get_base_dir:INT(0),ADDR(1)
140736934826144:pango_context_get_gravity:INT(0),ADDR(1)
140736934826352:pango_itemize_with_base_dir:ADDR(0.8),ADDR(1),INT(0),ADDR(1),INT(0),INT(0),ADDR(1)
140736934827696:pango_context_get_serial:INT(0),ADDR(1)
140736934828224:pango_coverage_unref:VOID,ADDR(1)
140736934828384:pango_coverage_get:INT(0),ADDR(1),INT(0)
140736934831728:pango_engine_shape_get_type:ADDR(2.2)
140736934832416:pango_font_map_get_type:ADDR(6.28)
140736934834928:pango_fontset_get_type:ADDR(2.86)
140736934839904:pango_gravity_get_for_script_and_width:INT(0),INT(0),INT(0),INT(0),INT(0)
140736934842160:pango_language_includes_script:INT(0),ADDR(1),INT(0)
140736934846720:pango_layout_line_unref:VOID,ADDR(1)
140736934847568:pango_layout_get_type:ADDR(6.12)
140736934853760:pango_layout_line_get_extents:VOID,ADDR(1),INT(0),ADDR(1)
140736934877248:pango_markup_parser_finish:INT(0),ADDR(1),ADDR(1),ADDR(1),INT(0),ADDR(1)
140736934882816:pango_renderer_activate:VOID,ADDR(1)
140736934882896:pango_renderer_deactivate:VOID,ADDR(1)
140736934883696:pango_renderer_set_color:VOID,ADDR(1),INT(0),INT(0)
140736934886672:pango_script_iter_get_range:VOID,ADDR(1),INT(0),ADDR(1),ADDR(1)
140736934886720:pango_script_iter_next:VOID,ADDR(1)
140736934893344:pango_find_base_dir:INT(0),ADDR(1),INT(0)
140736934894768:pango_shape_full:VOID,ADDR(1),INT(0),ADDR(1),INT(0),ADDR(1),ADDR(1)
140736926817216:_ZN3WTF10StringImpl5derefEv:VOID,ADDR(1)
140736926936608:_ZN3JSC10Identifier3addIhEEN3WTF10PassRefPtrINS2_10StringImplEEEPNS_2VMEPKT_i:VOID,ADDR(1),ADDR(1),ADDR(1),INT(0)
140736926994528:_ZN3JSC9CodeBlock24predictedMachineCodeSizeEv:INT(0),ADDR(1)
140736927056688:_ZN3JSC12opcodeLengthENS_8OpcodeIDE:INT(0),INT(0)
140736927057440:_ZN3JSC4Heap12writeBarrierEPKNS_6JSCellEPS1_:VOID,ADDR(1)
140736927058256:_ZN3WTF6VectorIN3JSC12WriteBarrierINS1_18FunctionExecutableEEELm0ENS_15CrashOnOverflowEE11resizeToFitEm:VOID,ADDR(1),INT(0)
140736927072576:_ZN3JSC16ExecutionCounter26applyMemoryUsageHeuristicsEiPNS_9CodeBlockE:VOID,INT(0),ADDR(1)
140736927073104:_ZN3JSC16ExecutionCounter5resetEv:VOID,ADDR(1)
140736927104976:_ZNK3JSC17UnlinkedCodeBlock12instructionsEv:ADDR(1.36),ADDR(1)
140736927108992:_ZN3JSC17UnlinkedCodeBlock17addExpressionInfoEjiiijj:VOID,ADDR(1),INT(0),INT(0),INT(0),INT(0),INT(0)
140736927114224:_ZN3JSC25UnlinkedInstructionStream6Reader4nextEv:ADDR(21.94),ADDR(1)
140736927118976:_ZN3JSC5Label11setLocationEj:VOID,ADDR(1),INT(0)
140736927120288:_ZN3JSC17BytecodeGenerator15newArrayProfileEv:INT(0),ADDR(1)
140736927120528:_ZN3JSC17BytecodeGenerator10isCapturedEi:INT(0),ADDR(1),INT(0)
140736927120560:_ZN3JSC17BytecodeGenerator11resolveTypeEv:INT(0),ADDR(1)
140736927123664:_ZN3JSC17BytecodeGenerator9emitLabelEPNS_5LabelE:VOID,ADDR(1),ADDR(1),ADDR(1)
140736927126048:_ZN3JSC17BytecodeGenerator10emitOpcodeENS_8OpcodeIDE:VOID,ADDR(1),INT(0)
140736927134304:_ZN3JSC17BytecodeGenerator18emitProfiledOpcodeENS_8OpcodeIDE:INT(0),ADDR(1),INT(0)
140736927142048:_ZN3JSC17BytecodeGenerator13emitDebugHookENS_11DebugHookIDEjjj:VOID,ADDR(1)
140736927149024:_ZN3JSC17BytecodeGenerator11newRegisterEv:ADDR(11.86),ADDR(1)
140736927149456:_ZN3JSC17BytecodeGenerator12newTemporaryEv:ADDR(11.46),ADDR(1)
140736927152928:_ZN3JSC17BytecodeGenerator8newLabelEv:VOID,ADDR(1),ADDR(1)
140736927155712:_ZN3JSC17BytecodeGenerator11addConstantERKNS_10IdentifierE:INT(0),ADDR(1),ADDR(1)
140736927164560:_ZN3JSC17BytecodeGenerator11emitGetByIdEPNS_10RegisterIDES2_RKNS_10IdentifierE:ADDR(1.36),ADDR(1),ADDR(1),ADDR(1),ADDR(1)
140736927171904:_ZN3JSC17BytecodeGenerator16addConstantValueENS_7JSValueE:ADDR(3.16),ADDR(1),ADDR(0.86)
140736927173152:_ZN3JSC17BytecodeGenerator8emitLoadEPNS_10RegisterIDENS_7JSValueE:ADDR(0.92),ADDR(1),ADDR(0.54),ADDR(0.7)
140736927177920:_ZN3JSC17BytecodeGenerator17addStringConstantERKNS_10IdentifierE:ADDR(1.34),ADDR(1),ADDR(1)
140736927181168:_ZN3JSC17BytecodeGenerator29createLazyRegisterIfNecessaryEPNS_10RegisterIDE:ADDR(3.42),ADDR(1),ADDR(1)
140736927181440:_ZN3JSC17BytecodeGenerator5localERKNS_10IdentifierE:ADDR(3.42),ADDR(1),ADDR(1)
140736927211984:_ZN3WTF9HashTableIiNS_12KeyValuePairIiNS_6RefPtrIN3JSC22StaticPropertyAnalysisEEEEENS_24KeyValuePairKeyExtractorIS6_EENS_7IntHashIiEENS_7HashMapIiS5_SA_NS_29UnsignedWithZeroKeyHashTraitsIiEENS_10HashTraitsIS5_EEE18KeyValuePairTraitsESD_E4findINS_22IdentityHashTranslatorISA_EEiEENS_17HashTableIteratorIiS6_S8_SA_SH_SD_EERKT0_:ADDR(0.04),ADDR(1)
140736927212240:_ZN3WTF6VectorIN3JSC5LabelELm32ENS_15CrashOnOverflowEE6shrinkEm:VOID,ADDR(1),INT(0)
140736927215968:_ZN3WTF6VectorIN3JSC19UnlinkedInstructionELm0ENS_20UnsafeVectorOverflowEE14expandCapacityEm:VOID,ADDR(1),INT(0)
140736927216224:_ZN3WTF6VectorIN3JSC19UnlinkedInstructionELm0ENS_20UnsafeVectorOverflowEE14appendSlowCaseIiEEvOT_:VOID,ADDR(1),ADDR(1)
140736927294640:_ZN3JSC17BytecodeGenerator18emitExpressionInfoERKNS_14JSTextPositionES3_S3_:VOID,ADDR(1),ADDR(1),ADDR(1),ADDR(1)
140736927432608:_ZNK3JSC9Structure17outOfLineCapacityEv:INT(0),ADDR(1)
140736927775504:_ZN3JSC12X86Assembler23X86InstructionFormatter9oneByteOpENS0_15OneByteOpcodeIDEiNS_12X86Registers10RegisterIDE:VOID,ADDR(1),INT(0),INT(0),INT(0)
140736927776080:_ZN3JSC12X86Assembler23X86InstructionFormatter11oneByteOp64ENS0_15OneByteOpcodeIDEiNS_12X86Registers10RegisterIDE:VOID,ADDR(1),INT(0),INT(0),INT(0)
140736927776640:_ZN3JSC12X86Assembler23X86InstructionFormatter11oneByteOp64ENS0_15OneByteOpcodeIDEiNS_12X86Registers10RegisterIDEi:VOID,ADDR(1),INT(0),INT(0),INT(0),INT(0)
140736927873200:_ZN3JSC10IdentifierD2Ev:VOID,ADDR(1)
140736927877904:_ZNK3JSC7JSValue3getEPNS_9ExecStateENS_12PropertyNameERNS_12PropertySlotE:ADDR(2.02),ADDR(1),ADDR(1),ADDR(1),ADDR(1)
140736928167632:_ZN3JSC12X86Assembler23X86InstructionFormatter9twoByteOpENS0_15TwoByteOpcodeIDEiNS_12X86Registers10RegisterIDE:VOID,ADDR(1),INT(0),INT(0),INT(0)
140736928199616:_ZN3JSC22AbstractMacroAssemblerINS_12X86AssemblerEE8JumpList6appendENS2_4JumpE:VOID,ADDR(1),INT(0)
140736928540336:_ZNK3WTF9HashTableIPN3JSC11MarkedBlockES3_NS_17IdentityExtractorENS_15MarkedBlockHashENS_10HashTraitsIS3_EES7_E8containsINS_22IdentityHashTranslatorIS5_EES3_EEbRKT0_:INT(0),ADDR(1),ADDR(1)
140736928552800:_ZN3JSC9HandleSet12writeBarrierEPNS_7JSValueERKS1_:VOID,ADDR(1),ADDR(1),ADDR(1)
140736928554272:_ZN3JSC11SlotVisitor19donateKnownParallelEv:INT(0),ADDR(1)
140736928555392:_ZN3JSC11SlotVisitor5drainEv:INT(0),ADDR(1)
140736928572480:_ZN3JSC4Heap11didAllocateEm:VOID,ADDR(1),INT(0)
140736928573456:_ZN3JSC4Heap22incrementDeferralDepthEv:VOID,ADDR(1)
140736928573520:_ZN3JSC4Heap22decrementDeferralDepthEv:VOID,ADDR(1)
140736928573584:_ZN3JSC4Heap12writeBarrierEPKNS_6JSCellE:VOID,
140736928607888:_ZN3JSC14MarkStackArray6refillEv:INT(0),ADDR(1)
140736928612608:_ZN3JSC15MarkedAllocator5resetEv:ADDR(0.68),ADDR(1)
140736928613168:_ZN3JSC15MarkedAllocator16allocateSlowCaseEm:ADDR(1.24),ADDR(1),INT(0)
140736928616944:_ZN3JSC11MarkedBlock5sweepENS0_9SweepModeE:ADDR(1.24),ADDR(1),INT(0)
140736928618080:_ZN3JSC11MarkedBlock11sweepHelperILNS0_14DestructorTypeE1EEENS0_8FreeListENS0_9SweepModeE:ADDR(0.66),ADDR(1),INT(0)
140736928629680:_ZN3JSC17weakClearSlowCaseERPNS_8WeakImplE:VOID,ADDR(1)
140736928631744:_ZN3JSC7WeakSet5sweepEv:VOID,ADDR(1)
140736928813328:_ZN3JSC9ExecState13setCurrentVPCEPNS_11InstructionE:VOID,ADDR(1),ADDR(1)
140736928858560:_ZN3JSC19ExecutableAllocator24memoryPressureMultiplierEm:VOID,INT(0)
140736928947360:_ZN3JSC7JITCodeC1ENS0_7JITTypeE:VOID,ADDR(1),INT(0)
140736928947552:_ZN3JSC13DirectJITCodeC1ENS_21MacroAssemblerCodeRefENS_7JITCode7JITTypeE:VOID,ADDR(1),ADDR(1),INT(0)
140736928947632:_ZN3JSC7JITCode12hostFunctionENS_21MacroAssemblerCodeRefE:VOID,ADDR(1),ADDR(1)
140736928948992:_ZN3JSC3JITC1EPNS_2VMEPNS_9CodeBlockE:VOID,ADDR(1),ADDR(1),INT(0)
140736928994688:_ZN3JSC3JIT27privateCompileCTINativeCallEPNS_2VMEPFlPNS_9ExecStateEE:VOID,ADDR(1),ADDR(1),ADDR(1)
140736929133440:_ZN3JSC9JITThunks7ctiStubEPNS_2VMEPFNS_21MacroAssemblerCodeRefES2_E:VOID,ADDR(1),ADDR(1),ADDR(1),ADDR(1)
140736929134352:_ZN3JSC9JITThunks18ctiNativeConstructEPNS_2VME:ADDR(5.48),ADDR(1),ADDR(1)
140736929139232:_ZNK3WTF7HashMapISt4pairIPFlPN3JSC9ExecStateEES6_ENS2_4WeakINS2_16NativeExecutableEEENS_8PairHashIS6_S6_EENS_10HashTraitsIS7_EENSD_ISA_EEE3getERKS7_:ADDR(3),ADDR(1),ADDR(1)
140736929141360:_ZN3WTF7HashMapISt4pairIPFlPN3JSC9ExecStateEES6_ENS2_4WeakINS2_16NativeExecutableEEENS_8PairHashIS6_S6_EENS_10HashTraitsIS7_EENSD_ISA_EEE9inlineSetIRKS7_SA_EENS_18HashTableAddResultINS_17HashTableIteratorIS7_NS_12KeyValuePairIS7_SA_EENS_24KeyValuePairKeyExtractorISN_EESC_NSG_18KeyValuePairTraitsESE_EEEEOT_OT0_:VOID,ADDR(1),ADDR(1),ADDR(1),ADDR(1)
140736929288992:_ZN3JSC5LLInt8getByValEPNS_9ExecStateENS_7JSValueES3_:ADDR(1.22),ADDR(1),ADDR(1),ADDR(1)
140736929311712:_ZN3WTF15SegmentedVectorIN3JSC10IdentifierELm64ELm32EE4lastEv:ADDR(9.1),ADDR(1)
140736929312416:_ZN3JSC5LexerIhE16nextTokenIsColonEv:ADDR(1.28),ADDR(1)
140736929313696:_ZN3JSC5LexerIhE19shiftLineTerminatorEv:VOID,ADDR(1)
140736929334752:_ZN3WTF6VectorIhLm0ENS_15CrashOnOverflowEE6resizeEm:VOID,ADDR(1),INT(0)
140736929342368:_ZN3WTF15SegmentedVectorIN3JSC10IdentifierELm64ELm32EE6appendIS2_EEvRKT_:VOID,ADDR(1),ADDR(1)
140736929354384:_ZN3JSC10IdentifierC2EPNS_2VMEPKhi:VOID,ADDR(1),ADDR(1),ADDR(1),INT(0)
140736929379152:_ZN3JSC5LexerIhE3lexEPNS_7JSTokenEjb:INT(0),ADDR(1),ADDR(1),INT(0),INT(0)
140736929396464:_ZN3JSC5LexerIhE19lexExpectIdentifierEPNS_7JSTokenEjb:INT(0),ADDR(1),ADDR(1),INT(0)
140736929397488:_ZN3JSC13StatementNode6setLocEjjii:VOID,ADDR(1),INT(0),INT(0),INT(0),INT(0)
140736929400384:_ZN3JSC14SourceElements6appendEPNS_13StatementNodeE:VOID,ADDR(1),ADDR(1)
140736929415504:_ZN3JSC10ASTBuilder14makeBinaryNodeERKNS_15JSTokenLocationEiSt4pairIPNS_14ExpressionNodeENS0_12BinaryOpInfoEES8_:ADDR(0.7),ADDR(1),ADDR(1),INT(0),ADDR(1),ADDR(1)
140736929457040:_ZN3JSC15JSTokenLocationC1ERKS0_:VOID,ADDR(1),ADDR(1)
140736929463792:_ZN3JSC6ParserINS_5LexerIhEEE10strictModeEv:INT(0),ADDR(1)
140736929464864:_ZN3JSC6ParserINS_5LexerIhEEE13autoSemiColonEv:INT(0),ADDR(1)
140736929485488:_ZN3JSC5Scope11useVariableEPKNS_10IdentifierEb:VOID,ADDR(1),ADDR(1),INT(0)
140736929504928:_ZN3WTF6RefPtrIN3JSC25DeconstructionPatternNodeEEaSEOS3_:VOID,ADDR(1),ADDR(1)
140736929572016:_ZN3JSC6ParserINS_5LexerIhEEE14parseStatementINS_13SyntaxCheckerEEENT_9StatementERS6_RPKNS_10IdentifierEPj:INT(0),ADDR(1),ADDR(1),ADDR(1)
140736929584384:_ZN3JSC6ParserINS_5LexerIhEEE21parseMemberExpressionINS_13SyntaxCheckerEEENT_10ExpressionERS6_:INT(0),ADDR(1),ADDR(1)
140736929592752:_ZN3JSC6ParserINS_5LexerIhEEE15parseExpressionINS_13SyntaxCheckerEEENT_10ExpressionERS6_:INT(0),ADDR(1),ADDR(1)
140736929628912:_ZN3JSC6ParserINS_5LexerIhEEE21parseMemberExpressionINS_10ASTBuilderEEENT_10ExpressionERS6_:ADDR(5.18),ADDR(1),ADDR(1)
140736929641744:_ZN3JSC6ParserINS_5LexerIhEEE15parseExpressionINS_10ASTBuilderEEENT_10ExpressionERS6_:ADDR(2.2),ADDR(1),ADDR(1)
140736929662592:_ZN3JSC6ParserINS_5LexerIhEEE14parseStatementINS_10ASTBuilderEEENT_9StatementERS6_RPKNS_10IdentifierEPj:ADDR(1.90741),ADDR(1),ADDR(1),ADDR(1)
140736929884832:_ZN3JSC8JSObject17putDirectInternalILNS0_7PutModeE1EEEbRNS_2VMENS_12PropertyNameENS_7JSValueEjRNS_15PutPropertySlotEPNS_6JSCellE:VOID,ADDR(1),ADDR(1),ADDR(1),ADDR(1),INT(0),ADDR(1)
140736930204672:_ZN3JSC10Identifier11addSlowCaseEPNS_2VMEPN3WTF10StringImplE:VOID,ADDR(1),ADDR(1),ADDR(1)
140736930207776:_ZN3JSC10Identifier3addEPNS_2VMEPKc:ADDR(31.04),ADDR(1),ADDR(1),ADDR(1)
140736930208784:_ZN3JSC15IdentifierTable3addIPKhNS_31IdentifierASCIIStringTranslatorEEEN3WTF18HashTableAddResultINS5_17HashTableIteratorIPNS5_10StringImplES9_NS5_17IdentityExtractorENS5_10StringHashENS5_10HashTraitsIS9_EESD_EEEET_:VOID,ADDR(1),ADDR(1),ADDR(1)
140736930212736:_ZN3JSC16InternalFunctionC2ERNS_2VMEPNS_9StructureE:VOID,ADDR(1),ADDR(1),ADDR(1)
140736930212896:_ZN3JSC16InternalFunction14finishCreationERNS_2VMERKN3WTF6StringE:VOID,ADDR(1),ADDR(1),ADDR(1)
140736930302496:_ZN3JSC10JSFunctionC2ERNS_2VMEPNS_14JSGlobalObjectEPNS_9StructureE:VOID,ADDR(1),ADDR(1),ADDR(1),ADDR(1)
140736930302880:_ZN3JSC10JSFunction14finishCreationERNS_2VMEPNS_16NativeExecutableEiRKN3WTF6StringE:VOID,ADDR(1),ADDR(1),ADDR(1),INT(0),ADDR(1)
140736930309200:_ZN3JSC10JSFunction6createERNS_2VMEPNS_14JSGlobalObjectEiRKN3WTF6StringEPFlPNS_9ExecStateEENS_9IntrinsicESC_:ADDR(8.48),ADDR(1),ADDR(1),INT(0),ADDR(1),ADDR(1),INT(0)
140736930365104:_ZN3JSC14JSGlobalObject10globalExecEv:ADDR(3.64),ADDR(1)
140736930393936:_ZN3JSC9Structure6createERNS_2VMEPNS_14JSGlobalObjectENS_7JSValueERKNS_8TypeInfoEPKNS_9ClassInfoEhj:ADDR(5.34),ADDR(1),ADDR(1),ADDR(0.86),ADDR(1),ADDR(1)
140736930395648:_ZN3JSC11SlotVisitor6appendINS_9StructureEEEvPNS_16WriteBarrierBaseIT_EE:INT(0),ADDR(1),ADDR(1)
140736930456464:_ZN3JSC12JSLockHolderD1Ev:INT(0),ADDR(1)
140736930461648:_ZN3JSC21getCallableObjectSlowEPNS_6JSCellE:ADDR(11.9),ADDR(1)
140736930475040:_ZN3JSC8JSObject20growOutOfLineStorageERNS_2VMEmm:ADDR(13.94),ADDR(1),ADDR(1),INT(0),INT(0)
140736930475488:_ZN3JSC8JSObject40putDirectNativeFunctionWithoutTransitionERNS_2VMEPNS_14JSGlobalObjectERKNS_12PropertyNameEjPFlPNS_9ExecStateEENS_9IntrinsicEj:VOID,ADDR(1),ADDR(1),ADDR(1),ADDR(1),INT(0),ADDR(1)
140736930478464:_ZN3JSC8JSObject13visitChildrenEPNS_6JSCellERNS_11SlotVisitorE:INT(0),ADDR(1),ADDR(1)
140736930480544:_ZN3JSC8JSObject22getOwnPropertySlotSlowEPNS_9ExecStateENS_12PropertyNameERNS_12PropertySlotE:INT(0),ADDR(1),ADDR(1),ADDR(1)
140736930482496:_ZNK3JSC8JSObject11hasPropertyEPNS_9ExecStateENS_12PropertyNameE:INT(0),ADDR(1),ADDR(1),ADDR(1)
140736930482944:_ZN3JSC8JSObject23putDirectNativeFunctionERNS_2VMEPNS_14JSGlobalObjectERKNS_12PropertyNameEjPFlPNS_9ExecStateEENS_9IntrinsicEj:VOID,ADDR(1),ADDR(1),ADDR(1),ADDR(1),INT(0),ADDR(1)
140736930502272:_ZN3JSC11SlotVisitor9copyLaterEPNS_6JSCellENS_9CopyTokenEPvm:ADDR(8.46),ADDR(1),ADDR(1),INT(0),ADDR(1),INT(0)
140736930687312:_ZN3JSC7JSScope15abstractResolveEPNS_9ExecStateEPS0_RKNS_10IdentifierENS_8GetOrPutENS_11ResolveTypeE:VOID,ADDR(1),ADDR(1),ADDR(1),ADDR(1),INT(0),INT(0)
140736930691632:_ZN3JSC8JSString13visitChildrenEPNS_6JSCellERNS_11SlotVisitorE:INT(0),ADDR(1),ADDR(1)
140736930698816:_ZNK3JSC7JSValue19synthesizePrototypeEPNS_9ExecStateE:ADDR(1),ADDR(1),ADDR(1)
140736930899632:_ZN3JSC17PropertyNameArray3addEPN3WTF10StringImplE:VOID,ADDR(1),ADDR(1)
140736930901584:_ZN3JSC13PropertyTableC1ERNS_2VMEj:VOID,ADDR(1),ADDR(1),INT(0)
140736930901904:_ZN3JSC13PropertyTable6createERNS_2VMEj:ADDR(4.08),ADDR(1),INT(0)
140736930972112:_ZN3JSC12SmallStrings24singleCharacterStringRepEh:ADDR(1),ADDR(1)
140736930972336:_ZN3JSC12SmallStrings27createSingleCharacterStringEPNS_2VMEh:VOID,ADDR(1),ADDR(1),INT(0)
140736931029216:_ZN3JSC10IdentifierC2EPNS_2VMERKN3WTF6StringE:VOID,ADDR(1),ADDR(1),ADDR(1)
140736931036736:_ZN3JSC9StructureC1ERNS_2VMEPKS0_:VOID,ADDR(1),ADDR(1),ADDR(1)
140736931037728:_ZN3JSC9Structure36suggestedNewOutOfLineStorageCapacityEv:INT(0),ADDR(1)
140736931039456:_ZN3JSC9Structure3pinEv:VOID,ADDR(1)
140736931040080:_ZN3JSC9Structure17createPropertyMapERKNS_25GCSafeConcurrentJITLockerERNS_2VMEj:VOID,ADDR(1),ADDR(1),ADDR(1),INT(0)
140736931040432:_ZN3JSC9Structure16putSpecificValueERNS_2VMENS_12PropertyNameEjPNS_6JSCellE:INT(0),ADDR(1),ADDR(1),ADDR(1),INT(0),ADDR(0.72)
140736931042432:_ZNK3JSC9ClassInfo35hasStaticSetterOrReadonlyPropertiesERNS_2VME:INT(0),ADDR(1),ADDR(1)
140736931042512:_ZN3JSC9StructureC1ERNS_2VMEPNS_14JSGlobalObjectENS_7JSValueERKNS_8TypeInfoEPKNS_9ClassInfoEhj:VOID,ADDR(1),ADDR(1),ADDR(0.38),ADDR(0.34),ADDR(1),ADDR(1)
140736931045328:_ZN3JSC9Structure38findStructuresAndMapForMaterializationERN3WTF6VectorIPS0_Lm8ENS1_15CrashOnOverflowEEERS3_RPNS_13PropertyTableE:VOID,ADDR(1),ADDR(1),ADDR(1),ADDR(1)
140736931045568:_ZN3JSC9Structure22materializePropertyMapERNS_2VME:VOID,ADDR(1),ADDR(1)
140736931048288:_ZN3JSC9Structure28addPropertyWithoutTransitionERNS_2VMENS_12PropertyNameEjPNS_6JSCellE:INT(0),ADDR(1),ADDR(1),ADDR(1),INT(0),ADDR(0.28)
140736931049232:_ZN3JSC9Structure3getERNS_2VMENS_12PropertyNameERjRPNS_6JSCellE:INT(0),ADDR(1),ADDR(1),ADDR(1),ADDR(1),ADDR(1)
140736931052800:_ZN3JSC9Structure32takePropertyTableOrCloneIfPinnedERNS_2VMEPS0_:ADDR(9.14),ADDR(1),ADDR(1),ADDR(1)
140736931056816:_ZN3JSC9Structure21addPropertyTransitionERNS_2VMEPS0_NS_12PropertyNameEjPNS_6JSCellERiNS_15PutPropertySlot7ContextE:ADDR(9.14),ADDR(1),ADDR(1),ADDR(1),INT(0),ADDR(0.74),ADDR(1)
140736931061904:_ZN3JSC24StructureTransitionTable3addERNS_2VMEPNS_9StructureE:VOID,ADDR(1),ADDR(1),ADDR(1)
140736931072832:_ZN3JSC16SymbolTableEntry8copySlowERKS0_:VOID,ADDR(1),ADDR(1)
140736931389200:_ZN3WTF19isCompilationThreadEv:INT(0)
140736931390960:_ZN3WTF29cryptographicallyRandomNumberEv:INT(0)
140736931405168:_ZN3WTF17TCMalloc_PageHeap17RegisterSizeClassEPNS_4SpanEm:VOID,ADDR(1),ADDR(1)
140736931408192:_ZN3WTF25TCMalloc_Central_FreeList4InitEmm:VOID,ADDR(1),INT(0),INT(0)
140736931410960:_ZN3WTF25TCMalloc_Central_FreeList11InsertRangeENS_11HardenedSLLES1_i:ADDR(0.72),ADDR(1),ADDR(1),ADDR(1),INT(0)
140736931411136:_ZN3WTF25TCMalloc_Central_FreeList14FetchFromSpansEv:ADDR(149.84),ADDR(1)
140736931411840:_ZN3WTF20TCMalloc_ThreadCache14PickNextSampleEm:VOID,ADDR(1),INT(0)
140736931415104:_ZN3WTF10fastMallocEm:ADDR(271.96),INT(0)
140736931418976:_ZN3WTF16fastZeroedMallocEm:ADDR(16.24),INT(0)
140736931423088:_ZN3WTF8fastFreeEPv:ADDR(5.54),ADDR(0.88)
140736931435152:_ZN3WTF11fastReallocEPvm:ADDR(8.66),ADDR(1),INT(0)
140736931473136:_ZN3WTF13MetaAllocator17currentStatisticsEv:VOID,ADDR(1),ADDR(1)
140736931497584:_ZN3WTF9HashTableIPvNS_12KeyValuePairIS1_PNS_13MetaAllocator13FreeSpaceNodeEEENS_24KeyValuePairKeyExtractorIS6_EENS_7PtrHashIS1_EENS_7HashMapIS1_S5_SA_NS_10HashTraitsIS1_EENSC_IS5_EEE18KeyValuePairTraitsESD_E4findINS_22IdentityHashTranslatorISA_EES1_EENS_17HashTableIteratorIS1_S6_S8_SA_SG_SD_EERKT0_:ADDR(1.48),ADDR(1),ADDR(1)
140736931500144:_ZN3WTF8pageSizeEv:INT(0)
140736931513392:_ZN3JSC15IdentifierTable3addEPN3WTF10StringImplE:VOID,ADDR(1),ADDR(1),ADDR(1)
140736931547376:_ZN3WTF17double_conversion23StringToDoubleConverter14StringToDoubleEPKcmPm:VOID,ADDR(1),INT(0),ADDR(1)
140736931552736:_ZN3WTF17double_conversion6StrtodENS0_15BufferReferenceIKcEEi:VOID,ADDR(1),INT(0),INT(0)
140736931582224:_ZN3WTF13CStringBuffer19createUninitializedEm:VOID,ADDR(1),INT(0)
140736931587744:_ZN3WTF10StringImpl17createFromLiteralEPKcj:VOID,ADDR(1),ADDR(1),INT(0)
140736931587808:_ZN3WTF10StringImpl17createFromLiteralEPKc:VOID,ADDR(1),ADDR(1)
140736931588048:_ZN3WTF10StringImpl19createUninitializedEjRPh:ADDR(2.62),ADDR(1),INT(0),ADDR(1)
140736931588480:_ZN3WTF10StringImpl6createEPKhj:ADDR(22.06),ADDR(1),ADDR(1),INT(0)
140736931588640:_ZN3WTF10StringImpl6createEPKh:VOID,ADDR(1),ADDR(1)
140736931589184:_ZN3WTF10StringImpl9substringEjj:VOID,ADDR(1),ADDR(1),INT(0),INT(0)
140736931602304:_ZN3WTF5equalEPKNS_10StringImplEPKhj:INT(0),ADDR(1),ADDR(1),INT(0)
140736931602560:_ZN3WTF5equalEPKNS_10StringImplEPKtj:INT(0),ADDR(1),ADDR(1),INT(0)
140736931602784:_ZN3WTF5equalEPKNS_10StringImplEPKh:ADDR(0.06),ADDR(1),ADDR(1)
140736931602976:_ZN3WTF12equalNonNullEPKNS_10StringImplES2_:INT(0),ADDR(1),ADDR(1)
140736931607536:_ZNK3WTF10StringImpl12utf8ForRangeEjjNS_14ConversionModeE:VOID,ADDR(1),ADDR(1),INT(0),INT(0)
140736931607936:_ZNK3WTF10StringImpl4utf8ENS_14ConversionModeE:VOID,ADDR(1),ADDR(1),INT(0)
140736931607968:_ZN3WTF10StringImplD1Ev:VOID,ADDR(1)
140736931613232:_ZNK3WTF10StringImpl12hashSlowCaseEv:ADDR(4.92),ADDR(1)
140736931613520:_ZN3WTF10StringImpl5emptyEv:ADDR(1.24)
140736931615296:_ZN3WTF6StringC1EPKc:VOID,ADDR(1),ADDR(1)
140736931619728:_ZNK3WTF6String20substringSharingImplEjj:VOID,ADDR(1),ADDR(1),INT(0),INT(0)
140736931634752:_ZN3WTF6String8fromUTF8EPKhm:VOID,ADDR(1),ADDR(1),INT(0)
140736931638992:_ZN3WTF7Unicode19convertLatin1ToUTF8EPPKhS2_PPcS4_:INT(0),ADDR(1),ADDR(1),ADDR(1),ADDR(1)
140736918892656:__lll_unlock_wake:INT(0),ADDR(1),INT(0),ADDR(1),ADDR(0.08),INT(0)
140736912143296:hb_segment_properties_equal:INT(0),ADDR(1),ADDR(1)
140736912150208:hb_buffer_get_glyph_positions:ADDR(2.4),ADDR(1),ADDR(0.5)
140736912156128:hb_script_get_horizontal_direction:INT(0),INT(0)
140736912158016:hb_face_reference:ADDR(2.4),ADDR(1)
140736912158048:hb_face_destroy:VOID,ADDR(1)
140736912158576:hb_face_make_immutable:VOID,ADDR(1)
140736912162688:hb_font_funcs_get_empty:ADDR(1.2)
140736912162944:hb_font_funcs_reference:VOID,ADDR(1)
140736912162976:hb_font_funcs_destroy:VOID,ADDR(1)
140736912169632:hb_font_destroy:VOID,ADDR(0.5)
140736912178112:hb_shape_plan_reference:ADDR(1.2),ADDR(1)
140736912178144:hb_shape_plan_destroy:VOID,ADDR(1)
140736912178608:hb_shape_plan_execute:INT(0),ADDR(1),ADDR(1),ADDR(1),ADDR(1),INT(0)
140736912179392:hb_shape_plan_create_cached:ADDR(1.2),ADDR(1),ADDR(1),ADDR(1),INT(0),INT(0)
140736912181504:hb_unicode_funcs_destroy:VOID,ADDR(0.98)
140736912189504:hb_ot_layout_has_glyph_classes:INT(0),ADDR(1)
140736912196672:hb_ot_layout_language_find_feature:INT(0),ADDR(1),INT(0),INT(0),INT(0),INT(0),ADDR(1)
140736912199456:hb_ot_layout_has_positioning:INT(0),ADDR(1)
140736890775808:atk_object_get_type:ADDR(1.72)
140736890787920:atk_relation_set_get_type:ADDR(1.2)
140736876552384:FcBlanksAdd:INT(0),ADDR(1),INT(0)
140736876558128:FcDirCacheLoad:ADDR(1.64),ADDR(1),ADDR(1),INT(0)
140736876565008:FcConfigAddRule:INT(0),ADDR(1),ADDR(1),INT(0)
140736876571808:FcConfigFilename:ADDR(0.0365854),ADDR(0.987805)
140736876574192:FcConfigGetSysRoot:INT(0),ADDR(1)
140736876588624:FcFileIsDir:INT(0),ADDR(1)
140736876590192:FcDirCacheRead:ADDR(1.64),ADDR(1),INT(0),ADDR(1)
140736876609104:FcFontSetAdd:INT(0),ADDR(1),ADDR(1)
140736876615824:FcLangSetHasLang:INT(0),ADDR(1),ADDR(1)
140736876617616:FcLangSetContains:INT(0),ADDR(1),ADDR(1)
140736876630640:FcNameGetObjectType:ADDR(18.42),ADDR(1)
140736876634288:FcPatternCreate:ADDR(1.7)
140736876634352:FcValueDestroy:VOID,INT(0),ADDR(0.980392)
140736876634576:FcValueSave:INT(0),INT(0),ADDR(0.84)
140736876635888:FcPatternDestroy:VOID,ADDR(1)
140736876646592:FcUcs4ToUtf8:INT(0),INT(0),ADDR(1)
140736876647440:FcStrCmpIgnoreCase:INT(0),ADDR(1),ADDR(1)
140736876648672:FcStrStrIgnoreCase:INT(0),ADDR(1),ADDR(1)
140736876650192:FcStrSetCreate:ADDR(1.8)
140736876650256:FcStrSetMember:INT(0),ADDR(1),ADDR(1)
140736876650704:FcStrSetAdd:INT(0),ADDR(1),ADDR(1)
140736876651360:FcStrSetDestroy:VOID,ADDR(1)
140736876651472:FcStrListCreate:ADDR(3.38),ADDR(1)
140736876652416:FcStrSetAddFilename:INT(0),ADDR(1),ADDR(1)
140736876652528:FcStrListNext:ADDR(3.4),ADDR(1)
140736876657616:FcConfigParseAndLoad:INT(0),ADDR(1),ADDR(0.98),INT(0)
140736873822800:FT_MSB:INT(0),INT(0)
140736873822992:FT_MulDiv:INT(0),INT(0),INT(0),INT(0)
140736873823568:FT_MulFix:INT(0)
140736873823744:FT_DivFix:INT(0),INT(0),INT(0)
140736873824848:ft_corner_is_flat:INT(0),INT(0),INT(0),INT(0),INT(0)
140736873824976:FT_GlyphLoader_Rewind:VOID,ADDR(1)
140736873825248:ft_service_list_lookup:ADDR(0.26),ADDR(1),ADDR(1)
140736873828448:FT_Get_Next_Char:INT(0),ADDR(1),INT(0),ADDR(1)
140736873830432:FT_Lookup_Renderer:ADDR(1.96),ADDR(1),INT(0),ADDR(0.84)
140736873830784:FT_Get_Module:ADDR(1.98),ADDR(1),ADDR(1)
140736873833120:FT_Outline_Check:INT(0),ADDR(1)
140736873833392:FT_Outline_Get_CBox:VOID,ADDR(1),ADDR(1)
140736873833536:FT_Outline_Translate:VOID,ADDR(1),INT(0),INT(0)
140736873834064:FT_Vector_Transform:VOID,ADDR(1),ADDR(1)
140736873834272:FT_Outline_Get_Orientation:INT(0),ADDR(1)
140736873834768:FT_Stream_Seek:INT(0),ADDR(1),INT(0)
140736873835040:FT_Stream_Pos:INT(0),ADDR(1)
140736873835360:FT_Stream_GetUShort:INT(0),ADDR(1)
140736873835504:FT_Stream_GetULong:ADDR(0.02),ADDR(1)
140736873835760:FT_Stream_ReadUShort:INT(0),ADDR(1),ADDR(1)
140736873839712:ft_mem_qalloc:ADDR(3.74),ADDR(1),INT(0),ADDR(1)
140736873839776:ft_mem_alloc:ADDR(3.74),ADDR(1),INT(0),ADDR(1)
140736873840704:ft_mem_free:VOID,ADDR(1),INT(0)
140736873841584:ft_glyphslot_free_bitmap:VOID,ADDR(1)
140736873841712:FT_Load_Glyph:INT(0),ADDR(1),INT(0),INT(0)
140736873843872:FT_Get_Advance:INT(0),ADDR(1),INT(0),INT(0),ADDR(1)
140736873846384:FT_Stream_EnterFrame:INT(0),ADDR(1),INT(0)
140736873846704:FT_Stream_ExitFrame:VOID,ADDR(1)
140736873846752:FT_Stream_ReadFields:INT(0),ADDR(1),ADDR(1),ADDR(1)
140736873847408:ft_mem_qrealloc:ADDR(1.4),ADDR(1),INT(0),INT(0),INT(0),ADDR(0.42),ADDR(1)
140736873847680:ft_mem_realloc:ADDR(1.4),ADDR(1),INT(0),INT(0),INT(0),ADDR(0.42),ADDR(1)
140736854439344:XRenderFindDisplay:ADDR(38.1),ADDR(1)
140736854440608:XRenderQueryFormats:INT(0),ADDR(1)
140736848647776:_XUpdateGCCache:VOID,ADDR(1),INT(0),ADDR(1)
140736848648992:_XFlushGCCache:VOID,ADDR(1),ADDR(1)
140736848668096:_XFreeExtData:VOID,INT(0)
140736848691328:_XInitImageFuncPtrs:VOID,ADDR(1)
140736848697632:_XUpdateAtomCache:VOID,ADDR(1),ADDR(1),INT(0),INT(0),INT(0)
140736848756368:_XSetClipRectangles:VOID,ADDR(1),ADDR(1),INT(0),INT(0),ADDR(0.96),INT(0)
140736848780704:_XSend:VOID,ADDR(1),ADDR(0.2),INT(0)
140736848781168:_XEventsQueued:INT(0),ADDR(1),INT(0)
140736848782224:_XReply:INT(0),ADDR(1),ADDR(1),INT(0),INT(0)
140736848786416:_XSetLastRequestRead:INT(0),ADDR(1),ADDR(1)
140736848788144:_XIsEventCookie:INT(0),ADDR(1),ADDR(1)
140736848788560:_XDeq:VOID,ADDR(1),INT(0),ADDR(1)
140736848791040:_XStoreEventCookie:VOID,ADDR(1),ADDR(1)
140736848791264:_XEnq:VOID,ADDR(1),ADDR(1)
140736848791840:_XVIDtoVisual:ADDR(4.86),ADDR(1),INT(0)
140736848792048:_XFreeEventCookies:VOID,ADDR(1)
140736848792160:_XData32:INT(0),ADDR(1),ADDR(1),INT(0)
140736848792608:_XGetRequest:ADDR(58.08),ADDR(1),INT(0),INT(0)
140736848839120:_XlcParseCharSet:INT(0),ADDR(1)
140736848839504:_XlcAddCT:ADDR(1.04),ADDR(1),ADDR(1)
140736848840480:_XlcGetCharSet:ADDR(0.46),ADDR(1)
140736848840640:_XlcAddCharSet:VOID,ADDR(1)
140736848841056:_XlcCreateDefaultCharSet:ADDR(1.1),ADDR(1),ADDR(1)
140736849113552:_XkbReadCopyKeySyms:VOID,ADDR(1),ADDR(1),INT(0)
140736849113600:_XkbReadBufferCopyKeySyms:VOID,ADDR(1),ADDR(1),INT(0)
140736849113968:_XkbGetReadBufferPtr:ADDR(6.06),ADDR(1),INT(0)
140736846343920:adler32:INT(0),INT(0),ADDR(0.92),INT(0)
140736840073024:__hypot_finite:VOID,,FLOAT,FLOAT
140736835685120:pango_cairo_context_get_resolution:VOID,ADDR(1)
140736835686928:pango_cairo_font_get_type:ADDR(1.54)
140736831392032:pango_fc_font_get_type:ADDR(2.46)
140736820693872:XextFindDisplay:ADDR(1.3),ADDR(1),ADDR(1)
140736760166736:XmlGetUtf8InternalEncoding:ADDR(1.4)
140736760166768:XmlInitEncoding:VOID,ADDR(1),ADDR(1),ADDR(0.5)
140736760174368:XmlPrologStateInit:VOID,ADDR(1)
140736427833904:murrine_object_is_a:INT(0),ADDR(1),ADDR(1)
140736427837232:murrine_rc_style_get_type:ADDR(22.44)
140736427843024:murrine_style_get_type:ADDR(4.58)
140734847407408:asn1_length_der:VOID,INT(0),ADDR(0.5),ADDR(1)
140734847407568:asn1_octet_der:VOID,ADDR(1),INT(0),ADDR(1),ADDR(1)
140734847413056:asn1_get_length_der:INT(0),ADDR(1),INT(0),ADDR(1)
140734847414608:asn1_get_tag_der:INT(0),ADDR(1),INT(0),ADDR(1),ADDR(1),ADDR(1)
140734847415120:asn1_get_length_ber:INT(0),ADDR(1),INT(0),ADDR(1)
140734847433904:asn1_find_node:ADDR(4178.34),ADDR(1),ADDR(1)
140734284630704:rsvg_css_parse_color:INT(0),ADDR(1),ADDR(0.14)
140734284633072:rsvg_defs_lookup:ADDR(4.24),ADDR(1),ADDR(1)
140734284768160:rsvg_handle_get_type:ADDR(1.68)
