4286592:xmalloc:1:0:
4289648:fts_alloc:3:0:
140737351990384::2:0:
140737351954880::2:0:
140737351927904::6:0:6,
140737351925488::6:0:
140737351925104::1:0:
140737016969264:getenv:1:0:
140737017285312:strlen:1:0:
140737017995376:_dl_mcount_wrapper_check:0:0:
140737351947360::2:0:2,
140737017278640::2:0:
140737017286448::3:0:
140737016853520::1:0:
140737017248896::2:0:
4205808::1:0:
4205152::4:0:
4206560::0:0:
4205680::3:0:
4205072::1:0:
4204608::1:0:
4206144::3:0:
4205712::1:0:
140737017299872::3:0:
