4211536:buffer_textbin:2:0:
4211968:fillbuf:2:0:
4213120:skipped_file:3:0:2,3,
4213392:print_filename:0:0:
4213728:print_line_head:3:0:3,
4214240:prline:3:0:3,
4215632:grepbuf:2:0:
4220192:grepfile:4:0:3,
4236368:using_utf8:0:0:
4245872:dfasuperset:1:0:
4245888:dfaisfast:1:0:
4253552:memchr_kwset.isra.1:5:0:5,
4256672:kwsexec:4:0:
4274512:openat_safer:4:0:3,
4283360:safe_read:3:0:1,
4284976:fd_safer:1:0:1,
4286592:xmalloc:1:0:
4289648:fts_alloc:3:0:
4290112:fts_stat.isra.2:3:0:
4295728:fts_read:1:0:
140737351990384::2:0:
140737351954880::2:0:
140737351927904::6:0:6,
140737351925488::6:0:
140737351925104::1:0:
140737016969264:getenv:1:0:
140737017181232:_IO_getline:5:0:4,5,
140737017199088:fgets_unlocked:3:0:2,
140737017285312:strlen:1:0:
140737017285760:strnlen:2:0:
140737017297936:memchr:3:0:
140737017329840:rawmemchr:2:0:
140737017331056:__argz_count:2:0:
140737017332096:argz_stringify:3:0:3,
140737017690208:__write:0:0:
140737017711232:tcgetattr:2:0:
140737017995376:_dl_mcount_wrapper_check:0:0:
140737351947360::2:0:2,
140737017278640::2:0:
140737017286448::3:0:
140737017278032::2:0:2,
140737016853520::1:0:
140737017248896::2:0:
140737017300752::3:0:
140737017321344::3:0:
140737016853616::1:0:
140737017302000::2:0:
4205872::3:0:1,2,
4205808::1:0:
4205152::4:0:
4206560::0:0:
4205488::3:0:
4205056::0:0:
4205680::3:0:
4205072::1:0:
4204608::1:0:
4206176::3:0:
4204832::0:0:
4205104::4:0:3,
4205392::0:0:
4205696::3:0:1,
4206144::3:0:
4205712::1:0:
140737017299872::3:0:
4205504::0:0:
4205568::2:0:
4205232::2:0:2,
4205952::4:0:
140737016938720::6:0:4,
140737017283904::2:0:
140737016967648::3:0:
