4211968:fillbuf:2:0:1:
4213392:print_filename:0:0:0:
4213728:print_line_head:3:0:0:3,
4214240:prline:3:0:0:3,
4215632:grepbuf:2:0:1:
4236368:using_utf8:0:0:1:
4245872:dfasuperset:1:0:1:
4245888:dfaisfast:1:0:1:
4253552:memchr_kwset.isra.1:10:5:1:5,
4256672:kwsexec:4:0:1:
4283360:safe_read:3:0:1:1,
4286592:xmalloc:1:0:1:
140737351990384::2:0:1:
140737351954880::2:0:1:
140737351927904::6:0:1:6,
140737351925488::6:0:1:
140737351925104::1:0:1:
140737020855344:_IO_getline:5:0:1:4,5,
140737020873200:fgets_unlocked:3:0:1:2,
140737020959424:strlen:1:0:1:
140737020959872:strnlen:2:0:1:
140737020972048:memchr:8:5:1:
140737021006208:argz_stringify:3:0:0:3,
140737021364320:__write:0:0:1:
140737021669488:_dl_mcount_wrapper_check:0:0:0:
140737351947360::2:0:1:2,
140737020952752::5:3:1:
140737020960560::6:3:1:
140737020952144::9:7:1:2,
140737020527632::1:0:1:
140737020923008::2:0:1:
140737020974864::3:0:1:
140737020995456::3:0:1:
140737020527728::1:0:0:
140737020976112::2:0:1:
4205808::1:0:1:
4205152::4:0:1:
4206560::0:0:1:
4205488::8:5:1:
4205056::0:0:1:
4205680::3:0:1:
4205072::1:0:1:
4204608::1:0:0:
4206176::6:3:1:
4206144::3:0:1:0,
4205504::0:0:1:
4205568::2:0:1:
4205232::2:0:1:2,
4205952::4:0:1:
140737020612832::6:0:1:4,
140737020958016::2:0:1:
