4211968:fillbuf:2:0:1:
4213392:print_filename:0:0:0:
4213728:print_line_head:3:0:0:3,
4214240:prline:3:0:0:3,
4236368:using_utf8:0:0:1:
4245872:dfasuperset:1:0:1:
4245888:dfaisfast:1:0:1:
4253552:memchr_kwset.isra.1:5:0:1:5,
4256672:kwsexec:4:0:1:
4283360:safe_read:3:0:1:1,
140737351990384::2:0:1:
140737351954880::2:0:1:
140737351927904::6:0:1:6,
140737351925488::6:0:1:
140737351925104::1:0:1:
140737016277696:strlen:1:0:1:
140737016682592:__write:0:0:1:
140737016987760:_dl_mcount_wrapper_check:0:0:0:
140737016271024::2:0:1:
140737016278832::3:0:1:
140737015845904::1:0:1:
140737016241280::2:0:1:
140737016293136::3:0:1:
140737016313728::3:0:1:
140737016294384::2:0:1:
4205808::1:0:1:
4205152::4:0:1:
4206560::0:0:1:
4205488::3:0:1:
4205056::0:0:1:
4205072::1:0:1:
4206176::3:0:1:
4206144::3:0:1:
4205504::0:0:1:
4205568::2:0:0:
4205232::2:0:0:2,
4205952::4:0:0:
