g_closure_new_simple -> g_closure_add_invalidate_notifier[1] - 1
g_closure_new_simple -> g_closure_ref[1] - 1
g_closure_new_simple -> g_closure_unref[1] - 1
g_closure_new_simple -> g_closure_sink[1] - 1
g_closure_new_simple -> g_closure_remove_invalidate_notifier[1] - 0.848
g_closure_new_simple -> g_closure_set_marshal[1] - 1
g_closure_ref -> g_closure_ref[1] - 1
g_closure_ref -> g_closure_unref[1] - 1
g_closure_ref -> g_closure_sink[1] - 1
g_closure_ref -> g_closure_set_marshal[1] - 1
g_object_ref -> g_object_ref[1] - 1
g_object_ref -> g_object_unref[1] - 0.878
g_object_ref -> g_signal_emit_valist[1] - 0.936
g_object_ref -> g_signal_emit[1] - 0.934
g_object_ref -> gtk_gc_get[2] - 1
g_object_ref -> gtk_settings_get_for_screen[1] - 1
g_object_newv -> g_closure_remove_invalidate_notifier[2] - 0.804
g_object_newv -> g_object_get_qdata[1] - 0.83
g_object_newv -> g_type_check_instance[1] - 0.804
g_object_newv -> g_value_set_instance[2] - 0.978
g_object_newv -> gtk_accel_label_set_accel_closure[1] - 1
g_object_newv -> gtk_accel_label_set_accel_widget[1] - 1
g_object_newv -> gtk_gc_get[2] - 1
g_object_newv -> gtk_settings_get_for_screen[1] - 1
g_object_newv -> gtk_widget_get_state[1] - 0.872
g_object_newv -> gtk_widget_set_has_window[1] - 0.804
g_object_newv -> gtk_widget_get_realized[1] - 0.964
g_object_newv -> gtk_widget_get_sensitive[1] - 0.932
g_object_newv -> gtk_widget_is_sensitive[1] - 0.92
g_object_newv -> gtk_widget_has_rc_style[1] - 0.924
g_object_newv -> gtk_widget_get_toplevel[1] - 0.978
g_object_newv -> gtk_widget_get_screen[1] - 0.928
g_param_spec_ref -> g_param_spec_ref[1] - 1
g_param_spec_ref -> g_param_spec_ref_sink[1] - 1
g_param_spec_ref -> g_param_spec_get_redirect_target[1] - 1
g_param_spec_ref -> g_param_value_validate[1] - 1
g_param_spec_ref -> g_param_spec_get_default_value[1] - 1
g_param_spec_ref -> g_signal_emit[4] - 0.974
g_param_spec_ref_sink -> g_param_spec_ref[1] - 1
g_param_spec_ref_sink -> g_param_spec_ref_sink[1] - 1
g_param_spec_ref_sink -> g_param_spec_get_redirect_target[1] - 1
g_param_spec_ref_sink -> g_param_value_validate[1] - 1
g_param_spec_ref_sink -> g_param_spec_get_default_value[1] - 1
g_param_spec_ref_sink -> g_signal_emit[4] - 0.974
g_param_spec_internal -> g_param_spec_ref[1] - 1
g_param_spec_internal -> g_param_spec_ref_sink[1] - 1
g_param_spec_internal -> g_param_spec_get_redirect_target[1] - 1
g_param_spec_internal -> g_param_value_validate[1] - 1
g_param_spec_internal -> g_param_spec_get_default_value[1] - 1
g_param_spec_internal -> g_signal_emit[4] - 0.974
g_param_spec_get_redirect_target -> g_key_file_get_string[4] - 0.986
g_param_spec_get_redirect_target -> gtk_accel_label_set_accel_closure[2] - 0.808
g_param_spec_get_redirect_target -> gtk_widget_style_get[4] - 0.902
g_param_spec_pool_lookup -> g_param_spec_get_redirect_target[1] - 0.946
g_param_spec_pool_lookup -> g_key_file_get_string[4] - 0.986
g_param_spec_pool_lookup -> gtk_accel_label_set_accel_closure[2] - 0.808
g_param_spec_pool_lookup -> gtk_widget_style_get[4] - 0.902
g_type_class_unref -> g_key_file_get_string[4] - 0.986
g_type_class_unref -> gtk_accel_label_set_accel_closure[2] - 0.808
g_type_class_unref -> gtk_widget_style_get[4] - 0.902
g_type_class_ref -> g_type_class_unref[1] - 0.934
g_type_class_ref -> g_type_check_class_is_a[1] - 1
g_type_class_peek_static -> g_key_file_get_string[4] - 0.986
g_type_class_peek_static -> gtk_accel_label_set_accel_closure[2] - 0.808
g_type_class_peek_static -> gtk_widget_style_get[4] - 0.902
g_type_class_peek_parent -> g_key_file_get_string[4] - 0.986
g_type_class_peek_parent -> gtk_accel_label_set_accel_closure[2] - 0.808
g_type_class_peek_parent -> gtk_widget_style_get[4] - 0.902
g_type_from_name -> g_key_file_get_string[4] - 0.986
g_type_from_name -> gtk_accel_label_set_accel_closure[2] - 0.808
g_type_from_name -> gtk_widget_style_get[4] - 0.902
g_type_register_static -> g_object_newv[1] - 0.91
g_type_register_static -> g_object_new_valist[1] - 1
g_type_register_static -> g_param_spec_internal[1] - 1
g_type_register_static -> g_signal_newv[2] - 0.997877
g_type_register_static -> g_signal_new_valist[2] - 0.997863
g_type_register_static -> g_type_class_ref[1] - 0.86
g_type_register_static -> g_type_class_peek[1] - 1
g_type_register_static -> g_type_class_peek_static[1] - 0.914
g_type_register_static -> g_type_interface_peek[2] - 1
g_type_register_static -> g_type_depth[1] - 1
g_type_register_static -> g_type_interfaces[1] - 0.998
g_type_register_static -> g_type_test_flags[1] - 0.99
g_type_register_static -> g_type_create_instance[1] - 0.914
g_type_register_static -> g_type_fundamental[1] - 0.98
g_type_parent -> g_key_file_get_string[4] - 0.986
g_type_parent -> gtk_accel_label_set_accel_closure[2] - 0.808
g_type_parent -> gtk_widget_style_get[4] - 0.902
g_type_interfaces -> g_key_file_get_string[4] - 0.986
g_type_interfaces -> gtk_accel_label_set_accel_closure[2] - 0.808
g_type_interfaces -> gtk_widget_style_get[4] - 0.902
g_type_create_instance -> g_object_ref[1] - 1
g_type_create_instance -> g_object_unref[1] - 1
g_type_create_instance -> g_param_spec_ref[1] - 0.914
g_type_create_instance -> g_param_spec_get_redirect_target[1] - 1
g_type_create_instance -> g_param_value_validate[1] - 1
g_type_create_instance -> g_param_spec_get_default_value[1] - 1
g_type_create_instance -> g_signal_emit_valist[1] - 1
g_type_create_instance -> g_signal_emit[1] - 1
g_type_create_instance -> g_signal_emit[4] - 0.986
g_type_create_instance -> g_type_check_instance_is_a[1] - 1
g_type_create_instance -> g_type_check_instance[1] - 1
g_type_create_instance -> gtk_gc_get[2] - 1
g_type_create_instance -> gtk_settings_get_for_screen[1] - 1
g_value_init -> g_param_value_validate[2] - 1
g_value_init -> g_type_check_value[1] - 0.862
g_value_init -> g_type_check_value_holds[1] - 0.984
g_value_init -> g_value_init[1] - 1
g_value_init -> g_value_transform[2] - 1
g_value_reset -> g_value_reset[1] - 1
g_array_append_vals -> g_array_append_vals[1] - 1
g_ptr_array_remove_range -> g_ptr_array_remove_range[1] - 1
g_ptr_array_remove_range -> g_ptr_array_set_size[1] - 0.992
g_bytes_unref -> g_key_file_get_string[4] - 0.986
g_bytes_unref -> g_variant_unref[1] - 0.894
g_bytes_unref -> g_variant_ref[1] - 0.878
g_bytes_unref -> g_variant_ref_sink[1] - 0.888
g_bytes_unref -> gtk_accel_label_set_accel_closure[2] - 0.808
g_bytes_unref -> gtk_widget_style_get[4] - 0.902
g_bytes_ref -> g_bytes_unref[1] - 1
g_bytes_ref -> g_bytes_ref[1] - 1
g_bytes_ref -> g_variant_unref[1] - 1
g_bytes_ref -> g_variant_ref[1] - 0.866
g_bytes_ref -> g_variant_ref_sink[1] - 0.948
g_error_new_valist -> g_propagate_error[2] - 0.992
g_hash_table_lookup -> g_type_check_value_holds[2] - 0.99
g_hash_table_lookup -> g_key_file_get_string[4] - 0.986
g_hash_table_lookup -> gtk_accel_label_set_accel_closure[2] - 0.808
g_hash_table_lookup -> gtk_widget_style_get[4] - 0.902
g_key_file_get_string -> g_key_file_get_string[4] - 0.986
g_key_file_get_string -> gtk_accel_label_set_accel_closure[2] - 0.808
g_key_file_get_string -> gtk_widget_style_get[4] - 0.902
g_list_remove_link -> g_key_file_get_string[4] - 0.986
g_list_remove_link -> gtk_accel_label_set_accel_closure[2] - 0.808
g_list_remove_link -> gtk_widget_style_get[4] - 0.902
g_list_last -> g_key_file_get_string[4] - 0.986
g_list_last -> g_list_last[1] - 0.96
g_list_last -> g_list_append[1] - 0.976
g_list_last -> g_string_free[1] - 0.82
g_list_last -> g_string_insert_c[1] - 0.84
g_list_last -> gtk_accel_label_set_accel_closure[2] - 0.808
g_list_last -> gtk_widget_style_get[4] - 0.902
g_list_append -> g_list_last[1] - 0.952
g_malloc -> g_param_spec_pool_lookup[1] - 1
g_malloc -> g_key_file_get_string[4] - 0.986
g_malloc -> g_free[1] - 0.886
g_malloc -> gtk_accel_label_set_accel_closure[2] - 0.808
g_malloc -> gtk_widget_style_get[4] - 0.902
g_malloc0 -> g_param_spec_internal[1] - 1
g_malloc0 -> g_type_interface_peek[2] - 1
g_malloc0 -> g_key_file_get_string[4] - 0.986
g_malloc0 -> g_main_context_acquire[1] - 0.942
g_malloc0 -> g_main_context_prepare[1] - 0.97
g_malloc0 -> g_main_context_query[1] - 0.97
g_malloc0 -> g_main_context_check[1] - 0.974
g_malloc0 -> g_main_context_dispatch[1] - 0.974
g_malloc0 -> gtk_accel_label_set_accel_closure[2] - 0.808
g_malloc0 -> gtk_widget_style_get[4] - 0.902
g_realloc -> g_key_file_get_string[4] - 0.986
g_realloc -> g_realloc[1] - 0.962
g_realloc -> gtk_accel_label_set_accel_closure[2] - 0.808
g_realloc -> gtk_widget_style_get[4] - 0.902
g_quark_to_string -> g_key_file_get_string[4] - 0.986
g_quark_to_string -> gtk_accel_label_set_accel_closure[2] - 0.808
g_quark_to_string -> gtk_widget_style_get[4] - 0.902
g_intern_string -> gtk_binding_entry_add_signal[4] - 0.808
g_slice_alloc -> g_ptr_array_remove_range[1] - 0.98
g_slice_alloc -> g_ptr_array_set_size[1] - 0.942
g_slice_alloc -> g_hash_table_lookup[1] - 1
g_slice_alloc -> g_slice_free1[2] - 1
g_slice_alloc -> g_variant_unref[1] - 1
g_slice_alloc -> g_variant_ref_sink[1] - 0.866
g_slice_alloc0 -> g_slist_remove_link[1] - 1
g_slice_alloc0 -> g_slist_remove_link[2] - 1
g_slice_alloc0 -> g_slist_concat[1] - 1
g_slice_alloc0 -> g_slist_concat[2] - 0.87
g_slice_alloc0 -> gtk_settings_get_for_screen[1] - 1
g_slist_remove -> g_key_file_get_string[4] - 0.986
g_slist_remove -> gtk_accel_label_set_accel_closure[2] - 0.808
g_slist_remove -> gtk_widget_style_get[4] - 0.902
g_slist_remove_link -> g_key_file_get_string[4] - 0.986
g_slist_remove_link -> g_slist_remove_link[1] - 1
g_slist_remove_link -> g_slist_remove_link[2] - 1
g_slist_remove_link -> g_slist_concat[1] - 1
g_slist_remove_link -> g_slist_concat[2] - 1
g_slist_remove_link -> gtk_accel_label_set_accel_closure[2] - 0.808
g_slist_remove_link -> gtk_widget_style_get[4] - 0.902
g_slist_find -> g_key_file_get_string[4] - 0.986
g_slist_find -> gtk_accel_label_set_accel_closure[2] - 0.808
g_slist_find -> gtk_widget_style_get[4] - 0.902
g_slist_last -> g_slist_remove_link[1] - 1
g_slist_last -> g_slist_remove_link[2] - 1
g_slist_last -> g_slist_last[1] - 0.996
g_slist_last -> g_slist_concat[1] - 1
g_slist_last -> g_slist_concat[2] - 0.87
g_slist_concat -> g_slist_remove_link[1] - 1
g_slist_concat -> g_slist_remove_link[2] - 1
g_slist_concat -> g_slist_concat[1] - 1
g_slist_concat -> g_slist_concat[2] - 0.87
g_strdup -> g_key_file_get_string[4] - 0.986
g_strdup -> gtk_accel_label_set_accel_closure[2] - 0.808
g_strdup -> gtk_widget_style_get[4] - 0.902
g_memdup -> g_key_file_get_string[4] - 0.986
g_memdup -> gtk_accel_label_set_accel_closure[2] - 0.808
g_memdup -> gtk_widget_style_get[4] - 0.902
g_strndup -> g_key_file_get_string[4] - 0.986
g_strndup -> gtk_accel_label_set_accel_closure[2] - 0.81
g_strndup -> gtk_widget_style_get[4] - 0.902
g_strchug -> g_strchug[1] - 1
g_strchug -> g_strchomp[1] - 0.994
g_strchomp -> g_strchug[1] - 1
g_strchomp -> g_strchomp[1] - 1
g_strrstr -> g_key_file_get_string[4] - 0.986
g_strrstr -> gtk_accel_label_set_accel_closure[2] - 0.808
g_strrstr -> gtk_widget_style_get[4] - 0.902
g_string_sized_new -> g_string_free[1] - 1
g_string_sized_new -> g_string_insert_c[1] - 1
g_string_free -> g_key_file_get_string[4] - 0.986
g_string_free -> gtk_accel_label_set_accel_closure[2] - 0.808
g_string_free -> gtk_widget_style_get[4] - 0.902
g_string_insert_c -> g_string_free[1] - 0.97
g_string_insert_c -> g_string_insert_c[1] - 1
g_string_erase -> g_string_erase[1] - 1
g_utf8_find_next_char -> g_utf8_find_next_char[1] - 0.892
g_variant_ref -> g_bytes_unref[1] - 0.832
g_variant_ref -> g_bytes_ref[1] - 0.894
g_variant_ref -> g_variant_unref[1] - 1
g_variant_ref -> g_variant_ref[1] - 1
g_variant_ref -> g_variant_ref_sink[1] - 1
g_variant_ref -> g_variant_n_children[1] - 0.966
g_variant_ref -> g_variant_get_child_value[1] - 0.974
g_variant_ref_sink -> g_bytes_unref[1] - 0.824
g_variant_ref_sink -> g_bytes_ref[1] - 0.886
g_variant_ref_sink -> g_variant_unref[1] - 1
g_variant_ref_sink -> g_variant_ref[1] - 1
g_variant_ref_sink -> g_variant_ref_sink[1] - 1
g_variant_ref_sink -> g_variant_n_children[1] - 0.972
g_variant_ref_sink -> g_variant_get_child_value[1] - 0.978
g_variant_get_child_value -> g_bytes_unref[1] - 0.828
g_variant_get_child_value -> g_bytes_ref[1] - 0.856
g_variant_get_child_value -> g_variant_unref[1] - 1
g_variant_get_child_value -> g_variant_ref[1] - 0.898
g_variant_get_child_value -> g_variant_ref_sink[1] - 0.96
g_variant_get_child_value -> g_variant_n_children[1] - 0.96
g_variant_get_child_value -> g_variant_get_child_value[1] - 0.954
g_variant_type_info_get -> g_variant_type_info_get_type_string[1] - 1
g_variant_type_info_get -> g_variant_type_info_query[1] - 1
g_variant_type_info_get -> g_variant_type_info_unref[1] - 1
g_variant_type_peek_string -> g_variant_type_get_string_length[1] - 0.936
g_variant_type_peek_string -> g_variant_type_peek_string[1] - 1
g_variant_type_next -> g_key_file_get_string[4] - 0.986
g_variant_type_next -> gtk_accel_label_set_accel_closure[2] - 0.808
g_variant_type_next -> gtk_widget_style_get[4] - 0.902
gtk_widget_get_screen -> gtk_settings_get_for_screen[1] - 1
